2.5677 	WARNING 	Speech-to-text recognition module for PocketSphinx is not available (use command `pip install SpeechRecognition` to get it). Transcription will be unavailable using that service this session.
2.5683 	WARNING 	Speech-to-text recognition using Google online services is not available (use command `pip install google-api-core google-auth google-cloud google-cloud-speech googleapis-common-protos` to get it). Transcription will be unavailable using that service this session.
2.8513 	WARNING 	We strongly recommend you activate the PTB sound engine in PsychoPy prefs as the preferred audio engine. Its timing is vastly superior. Your prefs are currently set to use ['sounddevice', 'PTB', 'pyo', 'pygame'] (in that order).
16.7197 	WARNING 	User requested fullscreen with size [1080 1080], but screen is actually [1920, 1080]. Using actual size
17.3045 	EXP 	Created window1 = Window(allowGUI=False, allowStencil=False, autoLog=True, backendConf=UNKNOWN, bitsMode=UNKNOWN, blendMode='avg', bpc=(8, 8, 8), color=array([-1, -1, -1]), colorSpace='rgb', depthBits=8, fullscr=<method-wrapper '__getattribute__' of attributeSetter object at 0x000002688DBBC550>, gamma=None, gammaErrorPolicy='raise', lms=UNKNOWN, monitor=<psychopy.monitors.calibTools.Monitor object at 0x00000268932FD3A0>, multiSample=False, name='window1', numSamples=2, pos=(2560, 0), screen=1, size=array([1920, 1080]), stencilBits=0, stereo=False, units='norm', useFBO=True, useRetina=False, viewOri=0.0, viewPos=None, viewScale=None, waitBlanking=True, winType='pyglet')
17.3046 	EXP 	window1: mouseVisible = True
17.3046 	EXP 	window1: Attempting to measure frame rate of screen (1) ...
17.3046 	EXP 	window1: recordFrameIntervals = False
17.4713 	EXP 	window1: recordFrameIntervals = True
17.6547 	EXP 	Screen (1) actual frame rate measured at 60.10Hz
17.6548 	EXP 	window1: recordFrameIntervals = False
17.7196 	EXP 	Created text = TextStim(__class__=<class 'psychopy.visual.text.TextStim'>, alignHoriz=method-wrapper(...), alignText='center', alignVert=method-wrapper(...), anchorHoriz='center', anchorVert='center', antialias=True, autoDraw=False, autoLog=True, bold=False, color=array([1., 1., 1.]), colorSpace='rgb', contrast=1.0, depth=0.0, flipHoriz=False, flipVert=False, font='Arial', fontFiles=[], height=0.06, italic=False, languageStyle='LTR', name='text', opacity=1.0, ori=0, pos=array([0., 0.]), rgb=UNKNOWN, text=str(...), units='norm', win=Window(...), wrapWidth=1.2)
17.7272 	EXP 	Created text_3 = TextStim(__class__=<class 'psychopy.visual.text.TextStim'>, alignHoriz=method-wrapper(...), alignText='center', alignVert=method-wrapper(...), anchorHoriz='center', anchorVert='center', antialias=True, autoDraw=False, autoLog=True, bold=False, color=array([1., 1., 1.]), colorSpace='rgb', contrast=1.0, depth=0.0, flipHoriz=False, flipVert=False, font='Arial', fontFiles=[], height=0.1, italic=False, languageStyle='LTR', name='text_3', opacity=1.0, ori=0, pos=array([0., 0.]), rgb=UNKNOWN, text='waiting for scanner', units='norm', win=Window(...), wrapWidth=2)
17.7342 	EXP 	Created text_2 = TextStim(__class__=<class 'psychopy.visual.text.TextStim'>, alignHoriz=method-wrapper(...), alignText='center', alignVert=method-wrapper(...), anchorHoriz='center', anchorVert='center', antialias=True, autoDraw=False, autoLog=True, bold=False, color=array([1., 1., 1.]), colorSpace='rgb', contrast=1.0, depth=0.0, flipHoriz=False, flipVert=False, font='Arial', fontFiles=[], height=0.3, italic=False, languageStyle='LTR', name='text_2', opacity=1.0, ori=0, pos=array([0., 0.]), rgb=UNKNOWN, text='+', units='norm', win=Window(...), wrapWidth=1)
17.7420 	EXP 	Created text_relax = TextStim(__class__=<class 'psychopy.visual.text.TextStim'>, alignHoriz=method-wrapper(...), alignText='center', alignVert=method-wrapper(...), anchorHoriz='center', anchorVert='center', antialias=True, autoDraw=False, autoLog=True, bold=False, color=array([1., 1., 1.]), colorSpace='rgb', contrast=1.0, depth=0.0, flipHoriz=False, flipVert=False, font='Arial', fontFiles=[], height=0.07, italic=False, languageStyle='LTR', name='text_relax', opacity=1.0, ori=0, pos=array([ 0. , -0.2]), rgb=UNKNOWN, text='Relax', units='norm', win=Window(...), wrapWidth=1)
17.7507 	EXP 	Created text_4 = TextStim(__class__=<class 'psychopy.visual.text.TextStim'>, alignHoriz=method-wrapper(...), alignText='center', alignVert=method-wrapper(...), anchorHoriz='center', anchorVert='center', antialias=True, autoDraw=False, autoLog=True, bold=False, color=array([1., 1., 1.]), colorSpace='rgb', contrast=1.0, depth=-3.0, flipHoriz=False, flipVert=False, font='Arial', fontFiles=[], height=0.1, italic=False, languageStyle='LTR', name='text_4', opacity=1.0, ori=0, pos=array([0., 0.]), rgb=UNKNOWN, text='default text', units='norm', win=Window(...), wrapWidth=1)
17.7580 	EXP 	Created unnamed Circle = Circle(__class__=<class 'psychopy.visual.circle.Circle'>, anchor=('center', 'center'), autoDraw=False, autoLog=True, closeShape=True, color=method-wrapper(...), colorSpace='rgb', contrast=None, depth=0, fillColor=array([0, 0, 0]), fillColorSpace='rgb', fillRGB=array([0, 0, 0]), interpolate=True, lineColor=array([ 1.,  1., -1.]), lineColorSpace='rgb', lineRGB=array([ 1,  1, -1]), lineWidth=2, name='unnamed Circle', opacity=0.5, ori=0.0, pos=array([0.        , 0.33333333]), size=array([1., 1.]), units='norm', vertices=ndarray(...), win=Window(...))
17.7611 	EXP 	Created unnamed Circle = Circle(__class__=<class 'psychopy.visual.circle.Circle'>, anchor=('center', 'center'), autoDraw=False, autoLog=True, closeShape=True, color=method-wrapper(...), colorSpace='rgb', contrast=None, depth=0, fillColor=array([0, 0, 0]), fillColorSpace='rgb', fillRGB=array([0, 0, 0]), interpolate=True, lineColor=array([-1., -1.,  1.]), lineColorSpace='rgb', lineRGB=array([-1, -1,  1]), lineWidth=2, name='unnamed Circle', opacity=0.5, ori=0.0, pos=array([ 0.        , -0.33333333]), size=array([1., 1.]), units='norm', vertices=ndarray(...), win=Window(...))
17.7638 	EXP 	Created unnamed Circle = Circle(__class__=<class 'psychopy.visual.circle.Circle'>, anchor=('center', 'center'), autoDraw=False, autoLog=True, closeShape=True, color=method-wrapper(...), colorSpace='rgb', contrast=None, depth=0, fillColor=array([1, 1, 1]), fillColorSpace='rgb', fillRGB=array([1, 1, 1]), interpolate=True, lineColor=array([1., 1., 1.]), lineColorSpace='rgb', lineRGB=array([1, 1, 1]), lineWidth=1.5, name='unnamed Circle', opacity=1.0, ori=0.0, pos=array([0., 0.]), size=array([1., 1.]), units='norm', vertices=ndarray(...), win=Window(...))
17.7662 	EXP 	Created unnamed Circle = Circle(__class__=<class 'psychopy.visual.circle.Circle'>, anchor=('center', 'center'), autoDraw=False, autoLog=True, closeShape=True, color=method-wrapper(...), colorSpace='rgb', contrast=None, depth=0, fillColor=array([1, 1, 1]), fillColorSpace='rgb', fillRGB=array([1, 1, 1]), interpolate=True, lineColor=array([1., 1., 1.]), lineColorSpace='rgb', lineRGB=array([1, 1, 1]), lineWidth=3, name='unnamed Circle', opacity=1.0, ori=0.0, pos=array([0., 0.]), size=array([1., 1.]), units='norm', vertices=ndarray(...), win=Window(...))
17.7764 	EXP 	Created instruct_text = TextStim(__class__=<class 'psychopy.visual.text.TextStim'>, alignHoriz=method-wrapper(...), alignText='center', alignVert=method-wrapper(...), anchorHoriz='center', anchorVert='center', antialias=True, autoDraw=False, autoLog=True, bold=False, color=array([1., 1., 1.]), colorSpace='rgb', contrast=1.0, depth=0.0, flipHoriz=False, flipVert=False, font='Arial', fontFiles=[], height=0.06, italic=False, languageStyle='LTR', name='instruct_text', opacity=1.0, ori=0, pos=array([0., 0.]), rgb=UNKNOWN, text='replace me', units='norm', win=Window(...), wrapWidth=1.2)
17.7841 	EXP 	Created text_5 = TextStim(__class__=<class 'psychopy.visual.text.TextStim'>, alignHoriz=method-wrapper(...), alignText='center', alignVert=method-wrapper(...), anchorHoriz='center', anchorVert='center', antialias=True, autoDraw=False, autoLog=True, bold=False, color=array([1., 1., 1.]), colorSpace='rgb', contrast=1.0, depth=0.0, flipHoriz=False, flipVert=False, font='Arial', fontFiles=[], height=0.1, italic=False, languageStyle='LTR', name='text_5', opacity=1.0, ori=0, pos=array([0., 0.]), rgb=UNKNOWN, text='thank you!', units='norm', win=Window(...), wrapWidth=1)
17.8208 	EXP 	instruct_text: height = 0.06
17.8208 	EXP 	instruct_text: height = 0.06
17.8208 	EXP 	instruct_text: height = 0.06
17.8208 	EXP 	instruct_text: text = 'Next, you will get to continue the Mental Noting practice you just learned about.    \n\nBefore, you mentioned using your toe as an anchor for your Noting Practice. Try to continue using this as your anchor but it is also okay to switch to a different part of your body.\n\nYou’ll see 2 circles and a white ball in the middle on the screen, but they won’t move around for now.'
19.4284 	DATA 	Keypress: space
19.4800 	EXP 	instruct_text: height = 0.06
19.4800 	EXP 	instruct_text: height = 0.06
19.4800 	EXP 	instruct_text: height = 0.06
19.4800 	EXP 	instruct_text: text = 'You’ll see the cross (+) on the screen for 30 seconds at the start. Whenever you see the cross, please don’t practice Noting – just relax.\n\nOnce you see the circles appear, please start the Noting practice. This practice will last 2 min. Press any button to start.'
20.2227 	DATA 	Keypress: space
20.2543 	EXP 	text_3: autoDraw = True
24.5066 	DATA 	Keypress: t
24.5376 	EXP 	text_3: autoDraw = False
24.5376 	EXP 	text_2: autoDraw = True
24.5376 	EXP 	text_relax: autoDraw = True
54.5860 	EXP 	text_2: autoDraw = False
54.5860 	EXP 	text_relax: autoDraw = False
54.5860 	EXP 	text_2: autoDraw = False
174.5338 	EXP 	text_2: autoDraw = True
175.5225 	EXP 	Created text = TextStim(__class__=<class 'psychopy.visual.text.TextStim'>, alignHoriz=method-wrapper(...), alignText='center', alignVert=method-wrapper(...), anchorHoriz='center', anchorVert='center', antialias=True, autoDraw=False, autoLog=True, bold=False, color=array([1., 1., 1.]), colorSpace='rgb', contrast=1.0, depth=0.0, flipHoriz=False, flipVert=False, font='Arial', fontFiles=[], height=0.06, italic=False, languageStyle='LTR', name='text', opacity=1.0, ori=0, pos=array([0. , 0.2]), rgb=UNKNOWN, text=str(...), units='norm', win=Window(...), wrapWidth=1.2)
175.5389 	EXP 	window1: mouseVisible = True
175.5958 	EXP 	Created None = Slider(__class__=<class 'psychopy.visual.slider.Slider'>, autoDraw=False, autoLog=True, borderColor=None, color=None, colorSpace='rgb', depth=0, fillColor=None, flip=False, font='Arial', granularity=1, labelColor=None, labelHeight=0.05, labelWrapWidth=None, labels=('Never', 'Always'), lineColor=None, markerColor=None, name=None, opacity=None, ori=0, pos=array([0., 0.]), readOnly=False, self=UNKNOWN, size=array([0.85, 0.1 ]), startValue=None, style='rating', styleTweaks=[], ticks=array([1, 9]), units='norm', win=Window(...))
175.6483 	EXP 	text_2: autoDraw = False
175.6483 	EXP 	text_2: autoDraw = False
175.6483 	EXP 	None: autoLog = True
175.6483 	EXP 	None: markerPos = None
175.6483 	EXP 	None: styleTweaks = []
175.6483 	EXP 	None: styleTweaks = []
175.6483 	EXP 	None: styleTweaks = []
175.6483 	EXP 	None: styleTweaks = []
175.6483 	EXP 	None: contrast = 1.0
175.6483 	EXP 	None: autoLog = True
175.6483 	EXP 	None: markerPos = 5
178.8030 	DATA 	Keypress: 3
178.8156 	EXP 	None: markerPos = 6
179.2566 	DATA 	Keypress: 4
179.3020 	EXP 	None: markerPos = 6
179.3121 	EXP 	Created text = TextStim(__class__=<class 'psychopy.visual.text.TextStim'>, alignHoriz=method-wrapper(...), alignText='center', alignVert=method-wrapper(...), anchorHoriz='center', anchorVert='center', antialias=True, autoDraw=False, autoLog=True, bold=False, color=array([1., 1., 1.]), colorSpace='rgb', contrast=1.0, depth=0.0, flipHoriz=False, flipVert=False, font='Arial', fontFiles=[], height=0.06, italic=False, languageStyle='LTR', name='text', opacity=1.0, ori=0, pos=array([0. , 0.2]), rgb=UNKNOWN, text=str(...), units='norm', win=Window(...), wrapWidth=1.2)
179.3176 	EXP 	window1: mouseVisible = True
179.3620 	EXP 	Created None = Slider(__class__=<class 'psychopy.visual.slider.Slider'>, autoDraw=False, autoLog=True, borderColor=None, color=None, colorSpace='rgb', depth=0, fillColor=None, flip=False, font='Arial', granularity=1, labelColor=None, labelHeight=0.05, labelWrapWidth=None, labels=('Never', 'All the time'), lineColor=None, markerColor=None, name=None, opacity=None, ori=0, pos=array([0., 0.]), readOnly=False, self=UNKNOWN, size=array([0.85, 0.1 ]), startValue=None, style='rating', styleTweaks=[], ticks=array([1, 9]), units='norm', win=Window(...))
179.3814 	EXP 	None: autoLog = True
179.3814 	EXP 	None: markerPos = None
179.3814 	EXP 	None: styleTweaks = []
179.3814 	EXP 	None: styleTweaks = []
179.3814 	EXP 	None: styleTweaks = []
179.3814 	EXP 	None: styleTweaks = []
179.3814 	EXP 	None: contrast = 1.0
179.3814 	EXP 	None: autoLog = True
179.3814 	EXP 	None: markerPos = 5
179.5808 	DATA 	Keypress: 4
179.6174 	EXP 	None: markerPos = 5
179.6270 	EXP 	Created text = TextStim(__class__=<class 'psychopy.visual.text.TextStim'>, alignHoriz=method-wrapper(...), alignText='center', alignVert=method-wrapper(...), anchorHoriz='center', anchorVert='center', antialias=True, autoDraw=False, autoLog=True, bold=False, color=array([1., 1., 1.]), colorSpace='rgb', contrast=1.0, depth=0.0, flipHoriz=False, flipVert=False, font='Arial', fontFiles=[], height=0.06, italic=False, languageStyle='LTR', name='text', opacity=1.0, ori=0, pos=array([0. , 0.2]), rgb=UNKNOWN, text='How difficult was it to apply mental noting?', units='norm', win=Window(...), wrapWidth=1.2)
179.6328 	EXP 	window1: mouseVisible = True
179.6803 	EXP 	Created None = Slider(__class__=<class 'psychopy.visual.slider.Slider'>, autoDraw=False, autoLog=True, borderColor=None, color=None, colorSpace='rgb', depth=0, fillColor=None, flip=False, font='Arial', granularity=1, labelColor=None, labelHeight=0.05, labelWrapWidth=None, labels=('Not at all', 'Very Difficult'), lineColor=None, markerColor=None, name=None, opacity=None, ori=0, pos=array([0., 0.]), readOnly=False, self=UNKNOWN, size=array([0.85, 0.1 ]), startValue=None, style='rating', styleTweaks=[], ticks=array([1, 9]), units='norm', win=Window(...))
179.6990 	EXP 	None: autoLog = True
179.6990 	EXP 	None: markerPos = None
179.6990 	EXP 	None: styleTweaks = []
179.6990 	EXP 	None: styleTweaks = []
179.6990 	EXP 	None: styleTweaks = []
179.6990 	EXP 	None: styleTweaks = []
179.6990 	EXP 	None: contrast = 1.0
179.6990 	EXP 	None: autoLog = True
179.6990 	EXP 	None: markerPos = 5
179.9748 	DATA 	Keypress: 4
179.9991 	EXP 	None: markerPos = 5
180.0055 	EXP 	Created text = TextStim(__class__=<class 'psychopy.visual.text.TextStim'>, alignHoriz=method-wrapper(...), alignText='center', alignVert=method-wrapper(...), anchorHoriz='center', anchorVert='center', antialias=True, autoDraw=False, autoLog=True, bold=False, color=array([1., 1., 1.]), colorSpace='rgb', contrast=1.0, depth=0.0, flipHoriz=False, flipVert=False, font='Arial', fontFiles=[], height=0.06, italic=False, languageStyle='LTR', name='text', opacity=1.0, ori=0, pos=array([0. , 0.2]), rgb=UNKNOWN, text='How calm do you feel right now?', units='norm', win=Window(...), wrapWidth=1.2)
180.0113 	EXP 	window1: mouseVisible = True
180.0551 	EXP 	Created None = Slider(__class__=<class 'psychopy.visual.slider.Slider'>, autoDraw=False, autoLog=True, borderColor=None, color=None, colorSpace='rgb', depth=0, fillColor=None, flip=False, font='Arial', granularity=1, labelColor=None, labelHeight=0.05, labelWrapWidth=None, labels=('Not at all', 'Very calm'), lineColor=None, markerColor=None, name=None, opacity=None, ori=0, pos=array([0., 0.]), readOnly=False, self=UNKNOWN, size=array([0.85, 0.1 ]), startValue=None, style='rating', styleTweaks=[], ticks=array([1, 9]), units='norm', win=Window(...))
180.0820 	EXP 	None: autoLog = True
180.0820 	EXP 	None: markerPos = None
180.0820 	EXP 	None: styleTweaks = []
180.0820 	EXP 	None: styleTweaks = []
180.0820 	EXP 	None: styleTweaks = []
180.0820 	EXP 	None: styleTweaks = []
180.0820 	EXP 	None: contrast = 1.0
180.0820 	EXP 	None: autoLog = True
180.0820 	EXP 	None: markerPos = 5
180.3705 	DATA 	Keypress: 4
180.4135 	EXP 	None: markerPos = 5
180.4333 	EXP 	text_5: autoDraw = True
180.6901 	EXP 	window1: mouseVisible = True
2.5677 	WARNING 	Speech-to-text recognition module for PocketSphinx is not available (use command `pip install SpeechRecognition` to get it). Transcription will be unavailable using that service this session.
2.5683 	WARNING 	Speech-to-text recognition using Google online services is not available (use command `pip install google-api-core google-auth google-cloud google-cloud-speech googleapis-common-protos` to get it). Transcription will be unavailable using that service this session.
2.8513 	WARNING 	We strongly recommend you activate the PTB sound engine in PsychoPy prefs as the preferred audio engine. Its timing is vastly superior. Your prefs are currently set to use ['sounddevice', 'PTB', 'pyo', 'pygame'] (in that order).
16.7197 	WARNING 	User requested fullscreen with size [1080 1080], but screen is actually [1920, 1080]. Using actual size
17.3045 	EXP 	Created window1 = Window(allowGUI=False, allowStencil=False, autoLog=True, backendConf=UNKNOWN, bitsMode=UNKNOWN, blendMode='avg', bpc=(8, 8, 8), color=array([-1, -1, -1]), colorSpace='rgb', depthBits=8, fullscr=<method-wrapper '__getattribute__' of attributeSetter object at 0x000002688DBBC550>, gamma=None, gammaErrorPolicy='raise', lms=UNKNOWN, monitor=<psychopy.monitors.calibTools.Monitor object at 0x00000268932FD3A0>, multiSample=False, name='window1', numSamples=2, pos=(2560, 0), screen=1, size=array([1920, 1080]), stencilBits=0, stereo=False, units='norm', useFBO=True, useRetina=False, viewOri=0.0, viewPos=None, viewScale=None, waitBlanking=True, winType='pyglet')
17.3046 	EXP 	window1: mouseVisible = True
17.3046 	EXP 	window1: Attempting to measure frame rate of screen (1) ...
17.3046 	EXP 	window1: recordFrameIntervals = False
17.4713 	EXP 	window1: recordFrameIntervals = True
17.6547 	EXP 	Screen (1) actual frame rate measured at 60.10Hz
17.6548 	EXP 	window1: recordFrameIntervals = False
17.7196 	EXP 	Created text = TextStim(__class__=<class 'psychopy.visual.text.TextStim'>, alignHoriz=method-wrapper(...), alignText='center', alignVert=method-wrapper(...), anchorHoriz='center', anchorVert='center', antialias=True, autoDraw=False, autoLog=True, bold=False, color=array([1., 1., 1.]), colorSpace='rgb', contrast=1.0, depth=0.0, flipHoriz=False, flipVert=False, font='Arial', fontFiles=[], height=0.06, italic=False, languageStyle='LTR', name='text', opacity=1.0, ori=0, pos=array([0., 0.]), rgb=UNKNOWN, text=str(...), units='norm', win=Window(...), wrapWidth=1.2)
17.7272 	EXP 	Created text_3 = TextStim(__class__=<class 'psychopy.visual.text.TextStim'>, alignHoriz=method-wrapper(...), alignText='center', alignVert=method-wrapper(...), anchorHoriz='center', anchorVert='center', antialias=True, autoDraw=False, autoLog=True, bold=False, color=array([1., 1., 1.]), colorSpace='rgb', contrast=1.0, depth=0.0, flipHoriz=False, flipVert=False, font='Arial', fontFiles=[], height=0.1, italic=False, languageStyle='LTR', name='text_3', opacity=1.0, ori=0, pos=array([0., 0.]), rgb=UNKNOWN, text='waiting for scanner', units='norm', win=Window(...), wrapWidth=2)
17.7342 	EXP 	Created text_2 = TextStim(__class__=<class 'psychopy.visual.text.TextStim'>, alignHoriz=method-wrapper(...), alignText='center', alignVert=method-wrapper(...), anchorHoriz='center', anchorVert='center', antialias=True, autoDraw=False, autoLog=True, bold=False, color=array([1., 1., 1.]), colorSpace='rgb', contrast=1.0, depth=0.0, flipHoriz=False, flipVert=False, font='Arial', fontFiles=[], height=0.3, italic=False, languageStyle='LTR', name='text_2', opacity=1.0, ori=0, pos=array([0., 0.]), rgb=UNKNOWN, text='+', units='norm', win=Window(...), wrapWidth=1)
17.7420 	EXP 	Created text_relax = TextStim(__class__=<class 'psychopy.visual.text.TextStim'>, alignHoriz=method-wrapper(...), alignText='center', alignVert=method-wrapper(...), anchorHoriz='center', anchorVert='center', antialias=True, autoDraw=False, autoLog=True, bold=False, color=array([1., 1., 1.]), colorSpace='rgb', contrast=1.0, depth=0.0, flipHoriz=False, flipVert=False, font='Arial', fontFiles=[], height=0.07, italic=False, languageStyle='LTR', name='text_relax', opacity=1.0, ori=0, pos=array([ 0. , -0.2]), rgb=UNKNOWN, text='Relax', units='norm', win=Window(...), wrapWidth=1)
17.7507 	EXP 	Created text_4 = TextStim(__class__=<class 'psychopy.visual.text.TextStim'>, alignHoriz=method-wrapper(...), alignText='center', alignVert=method-wrapper(...), anchorHoriz='center', anchorVert='center', antialias=True, autoDraw=False, autoLog=True, bold=False, color=array([1., 1., 1.]), colorSpace='rgb', contrast=1.0, depth=-3.0, flipHoriz=False, flipVert=False, font='Arial', fontFiles=[], height=0.1, italic=False, languageStyle='LTR', name='text_4', opacity=1.0, ori=0, pos=array([0., 0.]), rgb=UNKNOWN, text='default text', units='norm', win=Window(...), wrapWidth=1)
17.7580 	EXP 	Created unnamed Circle = Circle(__class__=<class 'psychopy.visual.circle.Circle'>, anchor=('center', 'center'), autoDraw=False, autoLog=True, closeShape=True, color=method-wrapper(...), colorSpace='rgb', contrast=None, depth=0, fillColor=array([0, 0, 0]), fillColorSpace='rgb', fillRGB=array([0, 0, 0]), interpolate=True, lineColor=array([ 1.,  1., -1.]), lineColorSpace='rgb', lineRGB=array([ 1,  1, -1]), lineWidth=2, name='unnamed Circle', opacity=0.5, ori=0.0, pos=array([0.        , 0.33333333]), size=array([1., 1.]), units='norm', vertices=ndarray(...), win=Window(...))
17.7611 	EXP 	Created unnamed Circle = Circle(__class__=<class 'psychopy.visual.circle.Circle'>, anchor=('center', 'center'), autoDraw=False, autoLog=True, closeShape=True, color=method-wrapper(...), colorSpace='rgb', contrast=None, depth=0, fillColor=array([0, 0, 0]), fillColorSpace='rgb', fillRGB=array([0, 0, 0]), interpolate=True, lineColor=array([-1., -1.,  1.]), lineColorSpace='rgb', lineRGB=array([-1, -1,  1]), lineWidth=2, name='unnamed Circle', opacity=0.5, ori=0.0, pos=array([ 0.        , -0.33333333]), size=array([1., 1.]), units='norm', vertices=ndarray(...), win=Window(...))
17.7638 	EXP 	Created unnamed Circle = Circle(__class__=<class 'psychopy.visual.circle.Circle'>, anchor=('center', 'center'), autoDraw=False, autoLog=True, closeShape=True, color=method-wrapper(...), colorSpace='rgb', contrast=None, depth=0, fillColor=array([1, 1, 1]), fillColorSpace='rgb', fillRGB=array([1, 1, 1]), interpolate=True, lineColor=array([1., 1., 1.]), lineColorSpace='rgb', lineRGB=array([1, 1, 1]), lineWidth=1.5, name='unnamed Circle', opacity=1.0, ori=0.0, pos=array([0., 0.]), size=array([1., 1.]), units='norm', vertices=ndarray(...), win=Window(...))
17.7662 	EXP 	Created unnamed Circle = Circle(__class__=<class 'psychopy.visual.circle.Circle'>, anchor=('center', 'center'), autoDraw=False, autoLog=True, closeShape=True, color=method-wrapper(...), colorSpace='rgb', contrast=None, depth=0, fillColor=array([1, 1, 1]), fillColorSpace='rgb', fillRGB=array([1, 1, 1]), interpolate=True, lineColor=array([1., 1., 1.]), lineColorSpace='rgb', lineRGB=array([1, 1, 1]), lineWidth=3, name='unnamed Circle', opacity=1.0, ori=0.0, pos=array([0., 0.]), size=array([1., 1.]), units='norm', vertices=ndarray(...), win=Window(...))
17.7764 	EXP 	Created instruct_text = TextStim(__class__=<class 'psychopy.visual.text.TextStim'>, alignHoriz=method-wrapper(...), alignText='center', alignVert=method-wrapper(...), anchorHoriz='center', anchorVert='center', antialias=True, autoDraw=False, autoLog=True, bold=False, color=array([1., 1., 1.]), colorSpace='rgb', contrast=1.0, depth=0.0, flipHoriz=False, flipVert=False, font='Arial', fontFiles=[], height=0.06, italic=False, languageStyle='LTR', name='instruct_text', opacity=1.0, ori=0, pos=array([0., 0.]), rgb=UNKNOWN, text='replace me', units='norm', win=Window(...), wrapWidth=1.2)
17.7841 	EXP 	Created text_5 = TextStim(__class__=<class 'psychopy.visual.text.TextStim'>, alignHoriz=method-wrapper(...), alignText='center', alignVert=method-wrapper(...), anchorHoriz='center', anchorVert='center', antialias=True, autoDraw=False, autoLog=True, bold=False, color=array([1., 1., 1.]), colorSpace='rgb', contrast=1.0, depth=0.0, flipHoriz=False, flipVert=False, font='Arial', fontFiles=[], height=0.1, italic=False, languageStyle='LTR', name='text_5', opacity=1.0, ori=0, pos=array([0., 0.]), rgb=UNKNOWN, text='thank you!', units='norm', win=Window(...), wrapWidth=1)
17.8208 	EXP 	instruct_text: height = 0.06
17.8208 	EXP 	instruct_text: height = 0.06
17.8208 	EXP 	instruct_text: height = 0.06
17.8208 	EXP 	instruct_text: text = 'Next, you will get to continue the Mental Noting practice you just learned about.    \n\nBefore, you mentioned using your toe as an anchor for your Noting Practice. Try to continue using this as your anchor but it is also okay to switch to a different part of your body.\n\nYou’ll see 2 circles and a white ball in the middle on the screen, but they won’t move around for now.'
19.4284 	DATA 	Keypress: space
19.4800 	EXP 	instruct_text: height = 0.06
19.4800 	EXP 	instruct_text: height = 0.06
19.4800 	EXP 	instruct_text: height = 0.06
19.4800 	EXP 	instruct_text: text = 'You’ll see the cross (+) on the screen for 30 seconds at the start. Whenever you see the cross, please don’t practice Noting – just relax.\n\nOnce you see the circles appear, please start the Noting practice. This practice will last 2 min. Press any button to start.'
20.2227 	DATA 	Keypress: space
20.2543 	EXP 	text_3: autoDraw = True
24.5066 	DATA 	Keypress: t
24.5376 	EXP 	text_3: autoDraw = False
24.5376 	EXP 	text_2: autoDraw = True
24.5376 	EXP 	text_relax: autoDraw = True
54.5860 	EXP 	text_2: autoDraw = False
54.5860 	EXP 	text_relax: autoDraw = False
54.5860 	EXP 	text_2: autoDraw = False
174.5338 	EXP 	text_2: autoDraw = True
175.5225 	EXP 	Created text = TextStim(__class__=<class 'psychopy.visual.text.TextStim'>, alignHoriz=method-wrapper(...), alignText='center', alignVert=method-wrapper(...), anchorHoriz='center', anchorVert='center', antialias=True, autoDraw=False, autoLog=True, bold=False, color=array([1., 1., 1.]), colorSpace='rgb', contrast=1.0, depth=0.0, flipHoriz=False, flipVert=False, font='Arial', fontFiles=[], height=0.06, italic=False, languageStyle='LTR', name='text', opacity=1.0, ori=0, pos=array([0. , 0.2]), rgb=UNKNOWN, text=str(...), units='norm', win=Window(...), wrapWidth=1.2)
175.5389 	EXP 	window1: mouseVisible = True
175.5958 	EXP 	Created None = Slider(__class__=<class 'psychopy.visual.slider.Slider'>, autoDraw=False, autoLog=True, borderColor=None, color=None, colorSpace='rgb', depth=0, fillColor=None, flip=False, font='Arial', granularity=1, labelColor=None, labelHeight=0.05, labelWrapWidth=None, labels=('Never', 'Always'), lineColor=None, markerColor=None, name=None, opacity=None, ori=0, pos=array([0., 0.]), readOnly=False, self=UNKNOWN, size=array([0.85, 0.1 ]), startValue=None, style='rating', styleTweaks=[], ticks=array([1, 9]), units='norm', win=Window(...))
175.6483 	EXP 	text_2: autoDraw = False
175.6483 	EXP 	text_2: autoDraw = False
175.6483 	EXP 	None: autoLog = True
175.6483 	EXP 	None: markerPos = None
175.6483 	EXP 	None: styleTweaks = []
175.6483 	EXP 	None: styleTweaks = []
175.6483 	EXP 	None: styleTweaks = []
175.6483 	EXP 	None: styleTweaks = []
175.6483 	EXP 	None: contrast = 1.0
175.6483 	EXP 	None: autoLog = True
175.6483 	EXP 	None: markerPos = 5
178.8030 	DATA 	Keypress: 3
178.8156 	EXP 	None: markerPos = 6
179.2566 	DATA 	Keypress: 4
179.3020 	EXP 	None: markerPos = 6
179.3121 	EXP 	Created text = TextStim(__class__=<class 'psychopy.visual.text.TextStim'>, alignHoriz=method-wrapper(...), alignText='center', alignVert=method-wrapper(...), anchorHoriz='center', anchorVert='center', antialias=True, autoDraw=False, autoLog=True, bold=False, color=array([1., 1., 1.]), colorSpace='rgb', contrast=1.0, depth=0.0, flipHoriz=False, flipVert=False, font='Arial', fontFiles=[], height=0.06, italic=False, languageStyle='LTR', name='text', opacity=1.0, ori=0, pos=array([0. , 0.2]), rgb=UNKNOWN, text=str(...), units='norm', win=Window(...), wrapWidth=1.2)
179.3176 	EXP 	window1: mouseVisible = True
179.3620 	EXP 	Created None = Slider(__class__=<class 'psychopy.visual.slider.Slider'>, autoDraw=False, autoLog=True, borderColor=None, color=None, colorSpace='rgb', depth=0, fillColor=None, flip=False, font='Arial', granularity=1, labelColor=None, labelHeight=0.05, labelWrapWidth=None, labels=('Never', 'All the time'), lineColor=None, markerColor=None, name=None, opacity=None, ori=0, pos=array([0., 0.]), readOnly=False, self=UNKNOWN, size=array([0.85, 0.1 ]), startValue=None, style='rating', styleTweaks=[], ticks=array([1, 9]), units='norm', win=Window(...))
179.3814 	EXP 	None: autoLog = True
179.3814 	EXP 	None: markerPos = None
179.3814 	EXP 	None: styleTweaks = []
179.3814 	EXP 	None: styleTweaks = []
179.3814 	EXP 	None: styleTweaks = []
179.3814 	EXP 	None: styleTweaks = []
179.3814 	EXP 	None: contrast = 1.0
179.3814 	EXP 	None: autoLog = True
179.3814 	EXP 	None: markerPos = 5
179.5808 	DATA 	Keypress: 4
179.6174 	EXP 	None: markerPos = 5
179.6270 	EXP 	Created text = TextStim(__class__=<class 'psychopy.visual.text.TextStim'>, alignHoriz=method-wrapper(...), alignText='center', alignVert=method-wrapper(...), anchorHoriz='center', anchorVert='center', antialias=True, autoDraw=False, autoLog=True, bold=False, color=array([1., 1., 1.]), colorSpace='rgb', contrast=1.0, depth=0.0, flipHoriz=False, flipVert=False, font='Arial', fontFiles=[], height=0.06, italic=False, languageStyle='LTR', name='text', opacity=1.0, ori=0, pos=array([0. , 0.2]), rgb=UNKNOWN, text='How difficult was it to apply mental noting?', units='norm', win=Window(...), wrapWidth=1.2)
179.6328 	EXP 	window1: mouseVisible = True
179.6803 	EXP 	Created None = Slider(__class__=<class 'psychopy.visual.slider.Slider'>, autoDraw=False, autoLog=True, borderColor=None, color=None, colorSpace='rgb', depth=0, fillColor=None, flip=False, font='Arial', granularity=1, labelColor=None, labelHeight=0.05, labelWrapWidth=None, labels=('Not at all', 'Very Difficult'), lineColor=None, markerColor=None, name=None, opacity=None, ori=0, pos=array([0., 0.]), readOnly=False, self=UNKNOWN, size=array([0.85, 0.1 ]), startValue=None, style='rating', styleTweaks=[], ticks=array([1, 9]), units='norm', win=Window(...))
179.6990 	EXP 	None: autoLog = True
179.6990 	EXP 	None: markerPos = None
179.6990 	EXP 	None: styleTweaks = []
179.6990 	EXP 	None: styleTweaks = []
179.6990 	EXP 	None: styleTweaks = []
179.6990 	EXP 	None: styleTweaks = []
179.6990 	EXP 	None: contrast = 1.0
179.6990 	EXP 	None: autoLog = True
179.6990 	EXP 	None: markerPos = 5
179.9748 	DATA 	Keypress: 4
179.9991 	EXP 	None: markerPos = 5
180.0055 	EXP 	Created text = TextStim(__class__=<class 'psychopy.visual.text.TextStim'>, alignHoriz=method-wrapper(...), alignText='center', alignVert=method-wrapper(...), anchorHoriz='center', anchorVert='center', antialias=True, autoDraw=False, autoLog=True, bold=False, color=array([1., 1., 1.]), colorSpace='rgb', contrast=1.0, depth=0.0, flipHoriz=False, flipVert=False, font='Arial', fontFiles=[], height=0.06, italic=False, languageStyle='LTR', name='text', opacity=1.0, ori=0, pos=array([0. , 0.2]), rgb=UNKNOWN, text='How calm do you feel right now?', units='norm', win=Window(...), wrapWidth=1.2)
180.0113 	EXP 	window1: mouseVisible = True
180.0551 	EXP 	Created None = Slider(__class__=<class 'psychopy.visual.slider.Slider'>, autoDraw=False, autoLog=True, borderColor=None, color=None, colorSpace='rgb', depth=0, fillColor=None, flip=False, font='Arial', granularity=1, labelColor=None, labelHeight=0.05, labelWrapWidth=None, labels=('Not at all', 'Very calm'), lineColor=None, markerColor=None, name=None, opacity=None, ori=0, pos=array([0., 0.]), readOnly=False, self=UNKNOWN, size=array([0.85, 0.1 ]), startValue=None, style='rating', styleTweaks=[], ticks=array([1, 9]), units='norm', win=Window(...))
180.0820 	EXP 	None: autoLog = True
180.0820 	EXP 	None: markerPos = None
180.0820 	EXP 	None: styleTweaks = []
180.0820 	EXP 	None: styleTweaks = []
180.0820 	EXP 	None: styleTweaks = []
180.0820 	EXP 	None: styleTweaks = []
180.0820 	EXP 	None: contrast = 1.0
180.0820 	EXP 	None: autoLog = True
180.0820 	EXP 	None: markerPos = 5
180.3705 	DATA 	Keypress: 4
180.4135 	EXP 	None: markerPos = 5
180.4333 	EXP 	text_5: autoDraw = True
180.6901 	EXP 	window1: mouseVisible = True
