2.6355 	WARNING 	Speech-to-text recognition module for PocketSphinx is not available (use command `pip install SpeechRecognition` to get it). Transcription will be unavailable using that service this session.
2.6360 	WARNING 	Speech-to-text recognition using Google online services is not available (use command `pip install google-api-core google-auth google-cloud google-cloud-speech googleapis-common-protos` to get it). Transcription will be unavailable using that service this session.
2.8672 	WARNING 	We strongly recommend you activate the PTB sound engine in PsychoPy prefs as the preferred audio engine. Its timing is vastly superior. Your prefs are currently set to use ['sounddevice', 'PTB', 'pyo', 'pygame'] (in that order).
12.4987 	WARNING 	Requested an unavailable screen number - using first available.
12.5000 	WARNING 	User requested fullscreen with size [1080 1080], but screen is actually [2560, 1600]. Using actual size
13.0260 	EXP 	Created window1 = Window(allowGUI=False, allowStencil=False, autoLog=True, backendConf=UNKNOWN, bitsMode=UNKNOWN, blendMode='avg', bpc=(8, 8, 8), color=array([-1, -1, -1]), colorSpace='rgb', depthBits=8, fullscr=<method-wrapper '__getattribute__' of attributeSetter object at 0x000002C1075CB1F0>, gamma=None, gammaErrorPolicy='raise', lms=UNKNOWN, monitor=<psychopy.monitors.calibTools.Monitor object at 0x000002C10BFD9F40>, multiSample=False, name='window1', numSamples=2, pos=(0, 0), screen=1, size=array([2560, 1600]), stencilBits=0, stereo=False, units='norm', useFBO=True, useRetina=False, viewOri=0.0, viewPos=None, viewScale=None, waitBlanking=True, winType='pyglet')
13.0264 	EXP 	window1: mouseVisible = True
13.0264 	EXP 	window1: Attempting to measure frame rate of screen (1) ...
13.0264 	EXP 	window1: recordFrameIntervals = False
13.1918 	EXP 	window1: recordFrameIntervals = True
13.3745 	EXP 	Screen (1) actual frame rate measured at 60.28Hz
13.3746 	EXP 	window1: recordFrameIntervals = False
13.4386 	EXP 	Created text = TextStim(__class__=<class 'psychopy.visual.text.TextStim'>, alignHoriz=method-wrapper(...), alignText='center', alignVert=method-wrapper(...), anchorHoriz='center', anchorVert='center', antialias=True, autoDraw=False, autoLog=True, bold=False, color=array([1., 1., 1.]), colorSpace='rgb', contrast=1.0, depth=0.0, flipHoriz=False, flipVert=False, font='Arial', fontFiles=[], height=0.06, italic=False, languageStyle='LTR', name='text', opacity=1.0, ori=0, pos=array([0., 0.]), rgb=UNKNOWN, text=str(...), units='norm', win=Window(...), wrapWidth=1.2)
13.4468 	EXP 	Created text_3 = TextStim(__class__=<class 'psychopy.visual.text.TextStim'>, alignHoriz=method-wrapper(...), alignText='center', alignVert=method-wrapper(...), anchorHoriz='center', anchorVert='center', antialias=True, autoDraw=False, autoLog=True, bold=False, color=array([1., 1., 1.]), colorSpace='rgb', contrast=1.0, depth=0.0, flipHoriz=False, flipVert=False, font='Arial', fontFiles=[], height=0.1, italic=False, languageStyle='LTR', name='text_3', opacity=1.0, ori=0, pos=array([0., 0.]), rgb=UNKNOWN, text='waiting for scanner', units='norm', win=Window(...), wrapWidth=2)
13.4828 	EXP 	Created text_2 = TextStim(__class__=<class 'psychopy.visual.text.TextStim'>, alignHoriz=method-wrapper(...), alignText='center', alignVert=method-wrapper(...), anchorHoriz='center', anchorVert='center', antialias=True, autoDraw=False, autoLog=True, bold=False, color=array([1., 1., 1.]), colorSpace='rgb', contrast=1.0, depth=0.0, flipHoriz=False, flipVert=False, font='Arial', fontFiles=[], height=0.3, italic=False, languageStyle='LTR', name='text_2', opacity=1.0, ori=0, pos=array([0., 0.]), rgb=UNKNOWN, text='+', units='norm', win=Window(...), wrapWidth=1)
13.4889 	EXP 	Created text_relax = TextStim(__class__=<class 'psychopy.visual.text.TextStim'>, alignHoriz=method-wrapper(...), alignText='center', alignVert=method-wrapper(...), anchorHoriz='center', anchorVert='center', antialias=True, autoDraw=False, autoLog=True, bold=False, color=array([1., 1., 1.]), colorSpace='rgb', contrast=1.0, depth=0.0, flipHoriz=False, flipVert=False, font='Arial', fontFiles=[], height=0.07, italic=False, languageStyle='LTR', name='text_relax', opacity=1.0, ori=0, pos=array([ 0. , -0.2]), rgb=UNKNOWN, text='Relax', units='norm', win=Window(...), wrapWidth=1)
13.4973 	EXP 	Created text_4 = TextStim(__class__=<class 'psychopy.visual.text.TextStim'>, alignHoriz=method-wrapper(...), alignText='center', alignVert=method-wrapper(...), anchorHoriz='center', anchorVert='center', antialias=True, autoDraw=False, autoLog=True, bold=False, color=array([1., 1., 1.]), colorSpace='rgb', contrast=1.0, depth=-3.0, flipHoriz=False, flipVert=False, font='Arial', fontFiles=[], height=0.1, italic=False, languageStyle='LTR', name='text_4', opacity=1.0, ori=0, pos=array([0., 0.]), rgb=UNKNOWN, text='default text', units='norm', win=Window(...), wrapWidth=1)
13.5028 	EXP 	Created unnamed Circle = Circle(__class__=<class 'psychopy.visual.circle.Circle'>, anchor=('center', 'center'), autoDraw=False, autoLog=True, closeShape=True, color=method-wrapper(...), colorSpace='rgb', contrast=None, depth=0, fillColor=array([0, 0, 0]), fillColorSpace='rgb', fillRGB=array([0, 0, 0]), interpolate=True, lineColor=array([ 1.,  1., -1.]), lineColorSpace='rgb', lineRGB=array([ 1,  1, -1]), lineWidth=2, name='unnamed Circle', opacity=0.5, ori=0.0, pos=array([0.        , 0.33333333]), size=array([1., 1.]), units='norm', vertices=ndarray(...), win=Window(...))
13.5056 	EXP 	Created unnamed Circle = Circle(__class__=<class 'psychopy.visual.circle.Circle'>, anchor=('center', 'center'), autoDraw=False, autoLog=True, closeShape=True, color=method-wrapper(...), colorSpace='rgb', contrast=None, depth=0, fillColor=array([0, 0, 0]), fillColorSpace='rgb', fillRGB=array([0, 0, 0]), interpolate=True, lineColor=array([-1., -1.,  1.]), lineColorSpace='rgb', lineRGB=array([-1, -1,  1]), lineWidth=2, name='unnamed Circle', opacity=0.5, ori=0.0, pos=array([ 0.        , -0.33333333]), size=array([1., 1.]), units='norm', vertices=ndarray(...), win=Window(...))
13.5082 	EXP 	Created unnamed Circle = Circle(__class__=<class 'psychopy.visual.circle.Circle'>, anchor=('center', 'center'), autoDraw=False, autoLog=True, closeShape=True, color=method-wrapper(...), colorSpace='rgb', contrast=None, depth=0, fillColor=array([1, 1, 1]), fillColorSpace='rgb', fillRGB=array([1, 1, 1]), interpolate=True, lineColor=array([1., 1., 1.]), lineColorSpace='rgb', lineRGB=array([1, 1, 1]), lineWidth=1.5, name='unnamed Circle', opacity=1.0, ori=0.0, pos=array([0., 0.]), size=array([1., 1.]), units='norm', vertices=ndarray(...), win=Window(...))
13.5108 	EXP 	Created unnamed Circle = Circle(__class__=<class 'psychopy.visual.circle.Circle'>, anchor=('center', 'center'), autoDraw=False, autoLog=True, closeShape=True, color=method-wrapper(...), colorSpace='rgb', contrast=None, depth=0, fillColor=array([1, 1, 1]), fillColorSpace='rgb', fillRGB=array([1, 1, 1]), interpolate=True, lineColor=array([1., 1., 1.]), lineColorSpace='rgb', lineRGB=array([1, 1, 1]), lineWidth=3, name='unnamed Circle', opacity=1.0, ori=0.0, pos=array([0., 0.]), size=array([1., 1.]), units='norm', vertices=ndarray(...), win=Window(...))
13.5188 	EXP 	Created instruct_text = TextStim(__class__=<class 'psychopy.visual.text.TextStim'>, alignHoriz=method-wrapper(...), alignText='center', alignVert=method-wrapper(...), anchorHoriz='center', anchorVert='center', antialias=True, autoDraw=False, autoLog=True, bold=False, color=array([1., 1., 1.]), colorSpace='rgb', contrast=1.0, depth=0.0, flipHoriz=False, flipVert=False, font='Arial', fontFiles=[], height=0.06, italic=False, languageStyle='LTR', name='instruct_text', opacity=1.0, ori=0, pos=array([0., 0.]), rgb=UNKNOWN, text='replace me', units='norm', win=Window(...), wrapWidth=1.2)
13.5262 	EXP 	Created text_5 = TextStim(__class__=<class 'psychopy.visual.text.TextStim'>, alignHoriz=method-wrapper(...), alignText='center', alignVert=method-wrapper(...), anchorHoriz='center', anchorVert='center', antialias=True, autoDraw=False, autoLog=True, bold=False, color=array([1., 1., 1.]), colorSpace='rgb', contrast=1.0, depth=0.0, flipHoriz=False, flipVert=False, font='Arial', fontFiles=[], height=0.1, italic=False, languageStyle='LTR', name='text_5', opacity=1.0, ori=0, pos=array([0., 0.]), rgb=UNKNOWN, text='thank you!', units='norm', win=Window(...), wrapWidth=1)
13.5578 	EXP 	instruct_text: height = 0.06
13.5578 	EXP 	instruct_text: height = 0.06
13.5578 	EXP 	instruct_text: height = 0.06
13.5578 	EXP 	instruct_text: text = 'Great job! Next, you’ll get to practice Noting for another two minutes with more feedback from the ball. \n\nRemember to relax when the cross (+) is on the screen and once the circles appear try to keep the ball moving up towards the top circle! \n\nThis practice will last 2 min. Press any button to start.'
14.3795 	DATA 	Keypress: space
14.4072 	EXP 	instruct_text: height = 0.06
14.4072 	EXP 	instruct_text: height = 0.06
14.4072 	EXP 	instruct_text: height = 0.06
14.4072 	EXP 	instruct_text: text = 'You’ll see the cross (+) on the screen for 30 seconds at the start. Whenever you see the cross, please don’t practice Noting – just relax.\n\nOnce you see the circles appear, please start the Noting practice. This practice will last 2 min. Press any button to start.'
14.7410 	DATA 	Keypress: v
16.4209 	DATA 	Keypress: 1
17.1876 	DATA 	Keypress: space
17.2121 	EXP 	text_3: autoDraw = True
23.5742 	DATA 	Keypress: 1
38.3746 	DATA 	Keypress: t
38.4240 	EXP 	text_3: autoDraw = False
38.4240 	EXP 	text_2: autoDraw = True
38.4240 	EXP 	text_relax: autoDraw = True
39.5950 	DATA 	Keypress: t
40.7989 	DATA 	Keypress: t
41.9953 	DATA 	Keypress: t
43.1975 	DATA 	Keypress: t
44.3969 	DATA 	Keypress: t
45.5966 	DATA 	Keypress: t
46.7975 	DATA 	Keypress: t
47.9726 	DATA 	Keypress: t
49.1797 	DATA 	Keypress: t
50.3804 	DATA 	Keypress: t
51.5798 	DATA 	Keypress: t
52.7788 	DATA 	Keypress: t
53.9965 	DATA 	Keypress: t
55.1946 	DATA 	Keypress: t
56.3854 	DATA 	Keypress: t
57.5949 	DATA 	Keypress: t
58.7960 	DATA 	Keypress: t
59.9794 	DATA 	Keypress: t
61.1795 	DATA 	Keypress: t
62.3796 	DATA 	Keypress: t
63.5793 	DATA 	Keypress: t
64.7790 	DATA 	Keypress: t
65.9798 	DATA 	Keypress: t
67.1801 	DATA 	Keypress: t
68.3789 	DATA 	Keypress: t
68.4047 	EXP 	text_2: autoDraw = False
68.4047 	EXP 	text_relax: autoDraw = False
68.4047 	EXP 	text_2: autoDraw = False
69.5701 	DATA 	Keypress: t
70.7729 	DATA 	Keypress: t
71.9682 	DATA 	Keypress: t
73.1684 	DATA 	Keypress: t
74.3722 	DATA 	Keypress: t
75.5681 	DATA 	Keypress: t
76.7681 	DATA 	Keypress: t
77.9709 	DATA 	Keypress: t
79.1852 	DATA 	Keypress: t
80.3727 	DATA 	Keypress: t
81.5851 	DATA 	Keypress: t
82.7667 	DATA 	Keypress: t
83.9673 	DATA 	Keypress: t
85.1842 	DATA 	Keypress: t
86.3821 	DATA 	Keypress: t
87.5734 	DATA 	Keypress: t
88.7724 	DATA 	Keypress: t
89.9716 	DATA 	Keypress: t
91.1700 	DATA 	Keypress: t
92.3729 	DATA 	Keypress: t
93.5756 	DATA 	Keypress: t
94.7683 	DATA 	Keypress: t
95.9819 	DATA 	Keypress: t
97.1817 	DATA 	Keypress: t
98.3715 	DATA 	Keypress: t
99.5821 	DATA 	Keypress: t
100.7867 	DATA 	Keypress: t
101.9831 	DATA 	Keypress: t
103.1719 	DATA 	Keypress: t
104.3708 	DATA 	Keypress: t
105.5701 	DATA 	Keypress: t
106.7712 	DATA 	Keypress: t
107.9831 	DATA 	Keypress: t
109.1832 	DATA 	Keypress: t
110.3810 	DATA 	Keypress: t
111.5690 	DATA 	Keypress: t
112.7696 	DATA 	Keypress: t
113.9818 	DATA 	Keypress: t
115.1841 	DATA 	Keypress: t
116.3819 	DATA 	Keypress: t
117.5840 	DATA 	Keypress: t
118.7726 	DATA 	Keypress: t
119.9818 	DATA 	Keypress: t
121.1717 	DATA 	Keypress: t
122.3711 	DATA 	Keypress: t
123.5709 	DATA 	Keypress: t
124.7717 	DATA 	Keypress: t
125.9713 	DATA 	Keypress: t
127.1879 	DATA 	Keypress: t
128.3700 	DATA 	Keypress: t
129.5679 	DATA 	Keypress: t
130.7707 	DATA 	Keypress: t
131.9706 	DATA 	Keypress: t
133.1700 	DATA 	Keypress: t
134.3702 	DATA 	Keypress: t
135.5804 	DATA 	Keypress: t
136.7703 	DATA 	Keypress: t
137.9822 	DATA 	Keypress: t
139.1707 	DATA 	Keypress: t
140.3798 	DATA 	Keypress: t
141.5711 	DATA 	Keypress: t
142.7830 	DATA 	Keypress: t
143.9866 	DATA 	Keypress: t
145.1710 	DATA 	Keypress: t
146.3814 	DATA 	Keypress: t
147.5699 	DATA 	Keypress: t
148.7673 	DATA 	Keypress: t
149.9713 	DATA 	Keypress: t
151.1808 	DATA 	Keypress: t
152.3696 	DATA 	Keypress: t
153.5823 	DATA 	Keypress: t
154.7876 	DATA 	Keypress: t
155.9803 	DATA 	Keypress: t
157.1698 	DATA 	Keypress: t
158.3704 	DATA 	Keypress: t
159.5704 	DATA 	Keypress: t
160.7698 	DATA 	Keypress: t
161.9876 	DATA 	Keypress: t
163.1707 	DATA 	Keypress: t
164.3660 	DATA 	Keypress: t
165.5826 	DATA 	Keypress: t
166.7792 	DATA 	Keypress: t
167.9696 	DATA 	Keypress: t
169.1798 	DATA 	Keypress: t
170.3810 	DATA 	Keypress: t
171.5696 	DATA 	Keypress: t
172.7831 	DATA 	Keypress: t
173.9811 	DATA 	Keypress: t
175.1705 	DATA 	Keypress: t
176.3871 	DATA 	Keypress: t
177.5690 	DATA 	Keypress: t
178.7689 	DATA 	Keypress: t
179.9721 	DATA 	Keypress: t
181.1719 	DATA 	Keypress: t
188.4188 	EXP 	text_2: autoDraw = True
189.3920 	EXP 	Created text = TextStim(__class__=<class 'psychopy.visual.text.TextStim'>, alignHoriz=method-wrapper(...), alignText='center', alignVert=method-wrapper(...), anchorHoriz='center', anchorVert='center', antialias=True, autoDraw=False, autoLog=True, bold=False, color=array([1., 1., 1.]), colorSpace='rgb', contrast=1.0, depth=0.0, flipHoriz=False, flipVert=False, font='Arial', fontFiles=[], height=0.06, italic=False, languageStyle='LTR', name='text', opacity=1.0, ori=0, pos=array([0. , 0.2]), rgb=UNKNOWN, text=str(...), units='norm', win=Window(...), wrapWidth=1.2)
189.3999 	EXP 	window1: mouseVisible = True
189.4581 	EXP 	Created None = Slider(__class__=<class 'psychopy.visual.slider.Slider'>, autoDraw=False, autoLog=True, borderColor=None, color=None, colorSpace='rgb', depth=0, fillColor=None, flip=False, font='Arial', granularity=1, labelColor=None, labelHeight=0.05, labelWrapWidth=None, labels=('Never', 'Always'), lineColor=None, markerColor=None, name=None, opacity=None, ori=0, pos=array([0., 0.]), readOnly=False, self=UNKNOWN, size=array([0.85, 0.1 ]), startValue=None, style='rating', styleTweaks=[], ticks=array([1, 9]), units='norm', win=Window(...))
189.5010 	EXP 	text_2: autoDraw = False
189.5010 	EXP 	None: autoLog = True
189.5010 	EXP 	None: markerPos = None
189.5010 	EXP 	None: styleTweaks = []
189.5010 	EXP 	None: styleTweaks = []
189.5010 	EXP 	None: styleTweaks = []
189.5010 	EXP 	None: styleTweaks = []
189.5010 	EXP 	None: contrast = 1.0
189.5010 	EXP 	None: autoLog = True
189.5010 	EXP 	None: markerPos = 5
190.5611 	DATA 	Keypress: 3
190.5841 	EXP 	None: markerPos = 6
192.5358 	DATA 	Keypress: 2
192.5505 	EXP 	None: markerPos = 5
192.5520 	DATA 	Keypress: 1
192.8050 	DATA 	Keypress: 4
192.8174 	EXP 	None: markerPos = 5
192.8240 	EXP 	Created text = TextStim(__class__=<class 'psychopy.visual.text.TextStim'>, alignHoriz=method-wrapper(...), alignText='center', alignVert=method-wrapper(...), anchorHoriz='center', anchorVert='center', antialias=True, autoDraw=False, autoLog=True, bold=False, color=array([1., 1., 1.]), colorSpace='rgb', contrast=1.0, depth=0.0, flipHoriz=False, flipVert=False, font='Arial', fontFiles=[], height=0.06, italic=False, languageStyle='LTR', name='text', opacity=1.0, ori=0, pos=array([0. , 0.2]), rgb=UNKNOWN, text=str(...), units='norm', win=Window(...), wrapWidth=1.2)
192.8295 	EXP 	window1: mouseVisible = True
192.8771 	EXP 	Created None = Slider(__class__=<class 'psychopy.visual.slider.Slider'>, autoDraw=False, autoLog=True, borderColor=None, color=None, colorSpace='rgb', depth=0, fillColor=None, flip=False, font='Arial', granularity=1, labelColor=None, labelHeight=0.05, labelWrapWidth=None, labels=('Never', 'All the time'), lineColor=None, markerColor=None, name=None, opacity=None, ori=0, pos=array([0., 0.]), readOnly=False, self=UNKNOWN, size=array([0.85, 0.1 ]), startValue=None, style='rating', styleTweaks=[], ticks=array([1, 9]), units='norm', win=Window(...))
192.9009 	EXP 	None: autoLog = True
192.9009 	EXP 	None: markerPos = None
192.9009 	EXP 	None: styleTweaks = []
192.9009 	EXP 	None: styleTweaks = []
192.9009 	EXP 	None: styleTweaks = []
192.9009 	EXP 	None: styleTweaks = []
192.9009 	EXP 	None: contrast = 1.0
192.9009 	EXP 	None: autoLog = True
192.9009 	EXP 	None: markerPos = 5
193.9329 	DATA 	Keypress: 3
193.9506 	EXP 	None: markerPos = 6
194.1427 	DATA 	Keypress: 3
194.1707 	EXP 	None: markerPos = 7
194.3998 	DATA 	Keypress: 4
194.4249 	EXP 	None: markerPos = 7
194.4319 	EXP 	Created text = TextStim(__class__=<class 'psychopy.visual.text.TextStim'>, alignHoriz=method-wrapper(...), alignText='center', alignVert=method-wrapper(...), anchorHoriz='center', anchorVert='center', antialias=True, autoDraw=False, autoLog=True, bold=False, color=array([1., 1., 1.]), colorSpace='rgb', contrast=1.0, depth=0.0, flipHoriz=False, flipVert=False, font='Arial', fontFiles=[], height=0.06, italic=False, languageStyle='LTR', name='text', opacity=1.0, ori=0, pos=array([0. , 0.2]), rgb=UNKNOWN, text='How difficult was it to apply mental noting?', units='norm', win=Window(...), wrapWidth=1.2)
194.4374 	EXP 	window1: mouseVisible = True
194.4887 	EXP 	Created None = Slider(__class__=<class 'psychopy.visual.slider.Slider'>, autoDraw=False, autoLog=True, borderColor=None, color=None, colorSpace='rgb', depth=0, fillColor=None, flip=False, font='Arial', granularity=1, labelColor=None, labelHeight=0.05, labelWrapWidth=None, labels=('Not at all', 'Very Difficult'), lineColor=None, markerColor=None, name=None, opacity=None, ori=0, pos=array([0., 0.]), readOnly=False, self=UNKNOWN, size=array([0.85, 0.1 ]), startValue=None, style='rating', styleTweaks=[], ticks=array([1, 9]), units='norm', win=Window(...))
194.5205 	EXP 	None: autoLog = True
194.5205 	EXP 	None: markerPos = None
194.5205 	EXP 	None: styleTweaks = []
194.5205 	EXP 	None: styleTweaks = []
194.5205 	EXP 	None: styleTweaks = []
194.5205 	EXP 	None: styleTweaks = []
194.5205 	EXP 	None: contrast = 1.0
194.5205 	EXP 	None: autoLog = True
194.5205 	EXP 	None: markerPos = 5
196.2008 	DATA 	Keypress: 3
196.2164 	EXP 	None: markerPos = 6
196.7628 	DATA 	Keypress: 4
196.7856 	EXP 	None: markerPos = 6
196.7926 	EXP 	Created text = TextStim(__class__=<class 'psychopy.visual.text.TextStim'>, alignHoriz=method-wrapper(...), alignText='center', alignVert=method-wrapper(...), anchorHoriz='center', anchorVert='center', antialias=True, autoDraw=False, autoLog=True, bold=False, color=array([1., 1., 1.]), colorSpace='rgb', contrast=1.0, depth=0.0, flipHoriz=False, flipVert=False, font='Arial', fontFiles=[], height=0.06, italic=False, languageStyle='LTR', name='text', opacity=1.0, ori=0, pos=array([0. , 0.2]), rgb=UNKNOWN, text='How calm do you feel right now?', units='norm', win=Window(...), wrapWidth=1.2)
196.7984 	EXP 	window1: mouseVisible = True
196.8365 	EXP 	Created None = Slider(__class__=<class 'psychopy.visual.slider.Slider'>, autoDraw=False, autoLog=True, borderColor=None, color=None, colorSpace='rgb', depth=0, fillColor=None, flip=False, font='Arial', granularity=1, labelColor=None, labelHeight=0.05, labelWrapWidth=None, labels=('Not at all', 'Very calm'), lineColor=None, markerColor=None, name=None, opacity=None, ori=0, pos=array([0., 0.]), readOnly=False, self=UNKNOWN, size=array([0.85, 0.1 ]), startValue=None, style='rating', styleTweaks=[], ticks=array([1, 9]), units='norm', win=Window(...))
196.8675 	EXP 	None: autoLog = True
196.8675 	EXP 	None: markerPos = None
196.8675 	EXP 	None: styleTweaks = []
196.8675 	EXP 	None: styleTweaks = []
196.8675 	EXP 	None: styleTweaks = []
196.8675 	EXP 	None: styleTweaks = []
196.8675 	EXP 	None: contrast = 1.0
196.8675 	EXP 	None: autoLog = True
196.8675 	EXP 	None: markerPos = 5
197.9809 	DATA 	Keypress: 3
198.0004 	EXP 	None: markerPos = 6
198.3879 	DATA 	Keypress: 3
198.4175 	EXP 	None: markerPos = 7
198.6007 	DATA 	Keypress: 3
198.6204 	EXP 	None: markerPos = 8
198.8266 	DATA 	Keypress: 3
198.8539 	EXP 	None: markerPos = 9
199.1385 	DATA 	Keypress: 4
199.1519 	EXP 	None: markerPos = 9
199.2068 	EXP 	window1: mouseVisible = True
2.6355 	WARNING 	Speech-to-text recognition module for PocketSphinx is not available (use command `pip install SpeechRecognition` to get it). Transcription will be unavailable using that service this session.
2.6360 	WARNING 	Speech-to-text recognition using Google online services is not available (use command `pip install google-api-core google-auth google-cloud google-cloud-speech googleapis-common-protos` to get it). Transcription will be unavailable using that service this session.
2.8672 	WARNING 	We strongly recommend you activate the PTB sound engine in PsychoPy prefs as the preferred audio engine. Its timing is vastly superior. Your prefs are currently set to use ['sounddevice', 'PTB', 'pyo', 'pygame'] (in that order).
12.4987 	WARNING 	Requested an unavailable screen number - using first available.
12.5000 	WARNING 	User requested fullscreen with size [1080 1080], but screen is actually [2560, 1600]. Using actual size
13.0260 	EXP 	Created window1 = Window(allowGUI=False, allowStencil=False, autoLog=True, backendConf=UNKNOWN, bitsMode=UNKNOWN, blendMode='avg', bpc=(8, 8, 8), color=array([-1, -1, -1]), colorSpace='rgb', depthBits=8, fullscr=<method-wrapper '__getattribute__' of attributeSetter object at 0x000002C1075CB1F0>, gamma=None, gammaErrorPolicy='raise', lms=UNKNOWN, monitor=<psychopy.monitors.calibTools.Monitor object at 0x000002C10BFD9F40>, multiSample=False, name='window1', numSamples=2, pos=(0, 0), screen=1, size=array([2560, 1600]), stencilBits=0, stereo=False, units='norm', useFBO=True, useRetina=False, viewOri=0.0, viewPos=None, viewScale=None, waitBlanking=True, winType='pyglet')
13.0264 	EXP 	window1: mouseVisible = True
13.0264 	EXP 	window1: Attempting to measure frame rate of screen (1) ...
13.0264 	EXP 	window1: recordFrameIntervals = False
13.1918 	EXP 	window1: recordFrameIntervals = True
13.3745 	EXP 	Screen (1) actual frame rate measured at 60.28Hz
13.3746 	EXP 	window1: recordFrameIntervals = False
13.4386 	EXP 	Created text = TextStim(__class__=<class 'psychopy.visual.text.TextStim'>, alignHoriz=method-wrapper(...), alignText='center', alignVert=method-wrapper(...), anchorHoriz='center', anchorVert='center', antialias=True, autoDraw=False, autoLog=True, bold=False, color=array([1., 1., 1.]), colorSpace='rgb', contrast=1.0, depth=0.0, flipHoriz=False, flipVert=False, font='Arial', fontFiles=[], height=0.06, italic=False, languageStyle='LTR', name='text', opacity=1.0, ori=0, pos=array([0., 0.]), rgb=UNKNOWN, text=str(...), units='norm', win=Window(...), wrapWidth=1.2)
13.4468 	EXP 	Created text_3 = TextStim(__class__=<class 'psychopy.visual.text.TextStim'>, alignHoriz=method-wrapper(...), alignText='center', alignVert=method-wrapper(...), anchorHoriz='center', anchorVert='center', antialias=True, autoDraw=False, autoLog=True, bold=False, color=array([1., 1., 1.]), colorSpace='rgb', contrast=1.0, depth=0.0, flipHoriz=False, flipVert=False, font='Arial', fontFiles=[], height=0.1, italic=False, languageStyle='LTR', name='text_3', opacity=1.0, ori=0, pos=array([0., 0.]), rgb=UNKNOWN, text='waiting for scanner', units='norm', win=Window(...), wrapWidth=2)
13.4828 	EXP 	Created text_2 = TextStim(__class__=<class 'psychopy.visual.text.TextStim'>, alignHoriz=method-wrapper(...), alignText='center', alignVert=method-wrapper(...), anchorHoriz='center', anchorVert='center', antialias=True, autoDraw=False, autoLog=True, bold=False, color=array([1., 1., 1.]), colorSpace='rgb', contrast=1.0, depth=0.0, flipHoriz=False, flipVert=False, font='Arial', fontFiles=[], height=0.3, italic=False, languageStyle='LTR', name='text_2', opacity=1.0, ori=0, pos=array([0., 0.]), rgb=UNKNOWN, text='+', units='norm', win=Window(...), wrapWidth=1)
13.4889 	EXP 	Created text_relax = TextStim(__class__=<class 'psychopy.visual.text.TextStim'>, alignHoriz=method-wrapper(...), alignText='center', alignVert=method-wrapper(...), anchorHoriz='center', anchorVert='center', antialias=True, autoDraw=False, autoLog=True, bold=False, color=array([1., 1., 1.]), colorSpace='rgb', contrast=1.0, depth=0.0, flipHoriz=False, flipVert=False, font='Arial', fontFiles=[], height=0.07, italic=False, languageStyle='LTR', name='text_relax', opacity=1.0, ori=0, pos=array([ 0. , -0.2]), rgb=UNKNOWN, text='Relax', units='norm', win=Window(...), wrapWidth=1)
13.4973 	EXP 	Created text_4 = TextStim(__class__=<class 'psychopy.visual.text.TextStim'>, alignHoriz=method-wrapper(...), alignText='center', alignVert=method-wrapper(...), anchorHoriz='center', anchorVert='center', antialias=True, autoDraw=False, autoLog=True, bold=False, color=array([1., 1., 1.]), colorSpace='rgb', contrast=1.0, depth=-3.0, flipHoriz=False, flipVert=False, font='Arial', fontFiles=[], height=0.1, italic=False, languageStyle='LTR', name='text_4', opacity=1.0, ori=0, pos=array([0., 0.]), rgb=UNKNOWN, text='default text', units='norm', win=Window(...), wrapWidth=1)
13.5028 	EXP 	Created unnamed Circle = Circle(__class__=<class 'psychopy.visual.circle.Circle'>, anchor=('center', 'center'), autoDraw=False, autoLog=True, closeShape=True, color=method-wrapper(...), colorSpace='rgb', contrast=None, depth=0, fillColor=array([0, 0, 0]), fillColorSpace='rgb', fillRGB=array([0, 0, 0]), interpolate=True, lineColor=array([ 1.,  1., -1.]), lineColorSpace='rgb', lineRGB=array([ 1,  1, -1]), lineWidth=2, name='unnamed Circle', opacity=0.5, ori=0.0, pos=array([0.        , 0.33333333]), size=array([1., 1.]), units='norm', vertices=ndarray(...), win=Window(...))
13.5056 	EXP 	Created unnamed Circle = Circle(__class__=<class 'psychopy.visual.circle.Circle'>, anchor=('center', 'center'), autoDraw=False, autoLog=True, closeShape=True, color=method-wrapper(...), colorSpace='rgb', contrast=None, depth=0, fillColor=array([0, 0, 0]), fillColorSpace='rgb', fillRGB=array([0, 0, 0]), interpolate=True, lineColor=array([-1., -1.,  1.]), lineColorSpace='rgb', lineRGB=array([-1, -1,  1]), lineWidth=2, name='unnamed Circle', opacity=0.5, ori=0.0, pos=array([ 0.        , -0.33333333]), size=array([1., 1.]), units='norm', vertices=ndarray(...), win=Window(...))
13.5082 	EXP 	Created unnamed Circle = Circle(__class__=<class 'psychopy.visual.circle.Circle'>, anchor=('center', 'center'), autoDraw=False, autoLog=True, closeShape=True, color=method-wrapper(...), colorSpace='rgb', contrast=None, depth=0, fillColor=array([1, 1, 1]), fillColorSpace='rgb', fillRGB=array([1, 1, 1]), interpolate=True, lineColor=array([1., 1., 1.]), lineColorSpace='rgb', lineRGB=array([1, 1, 1]), lineWidth=1.5, name='unnamed Circle', opacity=1.0, ori=0.0, pos=array([0., 0.]), size=array([1., 1.]), units='norm', vertices=ndarray(...), win=Window(...))
13.5108 	EXP 	Created unnamed Circle = Circle(__class__=<class 'psychopy.visual.circle.Circle'>, anchor=('center', 'center'), autoDraw=False, autoLog=True, closeShape=True, color=method-wrapper(...), colorSpace='rgb', contrast=None, depth=0, fillColor=array([1, 1, 1]), fillColorSpace='rgb', fillRGB=array([1, 1, 1]), interpolate=True, lineColor=array([1., 1., 1.]), lineColorSpace='rgb', lineRGB=array([1, 1, 1]), lineWidth=3, name='unnamed Circle', opacity=1.0, ori=0.0, pos=array([0., 0.]), size=array([1., 1.]), units='norm', vertices=ndarray(...), win=Window(...))
13.5188 	EXP 	Created instruct_text = TextStim(__class__=<class 'psychopy.visual.text.TextStim'>, alignHoriz=method-wrapper(...), alignText='center', alignVert=method-wrapper(...), anchorHoriz='center', anchorVert='center', antialias=True, autoDraw=False, autoLog=True, bold=False, color=array([1., 1., 1.]), colorSpace='rgb', contrast=1.0, depth=0.0, flipHoriz=False, flipVert=False, font='Arial', fontFiles=[], height=0.06, italic=False, languageStyle='LTR', name='instruct_text', opacity=1.0, ori=0, pos=array([0., 0.]), rgb=UNKNOWN, text='replace me', units='norm', win=Window(...), wrapWidth=1.2)
13.5262 	EXP 	Created text_5 = TextStim(__class__=<class 'psychopy.visual.text.TextStim'>, alignHoriz=method-wrapper(...), alignText='center', alignVert=method-wrapper(...), anchorHoriz='center', anchorVert='center', antialias=True, autoDraw=False, autoLog=True, bold=False, color=array([1., 1., 1.]), colorSpace='rgb', contrast=1.0, depth=0.0, flipHoriz=False, flipVert=False, font='Arial', fontFiles=[], height=0.1, italic=False, languageStyle='LTR', name='text_5', opacity=1.0, ori=0, pos=array([0., 0.]), rgb=UNKNOWN, text='thank you!', units='norm', win=Window(...), wrapWidth=1)
13.5578 	EXP 	instruct_text: height = 0.06
13.5578 	EXP 	instruct_text: height = 0.06
13.5578 	EXP 	instruct_text: height = 0.06
13.5578 	EXP 	instruct_text: text = 'Great job! Next, you’ll get to practice Noting for another two minutes with more feedback from the ball. \n\nRemember to relax when the cross (+) is on the screen and once the circles appear try to keep the ball moving up towards the top circle! \n\nThis practice will last 2 min. Press any button to start.'
14.3795 	DATA 	Keypress: space
14.4072 	EXP 	instruct_text: height = 0.06
14.4072 	EXP 	instruct_text: height = 0.06
14.4072 	EXP 	instruct_text: height = 0.06
14.4072 	EXP 	instruct_text: text = 'You’ll see the cross (+) on the screen for 30 seconds at the start. Whenever you see the cross, please don’t practice Noting – just relax.\n\nOnce you see the circles appear, please start the Noting practice. This practice will last 2 min. Press any button to start.'
14.7410 	DATA 	Keypress: v
16.4209 	DATA 	Keypress: 1
17.1876 	DATA 	Keypress: space
17.2121 	EXP 	text_3: autoDraw = True
23.5742 	DATA 	Keypress: 1
38.3746 	DATA 	Keypress: t
38.4240 	EXP 	text_3: autoDraw = False
38.4240 	EXP 	text_2: autoDraw = True
38.4240 	EXP 	text_relax: autoDraw = True
39.5950 	DATA 	Keypress: t
40.7989 	DATA 	Keypress: t
41.9953 	DATA 	Keypress: t
43.1975 	DATA 	Keypress: t
44.3969 	DATA 	Keypress: t
45.5966 	DATA 	Keypress: t
46.7975 	DATA 	Keypress: t
47.9726 	DATA 	Keypress: t
49.1797 	DATA 	Keypress: t
50.3804 	DATA 	Keypress: t
51.5798 	DATA 	Keypress: t
52.7788 	DATA 	Keypress: t
53.9965 	DATA 	Keypress: t
55.1946 	DATA 	Keypress: t
56.3854 	DATA 	Keypress: t
57.5949 	DATA 	Keypress: t
58.7960 	DATA 	Keypress: t
59.9794 	DATA 	Keypress: t
61.1795 	DATA 	Keypress: t
62.3796 	DATA 	Keypress: t
63.5793 	DATA 	Keypress: t
64.7790 	DATA 	Keypress: t
65.9798 	DATA 	Keypress: t
67.1801 	DATA 	Keypress: t
68.3789 	DATA 	Keypress: t
68.4047 	EXP 	text_2: autoDraw = False
68.4047 	EXP 	text_relax: autoDraw = False
68.4047 	EXP 	text_2: autoDraw = False
69.5701 	DATA 	Keypress: t
70.7729 	DATA 	Keypress: t
71.9682 	DATA 	Keypress: t
73.1684 	DATA 	Keypress: t
74.3722 	DATA 	Keypress: t
75.5681 	DATA 	Keypress: t
76.7681 	DATA 	Keypress: t
77.9709 	DATA 	Keypress: t
79.1852 	DATA 	Keypress: t
80.3727 	DATA 	Keypress: t
81.5851 	DATA 	Keypress: t
82.7667 	DATA 	Keypress: t
83.9673 	DATA 	Keypress: t
85.1842 	DATA 	Keypress: t
86.3821 	DATA 	Keypress: t
87.5734 	DATA 	Keypress: t
88.7724 	DATA 	Keypress: t
89.9716 	DATA 	Keypress: t
91.1700 	DATA 	Keypress: t
92.3729 	DATA 	Keypress: t
93.5756 	DATA 	Keypress: t
94.7683 	DATA 	Keypress: t
95.9819 	DATA 	Keypress: t
97.1817 	DATA 	Keypress: t
98.3715 	DATA 	Keypress: t
99.5821 	DATA 	Keypress: t
100.7867 	DATA 	Keypress: t
101.9831 	DATA 	Keypress: t
103.1719 	DATA 	Keypress: t
104.3708 	DATA 	Keypress: t
105.5701 	DATA 	Keypress: t
106.7712 	DATA 	Keypress: t
107.9831 	DATA 	Keypress: t
109.1832 	DATA 	Keypress: t
110.3810 	DATA 	Keypress: t
111.5690 	DATA 	Keypress: t
112.7696 	DATA 	Keypress: t
113.9818 	DATA 	Keypress: t
115.1841 	DATA 	Keypress: t
116.3819 	DATA 	Keypress: t
117.5840 	DATA 	Keypress: t
118.7726 	DATA 	Keypress: t
119.9818 	DATA 	Keypress: t
121.1717 	DATA 	Keypress: t
122.3711 	DATA 	Keypress: t
123.5709 	DATA 	Keypress: t
124.7717 	DATA 	Keypress: t
125.9713 	DATA 	Keypress: t
127.1879 	DATA 	Keypress: t
128.3700 	DATA 	Keypress: t
129.5679 	DATA 	Keypress: t
130.7707 	DATA 	Keypress: t
131.9706 	DATA 	Keypress: t
133.1700 	DATA 	Keypress: t
134.3702 	DATA 	Keypress: t
135.5804 	DATA 	Keypress: t
136.7703 	DATA 	Keypress: t
137.9822 	DATA 	Keypress: t
139.1707 	DATA 	Keypress: t
140.3798 	DATA 	Keypress: t
141.5711 	DATA 	Keypress: t
142.7830 	DATA 	Keypress: t
143.9866 	DATA 	Keypress: t
145.1710 	DATA 	Keypress: t
146.3814 	DATA 	Keypress: t
147.5699 	DATA 	Keypress: t
148.7673 	DATA 	Keypress: t
149.9713 	DATA 	Keypress: t
151.1808 	DATA 	Keypress: t
152.3696 	DATA 	Keypress: t
153.5823 	DATA 	Keypress: t
154.7876 	DATA 	Keypress: t
155.9803 	DATA 	Keypress: t
157.1698 	DATA 	Keypress: t
158.3704 	DATA 	Keypress: t
159.5704 	DATA 	Keypress: t
160.7698 	DATA 	Keypress: t
161.9876 	DATA 	Keypress: t
163.1707 	DATA 	Keypress: t
164.3660 	DATA 	Keypress: t
165.5826 	DATA 	Keypress: t
166.7792 	DATA 	Keypress: t
167.9696 	DATA 	Keypress: t
169.1798 	DATA 	Keypress: t
170.3810 	DATA 	Keypress: t
171.5696 	DATA 	Keypress: t
172.7831 	DATA 	Keypress: t
173.9811 	DATA 	Keypress: t
175.1705 	DATA 	Keypress: t
176.3871 	DATA 	Keypress: t
177.5690 	DATA 	Keypress: t
178.7689 	DATA 	Keypress: t
179.9721 	DATA 	Keypress: t
181.1719 	DATA 	Keypress: t
188.4188 	EXP 	text_2: autoDraw = True
189.3920 	EXP 	Created text = TextStim(__class__=<class 'psychopy.visual.text.TextStim'>, alignHoriz=method-wrapper(...), alignText='center', alignVert=method-wrapper(...), anchorHoriz='center', anchorVert='center', antialias=True, autoDraw=False, autoLog=True, bold=False, color=array([1., 1., 1.]), colorSpace='rgb', contrast=1.0, depth=0.0, flipHoriz=False, flipVert=False, font='Arial', fontFiles=[], height=0.06, italic=False, languageStyle='LTR', name='text', opacity=1.0, ori=0, pos=array([0. , 0.2]), rgb=UNKNOWN, text=str(...), units='norm', win=Window(...), wrapWidth=1.2)
189.3999 	EXP 	window1: mouseVisible = True
189.4581 	EXP 	Created None = Slider(__class__=<class 'psychopy.visual.slider.Slider'>, autoDraw=False, autoLog=True, borderColor=None, color=None, colorSpace='rgb', depth=0, fillColor=None, flip=False, font='Arial', granularity=1, labelColor=None, labelHeight=0.05, labelWrapWidth=None, labels=('Never', 'Always'), lineColor=None, markerColor=None, name=None, opacity=None, ori=0, pos=array([0., 0.]), readOnly=False, self=UNKNOWN, size=array([0.85, 0.1 ]), startValue=None, style='rating', styleTweaks=[], ticks=array([1, 9]), units='norm', win=Window(...))
189.5010 	EXP 	text_2: autoDraw = False
189.5010 	EXP 	None: autoLog = True
189.5010 	EXP 	None: markerPos = None
189.5010 	EXP 	None: styleTweaks = []
189.5010 	EXP 	None: styleTweaks = []
189.5010 	EXP 	None: styleTweaks = []
189.5010 	EXP 	None: styleTweaks = []
189.5010 	EXP 	None: contrast = 1.0
189.5010 	EXP 	None: autoLog = True
189.5010 	EXP 	None: markerPos = 5
190.5611 	DATA 	Keypress: 3
190.5841 	EXP 	None: markerPos = 6
192.5358 	DATA 	Keypress: 2
192.5505 	EXP 	None: markerPos = 5
192.5520 	DATA 	Keypress: 1
192.8050 	DATA 	Keypress: 4
192.8174 	EXP 	None: markerPos = 5
192.8240 	EXP 	Created text = TextStim(__class__=<class 'psychopy.visual.text.TextStim'>, alignHoriz=method-wrapper(...), alignText='center', alignVert=method-wrapper(...), anchorHoriz='center', anchorVert='center', antialias=True, autoDraw=False, autoLog=True, bold=False, color=array([1., 1., 1.]), colorSpace='rgb', contrast=1.0, depth=0.0, flipHoriz=False, flipVert=False, font='Arial', fontFiles=[], height=0.06, italic=False, languageStyle='LTR', name='text', opacity=1.0, ori=0, pos=array([0. , 0.2]), rgb=UNKNOWN, text=str(...), units='norm', win=Window(...), wrapWidth=1.2)
192.8295 	EXP 	window1: mouseVisible = True
192.8771 	EXP 	Created None = Slider(__class__=<class 'psychopy.visual.slider.Slider'>, autoDraw=False, autoLog=True, borderColor=None, color=None, colorSpace='rgb', depth=0, fillColor=None, flip=False, font='Arial', granularity=1, labelColor=None, labelHeight=0.05, labelWrapWidth=None, labels=('Never', 'All the time'), lineColor=None, markerColor=None, name=None, opacity=None, ori=0, pos=array([0., 0.]), readOnly=False, self=UNKNOWN, size=array([0.85, 0.1 ]), startValue=None, style='rating', styleTweaks=[], ticks=array([1, 9]), units='norm', win=Window(...))
192.9009 	EXP 	None: autoLog = True
192.9009 	EXP 	None: markerPos = None
192.9009 	EXP 	None: styleTweaks = []
192.9009 	EXP 	None: styleTweaks = []
192.9009 	EXP 	None: styleTweaks = []
192.9009 	EXP 	None: styleTweaks = []
192.9009 	EXP 	None: contrast = 1.0
192.9009 	EXP 	None: autoLog = True
192.9009 	EXP 	None: markerPos = 5
193.9329 	DATA 	Keypress: 3
193.9506 	EXP 	None: markerPos = 6
194.1427 	DATA 	Keypress: 3
194.1707 	EXP 	None: markerPos = 7
194.3998 	DATA 	Keypress: 4
194.4249 	EXP 	None: markerPos = 7
194.4319 	EXP 	Created text = TextStim(__class__=<class 'psychopy.visual.text.TextStim'>, alignHoriz=method-wrapper(...), alignText='center', alignVert=method-wrapper(...), anchorHoriz='center', anchorVert='center', antialias=True, autoDraw=False, autoLog=True, bold=False, color=array([1., 1., 1.]), colorSpace='rgb', contrast=1.0, depth=0.0, flipHoriz=False, flipVert=False, font='Arial', fontFiles=[], height=0.06, italic=False, languageStyle='LTR', name='text', opacity=1.0, ori=0, pos=array([0. , 0.2]), rgb=UNKNOWN, text='How difficult was it to apply mental noting?', units='norm', win=Window(...), wrapWidth=1.2)
194.4374 	EXP 	window1: mouseVisible = True
194.4887 	EXP 	Created None = Slider(__class__=<class 'psychopy.visual.slider.Slider'>, autoDraw=False, autoLog=True, borderColor=None, color=None, colorSpace='rgb', depth=0, fillColor=None, flip=False, font='Arial', granularity=1, labelColor=None, labelHeight=0.05, labelWrapWidth=None, labels=('Not at all', 'Very Difficult'), lineColor=None, markerColor=None, name=None, opacity=None, ori=0, pos=array([0., 0.]), readOnly=False, self=UNKNOWN, size=array([0.85, 0.1 ]), startValue=None, style='rating', styleTweaks=[], ticks=array([1, 9]), units='norm', win=Window(...))
194.5205 	EXP 	None: autoLog = True
194.5205 	EXP 	None: markerPos = None
194.5205 	EXP 	None: styleTweaks = []
194.5205 	EXP 	None: styleTweaks = []
194.5205 	EXP 	None: styleTweaks = []
194.5205 	EXP 	None: styleTweaks = []
194.5205 	EXP 	None: contrast = 1.0
194.5205 	EXP 	None: autoLog = True
194.5205 	EXP 	None: markerPos = 5
196.2008 	DATA 	Keypress: 3
196.2164 	EXP 	None: markerPos = 6
196.7628 	DATA 	Keypress: 4
196.7856 	EXP 	None: markerPos = 6
196.7926 	EXP 	Created text = TextStim(__class__=<class 'psychopy.visual.text.TextStim'>, alignHoriz=method-wrapper(...), alignText='center', alignVert=method-wrapper(...), anchorHoriz='center', anchorVert='center', antialias=True, autoDraw=False, autoLog=True, bold=False, color=array([1., 1., 1.]), colorSpace='rgb', contrast=1.0, depth=0.0, flipHoriz=False, flipVert=False, font='Arial', fontFiles=[], height=0.06, italic=False, languageStyle='LTR', name='text', opacity=1.0, ori=0, pos=array([0. , 0.2]), rgb=UNKNOWN, text='How calm do you feel right now?', units='norm', win=Window(...), wrapWidth=1.2)
196.7984 	EXP 	window1: mouseVisible = True
196.8365 	EXP 	Created None = Slider(__class__=<class 'psychopy.visual.slider.Slider'>, autoDraw=False, autoLog=True, borderColor=None, color=None, colorSpace='rgb', depth=0, fillColor=None, flip=False, font='Arial', granularity=1, labelColor=None, labelHeight=0.05, labelWrapWidth=None, labels=('Not at all', 'Very calm'), lineColor=None, markerColor=None, name=None, opacity=None, ori=0, pos=array([0., 0.]), readOnly=False, self=UNKNOWN, size=array([0.85, 0.1 ]), startValue=None, style='rating', styleTweaks=[], ticks=array([1, 9]), units='norm', win=Window(...))
196.8675 	EXP 	None: autoLog = True
196.8675 	EXP 	None: markerPos = None
196.8675 	EXP 	None: styleTweaks = []
196.8675 	EXP 	None: styleTweaks = []
196.8675 	EXP 	None: styleTweaks = []
196.8675 	EXP 	None: styleTweaks = []
196.8675 	EXP 	None: contrast = 1.0
196.8675 	EXP 	None: autoLog = True
196.8675 	EXP 	None: markerPos = 5
197.9809 	DATA 	Keypress: 3
198.0004 	EXP 	None: markerPos = 6
198.3879 	DATA 	Keypress: 3
198.4175 	EXP 	None: markerPos = 7
198.6007 	DATA 	Keypress: 3
198.6204 	EXP 	None: markerPos = 8
198.8266 	DATA 	Keypress: 3
198.8539 	EXP 	None: markerPos = 9
199.1385 	DATA 	Keypress: 4
199.1519 	EXP 	None: markerPos = 9
199.2068 	EXP 	window1: mouseVisible = True
