2.7082 	WARNING 	Speech-to-text recognition module for PocketSphinx is not available (use command `pip install SpeechRecognition` to get it). Transcription will be unavailable using that service this session.
2.7088 	WARNING 	Speech-to-text recognition using Google online services is not available (use command `pip install google-api-core google-auth google-cloud google-cloud-speech googleapis-common-protos` to get it). Transcription will be unavailable using that service this session.
2.9494 	WARNING 	We strongly recommend you activate the PTB sound engine in PsychoPy prefs as the preferred audio engine. Its timing is vastly superior. Your prefs are currently set to use ['sounddevice', 'PTB', 'pyo', 'pygame'] (in that order).
14.9311 	WARNING 	Requested an unavailable screen number - using first available.
14.9326 	WARNING 	User requested fullscreen with size [1080 1080], but screen is actually [2560, 1600]. Using actual size
15.4715 	EXP 	Created window1 = Window(allowGUI=False, allowStencil=False, autoLog=True, backendConf=UNKNOWN, bitsMode=UNKNOWN, blendMode='avg', bpc=(8, 8, 8), color=array([-1, -1, -1]), colorSpace='rgb', depthBits=8, fullscr=<method-wrapper '__getattribute__' of attributeSetter object at 0x000002528169B160>, gamma=None, gammaErrorPolicy='raise', lms=UNKNOWN, monitor=<psychopy.monitors.calibTools.Monitor object at 0x0000025286099EB0>, multiSample=False, name='window1', numSamples=2, pos=(0, 0), screen=1, size=array([2560, 1600]), stencilBits=0, stereo=False, units='norm', useFBO=True, useRetina=False, viewOri=0.0, viewPos=None, viewScale=None, waitBlanking=True, winType='pyglet')
15.4720 	EXP 	window1: mouseVisible = True
15.4720 	EXP 	window1: Attempting to measure frame rate of screen (1) ...
15.4720 	EXP 	window1: recordFrameIntervals = False
15.6380 	EXP 	window1: recordFrameIntervals = True
15.8215 	EXP 	Screen (1) actual frame rate measured at 59.91Hz
15.8215 	EXP 	window1: recordFrameIntervals = False
15.8904 	EXP 	Created text = TextStim(__class__=<class 'psychopy.visual.text.TextStim'>, alignHoriz=method-wrapper(...), alignText='center', alignVert=method-wrapper(...), anchorHoriz='center', anchorVert='center', antialias=True, autoDraw=False, autoLog=True, bold=False, color=array([1., 1., 1.]), colorSpace='rgb', contrast=1.0, depth=0.0, flipHoriz=False, flipVert=False, font='Arial', fontFiles=[], height=0.06, italic=False, languageStyle='LTR', name='text', opacity=1.0, ori=0, pos=array([0., 0.]), rgb=UNKNOWN, text=str(...), units='norm', win=Window(...), wrapWidth=1.2)
15.8986 	EXP 	Created text_3 = TextStim(__class__=<class 'psychopy.visual.text.TextStim'>, alignHoriz=method-wrapper(...), alignText='center', alignVert=method-wrapper(...), anchorHoriz='center', anchorVert='center', antialias=True, autoDraw=False, autoLog=True, bold=False, color=array([1., 1., 1.]), colorSpace='rgb', contrast=1.0, depth=0.0, flipHoriz=False, flipVert=False, font='Arial', fontFiles=[], height=0.1, italic=False, languageStyle='LTR', name='text_3', opacity=1.0, ori=0, pos=array([0., 0.]), rgb=UNKNOWN, text='waiting for scanner', units='norm', win=Window(...), wrapWidth=2)
15.9349 	EXP 	Created text_2 = TextStim(__class__=<class 'psychopy.visual.text.TextStim'>, alignHoriz=method-wrapper(...), alignText='center', alignVert=method-wrapper(...), anchorHoriz='center', anchorVert='center', antialias=True, autoDraw=False, autoLog=True, bold=False, color=array([1., 1., 1.]), colorSpace='rgb', contrast=1.0, depth=0.0, flipHoriz=False, flipVert=False, font='Arial', fontFiles=[], height=0.3, italic=False, languageStyle='LTR', name='text_2', opacity=1.0, ori=0, pos=array([0., 0.]), rgb=UNKNOWN, text='+', units='norm', win=Window(...), wrapWidth=1)
15.9412 	EXP 	Created text_relax = TextStim(__class__=<class 'psychopy.visual.text.TextStim'>, alignHoriz=method-wrapper(...), alignText='center', alignVert=method-wrapper(...), anchorHoriz='center', anchorVert='center', antialias=True, autoDraw=False, autoLog=True, bold=False, color=array([1., 1., 1.]), colorSpace='rgb', contrast=1.0, depth=0.0, flipHoriz=False, flipVert=False, font='Arial', fontFiles=[], height=0.07, italic=False, languageStyle='LTR', name='text_relax', opacity=1.0, ori=0, pos=array([ 0. , -0.2]), rgb=UNKNOWN, text='Relax', units='norm', win=Window(...), wrapWidth=1)
15.9514 	EXP 	Created text_4 = TextStim(__class__=<class 'psychopy.visual.text.TextStim'>, alignHoriz=method-wrapper(...), alignText='center', alignVert=method-wrapper(...), anchorHoriz='center', anchorVert='center', antialias=True, autoDraw=False, autoLog=True, bold=False, color=array([1., 1., 1.]), colorSpace='rgb', contrast=1.0, depth=-3.0, flipHoriz=False, flipVert=False, font='Arial', fontFiles=[], height=0.1, italic=False, languageStyle='LTR', name='text_4', opacity=1.0, ori=0, pos=array([0., 0.]), rgb=UNKNOWN, text='default text', units='norm', win=Window(...), wrapWidth=1)
15.9597 	EXP 	Created unnamed Circle = Circle(__class__=<class 'psychopy.visual.circle.Circle'>, anchor=('center', 'center'), autoDraw=False, autoLog=True, closeShape=True, color=method-wrapper(...), colorSpace='rgb', contrast=None, depth=0, fillColor=array([0, 0, 0]), fillColorSpace='rgb', fillRGB=array([0, 0, 0]), interpolate=True, lineColor=array([ 1.,  1., -1.]), lineColorSpace='rgb', lineRGB=array([ 1,  1, -1]), lineWidth=2, name='unnamed Circle', opacity=0.5, ori=0.0, pos=array([0.        , 0.33333333]), size=array([1., 1.]), units='norm', vertices=ndarray(...), win=Window(...))
15.9633 	EXP 	Created unnamed Circle = Circle(__class__=<class 'psychopy.visual.circle.Circle'>, anchor=('center', 'center'), autoDraw=False, autoLog=True, closeShape=True, color=method-wrapper(...), colorSpace='rgb', contrast=None, depth=0, fillColor=array([0, 0, 0]), fillColorSpace='rgb', fillRGB=array([0, 0, 0]), interpolate=True, lineColor=array([-1., -1.,  1.]), lineColorSpace='rgb', lineRGB=array([-1, -1,  1]), lineWidth=2, name='unnamed Circle', opacity=0.5, ori=0.0, pos=array([ 0.        , -0.33333333]), size=array([1., 1.]), units='norm', vertices=ndarray(...), win=Window(...))
15.9662 	EXP 	Created unnamed Circle = Circle(__class__=<class 'psychopy.visual.circle.Circle'>, anchor=('center', 'center'), autoDraw=False, autoLog=True, closeShape=True, color=method-wrapper(...), colorSpace='rgb', contrast=None, depth=0, fillColor=array([1, 1, 1]), fillColorSpace='rgb', fillRGB=array([1, 1, 1]), interpolate=True, lineColor=array([1., 1., 1.]), lineColorSpace='rgb', lineRGB=array([1, 1, 1]), lineWidth=1.5, name='unnamed Circle', opacity=1.0, ori=0.0, pos=array([0., 0.]), size=array([1., 1.]), units='norm', vertices=ndarray(...), win=Window(...))
15.9686 	EXP 	Created unnamed Circle = Circle(__class__=<class 'psychopy.visual.circle.Circle'>, anchor=('center', 'center'), autoDraw=False, autoLog=True, closeShape=True, color=method-wrapper(...), colorSpace='rgb', contrast=None, depth=0, fillColor=array([1, 1, 1]), fillColorSpace='rgb', fillRGB=array([1, 1, 1]), interpolate=True, lineColor=array([1., 1., 1.]), lineColorSpace='rgb', lineRGB=array([1, 1, 1]), lineWidth=3, name='unnamed Circle', opacity=1.0, ori=0.0, pos=array([0., 0.]), size=array([1., 1.]), units='norm', vertices=ndarray(...), win=Window(...))
15.9765 	EXP 	Created instruct_text = TextStim(__class__=<class 'psychopy.visual.text.TextStim'>, alignHoriz=method-wrapper(...), alignText='center', alignVert=method-wrapper(...), anchorHoriz='center', anchorVert='center', antialias=True, autoDraw=False, autoLog=True, bold=False, color=array([1., 1., 1.]), colorSpace='rgb', contrast=1.0, depth=0.0, flipHoriz=False, flipVert=False, font='Arial', fontFiles=[], height=0.06, italic=False, languageStyle='LTR', name='instruct_text', opacity=1.0, ori=0, pos=array([0., 0.]), rgb=UNKNOWN, text='replace me', units='norm', win=Window(...), wrapWidth=1.2)
15.9840 	EXP 	Created text_5 = TextStim(__class__=<class 'psychopy.visual.text.TextStim'>, alignHoriz=method-wrapper(...), alignText='center', alignVert=method-wrapper(...), anchorHoriz='center', anchorVert='center', antialias=True, autoDraw=False, autoLog=True, bold=False, color=array([1., 1., 1.]), colorSpace='rgb', contrast=1.0, depth=0.0, flipHoriz=False, flipVert=False, font='Arial', fontFiles=[], height=0.1, italic=False, languageStyle='LTR', name='text_5', opacity=1.0, ori=0, pos=array([0., 0.]), rgb=UNKNOWN, text='thank you!', units='norm', win=Window(...), wrapWidth=1)
16.0205 	EXP 	instruct_text: height = 0.06
16.0205 	EXP 	instruct_text: height = 0.06
16.0205 	EXP 	instruct_text: height = 0.06
16.0205 	EXP 	instruct_text: text = 'Next, you will get to continue the Mental Noting practice you just learned about.    \n\nBefore, you mentioned using your left big toe as an anchor for your Noting Practice. Try to continue using this as your anchor but it is also okay to switch to a different part of your body.\n\nYou’ll see 2 circles and a white ball in the middle on the screen, but they won’t move around for now.'
37.1430 	DATA 	Keypress: space
37.1720 	EXP 	instruct_text: height = 0.06
37.1720 	EXP 	instruct_text: height = 0.06
37.1720 	EXP 	instruct_text: height = 0.06
37.1720 	EXP 	instruct_text: text = 'You’ll see the cross (+) on the screen for 30 seconds at the start. Whenever you see the cross, please don’t practice Noting – just relax.\n\nOnce you see the circles appear, please start the Noting practice. This practice will last 2 min. Press any button to start.'
51.5206 	DATA 	Keypress: space
51.5367 	EXP 	text_3: autoDraw = True
82.9523 	DATA 	Keypress: t
82.9848 	EXP 	text_3: autoDraw = False
82.9848 	EXP 	text_2: autoDraw = True
82.9848 	EXP 	text_relax: autoDraw = True
84.1416 	DATA 	Keypress: t
85.3425 	DATA 	Keypress: t
86.5429 	DATA 	Keypress: t
87.7489 	DATA 	Keypress: t
88.9419 	DATA 	Keypress: t
90.1428 	DATA 	Keypress: t
91.3409 	DATA 	Keypress: t
92.5426 	DATA 	Keypress: t
93.7584 	DATA 	Keypress: t
94.9477 	DATA 	Keypress: t
96.1581 	DATA 	Keypress: t
97.3569 	DATA 	Keypress: t
98.5488 	DATA 	Keypress: t
99.7591 	DATA 	Keypress: t
100.9419 	DATA 	Keypress: t
102.1482 	DATA 	Keypress: t
103.3596 	DATA 	Keypress: t
104.5411 	DATA 	Keypress: t
105.7417 	DATA 	Keypress: t
106.9406 	DATA 	Keypress: t
108.1656 	DATA 	Keypress: t
109.3415 	DATA 	Keypress: t
110.5561 	DATA 	Keypress: t
111.7469 	DATA 	Keypress: t
112.9471 	DATA 	Keypress: t
113.0172 	EXP 	text_2: autoDraw = False
113.0172 	EXP 	text_relax: autoDraw = False
113.0172 	EXP 	text_2: autoDraw = False
114.1584 	DATA 	Keypress: t
115.3633 	DATA 	Keypress: t
116.5560 	DATA 	Keypress: t
117.7491 	DATA 	Keypress: t
118.9457 	DATA 	Keypress: t
120.1586 	DATA 	Keypress: t
121.3464 	DATA 	Keypress: t
122.5587 	DATA 	Keypress: t
123.7553 	DATA 	Keypress: t
124.9676 	DATA 	Keypress: t
126.1485 	DATA 	Keypress: t
127.3503 	DATA 	Keypress: t
128.5438 	DATA 	Keypress: t
129.7456 	DATA 	Keypress: t
130.9484 	DATA 	Keypress: t
132.1669 	DATA 	Keypress: t
133.3454 	DATA 	Keypress: t
134.5651 	DATA 	Keypress: t
135.7567 	DATA 	Keypress: t
136.9588 	DATA 	Keypress: t
138.1618 	DATA 	Keypress: t
139.3446 	DATA 	Keypress: t
140.5405 	DATA 	Keypress: t
141.7519 	DATA 	Keypress: t
142.9412 	DATA 	Keypress: t
144.1649 	DATA 	Keypress: t
145.3569 	DATA 	Keypress: t
146.5535 	DATA 	Keypress: t
147.7680 	DATA 	Keypress: t
148.9465 	DATA 	Keypress: t
150.1522 	DATA 	Keypress: t
151.3670 	DATA 	Keypress: t
152.5591 	DATA 	Keypress: t
153.7433 	DATA 	Keypress: t
154.9530 	DATA 	Keypress: t
156.1659 	DATA 	Keypress: t
157.3495 	DATA 	Keypress: t
158.5416 	DATA 	Keypress: t
159.7608 	DATA 	Keypress: t
160.9474 	DATA 	Keypress: t
162.1515 	DATA 	Keypress: t
163.3565 	DATA 	Keypress: t
164.5480 	DATA 	Keypress: t
165.7505 	DATA 	Keypress: t
166.9452 	DATA 	Keypress: t
168.1492 	DATA 	Keypress: t
169.3470 	DATA 	Keypress: t
170.5650 	DATA 	Keypress: t
171.7676 	DATA 	Keypress: t
172.9446 	DATA 	Keypress: t
174.1498 	DATA 	Keypress: t
175.3412 	DATA 	Keypress: t
176.5491 	DATA 	Keypress: t
177.7574 	DATA 	Keypress: t
178.9524 	DATA 	Keypress: t
180.1425 	DATA 	Keypress: t
181.3638 	DATA 	Keypress: t
182.5471 	DATA 	Keypress: t
183.7534 	DATA 	Keypress: t
184.9550 	DATA 	Keypress: t
186.1498 	DATA 	Keypress: t
187.3516 	DATA 	Keypress: t
188.5534 	DATA 	Keypress: t
189.7498 	DATA 	Keypress: t
190.9516 	DATA 	Keypress: t
192.1589 	DATA 	Keypress: t
193.3589 	DATA 	Keypress: t
194.5491 	DATA 	Keypress: t
195.7466 	DATA 	Keypress: t
196.9443 	DATA 	Keypress: t
198.1437 	DATA 	Keypress: t
199.3495 	DATA 	Keypress: t
200.5644 	DATA 	Keypress: t
201.7632 	DATA 	Keypress: t
202.9577 	DATA 	Keypress: t
204.1459 	DATA 	Keypress: t
205.3645 	DATA 	Keypress: t
206.5614 	DATA 	Keypress: t
207.7635 	DATA 	Keypress: t
208.9469 	DATA 	Keypress: t
210.1456 	DATA 	Keypress: t
211.3526 	DATA 	Keypress: t
212.5574 	DATA 	Keypress: t
213.7634 	DATA 	Keypress: t
214.9650 	DATA 	Keypress: t
216.1605 	DATA 	Keypress: t
217.3565 	DATA 	Keypress: t
218.5559 	DATA 	Keypress: t
219.7580 	DATA 	Keypress: t
220.9460 	DATA 	Keypress: t
222.1464 	DATA 	Keypress: t
223.3406 	DATA 	Keypress: t
224.5597 	DATA 	Keypress: t
225.7418 	DATA 	Keypress: t
232.9973 	EXP 	text_2: autoDraw = True
233.9707 	EXP 	Created text = TextStim(__class__=<class 'psychopy.visual.text.TextStim'>, alignHoriz=method-wrapper(...), alignText='center', alignVert=method-wrapper(...), anchorHoriz='center', anchorVert='center', antialias=True, autoDraw=False, autoLog=True, bold=False, color=array([1., 1., 1.]), colorSpace='rgb', contrast=1.0, depth=0.0, flipHoriz=False, flipVert=False, font='Arial', fontFiles=[], height=0.06, italic=False, languageStyle='LTR', name='text', opacity=1.0, ori=0, pos=array([0. , 0.2]), rgb=UNKNOWN, text=str(...), units='norm', win=Window(...), wrapWidth=1.2)
233.9868 	EXP 	window1: mouseVisible = True
234.0470 	EXP 	Created None = Slider(__class__=<class 'psychopy.visual.slider.Slider'>, autoDraw=False, autoLog=True, borderColor=None, color=None, colorSpace='rgb', depth=0, fillColor=None, flip=False, font='Arial', granularity=1, labelColor=None, labelHeight=0.05, labelWrapWidth=None, labels=('Never', 'Always'), lineColor=None, markerColor=None, name=None, opacity=None, ori=0, pos=array([0., 0.]), readOnly=False, self=UNKNOWN, size=array([0.85, 0.1 ]), startValue=None, style='rating', styleTweaks=[], ticks=array([1, 9]), units='norm', win=Window(...))
234.0964 	EXP 	text_2: autoDraw = False
234.0964 	EXP 	None: autoLog = True
234.0964 	EXP 	None: markerPos = None
234.0964 	EXP 	None: styleTweaks = []
234.0964 	EXP 	None: styleTweaks = []
234.0964 	EXP 	None: styleTweaks = []
234.0964 	EXP 	None: styleTweaks = []
234.0964 	EXP 	None: contrast = 1.0
234.0964 	EXP 	None: autoLog = True
234.0964 	EXP 	None: markerPos = 5
236.7604 	DATA 	Keypress: 2
236.7788 	EXP 	None: markerPos = 4
237.2271 	DATA 	Keypress: 3
237.2456 	EXP 	None: markerPos = 5
238.8674 	DATA 	Keypress: 3
238.8803 	EXP 	None: markerPos = 6
247.6613 	DATA 	Keypress: 4
247.6803 	EXP 	None: markerPos = 6
247.6873 	EXP 	Created text = TextStim(__class__=<class 'psychopy.visual.text.TextStim'>, alignHoriz=method-wrapper(...), alignText='center', alignVert=method-wrapper(...), anchorHoriz='center', anchorVert='center', antialias=True, autoDraw=False, autoLog=True, bold=False, color=array([1., 1., 1.]), colorSpace='rgb', contrast=1.0, depth=0.0, flipHoriz=False, flipVert=False, font='Arial', fontFiles=[], height=0.06, italic=False, languageStyle='LTR', name='text', opacity=1.0, ori=0, pos=array([0. , 0.2]), rgb=UNKNOWN, text=str(...), units='norm', win=Window(...), wrapWidth=1.2)
247.6927 	EXP 	window1: mouseVisible = True
247.7398 	EXP 	Created None = Slider(__class__=<class 'psychopy.visual.slider.Slider'>, autoDraw=False, autoLog=True, borderColor=None, color=None, colorSpace='rgb', depth=0, fillColor=None, flip=False, font='Arial', granularity=1, labelColor=None, labelHeight=0.05, labelWrapWidth=None, labels=('Never', 'All the time'), lineColor=None, markerColor=None, name=None, opacity=None, ori=0, pos=array([0., 0.]), readOnly=False, self=UNKNOWN, size=array([0.85, 0.1 ]), startValue=None, style='rating', styleTweaks=[], ticks=array([1, 9]), units='norm', win=Window(...))
247.7619 	EXP 	None: autoLog = True
247.7619 	EXP 	None: markerPos = None
247.7619 	EXP 	None: styleTweaks = []
247.7619 	EXP 	None: styleTweaks = []
247.7619 	EXP 	None: styleTweaks = []
247.7619 	EXP 	None: styleTweaks = []
247.7619 	EXP 	None: contrast = 1.0
247.7619 	EXP 	None: autoLog = True
247.7619 	EXP 	None: markerPos = 5
250.9392 	DATA 	Keypress: 2
250.9619 	EXP 	None: markerPos = 4
251.5903 	DATA 	Keypress: 2
251.6119 	EXP 	None: markerPos = 3
252.0474 	DATA 	Keypress: 1
252.4343 	DATA 	Keypress: 2
252.4625 	EXP 	None: markerPos = 2
252.7572 	DATA 	Keypress: 2
252.7817 	EXP 	None: markerPos = 1
253.7333 	DATA 	Keypress: 3
253.7614 	EXP 	None: markerPos = 2
254.0446 	DATA 	Keypress: 3
254.0621 	EXP 	None: markerPos = 3
254.6503 	DATA 	Keypress: 5
255.2784 	DATA 	Keypress: 4
255.2958 	EXP 	None: markerPos = 3
255.3023 	EXP 	Created text = TextStim(__class__=<class 'psychopy.visual.text.TextStim'>, alignHoriz=method-wrapper(...), alignText='center', alignVert=method-wrapper(...), anchorHoriz='center', anchorVert='center', antialias=True, autoDraw=False, autoLog=True, bold=False, color=array([1., 1., 1.]), colorSpace='rgb', contrast=1.0, depth=0.0, flipHoriz=False, flipVert=False, font='Arial', fontFiles=[], height=0.06, italic=False, languageStyle='LTR', name='text', opacity=1.0, ori=0, pos=array([0. , 0.2]), rgb=UNKNOWN, text='How difficult was it to apply mental noting?', units='norm', win=Window(...), wrapWidth=1.2)
255.3081 	EXP 	window1: mouseVisible = True
255.3594 	EXP 	Created None = Slider(__class__=<class 'psychopy.visual.slider.Slider'>, autoDraw=False, autoLog=True, borderColor=None, color=None, colorSpace='rgb', depth=0, fillColor=None, flip=False, font='Arial', granularity=1, labelColor=None, labelHeight=0.05, labelWrapWidth=None, labels=('Not at all', 'Very Difficult'), lineColor=None, markerColor=None, name=None, opacity=None, ori=0, pos=array([0., 0.]), readOnly=False, self=UNKNOWN, size=array([0.85, 0.1 ]), startValue=None, style='rating', styleTweaks=[], ticks=array([1, 9]), units='norm', win=Window(...))
255.3951 	EXP 	None: autoLog = True
255.3951 	EXP 	None: markerPos = None
255.3951 	EXP 	None: styleTweaks = []
255.3951 	EXP 	None: styleTweaks = []
255.3951 	EXP 	None: styleTweaks = []
255.3951 	EXP 	None: styleTweaks = []
255.3951 	EXP 	None: contrast = 1.0
255.3951 	EXP 	None: autoLog = True
255.3951 	EXP 	None: markerPos = 5
256.5843 	DATA 	Keypress: 3
256.6121 	EXP 	None: markerPos = 6
256.8623 	DATA 	Keypress: 3
256.8779 	EXP 	None: markerPos = 7
258.3355 	DATA 	Keypress: 4
258.3636 	EXP 	None: markerPos = 7
258.3704 	EXP 	Created text = TextStim(__class__=<class 'psychopy.visual.text.TextStim'>, alignHoriz=method-wrapper(...), alignText='center', alignVert=method-wrapper(...), anchorHoriz='center', anchorVert='center', antialias=True, autoDraw=False, autoLog=True, bold=False, color=array([1., 1., 1.]), colorSpace='rgb', contrast=1.0, depth=0.0, flipHoriz=False, flipVert=False, font='Arial', fontFiles=[], height=0.06, italic=False, languageStyle='LTR', name='text', opacity=1.0, ori=0, pos=array([0. , 0.2]), rgb=UNKNOWN, text='How calm do you feel right now?', units='norm', win=Window(...), wrapWidth=1.2)
258.3758 	EXP 	window1: mouseVisible = True
258.4131 	EXP 	Created None = Slider(__class__=<class 'psychopy.visual.slider.Slider'>, autoDraw=False, autoLog=True, borderColor=None, color=None, colorSpace='rgb', depth=0, fillColor=None, flip=False, font='Arial', granularity=1, labelColor=None, labelHeight=0.05, labelWrapWidth=None, labels=('Not at all', 'Very calm'), lineColor=None, markerColor=None, name=None, opacity=None, ori=0, pos=array([0., 0.]), readOnly=False, self=UNKNOWN, size=array([0.85, 0.1 ]), startValue=None, style='rating', styleTweaks=[], ticks=array([1, 9]), units='norm', win=Window(...))
258.4459 	EXP 	None: autoLog = True
258.4459 	EXP 	None: markerPos = None
258.4459 	EXP 	None: styleTweaks = []
258.4459 	EXP 	None: styleTweaks = []
258.4459 	EXP 	None: styleTweaks = []
258.4459 	EXP 	None: styleTweaks = []
258.4459 	EXP 	None: contrast = 1.0
258.4459 	EXP 	None: autoLog = True
258.4459 	EXP 	None: markerPos = 5
259.5772 	DATA 	Keypress: 3
259.5941 	EXP 	None: markerPos = 6
259.8474 	DATA 	Keypress: 3
259.8668 	EXP 	None: markerPos = 7
260.1175 	DATA 	Keypress: 3
260.1482 	EXP 	None: markerPos = 8
260.5513 	DATA 	Keypress: 3
260.5805 	EXP 	None: markerPos = 9
261.0103 	DATA 	Keypress: 4
261.0287 	EXP 	None: markerPos = 9
261.0774 	EXP 	window1: mouseVisible = True
2.7082 	WARNING 	Speech-to-text recognition module for PocketSphinx is not available (use command `pip install SpeechRecognition` to get it). Transcription will be unavailable using that service this session.
2.7088 	WARNING 	Speech-to-text recognition using Google online services is not available (use command `pip install google-api-core google-auth google-cloud google-cloud-speech googleapis-common-protos` to get it). Transcription will be unavailable using that service this session.
2.9494 	WARNING 	We strongly recommend you activate the PTB sound engine in PsychoPy prefs as the preferred audio engine. Its timing is vastly superior. Your prefs are currently set to use ['sounddevice', 'PTB', 'pyo', 'pygame'] (in that order).
14.9311 	WARNING 	Requested an unavailable screen number - using first available.
14.9326 	WARNING 	User requested fullscreen with size [1080 1080], but screen is actually [2560, 1600]. Using actual size
15.4715 	EXP 	Created window1 = Window(allowGUI=False, allowStencil=False, autoLog=True, backendConf=UNKNOWN, bitsMode=UNKNOWN, blendMode='avg', bpc=(8, 8, 8), color=array([-1, -1, -1]), colorSpace='rgb', depthBits=8, fullscr=<method-wrapper '__getattribute__' of attributeSetter object at 0x000002528169B160>, gamma=None, gammaErrorPolicy='raise', lms=UNKNOWN, monitor=<psychopy.monitors.calibTools.Monitor object at 0x0000025286099EB0>, multiSample=False, name='window1', numSamples=2, pos=(0, 0), screen=1, size=array([2560, 1600]), stencilBits=0, stereo=False, units='norm', useFBO=True, useRetina=False, viewOri=0.0, viewPos=None, viewScale=None, waitBlanking=True, winType='pyglet')
15.4720 	EXP 	window1: mouseVisible = True
15.4720 	EXP 	window1: Attempting to measure frame rate of screen (1) ...
15.4720 	EXP 	window1: recordFrameIntervals = False
15.6380 	EXP 	window1: recordFrameIntervals = True
15.8215 	EXP 	Screen (1) actual frame rate measured at 59.91Hz
15.8215 	EXP 	window1: recordFrameIntervals = False
15.8904 	EXP 	Created text = TextStim(__class__=<class 'psychopy.visual.text.TextStim'>, alignHoriz=method-wrapper(...), alignText='center', alignVert=method-wrapper(...), anchorHoriz='center', anchorVert='center', antialias=True, autoDraw=False, autoLog=True, bold=False, color=array([1., 1., 1.]), colorSpace='rgb', contrast=1.0, depth=0.0, flipHoriz=False, flipVert=False, font='Arial', fontFiles=[], height=0.06, italic=False, languageStyle='LTR', name='text', opacity=1.0, ori=0, pos=array([0., 0.]), rgb=UNKNOWN, text=str(...), units='norm', win=Window(...), wrapWidth=1.2)
15.8986 	EXP 	Created text_3 = TextStim(__class__=<class 'psychopy.visual.text.TextStim'>, alignHoriz=method-wrapper(...), alignText='center', alignVert=method-wrapper(...), anchorHoriz='center', anchorVert='center', antialias=True, autoDraw=False, autoLog=True, bold=False, color=array([1., 1., 1.]), colorSpace='rgb', contrast=1.0, depth=0.0, flipHoriz=False, flipVert=False, font='Arial', fontFiles=[], height=0.1, italic=False, languageStyle='LTR', name='text_3', opacity=1.0, ori=0, pos=array([0., 0.]), rgb=UNKNOWN, text='waiting for scanner', units='norm', win=Window(...), wrapWidth=2)
15.9349 	EXP 	Created text_2 = TextStim(__class__=<class 'psychopy.visual.text.TextStim'>, alignHoriz=method-wrapper(...), alignText='center', alignVert=method-wrapper(...), anchorHoriz='center', anchorVert='center', antialias=True, autoDraw=False, autoLog=True, bold=False, color=array([1., 1., 1.]), colorSpace='rgb', contrast=1.0, depth=0.0, flipHoriz=False, flipVert=False, font='Arial', fontFiles=[], height=0.3, italic=False, languageStyle='LTR', name='text_2', opacity=1.0, ori=0, pos=array([0., 0.]), rgb=UNKNOWN, text='+', units='norm', win=Window(...), wrapWidth=1)
15.9412 	EXP 	Created text_relax = TextStim(__class__=<class 'psychopy.visual.text.TextStim'>, alignHoriz=method-wrapper(...), alignText='center', alignVert=method-wrapper(...), anchorHoriz='center', anchorVert='center', antialias=True, autoDraw=False, autoLog=True, bold=False, color=array([1., 1., 1.]), colorSpace='rgb', contrast=1.0, depth=0.0, flipHoriz=False, flipVert=False, font='Arial', fontFiles=[], height=0.07, italic=False, languageStyle='LTR', name='text_relax', opacity=1.0, ori=0, pos=array([ 0. , -0.2]), rgb=UNKNOWN, text='Relax', units='norm', win=Window(...), wrapWidth=1)
15.9514 	EXP 	Created text_4 = TextStim(__class__=<class 'psychopy.visual.text.TextStim'>, alignHoriz=method-wrapper(...), alignText='center', alignVert=method-wrapper(...), anchorHoriz='center', anchorVert='center', antialias=True, autoDraw=False, autoLog=True, bold=False, color=array([1., 1., 1.]), colorSpace='rgb', contrast=1.0, depth=-3.0, flipHoriz=False, flipVert=False, font='Arial', fontFiles=[], height=0.1, italic=False, languageStyle='LTR', name='text_4', opacity=1.0, ori=0, pos=array([0., 0.]), rgb=UNKNOWN, text='default text', units='norm', win=Window(...), wrapWidth=1)
15.9597 	EXP 	Created unnamed Circle = Circle(__class__=<class 'psychopy.visual.circle.Circle'>, anchor=('center', 'center'), autoDraw=False, autoLog=True, closeShape=True, color=method-wrapper(...), colorSpace='rgb', contrast=None, depth=0, fillColor=array([0, 0, 0]), fillColorSpace='rgb', fillRGB=array([0, 0, 0]), interpolate=True, lineColor=array([ 1.,  1., -1.]), lineColorSpace='rgb', lineRGB=array([ 1,  1, -1]), lineWidth=2, name='unnamed Circle', opacity=0.5, ori=0.0, pos=array([0.        , 0.33333333]), size=array([1., 1.]), units='norm', vertices=ndarray(...), win=Window(...))
15.9633 	EXP 	Created unnamed Circle = Circle(__class__=<class 'psychopy.visual.circle.Circle'>, anchor=('center', 'center'), autoDraw=False, autoLog=True, closeShape=True, color=method-wrapper(...), colorSpace='rgb', contrast=None, depth=0, fillColor=array([0, 0, 0]), fillColorSpace='rgb', fillRGB=array([0, 0, 0]), interpolate=True, lineColor=array([-1., -1.,  1.]), lineColorSpace='rgb', lineRGB=array([-1, -1,  1]), lineWidth=2, name='unnamed Circle', opacity=0.5, ori=0.0, pos=array([ 0.        , -0.33333333]), size=array([1., 1.]), units='norm', vertices=ndarray(...), win=Window(...))
15.9662 	EXP 	Created unnamed Circle = Circle(__class__=<class 'psychopy.visual.circle.Circle'>, anchor=('center', 'center'), autoDraw=False, autoLog=True, closeShape=True, color=method-wrapper(...), colorSpace='rgb', contrast=None, depth=0, fillColor=array([1, 1, 1]), fillColorSpace='rgb', fillRGB=array([1, 1, 1]), interpolate=True, lineColor=array([1., 1., 1.]), lineColorSpace='rgb', lineRGB=array([1, 1, 1]), lineWidth=1.5, name='unnamed Circle', opacity=1.0, ori=0.0, pos=array([0., 0.]), size=array([1., 1.]), units='norm', vertices=ndarray(...), win=Window(...))
15.9686 	EXP 	Created unnamed Circle = Circle(__class__=<class 'psychopy.visual.circle.Circle'>, anchor=('center', 'center'), autoDraw=False, autoLog=True, closeShape=True, color=method-wrapper(...), colorSpace='rgb', contrast=None, depth=0, fillColor=array([1, 1, 1]), fillColorSpace='rgb', fillRGB=array([1, 1, 1]), interpolate=True, lineColor=array([1., 1., 1.]), lineColorSpace='rgb', lineRGB=array([1, 1, 1]), lineWidth=3, name='unnamed Circle', opacity=1.0, ori=0.0, pos=array([0., 0.]), size=array([1., 1.]), units='norm', vertices=ndarray(...), win=Window(...))
15.9765 	EXP 	Created instruct_text = TextStim(__class__=<class 'psychopy.visual.text.TextStim'>, alignHoriz=method-wrapper(...), alignText='center', alignVert=method-wrapper(...), anchorHoriz='center', anchorVert='center', antialias=True, autoDraw=False, autoLog=True, bold=False, color=array([1., 1., 1.]), colorSpace='rgb', contrast=1.0, depth=0.0, flipHoriz=False, flipVert=False, font='Arial', fontFiles=[], height=0.06, italic=False, languageStyle='LTR', name='instruct_text', opacity=1.0, ori=0, pos=array([0., 0.]), rgb=UNKNOWN, text='replace me', units='norm', win=Window(...), wrapWidth=1.2)
15.9840 	EXP 	Created text_5 = TextStim(__class__=<class 'psychopy.visual.text.TextStim'>, alignHoriz=method-wrapper(...), alignText='center', alignVert=method-wrapper(...), anchorHoriz='center', anchorVert='center', antialias=True, autoDraw=False, autoLog=True, bold=False, color=array([1., 1., 1.]), colorSpace='rgb', contrast=1.0, depth=0.0, flipHoriz=False, flipVert=False, font='Arial', fontFiles=[], height=0.1, italic=False, languageStyle='LTR', name='text_5', opacity=1.0, ori=0, pos=array([0., 0.]), rgb=UNKNOWN, text='thank you!', units='norm', win=Window(...), wrapWidth=1)
16.0205 	EXP 	instruct_text: height = 0.06
16.0205 	EXP 	instruct_text: height = 0.06
16.0205 	EXP 	instruct_text: height = 0.06
16.0205 	EXP 	instruct_text: text = 'Next, you will get to continue the Mental Noting practice you just learned about.    \n\nBefore, you mentioned using your left big toe as an anchor for your Noting Practice. Try to continue using this as your anchor but it is also okay to switch to a different part of your body.\n\nYou’ll see 2 circles and a white ball in the middle on the screen, but they won’t move around for now.'
37.1430 	DATA 	Keypress: space
37.1720 	EXP 	instruct_text: height = 0.06
37.1720 	EXP 	instruct_text: height = 0.06
37.1720 	EXP 	instruct_text: height = 0.06
37.1720 	EXP 	instruct_text: text = 'You’ll see the cross (+) on the screen for 30 seconds at the start. Whenever you see the cross, please don’t practice Noting – just relax.\n\nOnce you see the circles appear, please start the Noting practice. This practice will last 2 min. Press any button to start.'
51.5206 	DATA 	Keypress: space
51.5367 	EXP 	text_3: autoDraw = True
82.9523 	DATA 	Keypress: t
82.9848 	EXP 	text_3: autoDraw = False
82.9848 	EXP 	text_2: autoDraw = True
82.9848 	EXP 	text_relax: autoDraw = True
84.1416 	DATA 	Keypress: t
85.3425 	DATA 	Keypress: t
86.5429 	DATA 	Keypress: t
87.7489 	DATA 	Keypress: t
88.9419 	DATA 	Keypress: t
90.1428 	DATA 	Keypress: t
91.3409 	DATA 	Keypress: t
92.5426 	DATA 	Keypress: t
93.7584 	DATA 	Keypress: t
94.9477 	DATA 	Keypress: t
96.1581 	DATA 	Keypress: t
97.3569 	DATA 	Keypress: t
98.5488 	DATA 	Keypress: t
99.7591 	DATA 	Keypress: t
100.9419 	DATA 	Keypress: t
102.1482 	DATA 	Keypress: t
103.3596 	DATA 	Keypress: t
104.5411 	DATA 	Keypress: t
105.7417 	DATA 	Keypress: t
106.9406 	DATA 	Keypress: t
108.1656 	DATA 	Keypress: t
109.3415 	DATA 	Keypress: t
110.5561 	DATA 	Keypress: t
111.7469 	DATA 	Keypress: t
112.9471 	DATA 	Keypress: t
113.0172 	EXP 	text_2: autoDraw = False
113.0172 	EXP 	text_relax: autoDraw = False
113.0172 	EXP 	text_2: autoDraw = False
114.1584 	DATA 	Keypress: t
115.3633 	DATA 	Keypress: t
116.5560 	DATA 	Keypress: t
117.7491 	DATA 	Keypress: t
118.9457 	DATA 	Keypress: t
120.1586 	DATA 	Keypress: t
121.3464 	DATA 	Keypress: t
122.5587 	DATA 	Keypress: t
123.7553 	DATA 	Keypress: t
124.9676 	DATA 	Keypress: t
126.1485 	DATA 	Keypress: t
127.3503 	DATA 	Keypress: t
128.5438 	DATA 	Keypress: t
129.7456 	DATA 	Keypress: t
130.9484 	DATA 	Keypress: t
132.1669 	DATA 	Keypress: t
133.3454 	DATA 	Keypress: t
134.5651 	DATA 	Keypress: t
135.7567 	DATA 	Keypress: t
136.9588 	DATA 	Keypress: t
138.1618 	DATA 	Keypress: t
139.3446 	DATA 	Keypress: t
140.5405 	DATA 	Keypress: t
141.7519 	DATA 	Keypress: t
142.9412 	DATA 	Keypress: t
144.1649 	DATA 	Keypress: t
145.3569 	DATA 	Keypress: t
146.5535 	DATA 	Keypress: t
147.7680 	DATA 	Keypress: t
148.9465 	DATA 	Keypress: t
150.1522 	DATA 	Keypress: t
151.3670 	DATA 	Keypress: t
152.5591 	DATA 	Keypress: t
153.7433 	DATA 	Keypress: t
154.9530 	DATA 	Keypress: t
156.1659 	DATA 	Keypress: t
157.3495 	DATA 	Keypress: t
158.5416 	DATA 	Keypress: t
159.7608 	DATA 	Keypress: t
160.9474 	DATA 	Keypress: t
162.1515 	DATA 	Keypress: t
163.3565 	DATA 	Keypress: t
164.5480 	DATA 	Keypress: t
165.7505 	DATA 	Keypress: t
166.9452 	DATA 	Keypress: t
168.1492 	DATA 	Keypress: t
169.3470 	DATA 	Keypress: t
170.5650 	DATA 	Keypress: t
171.7676 	DATA 	Keypress: t
172.9446 	DATA 	Keypress: t
174.1498 	DATA 	Keypress: t
175.3412 	DATA 	Keypress: t
176.5491 	DATA 	Keypress: t
177.7574 	DATA 	Keypress: t
178.9524 	DATA 	Keypress: t
180.1425 	DATA 	Keypress: t
181.3638 	DATA 	Keypress: t
182.5471 	DATA 	Keypress: t
183.7534 	DATA 	Keypress: t
184.9550 	DATA 	Keypress: t
186.1498 	DATA 	Keypress: t
187.3516 	DATA 	Keypress: t
188.5534 	DATA 	Keypress: t
189.7498 	DATA 	Keypress: t
190.9516 	DATA 	Keypress: t
192.1589 	DATA 	Keypress: t
193.3589 	DATA 	Keypress: t
194.5491 	DATA 	Keypress: t
195.7466 	DATA 	Keypress: t
196.9443 	DATA 	Keypress: t
198.1437 	DATA 	Keypress: t
199.3495 	DATA 	Keypress: t
200.5644 	DATA 	Keypress: t
201.7632 	DATA 	Keypress: t
202.9577 	DATA 	Keypress: t
204.1459 	DATA 	Keypress: t
205.3645 	DATA 	Keypress: t
206.5614 	DATA 	Keypress: t
207.7635 	DATA 	Keypress: t
208.9469 	DATA 	Keypress: t
210.1456 	DATA 	Keypress: t
211.3526 	DATA 	Keypress: t
212.5574 	DATA 	Keypress: t
213.7634 	DATA 	Keypress: t
214.9650 	DATA 	Keypress: t
216.1605 	DATA 	Keypress: t
217.3565 	DATA 	Keypress: t
218.5559 	DATA 	Keypress: t
219.7580 	DATA 	Keypress: t
220.9460 	DATA 	Keypress: t
222.1464 	DATA 	Keypress: t
223.3406 	DATA 	Keypress: t
224.5597 	DATA 	Keypress: t
225.7418 	DATA 	Keypress: t
232.9973 	EXP 	text_2: autoDraw = True
233.9707 	EXP 	Created text = TextStim(__class__=<class 'psychopy.visual.text.TextStim'>, alignHoriz=method-wrapper(...), alignText='center', alignVert=method-wrapper(...), anchorHoriz='center', anchorVert='center', antialias=True, autoDraw=False, autoLog=True, bold=False, color=array([1., 1., 1.]), colorSpace='rgb', contrast=1.0, depth=0.0, flipHoriz=False, flipVert=False, font='Arial', fontFiles=[], height=0.06, italic=False, languageStyle='LTR', name='text', opacity=1.0, ori=0, pos=array([0. , 0.2]), rgb=UNKNOWN, text=str(...), units='norm', win=Window(...), wrapWidth=1.2)
233.9868 	EXP 	window1: mouseVisible = True
234.0470 	EXP 	Created None = Slider(__class__=<class 'psychopy.visual.slider.Slider'>, autoDraw=False, autoLog=True, borderColor=None, color=None, colorSpace='rgb', depth=0, fillColor=None, flip=False, font='Arial', granularity=1, labelColor=None, labelHeight=0.05, labelWrapWidth=None, labels=('Never', 'Always'), lineColor=None, markerColor=None, name=None, opacity=None, ori=0, pos=array([0., 0.]), readOnly=False, self=UNKNOWN, size=array([0.85, 0.1 ]), startValue=None, style='rating', styleTweaks=[], ticks=array([1, 9]), units='norm', win=Window(...))
234.0964 	EXP 	text_2: autoDraw = False
234.0964 	EXP 	None: autoLog = True
234.0964 	EXP 	None: markerPos = None
234.0964 	EXP 	None: styleTweaks = []
234.0964 	EXP 	None: styleTweaks = []
234.0964 	EXP 	None: styleTweaks = []
234.0964 	EXP 	None: styleTweaks = []
234.0964 	EXP 	None: contrast = 1.0
234.0964 	EXP 	None: autoLog = True
234.0964 	EXP 	None: markerPos = 5
236.7604 	DATA 	Keypress: 2
236.7788 	EXP 	None: markerPos = 4
237.2271 	DATA 	Keypress: 3
237.2456 	EXP 	None: markerPos = 5
238.8674 	DATA 	Keypress: 3
238.8803 	EXP 	None: markerPos = 6
247.6613 	DATA 	Keypress: 4
247.6803 	EXP 	None: markerPos = 6
247.6873 	EXP 	Created text = TextStim(__class__=<class 'psychopy.visual.text.TextStim'>, alignHoriz=method-wrapper(...), alignText='center', alignVert=method-wrapper(...), anchorHoriz='center', anchorVert='center', antialias=True, autoDraw=False, autoLog=True, bold=False, color=array([1., 1., 1.]), colorSpace='rgb', contrast=1.0, depth=0.0, flipHoriz=False, flipVert=False, font='Arial', fontFiles=[], height=0.06, italic=False, languageStyle='LTR', name='text', opacity=1.0, ori=0, pos=array([0. , 0.2]), rgb=UNKNOWN, text=str(...), units='norm', win=Window(...), wrapWidth=1.2)
247.6927 	EXP 	window1: mouseVisible = True
247.7398 	EXP 	Created None = Slider(__class__=<class 'psychopy.visual.slider.Slider'>, autoDraw=False, autoLog=True, borderColor=None, color=None, colorSpace='rgb', depth=0, fillColor=None, flip=False, font='Arial', granularity=1, labelColor=None, labelHeight=0.05, labelWrapWidth=None, labels=('Never', 'All the time'), lineColor=None, markerColor=None, name=None, opacity=None, ori=0, pos=array([0., 0.]), readOnly=False, self=UNKNOWN, size=array([0.85, 0.1 ]), startValue=None, style='rating', styleTweaks=[], ticks=array([1, 9]), units='norm', win=Window(...))
247.7619 	EXP 	None: autoLog = True
247.7619 	EXP 	None: markerPos = None
247.7619 	EXP 	None: styleTweaks = []
247.7619 	EXP 	None: styleTweaks = []
247.7619 	EXP 	None: styleTweaks = []
247.7619 	EXP 	None: styleTweaks = []
247.7619 	EXP 	None: contrast = 1.0
247.7619 	EXP 	None: autoLog = True
247.7619 	EXP 	None: markerPos = 5
250.9392 	DATA 	Keypress: 2
250.9619 	EXP 	None: markerPos = 4
251.5903 	DATA 	Keypress: 2
251.6119 	EXP 	None: markerPos = 3
252.0474 	DATA 	Keypress: 1
252.4343 	DATA 	Keypress: 2
252.4625 	EXP 	None: markerPos = 2
252.7572 	DATA 	Keypress: 2
252.7817 	EXP 	None: markerPos = 1
253.7333 	DATA 	Keypress: 3
253.7614 	EXP 	None: markerPos = 2
254.0446 	DATA 	Keypress: 3
254.0621 	EXP 	None: markerPos = 3
254.6503 	DATA 	Keypress: 5
255.2784 	DATA 	Keypress: 4
255.2958 	EXP 	None: markerPos = 3
255.3023 	EXP 	Created text = TextStim(__class__=<class 'psychopy.visual.text.TextStim'>, alignHoriz=method-wrapper(...), alignText='center', alignVert=method-wrapper(...), anchorHoriz='center', anchorVert='center', antialias=True, autoDraw=False, autoLog=True, bold=False, color=array([1., 1., 1.]), colorSpace='rgb', contrast=1.0, depth=0.0, flipHoriz=False, flipVert=False, font='Arial', fontFiles=[], height=0.06, italic=False, languageStyle='LTR', name='text', opacity=1.0, ori=0, pos=array([0. , 0.2]), rgb=UNKNOWN, text='How difficult was it to apply mental noting?', units='norm', win=Window(...), wrapWidth=1.2)
255.3081 	EXP 	window1: mouseVisible = True
255.3594 	EXP 	Created None = Slider(__class__=<class 'psychopy.visual.slider.Slider'>, autoDraw=False, autoLog=True, borderColor=None, color=None, colorSpace='rgb', depth=0, fillColor=None, flip=False, font='Arial', granularity=1, labelColor=None, labelHeight=0.05, labelWrapWidth=None, labels=('Not at all', 'Very Difficult'), lineColor=None, markerColor=None, name=None, opacity=None, ori=0, pos=array([0., 0.]), readOnly=False, self=UNKNOWN, size=array([0.85, 0.1 ]), startValue=None, style='rating', styleTweaks=[], ticks=array([1, 9]), units='norm', win=Window(...))
255.3951 	EXP 	None: autoLog = True
255.3951 	EXP 	None: markerPos = None
255.3951 	EXP 	None: styleTweaks = []
255.3951 	EXP 	None: styleTweaks = []
255.3951 	EXP 	None: styleTweaks = []
255.3951 	EXP 	None: styleTweaks = []
255.3951 	EXP 	None: contrast = 1.0
255.3951 	EXP 	None: autoLog = True
255.3951 	EXP 	None: markerPos = 5
256.5843 	DATA 	Keypress: 3
256.6121 	EXP 	None: markerPos = 6
256.8623 	DATA 	Keypress: 3
256.8779 	EXP 	None: markerPos = 7
258.3355 	DATA 	Keypress: 4
258.3636 	EXP 	None: markerPos = 7
258.3704 	EXP 	Created text = TextStim(__class__=<class 'psychopy.visual.text.TextStim'>, alignHoriz=method-wrapper(...), alignText='center', alignVert=method-wrapper(...), anchorHoriz='center', anchorVert='center', antialias=True, autoDraw=False, autoLog=True, bold=False, color=array([1., 1., 1.]), colorSpace='rgb', contrast=1.0, depth=0.0, flipHoriz=False, flipVert=False, font='Arial', fontFiles=[], height=0.06, italic=False, languageStyle='LTR', name='text', opacity=1.0, ori=0, pos=array([0. , 0.2]), rgb=UNKNOWN, text='How calm do you feel right now?', units='norm', win=Window(...), wrapWidth=1.2)
258.3758 	EXP 	window1: mouseVisible = True
258.4131 	EXP 	Created None = Slider(__class__=<class 'psychopy.visual.slider.Slider'>, autoDraw=False, autoLog=True, borderColor=None, color=None, colorSpace='rgb', depth=0, fillColor=None, flip=False, font='Arial', granularity=1, labelColor=None, labelHeight=0.05, labelWrapWidth=None, labels=('Not at all', 'Very calm'), lineColor=None, markerColor=None, name=None, opacity=None, ori=0, pos=array([0., 0.]), readOnly=False, self=UNKNOWN, size=array([0.85, 0.1 ]), startValue=None, style='rating', styleTweaks=[], ticks=array([1, 9]), units='norm', win=Window(...))
258.4459 	EXP 	None: autoLog = True
258.4459 	EXP 	None: markerPos = None
258.4459 	EXP 	None: styleTweaks = []
258.4459 	EXP 	None: styleTweaks = []
258.4459 	EXP 	None: styleTweaks = []
258.4459 	EXP 	None: styleTweaks = []
258.4459 	EXP 	None: contrast = 1.0
258.4459 	EXP 	None: autoLog = True
258.4459 	EXP 	None: markerPos = 5
259.5772 	DATA 	Keypress: 3
259.5941 	EXP 	None: markerPos = 6
259.8474 	DATA 	Keypress: 3
259.8668 	EXP 	None: markerPos = 7
260.1175 	DATA 	Keypress: 3
260.1482 	EXP 	None: markerPos = 8
260.5513 	DATA 	Keypress: 3
260.5805 	EXP 	None: markerPos = 9
261.0103 	DATA 	Keypress: 4
261.0287 	EXP 	None: markerPos = 9
261.0774 	EXP 	window1: mouseVisible = True
