2.6710 	WARNING 	Speech-to-text recognition module for PocketSphinx is not available (use command `pip install SpeechRecognition` to get it). Transcription will be unavailable using that service this session.
2.6716 	WARNING 	Speech-to-text recognition using Google online services is not available (use command `pip install google-api-core google-auth google-cloud google-cloud-speech googleapis-common-protos` to get it). Transcription will be unavailable using that service this session.
2.9079 	WARNING 	We strongly recommend you activate the PTB sound engine in PsychoPy prefs as the preferred audio engine. Its timing is vastly superior. Your prefs are currently set to use ['sounddevice', 'PTB', 'pyo', 'pygame'] (in that order).
14.7932 	WARNING 	Requested an unavailable screen number - using first available.
14.7953 	WARNING 	User requested fullscreen with size [1080 1080], but screen is actually [2560, 1600]. Using actual size
15.3262 	EXP 	Created window1 = Window(allowGUI=False, allowStencil=False, autoLog=True, backendConf=UNKNOWN, bitsMode=UNKNOWN, blendMode='avg', bpc=(8, 8, 8), color=array([-1, -1, -1]), colorSpace='rgb', depthBits=8, fullscr=<method-wrapper '__getattribute__' of attributeSetter object at 0x00000177E150B1C0>, gamma=None, gammaErrorPolicy='raise', lms=UNKNOWN, monitor=<psychopy.monitors.calibTools.Monitor object at 0x00000177E6C4AF10>, multiSample=False, name='window1', numSamples=2, pos=(0, 0), screen=1, size=array([2560, 1600]), stencilBits=0, stereo=False, units='norm', useFBO=True, useRetina=False, viewOri=0.0, viewPos=None, viewScale=None, waitBlanking=True, winType='pyglet')
15.3266 	EXP 	window1: mouseVisible = True
15.3266 	EXP 	window1: Attempting to measure frame rate of screen (1) ...
15.3266 	EXP 	window1: recordFrameIntervals = False
15.4923 	EXP 	window1: recordFrameIntervals = True
15.6769 	EXP 	Screen (1) actual frame rate measured at 59.91Hz
15.6769 	EXP 	window1: recordFrameIntervals = False
15.7459 	EXP 	Created text = TextStim(__class__=<class 'psychopy.visual.text.TextStim'>, alignHoriz=method-wrapper(...), alignText='center', alignVert=method-wrapper(...), anchorHoriz='center', anchorVert='center', antialias=True, autoDraw=False, autoLog=True, bold=False, color=array([1., 1., 1.]), colorSpace='rgb', contrast=1.0, depth=0.0, flipHoriz=False, flipVert=False, font='Arial', fontFiles=[], height=0.06, italic=False, languageStyle='LTR', name='text', opacity=1.0, ori=0, pos=array([0., 0.]), rgb=UNKNOWN, text=str(...), units='norm', win=Window(...), wrapWidth=1.2)
15.7542 	EXP 	Created text_3 = TextStim(__class__=<class 'psychopy.visual.text.TextStim'>, alignHoriz=method-wrapper(...), alignText='center', alignVert=method-wrapper(...), anchorHoriz='center', anchorVert='center', antialias=True, autoDraw=False, autoLog=True, bold=False, color=array([1., 1., 1.]), colorSpace='rgb', contrast=1.0, depth=0.0, flipHoriz=False, flipVert=False, font='Arial', fontFiles=[], height=0.1, italic=False, languageStyle='LTR', name='text_3', opacity=1.0, ori=0, pos=array([0., 0.]), rgb=UNKNOWN, text='waiting for scanner', units='norm', win=Window(...), wrapWidth=2)
15.7904 	EXP 	Created text_2 = TextStim(__class__=<class 'psychopy.visual.text.TextStim'>, alignHoriz=method-wrapper(...), alignText='center', alignVert=method-wrapper(...), anchorHoriz='center', anchorVert='center', antialias=True, autoDraw=False, autoLog=True, bold=False, color=array([1., 1., 1.]), colorSpace='rgb', contrast=1.0, depth=0.0, flipHoriz=False, flipVert=False, font='Arial', fontFiles=[], height=0.3, italic=False, languageStyle='LTR', name='text_2', opacity=1.0, ori=0, pos=array([0., 0.]), rgb=UNKNOWN, text='+', units='norm', win=Window(...), wrapWidth=1)
15.7967 	EXP 	Created text_relax = TextStim(__class__=<class 'psychopy.visual.text.TextStim'>, alignHoriz=method-wrapper(...), alignText='center', alignVert=method-wrapper(...), anchorHoriz='center', anchorVert='center', antialias=True, autoDraw=False, autoLog=True, bold=False, color=array([1., 1., 1.]), colorSpace='rgb', contrast=1.0, depth=0.0, flipHoriz=False, flipVert=False, font='Arial', fontFiles=[], height=0.07, italic=False, languageStyle='LTR', name='text_relax', opacity=1.0, ori=0, pos=array([ 0. , -0.2]), rgb=UNKNOWN, text='Relax', units='norm', win=Window(...), wrapWidth=1)
15.8058 	EXP 	Created text_4 = TextStim(__class__=<class 'psychopy.visual.text.TextStim'>, alignHoriz=method-wrapper(...), alignText='center', alignVert=method-wrapper(...), anchorHoriz='center', anchorVert='center', antialias=True, autoDraw=False, autoLog=True, bold=False, color=array([1., 1., 1.]), colorSpace='rgb', contrast=1.0, depth=-3.0, flipHoriz=False, flipVert=False, font='Arial', fontFiles=[], height=0.1, italic=False, languageStyle='LTR', name='text_4', opacity=1.0, ori=0, pos=array([0., 0.]), rgb=UNKNOWN, text='default text', units='norm', win=Window(...), wrapWidth=1)
15.8120 	EXP 	Created unnamed Circle = Circle(__class__=<class 'psychopy.visual.circle.Circle'>, anchor=('center', 'center'), autoDraw=False, autoLog=True, closeShape=True, color=method-wrapper(...), colorSpace='rgb', contrast=None, depth=0, fillColor=array([0, 0, 0]), fillColorSpace='rgb', fillRGB=array([0, 0, 0]), interpolate=True, lineColor=array([ 1.,  1., -1.]), lineColorSpace='rgb', lineRGB=array([ 1,  1, -1]), lineWidth=2, name='unnamed Circle', opacity=0.5, ori=0.0, pos=array([0.        , 0.33333333]), size=array([1., 1.]), units='norm', vertices=ndarray(...), win=Window(...))
15.8146 	EXP 	Created unnamed Circle = Circle(__class__=<class 'psychopy.visual.circle.Circle'>, anchor=('center', 'center'), autoDraw=False, autoLog=True, closeShape=True, color=method-wrapper(...), colorSpace='rgb', contrast=None, depth=0, fillColor=array([0, 0, 0]), fillColorSpace='rgb', fillRGB=array([0, 0, 0]), interpolate=True, lineColor=array([-1., -1.,  1.]), lineColorSpace='rgb', lineRGB=array([-1, -1,  1]), lineWidth=2, name='unnamed Circle', opacity=0.5, ori=0.0, pos=array([ 0.        , -0.33333333]), size=array([1., 1.]), units='norm', vertices=ndarray(...), win=Window(...))
15.8171 	EXP 	Created unnamed Circle = Circle(__class__=<class 'psychopy.visual.circle.Circle'>, anchor=('center', 'center'), autoDraw=False, autoLog=True, closeShape=True, color=method-wrapper(...), colorSpace='rgb', contrast=None, depth=0, fillColor=array([1, 1, 1]), fillColorSpace='rgb', fillRGB=array([1, 1, 1]), interpolate=True, lineColor=array([1., 1., 1.]), lineColorSpace='rgb', lineRGB=array([1, 1, 1]), lineWidth=1.5, name='unnamed Circle', opacity=1.0, ori=0.0, pos=array([0., 0.]), size=array([1., 1.]), units='norm', vertices=ndarray(...), win=Window(...))
15.8194 	EXP 	Created unnamed Circle = Circle(__class__=<class 'psychopy.visual.circle.Circle'>, anchor=('center', 'center'), autoDraw=False, autoLog=True, closeShape=True, color=method-wrapper(...), colorSpace='rgb', contrast=None, depth=0, fillColor=array([1, 1, 1]), fillColorSpace='rgb', fillRGB=array([1, 1, 1]), interpolate=True, lineColor=array([1., 1., 1.]), lineColorSpace='rgb', lineRGB=array([1, 1, 1]), lineWidth=3, name='unnamed Circle', opacity=1.0, ori=0.0, pos=array([0., 0.]), size=array([1., 1.]), units='norm', vertices=ndarray(...), win=Window(...))
15.8285 	EXP 	Created instruct_text = TextStim(__class__=<class 'psychopy.visual.text.TextStim'>, alignHoriz=method-wrapper(...), alignText='center', alignVert=method-wrapper(...), anchorHoriz='center', anchorVert='center', antialias=True, autoDraw=False, autoLog=True, bold=False, color=array([1., 1., 1.]), colorSpace='rgb', contrast=1.0, depth=0.0, flipHoriz=False, flipVert=False, font='Arial', fontFiles=[], height=0.06, italic=False, languageStyle='LTR', name='instruct_text', opacity=1.0, ori=0, pos=array([0., 0.]), rgb=UNKNOWN, text='replace me', units='norm', win=Window(...), wrapWidth=1.2)
15.8353 	EXP 	Created text_5 = TextStim(__class__=<class 'psychopy.visual.text.TextStim'>, alignHoriz=method-wrapper(...), alignText='center', alignVert=method-wrapper(...), anchorHoriz='center', anchorVert='center', antialias=True, autoDraw=False, autoLog=True, bold=False, color=array([1., 1., 1.]), colorSpace='rgb', contrast=1.0, depth=0.0, flipHoriz=False, flipVert=False, font='Arial', fontFiles=[], height=0.1, italic=False, languageStyle='LTR', name='text_5', opacity=1.0, ori=0, pos=array([0., 0.]), rgb=UNKNOWN, text='thank you!', units='norm', win=Window(...), wrapWidth=1)
15.8754 	EXP 	instruct_text: height = 0.06
15.8754 	EXP 	instruct_text: height = 0.06
15.8754 	EXP 	instruct_text: height = 0.06
15.8754 	EXP 	instruct_text: text = 'Great job! Now, you’ll get to continue your Mental Noting with some feedback based on your brain to help your practice. \n\nIn this run, you’ll see 2 circles and a white ball in the middle. When the white ball moves up towards the top circle, this corresponds to the Noting practice.\nIf the ball gets into either of the circles, it will move back to the center. \n\nTry to keep the ball moving up towards the top circle! How many times can you get to the top?'
33.7450 	DATA 	Keypress: 1
38.4119 	DATA 	Keypress: space
38.4444 	EXP 	instruct_text: height = 0.06
38.4444 	EXP 	instruct_text: height = 0.06
38.4444 	EXP 	instruct_text: height = 0.06
38.4444 	EXP 	instruct_text: text = 'Try not focusing or paying too much attention on the ball movement since this can be distracting from the actual Noting Practice.\n\nRather, really try focusing on your sensations from moment to moment, noting them silently in your mind and just check in on the screen from time to time to see where the ball is going.'
55.1639 	DATA 	Keypress: space
55.1903 	EXP 	instruct_text: height = 0.06
55.1903 	EXP 	instruct_text: height = 0.06
55.1903 	EXP 	instruct_text: height = 0.06
55.1903 	EXP 	instruct_text: text = 'You’ll see the cross (+) on the screen for 30 seconds at the start. Whenever you see the cross, please don’t practice Noting – just relax.\n\nOnce you see the circles appear, please start the Noting practice. This practice will last 2 min. Press any button to start.'
68.9986 	DATA 	Keypress: space
69.0062 	EXP 	text_3: autoDraw = True
94.2404 	DATA 	Keypress: t
94.2724 	EXP 	text_3: autoDraw = False
94.2724 	EXP 	text_2: autoDraw = True
94.2724 	EXP 	text_relax: autoDraw = True
95.4473 	DATA 	Keypress: t
96.6300 	DATA 	Keypress: t
97.8273 	DATA 	Keypress: t
99.0465 	DATA 	Keypress: t
100.2465 	DATA 	Keypress: t
101.4452 	DATA 	Keypress: t
102.6475 	DATA 	Keypress: t
103.8447 	DATA 	Keypress: t
105.0454 	DATA 	Keypress: t
106.2291 	DATA 	Keypress: t
107.4295 	DATA 	Keypress: t
108.6289 	DATA 	Keypress: t
109.8289 	DATA 	Keypress: t
111.0283 	DATA 	Keypress: t
112.2434 	DATA 	Keypress: t
113.4462 	DATA 	Keypress: t
114.6294 	DATA 	Keypress: t
115.8452 	DATA 	Keypress: t
117.0448 	DATA 	Keypress: t
118.2346 	DATA 	Keypress: t
119.4277 	DATA 	Keypress: t
120.6287 	DATA 	Keypress: t
121.8302 	DATA 	Keypress: t
123.0288 	DATA 	Keypress: t
124.2277 	DATA 	Keypress: t
124.3058 	EXP 	text_2: autoDraw = False
124.3058 	EXP 	text_relax: autoDraw = False
124.3058 	EXP 	text_2: autoDraw = False
125.4476 	DATA 	Keypress: t
126.6463 	DATA 	Keypress: t
127.8317 	DATA 	Keypress: t
129.0481 	DATA 	Keypress: t
130.2483 	DATA 	Keypress: t
131.4309 	DATA 	Keypress: t
132.6383 	DATA 	Keypress: t
133.8496 	DATA 	Keypress: t
135.0340 	DATA 	Keypress: t
136.2485 	DATA 	Keypress: t
137.4335 	DATA 	Keypress: t
138.6390 	DATA 	Keypress: t
139.8316 	DATA 	Keypress: t
141.0481 	DATA 	Keypress: t
142.2494 	DATA 	Keypress: t
143.4358 	DATA 	Keypress: t
144.6315 	DATA 	Keypress: t
145.8497 	DATA 	Keypress: t
147.0326 	DATA 	Keypress: t
148.2493 	DATA 	Keypress: t
149.4491 	DATA 	Keypress: t
150.6317 	DATA 	Keypress: t
151.8318 	DATA 	Keypress: t
153.0383 	DATA 	Keypress: t
154.2346 	DATA 	Keypress: t
155.4471 	DATA 	Keypress: t
156.6477 	DATA 	Keypress: t
157.8456 	DATA 	Keypress: t
159.0364 	DATA 	Keypress: t
160.2302 	DATA 	Keypress: t
161.4298 	DATA 	Keypress: t
162.6370 	DATA 	Keypress: t
163.8366 	DATA 	Keypress: t
165.0481 	DATA 	Keypress: t
166.2461 	DATA 	Keypress: t
167.4381 	DATA 	Keypress: t
168.6484 	DATA 	Keypress: t
169.8471 	DATA 	Keypress: t
171.0330 	DATA 	Keypress: t
172.2310 	DATA 	Keypress: t
173.4306 	DATA 	Keypress: t
174.6313 	DATA 	Keypress: t
175.8300 	DATA 	Keypress: t
177.0310 	DATA 	Keypress: t
178.2470 	DATA 	Keypress: t
179.4307 	DATA 	Keypress: t
180.6300 	DATA 	Keypress: t
181.8463 	DATA 	Keypress: t
183.0303 	DATA 	Keypress: t
184.2462 	DATA 	Keypress: t
185.4297 	DATA 	Keypress: t
186.6476 	DATA 	Keypress: t
187.8484 	DATA 	Keypress: t
189.0457 	DATA 	Keypress: t
190.2309 	DATA 	Keypress: t
191.4483 	DATA 	Keypress: t
192.6458 	DATA 	Keypress: t
193.8482 	DATA 	Keypress: t
195.0474 	DATA 	Keypress: t
196.2473 	DATA 	Keypress: t
197.4462 	DATA 	Keypress: t
198.6307 	DATA 	Keypress: t
199.8289 	DATA 	Keypress: t
201.0472 	DATA 	Keypress: t
202.2452 	DATA 	Keypress: t
203.4292 	DATA 	Keypress: t
204.6474 	DATA 	Keypress: t
205.8470 	DATA 	Keypress: t
207.0456 	DATA 	Keypress: t
208.2389 	DATA 	Keypress: t
209.4454 	DATA 	Keypress: t
210.6290 	DATA 	Keypress: t
211.8306 	DATA 	Keypress: t
213.0472 	DATA 	Keypress: t
214.2448 	DATA 	Keypress: t
215.4457 	DATA 	Keypress: t
216.6314 	DATA 	Keypress: t
217.8456 	DATA 	Keypress: t
219.0476 	DATA 	Keypress: t
220.2306 	DATA 	Keypress: t
221.4482 	DATA 	Keypress: t
222.6354 	DATA 	Keypress: t
223.8309 	DATA 	Keypress: t
225.0364 	DATA 	Keypress: t
226.2295 	DATA 	Keypress: t
227.4345 	DATA 	Keypress: t
228.6453 	DATA 	Keypress: t
229.8452 	DATA 	Keypress: t
231.0333 	DATA 	Keypress: t
232.2452 	DATA 	Keypress: t
233.4446 	DATA 	Keypress: t
234.6281 	DATA 	Keypress: t
235.8284 	DATA 	Keypress: t
237.0444 	DATA 	Keypress: t
244.2851 	EXP 	text_2: autoDraw = True
245.2572 	EXP 	Created text = TextStim(__class__=<class 'psychopy.visual.text.TextStim'>, alignHoriz=method-wrapper(...), alignText='center', alignVert=method-wrapper(...), anchorHoriz='center', anchorVert='center', antialias=True, autoDraw=False, autoLog=True, bold=False, color=array([1., 1., 1.]), colorSpace='rgb', contrast=1.0, depth=0.0, flipHoriz=False, flipVert=False, font='Arial', fontFiles=[], height=0.06, italic=False, languageStyle='LTR', name='text', opacity=1.0, ori=0, pos=array([0. , 0.2]), rgb=UNKNOWN, text=str(...), units='norm', win=Window(...), wrapWidth=1.2)
245.2657 	EXP 	window1: mouseVisible = True
245.3237 	EXP 	Created None = Slider(__class__=<class 'psychopy.visual.slider.Slider'>, autoDraw=False, autoLog=True, borderColor=None, color=None, colorSpace='rgb', depth=0, fillColor=None, flip=False, font='Arial', granularity=1, labelColor=None, labelHeight=0.05, labelWrapWidth=None, labels=('Never', 'Always'), lineColor=None, markerColor=None, name=None, opacity=None, ori=0, pos=array([0., 0.]), readOnly=False, self=UNKNOWN, size=array([0.85, 0.1 ]), startValue=None, style='rating', styleTweaks=[], ticks=array([1, 9]), units='norm', win=Window(...))
245.3498 	EXP 	text_2: autoDraw = False
245.3498 	EXP 	None: autoLog = True
245.3498 	EXP 	None: markerPos = None
245.3498 	EXP 	None: styleTweaks = []
245.3498 	EXP 	None: styleTweaks = []
245.3498 	EXP 	None: styleTweaks = []
245.3498 	EXP 	None: styleTweaks = []
245.3498 	EXP 	None: contrast = 1.0
245.3498 	EXP 	None: autoLog = True
245.3498 	EXP 	None: markerPos = 5
246.7460 	DATA 	Keypress: 2
246.7662 	EXP 	None: markerPos = 4
248.7851 	DATA 	Keypress: 4
248.7984 	EXP 	None: markerPos = 4
248.8049 	EXP 	Created text = TextStim(__class__=<class 'psychopy.visual.text.TextStim'>, alignHoriz=method-wrapper(...), alignText='center', alignVert=method-wrapper(...), anchorHoriz='center', anchorVert='center', antialias=True, autoDraw=False, autoLog=True, bold=False, color=array([1., 1., 1.]), colorSpace='rgb', contrast=1.0, depth=0.0, flipHoriz=False, flipVert=False, font='Arial', fontFiles=[], height=0.06, italic=False, languageStyle='LTR', name='text', opacity=1.0, ori=0, pos=array([0. , 0.2]), rgb=UNKNOWN, text=str(...), units='norm', win=Window(...), wrapWidth=1.2)
248.8104 	EXP 	window1: mouseVisible = True
248.8583 	EXP 	Created None = Slider(__class__=<class 'psychopy.visual.slider.Slider'>, autoDraw=False, autoLog=True, borderColor=None, color=None, colorSpace='rgb', depth=0, fillColor=None, flip=False, font='Arial', granularity=1, labelColor=None, labelHeight=0.05, labelWrapWidth=None, labels=('Never', 'All the time'), lineColor=None, markerColor=None, name=None, opacity=None, ori=0, pos=array([0., 0.]), readOnly=False, self=UNKNOWN, size=array([0.85, 0.1 ]), startValue=None, style='rating', styleTweaks=[], ticks=array([1, 9]), units='norm', win=Window(...))
248.8829 	EXP 	None: autoLog = True
248.8829 	EXP 	None: markerPos = None
248.8829 	EXP 	None: styleTweaks = []
248.8829 	EXP 	None: styleTweaks = []
248.8829 	EXP 	None: styleTweaks = []
248.8829 	EXP 	None: styleTweaks = []
248.8829 	EXP 	None: contrast = 1.0
248.8829 	EXP 	None: autoLog = True
248.8829 	EXP 	None: markerPos = 5
250.2553 	DATA 	Keypress: 3
250.2830 	EXP 	None: markerPos = 6
252.9841 	DATA 	Keypress: 4
252.9995 	EXP 	None: markerPos = 6
253.0059 	EXP 	Created text = TextStim(__class__=<class 'psychopy.visual.text.TextStim'>, alignHoriz=method-wrapper(...), alignText='center', alignVert=method-wrapper(...), anchorHoriz='center', anchorVert='center', antialias=True, autoDraw=False, autoLog=True, bold=False, color=array([1., 1., 1.]), colorSpace='rgb', contrast=1.0, depth=0.0, flipHoriz=False, flipVert=False, font='Arial', fontFiles=[], height=0.06, italic=False, languageStyle='LTR', name='text', opacity=1.0, ori=0, pos=array([0. , 0.2]), rgb=UNKNOWN, text='How difficult was it to apply mental noting?', units='norm', win=Window(...), wrapWidth=1.2)
253.0114 	EXP 	window1: mouseVisible = True
253.0648 	EXP 	Created None = Slider(__class__=<class 'psychopy.visual.slider.Slider'>, autoDraw=False, autoLog=True, borderColor=None, color=None, colorSpace='rgb', depth=0, fillColor=None, flip=False, font='Arial', granularity=1, labelColor=None, labelHeight=0.05, labelWrapWidth=None, labels=('Not at all', 'Very Difficult'), lineColor=None, markerColor=None, name=None, opacity=None, ori=0, pos=array([0., 0.]), readOnly=False, self=UNKNOWN, size=array([0.85, 0.1 ]), startValue=None, style='rating', styleTweaks=[], ticks=array([1, 9]), units='norm', win=Window(...))
253.0812 	EXP 	None: autoLog = True
253.0812 	EXP 	None: markerPos = None
253.0812 	EXP 	None: styleTweaks = []
253.0812 	EXP 	None: styleTweaks = []
253.0812 	EXP 	None: styleTweaks = []
253.0812 	EXP 	None: styleTweaks = []
253.0812 	EXP 	None: contrast = 1.0
253.0812 	EXP 	None: autoLog = True
253.0812 	EXP 	None: markerPos = 5
254.6780 	DATA 	Keypress: 3
254.6997 	EXP 	None: markerPos = 6
255.6700 	DATA 	Keypress: 4
255.7015 	EXP 	None: markerPos = 6
255.7074 	EXP 	Created text = TextStim(__class__=<class 'psychopy.visual.text.TextStim'>, alignHoriz=method-wrapper(...), alignText='center', alignVert=method-wrapper(...), anchorHoriz='center', anchorVert='center', antialias=True, autoDraw=False, autoLog=True, bold=False, color=array([1., 1., 1.]), colorSpace='rgb', contrast=1.0, depth=0.0, flipHoriz=False, flipVert=False, font='Arial', fontFiles=[], height=0.06, italic=False, languageStyle='LTR', name='text', opacity=1.0, ori=0, pos=array([0. , 0.2]), rgb=UNKNOWN, text='How calm do you feel right now?', units='norm', win=Window(...), wrapWidth=1.2)
255.7129 	EXP 	window1: mouseVisible = True
255.7508 	EXP 	Created None = Slider(__class__=<class 'psychopy.visual.slider.Slider'>, autoDraw=False, autoLog=True, borderColor=None, color=None, colorSpace='rgb', depth=0, fillColor=None, flip=False, font='Arial', granularity=1, labelColor=None, labelHeight=0.05, labelWrapWidth=None, labels=('Not at all', 'Very calm'), lineColor=None, markerColor=None, name=None, opacity=None, ori=0, pos=array([0., 0.]), readOnly=False, self=UNKNOWN, size=array([0.85, 0.1 ]), startValue=None, style='rating', styleTweaks=[], ticks=array([1, 9]), units='norm', win=Window(...))
255.7837 	EXP 	None: autoLog = True
255.7837 	EXP 	None: markerPos = None
255.7837 	EXP 	None: styleTweaks = []
255.7837 	EXP 	None: styleTweaks = []
255.7837 	EXP 	None: styleTweaks = []
255.7837 	EXP 	None: styleTweaks = []
255.7837 	EXP 	None: contrast = 1.0
255.7837 	EXP 	None: autoLog = True
255.7837 	EXP 	None: markerPos = 5
256.5429 	DATA 	Keypress: 3
256.5664 	EXP 	None: markerPos = 6
256.7968 	DATA 	Keypress: 3
256.8215 	EXP 	None: markerPos = 7
256.9917 	DATA 	Keypress: 3
257.0195 	EXP 	None: markerPos = 8
257.2660 	DATA 	Keypress: 3
257.2863 	EXP 	None: markerPos = 9
257.7081 	DATA 	Keypress: 4
257.7337 	EXP 	None: markerPos = 9
257.7819 	EXP 	window1: mouseVisible = True
2.6710 	WARNING 	Speech-to-text recognition module for PocketSphinx is not available (use command `pip install SpeechRecognition` to get it). Transcription will be unavailable using that service this session.
2.6716 	WARNING 	Speech-to-text recognition using Google online services is not available (use command `pip install google-api-core google-auth google-cloud google-cloud-speech googleapis-common-protos` to get it). Transcription will be unavailable using that service this session.
2.9079 	WARNING 	We strongly recommend you activate the PTB sound engine in PsychoPy prefs as the preferred audio engine. Its timing is vastly superior. Your prefs are currently set to use ['sounddevice', 'PTB', 'pyo', 'pygame'] (in that order).
14.7932 	WARNING 	Requested an unavailable screen number - using first available.
14.7953 	WARNING 	User requested fullscreen with size [1080 1080], but screen is actually [2560, 1600]. Using actual size
15.3262 	EXP 	Created window1 = Window(allowGUI=False, allowStencil=False, autoLog=True, backendConf=UNKNOWN, bitsMode=UNKNOWN, blendMode='avg', bpc=(8, 8, 8), color=array([-1, -1, -1]), colorSpace='rgb', depthBits=8, fullscr=<method-wrapper '__getattribute__' of attributeSetter object at 0x00000177E150B1C0>, gamma=None, gammaErrorPolicy='raise', lms=UNKNOWN, monitor=<psychopy.monitors.calibTools.Monitor object at 0x00000177E6C4AF10>, multiSample=False, name='window1', numSamples=2, pos=(0, 0), screen=1, size=array([2560, 1600]), stencilBits=0, stereo=False, units='norm', useFBO=True, useRetina=False, viewOri=0.0, viewPos=None, viewScale=None, waitBlanking=True, winType='pyglet')
15.3266 	EXP 	window1: mouseVisible = True
15.3266 	EXP 	window1: Attempting to measure frame rate of screen (1) ...
15.3266 	EXP 	window1: recordFrameIntervals = False
15.4923 	EXP 	window1: recordFrameIntervals = True
15.6769 	EXP 	Screen (1) actual frame rate measured at 59.91Hz
15.6769 	EXP 	window1: recordFrameIntervals = False
15.7459 	EXP 	Created text = TextStim(__class__=<class 'psychopy.visual.text.TextStim'>, alignHoriz=method-wrapper(...), alignText='center', alignVert=method-wrapper(...), anchorHoriz='center', anchorVert='center', antialias=True, autoDraw=False, autoLog=True, bold=False, color=array([1., 1., 1.]), colorSpace='rgb', contrast=1.0, depth=0.0, flipHoriz=False, flipVert=False, font='Arial', fontFiles=[], height=0.06, italic=False, languageStyle='LTR', name='text', opacity=1.0, ori=0, pos=array([0., 0.]), rgb=UNKNOWN, text=str(...), units='norm', win=Window(...), wrapWidth=1.2)
15.7542 	EXP 	Created text_3 = TextStim(__class__=<class 'psychopy.visual.text.TextStim'>, alignHoriz=method-wrapper(...), alignText='center', alignVert=method-wrapper(...), anchorHoriz='center', anchorVert='center', antialias=True, autoDraw=False, autoLog=True, bold=False, color=array([1., 1., 1.]), colorSpace='rgb', contrast=1.0, depth=0.0, flipHoriz=False, flipVert=False, font='Arial', fontFiles=[], height=0.1, italic=False, languageStyle='LTR', name='text_3', opacity=1.0, ori=0, pos=array([0., 0.]), rgb=UNKNOWN, text='waiting for scanner', units='norm', win=Window(...), wrapWidth=2)
15.7904 	EXP 	Created text_2 = TextStim(__class__=<class 'psychopy.visual.text.TextStim'>, alignHoriz=method-wrapper(...), alignText='center', alignVert=method-wrapper(...), anchorHoriz='center', anchorVert='center', antialias=True, autoDraw=False, autoLog=True, bold=False, color=array([1., 1., 1.]), colorSpace='rgb', contrast=1.0, depth=0.0, flipHoriz=False, flipVert=False, font='Arial', fontFiles=[], height=0.3, italic=False, languageStyle='LTR', name='text_2', opacity=1.0, ori=0, pos=array([0., 0.]), rgb=UNKNOWN, text='+', units='norm', win=Window(...), wrapWidth=1)
15.7967 	EXP 	Created text_relax = TextStim(__class__=<class 'psychopy.visual.text.TextStim'>, alignHoriz=method-wrapper(...), alignText='center', alignVert=method-wrapper(...), anchorHoriz='center', anchorVert='center', antialias=True, autoDraw=False, autoLog=True, bold=False, color=array([1., 1., 1.]), colorSpace='rgb', contrast=1.0, depth=0.0, flipHoriz=False, flipVert=False, font='Arial', fontFiles=[], height=0.07, italic=False, languageStyle='LTR', name='text_relax', opacity=1.0, ori=0, pos=array([ 0. , -0.2]), rgb=UNKNOWN, text='Relax', units='norm', win=Window(...), wrapWidth=1)
15.8058 	EXP 	Created text_4 = TextStim(__class__=<class 'psychopy.visual.text.TextStim'>, alignHoriz=method-wrapper(...), alignText='center', alignVert=method-wrapper(...), anchorHoriz='center', anchorVert='center', antialias=True, autoDraw=False, autoLog=True, bold=False, color=array([1., 1., 1.]), colorSpace='rgb', contrast=1.0, depth=-3.0, flipHoriz=False, flipVert=False, font='Arial', fontFiles=[], height=0.1, italic=False, languageStyle='LTR', name='text_4', opacity=1.0, ori=0, pos=array([0., 0.]), rgb=UNKNOWN, text='default text', units='norm', win=Window(...), wrapWidth=1)
15.8120 	EXP 	Created unnamed Circle = Circle(__class__=<class 'psychopy.visual.circle.Circle'>, anchor=('center', 'center'), autoDraw=False, autoLog=True, closeShape=True, color=method-wrapper(...), colorSpace='rgb', contrast=None, depth=0, fillColor=array([0, 0, 0]), fillColorSpace='rgb', fillRGB=array([0, 0, 0]), interpolate=True, lineColor=array([ 1.,  1., -1.]), lineColorSpace='rgb', lineRGB=array([ 1,  1, -1]), lineWidth=2, name='unnamed Circle', opacity=0.5, ori=0.0, pos=array([0.        , 0.33333333]), size=array([1., 1.]), units='norm', vertices=ndarray(...), win=Window(...))
15.8146 	EXP 	Created unnamed Circle = Circle(__class__=<class 'psychopy.visual.circle.Circle'>, anchor=('center', 'center'), autoDraw=False, autoLog=True, closeShape=True, color=method-wrapper(...), colorSpace='rgb', contrast=None, depth=0, fillColor=array([0, 0, 0]), fillColorSpace='rgb', fillRGB=array([0, 0, 0]), interpolate=True, lineColor=array([-1., -1.,  1.]), lineColorSpace='rgb', lineRGB=array([-1, -1,  1]), lineWidth=2, name='unnamed Circle', opacity=0.5, ori=0.0, pos=array([ 0.        , -0.33333333]), size=array([1., 1.]), units='norm', vertices=ndarray(...), win=Window(...))
15.8171 	EXP 	Created unnamed Circle = Circle(__class__=<class 'psychopy.visual.circle.Circle'>, anchor=('center', 'center'), autoDraw=False, autoLog=True, closeShape=True, color=method-wrapper(...), colorSpace='rgb', contrast=None, depth=0, fillColor=array([1, 1, 1]), fillColorSpace='rgb', fillRGB=array([1, 1, 1]), interpolate=True, lineColor=array([1., 1., 1.]), lineColorSpace='rgb', lineRGB=array([1, 1, 1]), lineWidth=1.5, name='unnamed Circle', opacity=1.0, ori=0.0, pos=array([0., 0.]), size=array([1., 1.]), units='norm', vertices=ndarray(...), win=Window(...))
15.8194 	EXP 	Created unnamed Circle = Circle(__class__=<class 'psychopy.visual.circle.Circle'>, anchor=('center', 'center'), autoDraw=False, autoLog=True, closeShape=True, color=method-wrapper(...), colorSpace='rgb', contrast=None, depth=0, fillColor=array([1, 1, 1]), fillColorSpace='rgb', fillRGB=array([1, 1, 1]), interpolate=True, lineColor=array([1., 1., 1.]), lineColorSpace='rgb', lineRGB=array([1, 1, 1]), lineWidth=3, name='unnamed Circle', opacity=1.0, ori=0.0, pos=array([0., 0.]), size=array([1., 1.]), units='norm', vertices=ndarray(...), win=Window(...))
15.8285 	EXP 	Created instruct_text = TextStim(__class__=<class 'psychopy.visual.text.TextStim'>, alignHoriz=method-wrapper(...), alignText='center', alignVert=method-wrapper(...), anchorHoriz='center', anchorVert='center', antialias=True, autoDraw=False, autoLog=True, bold=False, color=array([1., 1., 1.]), colorSpace='rgb', contrast=1.0, depth=0.0, flipHoriz=False, flipVert=False, font='Arial', fontFiles=[], height=0.06, italic=False, languageStyle='LTR', name='instruct_text', opacity=1.0, ori=0, pos=array([0., 0.]), rgb=UNKNOWN, text='replace me', units='norm', win=Window(...), wrapWidth=1.2)
15.8353 	EXP 	Created text_5 = TextStim(__class__=<class 'psychopy.visual.text.TextStim'>, alignHoriz=method-wrapper(...), alignText='center', alignVert=method-wrapper(...), anchorHoriz='center', anchorVert='center', antialias=True, autoDraw=False, autoLog=True, bold=False, color=array([1., 1., 1.]), colorSpace='rgb', contrast=1.0, depth=0.0, flipHoriz=False, flipVert=False, font='Arial', fontFiles=[], height=0.1, italic=False, languageStyle='LTR', name='text_5', opacity=1.0, ori=0, pos=array([0., 0.]), rgb=UNKNOWN, text='thank you!', units='norm', win=Window(...), wrapWidth=1)
15.8754 	EXP 	instruct_text: height = 0.06
15.8754 	EXP 	instruct_text: height = 0.06
15.8754 	EXP 	instruct_text: height = 0.06
15.8754 	EXP 	instruct_text: text = 'Great job! Now, you’ll get to continue your Mental Noting with some feedback based on your brain to help your practice. \n\nIn this run, you’ll see 2 circles and a white ball in the middle. When the white ball moves up towards the top circle, this corresponds to the Noting practice.\nIf the ball gets into either of the circles, it will move back to the center. \n\nTry to keep the ball moving up towards the top circle! How many times can you get to the top?'
33.7450 	DATA 	Keypress: 1
38.4119 	DATA 	Keypress: space
38.4444 	EXP 	instruct_text: height = 0.06
38.4444 	EXP 	instruct_text: height = 0.06
38.4444 	EXP 	instruct_text: height = 0.06
38.4444 	EXP 	instruct_text: text = 'Try not focusing or paying too much attention on the ball movement since this can be distracting from the actual Noting Practice.\n\nRather, really try focusing on your sensations from moment to moment, noting them silently in your mind and just check in on the screen from time to time to see where the ball is going.'
55.1639 	DATA 	Keypress: space
55.1903 	EXP 	instruct_text: height = 0.06
55.1903 	EXP 	instruct_text: height = 0.06
55.1903 	EXP 	instruct_text: height = 0.06
55.1903 	EXP 	instruct_text: text = 'You’ll see the cross (+) on the screen for 30 seconds at the start. Whenever you see the cross, please don’t practice Noting – just relax.\n\nOnce you see the circles appear, please start the Noting practice. This practice will last 2 min. Press any button to start.'
68.9986 	DATA 	Keypress: space
69.0062 	EXP 	text_3: autoDraw = True
94.2404 	DATA 	Keypress: t
94.2724 	EXP 	text_3: autoDraw = False
94.2724 	EXP 	text_2: autoDraw = True
94.2724 	EXP 	text_relax: autoDraw = True
95.4473 	DATA 	Keypress: t
96.6300 	DATA 	Keypress: t
97.8273 	DATA 	Keypress: t
99.0465 	DATA 	Keypress: t
100.2465 	DATA 	Keypress: t
101.4452 	DATA 	Keypress: t
102.6475 	DATA 	Keypress: t
103.8447 	DATA 	Keypress: t
105.0454 	DATA 	Keypress: t
106.2291 	DATA 	Keypress: t
107.4295 	DATA 	Keypress: t
108.6289 	DATA 	Keypress: t
109.8289 	DATA 	Keypress: t
111.0283 	DATA 	Keypress: t
112.2434 	DATA 	Keypress: t
113.4462 	DATA 	Keypress: t
114.6294 	DATA 	Keypress: t
115.8452 	DATA 	Keypress: t
117.0448 	DATA 	Keypress: t
118.2346 	DATA 	Keypress: t
119.4277 	DATA 	Keypress: t
120.6287 	DATA 	Keypress: t
121.8302 	DATA 	Keypress: t
123.0288 	DATA 	Keypress: t
124.2277 	DATA 	Keypress: t
124.3058 	EXP 	text_2: autoDraw = False
124.3058 	EXP 	text_relax: autoDraw = False
124.3058 	EXP 	text_2: autoDraw = False
125.4476 	DATA 	Keypress: t
126.6463 	DATA 	Keypress: t
127.8317 	DATA 	Keypress: t
129.0481 	DATA 	Keypress: t
130.2483 	DATA 	Keypress: t
131.4309 	DATA 	Keypress: t
132.6383 	DATA 	Keypress: t
133.8496 	DATA 	Keypress: t
135.0340 	DATA 	Keypress: t
136.2485 	DATA 	Keypress: t
137.4335 	DATA 	Keypress: t
138.6390 	DATA 	Keypress: t
139.8316 	DATA 	Keypress: t
141.0481 	DATA 	Keypress: t
142.2494 	DATA 	Keypress: t
143.4358 	DATA 	Keypress: t
144.6315 	DATA 	Keypress: t
145.8497 	DATA 	Keypress: t
147.0326 	DATA 	Keypress: t
148.2493 	DATA 	Keypress: t
149.4491 	DATA 	Keypress: t
150.6317 	DATA 	Keypress: t
151.8318 	DATA 	Keypress: t
153.0383 	DATA 	Keypress: t
154.2346 	DATA 	Keypress: t
155.4471 	DATA 	Keypress: t
156.6477 	DATA 	Keypress: t
157.8456 	DATA 	Keypress: t
159.0364 	DATA 	Keypress: t
160.2302 	DATA 	Keypress: t
161.4298 	DATA 	Keypress: t
162.6370 	DATA 	Keypress: t
163.8366 	DATA 	Keypress: t
165.0481 	DATA 	Keypress: t
166.2461 	DATA 	Keypress: t
167.4381 	DATA 	Keypress: t
168.6484 	DATA 	Keypress: t
169.8471 	DATA 	Keypress: t
171.0330 	DATA 	Keypress: t
172.2310 	DATA 	Keypress: t
173.4306 	DATA 	Keypress: t
174.6313 	DATA 	Keypress: t
175.8300 	DATA 	Keypress: t
177.0310 	DATA 	Keypress: t
178.2470 	DATA 	Keypress: t
179.4307 	DATA 	Keypress: t
180.6300 	DATA 	Keypress: t
181.8463 	DATA 	Keypress: t
183.0303 	DATA 	Keypress: t
184.2462 	DATA 	Keypress: t
185.4297 	DATA 	Keypress: t
186.6476 	DATA 	Keypress: t
187.8484 	DATA 	Keypress: t
189.0457 	DATA 	Keypress: t
190.2309 	DATA 	Keypress: t
191.4483 	DATA 	Keypress: t
192.6458 	DATA 	Keypress: t
193.8482 	DATA 	Keypress: t
195.0474 	DATA 	Keypress: t
196.2473 	DATA 	Keypress: t
197.4462 	DATA 	Keypress: t
198.6307 	DATA 	Keypress: t
199.8289 	DATA 	Keypress: t
201.0472 	DATA 	Keypress: t
202.2452 	DATA 	Keypress: t
203.4292 	DATA 	Keypress: t
204.6474 	DATA 	Keypress: t
205.8470 	DATA 	Keypress: t
207.0456 	DATA 	Keypress: t
208.2389 	DATA 	Keypress: t
209.4454 	DATA 	Keypress: t
210.6290 	DATA 	Keypress: t
211.8306 	DATA 	Keypress: t
213.0472 	DATA 	Keypress: t
214.2448 	DATA 	Keypress: t
215.4457 	DATA 	Keypress: t
216.6314 	DATA 	Keypress: t
217.8456 	DATA 	Keypress: t
219.0476 	DATA 	Keypress: t
220.2306 	DATA 	Keypress: t
221.4482 	DATA 	Keypress: t
222.6354 	DATA 	Keypress: t
223.8309 	DATA 	Keypress: t
225.0364 	DATA 	Keypress: t
226.2295 	DATA 	Keypress: t
227.4345 	DATA 	Keypress: t
228.6453 	DATA 	Keypress: t
229.8452 	DATA 	Keypress: t
231.0333 	DATA 	Keypress: t
232.2452 	DATA 	Keypress: t
233.4446 	DATA 	Keypress: t
234.6281 	DATA 	Keypress: t
235.8284 	DATA 	Keypress: t
237.0444 	DATA 	Keypress: t
244.2851 	EXP 	text_2: autoDraw = True
245.2572 	EXP 	Created text = TextStim(__class__=<class 'psychopy.visual.text.TextStim'>, alignHoriz=method-wrapper(...), alignText='center', alignVert=method-wrapper(...), anchorHoriz='center', anchorVert='center', antialias=True, autoDraw=False, autoLog=True, bold=False, color=array([1., 1., 1.]), colorSpace='rgb', contrast=1.0, depth=0.0, flipHoriz=False, flipVert=False, font='Arial', fontFiles=[], height=0.06, italic=False, languageStyle='LTR', name='text', opacity=1.0, ori=0, pos=array([0. , 0.2]), rgb=UNKNOWN, text=str(...), units='norm', win=Window(...), wrapWidth=1.2)
245.2657 	EXP 	window1: mouseVisible = True
245.3237 	EXP 	Created None = Slider(__class__=<class 'psychopy.visual.slider.Slider'>, autoDraw=False, autoLog=True, borderColor=None, color=None, colorSpace='rgb', depth=0, fillColor=None, flip=False, font='Arial', granularity=1, labelColor=None, labelHeight=0.05, labelWrapWidth=None, labels=('Never', 'Always'), lineColor=None, markerColor=None, name=None, opacity=None, ori=0, pos=array([0., 0.]), readOnly=False, self=UNKNOWN, size=array([0.85, 0.1 ]), startValue=None, style='rating', styleTweaks=[], ticks=array([1, 9]), units='norm', win=Window(...))
245.3498 	EXP 	text_2: autoDraw = False
245.3498 	EXP 	None: autoLog = True
245.3498 	EXP 	None: markerPos = None
245.3498 	EXP 	None: styleTweaks = []
245.3498 	EXP 	None: styleTweaks = []
245.3498 	EXP 	None: styleTweaks = []
245.3498 	EXP 	None: styleTweaks = []
245.3498 	EXP 	None: contrast = 1.0
245.3498 	EXP 	None: autoLog = True
245.3498 	EXP 	None: markerPos = 5
246.7460 	DATA 	Keypress: 2
246.7662 	EXP 	None: markerPos = 4
248.7851 	DATA 	Keypress: 4
248.7984 	EXP 	None: markerPos = 4
248.8049 	EXP 	Created text = TextStim(__class__=<class 'psychopy.visual.text.TextStim'>, alignHoriz=method-wrapper(...), alignText='center', alignVert=method-wrapper(...), anchorHoriz='center', anchorVert='center', antialias=True, autoDraw=False, autoLog=True, bold=False, color=array([1., 1., 1.]), colorSpace='rgb', contrast=1.0, depth=0.0, flipHoriz=False, flipVert=False, font='Arial', fontFiles=[], height=0.06, italic=False, languageStyle='LTR', name='text', opacity=1.0, ori=0, pos=array([0. , 0.2]), rgb=UNKNOWN, text=str(...), units='norm', win=Window(...), wrapWidth=1.2)
248.8104 	EXP 	window1: mouseVisible = True
248.8583 	EXP 	Created None = Slider(__class__=<class 'psychopy.visual.slider.Slider'>, autoDraw=False, autoLog=True, borderColor=None, color=None, colorSpace='rgb', depth=0, fillColor=None, flip=False, font='Arial', granularity=1, labelColor=None, labelHeight=0.05, labelWrapWidth=None, labels=('Never', 'All the time'), lineColor=None, markerColor=None, name=None, opacity=None, ori=0, pos=array([0., 0.]), readOnly=False, self=UNKNOWN, size=array([0.85, 0.1 ]), startValue=None, style='rating', styleTweaks=[], ticks=array([1, 9]), units='norm', win=Window(...))
248.8829 	EXP 	None: autoLog = True
248.8829 	EXP 	None: markerPos = None
248.8829 	EXP 	None: styleTweaks = []
248.8829 	EXP 	None: styleTweaks = []
248.8829 	EXP 	None: styleTweaks = []
248.8829 	EXP 	None: styleTweaks = []
248.8829 	EXP 	None: contrast = 1.0
248.8829 	EXP 	None: autoLog = True
248.8829 	EXP 	None: markerPos = 5
250.2553 	DATA 	Keypress: 3
250.2830 	EXP 	None: markerPos = 6
252.9841 	DATA 	Keypress: 4
252.9995 	EXP 	None: markerPos = 6
253.0059 	EXP 	Created text = TextStim(__class__=<class 'psychopy.visual.text.TextStim'>, alignHoriz=method-wrapper(...), alignText='center', alignVert=method-wrapper(...), anchorHoriz='center', anchorVert='center', antialias=True, autoDraw=False, autoLog=True, bold=False, color=array([1., 1., 1.]), colorSpace='rgb', contrast=1.0, depth=0.0, flipHoriz=False, flipVert=False, font='Arial', fontFiles=[], height=0.06, italic=False, languageStyle='LTR', name='text', opacity=1.0, ori=0, pos=array([0. , 0.2]), rgb=UNKNOWN, text='How difficult was it to apply mental noting?', units='norm', win=Window(...), wrapWidth=1.2)
253.0114 	EXP 	window1: mouseVisible = True
253.0648 	EXP 	Created None = Slider(__class__=<class 'psychopy.visual.slider.Slider'>, autoDraw=False, autoLog=True, borderColor=None, color=None, colorSpace='rgb', depth=0, fillColor=None, flip=False, font='Arial', granularity=1, labelColor=None, labelHeight=0.05, labelWrapWidth=None, labels=('Not at all', 'Very Difficult'), lineColor=None, markerColor=None, name=None, opacity=None, ori=0, pos=array([0., 0.]), readOnly=False, self=UNKNOWN, size=array([0.85, 0.1 ]), startValue=None, style='rating', styleTweaks=[], ticks=array([1, 9]), units='norm', win=Window(...))
253.0812 	EXP 	None: autoLog = True
253.0812 	EXP 	None: markerPos = None
253.0812 	EXP 	None: styleTweaks = []
253.0812 	EXP 	None: styleTweaks = []
253.0812 	EXP 	None: styleTweaks = []
253.0812 	EXP 	None: styleTweaks = []
253.0812 	EXP 	None: contrast = 1.0
253.0812 	EXP 	None: autoLog = True
253.0812 	EXP 	None: markerPos = 5
254.6780 	DATA 	Keypress: 3
254.6997 	EXP 	None: markerPos = 6
255.6700 	DATA 	Keypress: 4
255.7015 	EXP 	None: markerPos = 6
255.7074 	EXP 	Created text = TextStim(__class__=<class 'psychopy.visual.text.TextStim'>, alignHoriz=method-wrapper(...), alignText='center', alignVert=method-wrapper(...), anchorHoriz='center', anchorVert='center', antialias=True, autoDraw=False, autoLog=True, bold=False, color=array([1., 1., 1.]), colorSpace='rgb', contrast=1.0, depth=0.0, flipHoriz=False, flipVert=False, font='Arial', fontFiles=[], height=0.06, italic=False, languageStyle='LTR', name='text', opacity=1.0, ori=0, pos=array([0. , 0.2]), rgb=UNKNOWN, text='How calm do you feel right now?', units='norm', win=Window(...), wrapWidth=1.2)
255.7129 	EXP 	window1: mouseVisible = True
255.7508 	EXP 	Created None = Slider(__class__=<class 'psychopy.visual.slider.Slider'>, autoDraw=False, autoLog=True, borderColor=None, color=None, colorSpace='rgb', depth=0, fillColor=None, flip=False, font='Arial', granularity=1, labelColor=None, labelHeight=0.05, labelWrapWidth=None, labels=('Not at all', 'Very calm'), lineColor=None, markerColor=None, name=None, opacity=None, ori=0, pos=array([0., 0.]), readOnly=False, self=UNKNOWN, size=array([0.85, 0.1 ]), startValue=None, style='rating', styleTweaks=[], ticks=array([1, 9]), units='norm', win=Window(...))
255.7837 	EXP 	None: autoLog = True
255.7837 	EXP 	None: markerPos = None
255.7837 	EXP 	None: styleTweaks = []
255.7837 	EXP 	None: styleTweaks = []
255.7837 	EXP 	None: styleTweaks = []
255.7837 	EXP 	None: styleTweaks = []
255.7837 	EXP 	None: contrast = 1.0
255.7837 	EXP 	None: autoLog = True
255.7837 	EXP 	None: markerPos = 5
256.5429 	DATA 	Keypress: 3
256.5664 	EXP 	None: markerPos = 6
256.7968 	DATA 	Keypress: 3
256.8215 	EXP 	None: markerPos = 7
256.9917 	DATA 	Keypress: 3
257.0195 	EXP 	None: markerPos = 8
257.2660 	DATA 	Keypress: 3
257.2863 	EXP 	None: markerPos = 9
257.7081 	DATA 	Keypress: 4
257.7337 	EXP 	None: markerPos = 9
257.7819 	EXP 	window1: mouseVisible = True
