2.6849 	WARNING 	Speech-to-text recognition module for PocketSphinx is not available (use command `pip install SpeechRecognition` to get it). Transcription will be unavailable using that service this session.
2.6855 	WARNING 	Speech-to-text recognition using Google online services is not available (use command `pip install google-api-core google-auth google-cloud google-cloud-speech googleapis-common-protos` to get it). Transcription will be unavailable using that service this session.
2.9158 	WARNING 	We strongly recommend you activate the PTB sound engine in PsychoPy prefs as the preferred audio engine. Its timing is vastly superior. Your prefs are currently set to use ['sounddevice', 'PTB', 'pyo', 'pygame'] (in that order).
15.9170 	WARNING 	Requested an unavailable screen number - using first available.
15.9184 	WARNING 	User requested fullscreen with size [1080 1080], but screen is actually [2560, 1600]. Using actual size
16.4393 	EXP 	Created window1 = Window(allowGUI=False, allowStencil=False, autoLog=True, backendConf=UNKNOWN, bitsMode=UNKNOWN, blendMode='avg', bpc=(8, 8, 8), color=array([-1, -1, -1]), colorSpace='rgb', depthBits=8, fullscr=<method-wrapper '__getattribute__' of attributeSetter object at 0x00000125E061B190>, gamma=None, gammaErrorPolicy='raise', lms=UNKNOWN, monitor=<psychopy.monitors.calibTools.Monitor object at 0x00000125E5D78490>, multiSample=False, name='window1', numSamples=2, pos=(0, 0), screen=1, size=array([2560, 1600]), stencilBits=0, stereo=False, units='norm', useFBO=True, useRetina=False, viewOri=0.0, viewPos=None, viewScale=None, waitBlanking=True, winType='pyglet')
16.4397 	EXP 	window1: mouseVisible = True
16.4397 	EXP 	window1: Attempting to measure frame rate of screen (1) ...
16.4397 	EXP 	window1: recordFrameIntervals = False
16.6069 	EXP 	window1: recordFrameIntervals = True
16.7908 	EXP 	Screen (1) actual frame rate measured at 59.78Hz
16.7908 	EXP 	window1: recordFrameIntervals = False
16.8574 	EXP 	Created text = TextStim(__class__=<class 'psychopy.visual.text.TextStim'>, alignHoriz=method-wrapper(...), alignText='center', alignVert=method-wrapper(...), anchorHoriz='center', anchorVert='center', antialias=True, autoDraw=False, autoLog=True, bold=False, color=array([1., 1., 1.]), colorSpace='rgb', contrast=1.0, depth=0.0, flipHoriz=False, flipVert=False, font='Arial', fontFiles=[], height=0.06, italic=False, languageStyle='LTR', name='text', opacity=1.0, ori=0, pos=array([0., 0.]), rgb=UNKNOWN, text=str(...), units='norm', win=Window(...), wrapWidth=1.2)
16.8657 	EXP 	Created text_3 = TextStim(__class__=<class 'psychopy.visual.text.TextStim'>, alignHoriz=method-wrapper(...), alignText='center', alignVert=method-wrapper(...), anchorHoriz='center', anchorVert='center', antialias=True, autoDraw=False, autoLog=True, bold=False, color=array([1., 1., 1.]), colorSpace='rgb', contrast=1.0, depth=0.0, flipHoriz=False, flipVert=False, font='Arial', fontFiles=[], height=0.1, italic=False, languageStyle='LTR', name='text_3', opacity=1.0, ori=0, pos=array([0., 0.]), rgb=UNKNOWN, text='waiting for scanner', units='norm', win=Window(...), wrapWidth=2)
16.9017 	EXP 	Created text_2 = TextStim(__class__=<class 'psychopy.visual.text.TextStim'>, alignHoriz=method-wrapper(...), alignText='center', alignVert=method-wrapper(...), anchorHoriz='center', anchorVert='center', antialias=True, autoDraw=False, autoLog=True, bold=False, color=array([1., 1., 1.]), colorSpace='rgb', contrast=1.0, depth=0.0, flipHoriz=False, flipVert=False, font='Arial', fontFiles=[], height=0.3, italic=False, languageStyle='LTR', name='text_2', opacity=1.0, ori=0, pos=array([0., 0.]), rgb=UNKNOWN, text='+', units='norm', win=Window(...), wrapWidth=1)
16.9082 	EXP 	Created text_relax = TextStim(__class__=<class 'psychopy.visual.text.TextStim'>, alignHoriz=method-wrapper(...), alignText='center', alignVert=method-wrapper(...), anchorHoriz='center', anchorVert='center', antialias=True, autoDraw=False, autoLog=True, bold=False, color=array([1., 1., 1.]), colorSpace='rgb', contrast=1.0, depth=0.0, flipHoriz=False, flipVert=False, font='Arial', fontFiles=[], height=0.07, italic=False, languageStyle='LTR', name='text_relax', opacity=1.0, ori=0, pos=array([ 0. , -0.2]), rgb=UNKNOWN, text='Relax', units='norm', win=Window(...), wrapWidth=1)
16.9168 	EXP 	Created text_4 = TextStim(__class__=<class 'psychopy.visual.text.TextStim'>, alignHoriz=method-wrapper(...), alignText='center', alignVert=method-wrapper(...), anchorHoriz='center', anchorVert='center', antialias=True, autoDraw=False, autoLog=True, bold=False, color=array([1., 1., 1.]), colorSpace='rgb', contrast=1.0, depth=-3.0, flipHoriz=False, flipVert=False, font='Arial', fontFiles=[], height=0.1, italic=False, languageStyle='LTR', name='text_4', opacity=1.0, ori=0, pos=array([0., 0.]), rgb=UNKNOWN, text='default text', units='norm', win=Window(...), wrapWidth=1)
16.9234 	EXP 	Created unnamed Circle = Circle(__class__=<class 'psychopy.visual.circle.Circle'>, anchor=('center', 'center'), autoDraw=False, autoLog=True, closeShape=True, color=method-wrapper(...), colorSpace='rgb', contrast=None, depth=0, fillColor=array([0, 0, 0]), fillColorSpace='rgb', fillRGB=array([0, 0, 0]), interpolate=True, lineColor=array([ 1.,  1., -1.]), lineColorSpace='rgb', lineRGB=array([ 1,  1, -1]), lineWidth=2, name='unnamed Circle', opacity=0.5, ori=0.0, pos=array([0.        , 0.33333333]), size=array([1., 1.]), units='norm', vertices=ndarray(...), win=Window(...))
16.9262 	EXP 	Created unnamed Circle = Circle(__class__=<class 'psychopy.visual.circle.Circle'>, anchor=('center', 'center'), autoDraw=False, autoLog=True, closeShape=True, color=method-wrapper(...), colorSpace='rgb', contrast=None, depth=0, fillColor=array([0, 0, 0]), fillColorSpace='rgb', fillRGB=array([0, 0, 0]), interpolate=True, lineColor=array([-1., -1.,  1.]), lineColorSpace='rgb', lineRGB=array([-1, -1,  1]), lineWidth=2, name='unnamed Circle', opacity=0.5, ori=0.0, pos=array([ 0.        , -0.33333333]), size=array([1., 1.]), units='norm', vertices=ndarray(...), win=Window(...))
16.9288 	EXP 	Created unnamed Circle = Circle(__class__=<class 'psychopy.visual.circle.Circle'>, anchor=('center', 'center'), autoDraw=False, autoLog=True, closeShape=True, color=method-wrapper(...), colorSpace='rgb', contrast=None, depth=0, fillColor=array([1, 1, 1]), fillColorSpace='rgb', fillRGB=array([1, 1, 1]), interpolate=True, lineColor=array([1., 1., 1.]), lineColorSpace='rgb', lineRGB=array([1, 1, 1]), lineWidth=1.5, name='unnamed Circle', opacity=1.0, ori=0.0, pos=array([0., 0.]), size=array([1., 1.]), units='norm', vertices=ndarray(...), win=Window(...))
16.9311 	EXP 	Created unnamed Circle = Circle(__class__=<class 'psychopy.visual.circle.Circle'>, anchor=('center', 'center'), autoDraw=False, autoLog=True, closeShape=True, color=method-wrapper(...), colorSpace='rgb', contrast=None, depth=0, fillColor=array([1, 1, 1]), fillColorSpace='rgb', fillRGB=array([1, 1, 1]), interpolate=True, lineColor=array([1., 1., 1.]), lineColorSpace='rgb', lineRGB=array([1, 1, 1]), lineWidth=3, name='unnamed Circle', opacity=1.0, ori=0.0, pos=array([0., 0.]), size=array([1., 1.]), units='norm', vertices=ndarray(...), win=Window(...))
16.9399 	EXP 	Created instruct_text = TextStim(__class__=<class 'psychopy.visual.text.TextStim'>, alignHoriz=method-wrapper(...), alignText='center', alignVert=method-wrapper(...), anchorHoriz='center', anchorVert='center', antialias=True, autoDraw=False, autoLog=True, bold=False, color=array([1., 1., 1.]), colorSpace='rgb', contrast=1.0, depth=0.0, flipHoriz=False, flipVert=False, font='Arial', fontFiles=[], height=0.06, italic=False, languageStyle='LTR', name='instruct_text', opacity=1.0, ori=0, pos=array([0., 0.]), rgb=UNKNOWN, text='replace me', units='norm', win=Window(...), wrapWidth=1.2)
16.9467 	EXP 	Created text_5 = TextStim(__class__=<class 'psychopy.visual.text.TextStim'>, alignHoriz=method-wrapper(...), alignText='center', alignVert=method-wrapper(...), anchorHoriz='center', anchorVert='center', antialias=True, autoDraw=False, autoLog=True, bold=False, color=array([1., 1., 1.]), colorSpace='rgb', contrast=1.0, depth=0.0, flipHoriz=False, flipVert=False, font='Arial', fontFiles=[], height=0.1, italic=False, languageStyle='LTR', name='text_5', opacity=1.0, ori=0, pos=array([0., 0.]), rgb=UNKNOWN, text='thank you!', units='norm', win=Window(...), wrapWidth=1)
16.9714 	EXP 	instruct_text: height = 0.06
16.9714 	EXP 	instruct_text: height = 0.06
16.9714 	EXP 	instruct_text: height = 0.06
16.9714 	EXP 	instruct_text: text = 'Great job! Next, you’ll get to practice Noting for another two minutes. \nThis time the ball and circles will not move, so you don’t need to check them.'
20.7836 	DATA 	Keypress: 3
20.9675 	DATA 	Keypress: 1
29.5666 	DATA 	Keypress: space
29.6097 	EXP 	instruct_text: height = 0.06
29.6097 	EXP 	instruct_text: height = 0.06
29.6097 	EXP 	instruct_text: height = 0.06
29.6097 	EXP 	instruct_text: text = 'You’ll see the cross (+) on the screen for 30 seconds at the start. Whenever you see the cross, please don’t practice Noting – just relax.\n\nOnce you see the circles appear, please start the Noting practice. This practice will last 2 min. Press any button to start.'
31.2445 	DATA 	Keypress: 3
39.5953 	DATA 	Keypress: space
39.6031 	EXP 	text_3: autoDraw = True
60.9722 	DATA 	Keypress: t
61.0210 	EXP 	text_3: autoDraw = False
61.0210 	EXP 	text_2: autoDraw = True
61.0210 	EXP 	text_relax: autoDraw = True
62.1836 	DATA 	Keypress: t
63.3942 	DATA 	Keypress: t
64.5771 	DATA 	Keypress: t
65.7943 	DATA 	Keypress: t
66.9774 	DATA 	Keypress: t
68.1942 	DATA 	Keypress: t
69.3949 	DATA 	Keypress: t
70.5944 	DATA 	Keypress: t
71.7835 	DATA 	Keypress: t
72.2534 	DATA 	Keypress: 1
72.9948 	DATA 	Keypress: t
74.1940 	DATA 	Keypress: t
75.3950 	DATA 	Keypress: t
76.5695 	DATA 	Keypress: t
77.7947 	DATA 	Keypress: t
78.9767 	DATA 	Keypress: t
80.1932 	DATA 	Keypress: t
81.3846 	DATA 	Keypress: t
82.5793 	DATA 	Keypress: t
83.7692 	DATA 	Keypress: t
84.9764 	DATA 	Keypress: t
86.1783 	DATA 	Keypress: t
87.3926 	DATA 	Keypress: t
88.5791 	DATA 	Keypress: t
89.7842 	DATA 	Keypress: t
90.9838 	DATA 	Keypress: t
91.0185 	EXP 	text_2: autoDraw = False
91.0185 	EXP 	text_relax: autoDraw = False
91.0185 	EXP 	text_2: autoDraw = False
92.1742 	DATA 	Keypress: t
93.3863 	DATA 	Keypress: t
94.5758 	DATA 	Keypress: t
95.7746 	DATA 	Keypress: t
96.9874 	DATA 	Keypress: t
98.1736 	DATA 	Keypress: t
99.3794 	DATA 	Keypress: t
100.5754 	DATA 	Keypress: t
101.7924 	DATA 	Keypress: t
102.9681 	DATA 	Keypress: t
104.1770 	DATA 	Keypress: t
105.3863 	DATA 	Keypress: t
106.5712 	DATA 	Keypress: t
107.7816 	DATA 	Keypress: t
108.9804 	DATA 	Keypress: t
110.1877 	DATA 	Keypress: t
111.3877 	DATA 	Keypress: t
112.5891 	DATA 	Keypress: t
113.7862 	DATA 	Keypress: t
114.9675 	DATA 	Keypress: t
116.1898 	DATA 	Keypress: t
117.3797 	DATA 	Keypress: t
118.5876 	DATA 	Keypress: t
119.7875 	DATA 	Keypress: t
120.9912 	DATA 	Keypress: t
122.1784 	DATA 	Keypress: t
123.3775 	DATA 	Keypress: t
124.5714 	DATA 	Keypress: t
125.7733 	DATA 	Keypress: t
126.9880 	DATA 	Keypress: t
128.1842 	DATA 	Keypress: t
129.3767 	DATA 	Keypress: t
130.5741 	DATA 	Keypress: t
131.7806 	DATA 	Keypress: t
132.9736 	DATA 	Keypress: t
134.1833 	DATA 	Keypress: t
135.3718 	DATA 	Keypress: t
136.5775 	DATA 	Keypress: t
137.7712 	DATA 	Keypress: t
138.9777 	DATA 	Keypress: t
140.1899 	DATA 	Keypress: t
141.3706 	DATA 	Keypress: t
142.5829 	DATA 	Keypress: t
143.7850 	DATA 	Keypress: t
144.9845 	DATA 	Keypress: t
146.1874 	DATA 	Keypress: t
147.3853 	DATA 	Keypress: t
148.5853 	DATA 	Keypress: t
149.7868 	DATA 	Keypress: t
150.9840 	DATA 	Keypress: t
152.1864 	DATA 	Keypress: t
153.3765 	DATA 	Keypress: t
154.5804 	DATA 	Keypress: t
155.7832 	DATA 	Keypress: t
156.9687 	DATA 	Keypress: t
158.1858 	DATA 	Keypress: t
159.3902 	DATA 	Keypress: t
160.5808 	DATA 	Keypress: t
161.7682 	DATA 	Keypress: t
162.9877 	DATA 	Keypress: t
164.1711 	DATA 	Keypress: t
165.3697 	DATA 	Keypress: t
166.5679 	DATA 	Keypress: t
167.7901 	DATA 	Keypress: t
168.9842 	DATA 	Keypress: t
170.1912 	DATA 	Keypress: t
171.3866 	DATA 	Keypress: t
172.5875 	DATA 	Keypress: t
173.7779 	DATA 	Keypress: t
174.9838 	DATA 	Keypress: t
176.1733 	DATA 	Keypress: t
177.3712 	DATA 	Keypress: t
178.5920 	DATA 	Keypress: t
179.7683 	DATA 	Keypress: t
180.9749 	DATA 	Keypress: t
182.1872 	DATA 	Keypress: t
183.3692 	DATA 	Keypress: t
184.5859 	DATA 	Keypress: t
185.7739 	DATA 	Keypress: t
186.9742 	DATA 	Keypress: t
188.1757 	DATA 	Keypress: t
189.3832 	DATA 	Keypress: t
190.5914 	DATA 	Keypress: t
191.7767 	DATA 	Keypress: t
192.9735 	DATA 	Keypress: t
194.1701 	DATA 	Keypress: t
195.3831 	DATA 	Keypress: t
196.5750 	DATA 	Keypress: t
197.7874 	DATA 	Keypress: t
198.9899 	DATA 	Keypress: t
199.1427 	DATA 	Keypress: 1
200.1839 	DATA 	Keypress: t
201.3744 	DATA 	Keypress: t
202.5887 	DATA 	Keypress: t
203.7912 	DATA 	Keypress: t
210.9995 	EXP 	text_2: autoDraw = True
211.9887 	EXP 	Created text = TextStim(__class__=<class 'psychopy.visual.text.TextStim'>, alignHoriz=method-wrapper(...), alignText='center', alignVert=method-wrapper(...), anchorHoriz='center', anchorVert='center', antialias=True, autoDraw=False, autoLog=True, bold=False, color=array([1., 1., 1.]), colorSpace='rgb', contrast=1.0, depth=0.0, flipHoriz=False, flipVert=False, font='Arial', fontFiles=[], height=0.06, italic=False, languageStyle='LTR', name='text', opacity=1.0, ori=0, pos=array([0. , 0.2]), rgb=UNKNOWN, text=str(...), units='norm', win=Window(...), wrapWidth=1.2)
211.9987 	EXP 	window1: mouseVisible = True
212.0541 	EXP 	Created None = Slider(__class__=<class 'psychopy.visual.slider.Slider'>, autoDraw=False, autoLog=True, borderColor=None, color=None, colorSpace='rgb', depth=0, fillColor=None, flip=False, font='Arial', granularity=1, labelColor=None, labelHeight=0.05, labelWrapWidth=None, labels=('Never', 'Always'), lineColor=None, markerColor=None, name=None, opacity=None, ori=0, pos=array([0., 0.]), readOnly=False, self=UNKNOWN, size=array([0.85, 0.1 ]), startValue=None, style='rating', styleTweaks=[], ticks=array([1, 9]), units='norm', win=Window(...))
212.0812 	EXP 	text_2: autoDraw = False
212.0812 	EXP 	None: autoLog = True
212.0812 	EXP 	None: markerPos = None
212.0812 	EXP 	None: styleTweaks = []
212.0812 	EXP 	None: styleTweaks = []
212.0812 	EXP 	None: styleTweaks = []
212.0812 	EXP 	None: styleTweaks = []
212.0812 	EXP 	None: contrast = 1.0
212.0812 	EXP 	None: autoLog = True
212.0812 	EXP 	None: markerPos = 5
214.0389 	DATA 	Keypress: 4
214.0671 	EXP 	None: markerPos = 5
214.0741 	EXP 	Created text = TextStim(__class__=<class 'psychopy.visual.text.TextStim'>, alignHoriz=method-wrapper(...), alignText='center', alignVert=method-wrapper(...), anchorHoriz='center', anchorVert='center', antialias=True, autoDraw=False, autoLog=True, bold=False, color=array([1., 1., 1.]), colorSpace='rgb', contrast=1.0, depth=0.0, flipHoriz=False, flipVert=False, font='Arial', fontFiles=[], height=0.06, italic=False, languageStyle='LTR', name='text', opacity=1.0, ori=0, pos=array([0. , 0.2]), rgb=UNKNOWN, text=str(...), units='norm', win=Window(...), wrapWidth=1.2)
214.0798 	EXP 	window1: mouseVisible = True
214.1249 	EXP 	Created None = Slider(__class__=<class 'psychopy.visual.slider.Slider'>, autoDraw=False, autoLog=True, borderColor=None, color=None, colorSpace='rgb', depth=0, fillColor=None, flip=False, font='Arial', granularity=1, labelColor=None, labelHeight=0.05, labelWrapWidth=None, labels=('Never', 'All the time'), lineColor=None, markerColor=None, name=None, opacity=None, ori=0, pos=array([0., 0.]), readOnly=False, self=UNKNOWN, size=array([0.85, 0.1 ]), startValue=None, style='rating', styleTweaks=[], ticks=array([1, 9]), units='norm', win=Window(...))
214.1479 	EXP 	None: autoLog = True
214.1479 	EXP 	None: markerPos = None
214.1479 	EXP 	None: styleTweaks = []
214.1479 	EXP 	None: styleTweaks = []
214.1479 	EXP 	None: styleTweaks = []
214.1479 	EXP 	None: styleTweaks = []
214.1479 	EXP 	None: contrast = 1.0
214.1479 	EXP 	None: autoLog = True
214.1479 	EXP 	None: markerPos = 5
216.0095 	DATA 	Keypress: 2
216.0313 	EXP 	None: markerPos = 4
216.2824 	DATA 	Keypress: 2
216.3016 	EXP 	None: markerPos = 3
216.4653 	DATA 	Keypress: 2
216.4857 	EXP 	None: markerPos = 2
216.6774 	DATA 	Keypress: 2
216.7025 	EXP 	None: markerPos = 1
216.8903 	DATA 	Keypress: 4
216.9185 	EXP 	None: markerPos = 1
216.9249 	EXP 	Created text = TextStim(__class__=<class 'psychopy.visual.text.TextStim'>, alignHoriz=method-wrapper(...), alignText='center', alignVert=method-wrapper(...), anchorHoriz='center', anchorVert='center', antialias=True, autoDraw=False, autoLog=True, bold=False, color=array([1., 1., 1.]), colorSpace='rgb', contrast=1.0, depth=0.0, flipHoriz=False, flipVert=False, font='Arial', fontFiles=[], height=0.06, italic=False, languageStyle='LTR', name='text', opacity=1.0, ori=0, pos=array([0. , 0.2]), rgb=UNKNOWN, text='How difficult was it to apply mental noting?', units='norm', win=Window(...), wrapWidth=1.2)
216.9304 	EXP 	window1: mouseVisible = True
216.9797 	EXP 	Created None = Slider(__class__=<class 'psychopy.visual.slider.Slider'>, autoDraw=False, autoLog=True, borderColor=None, color=None, colorSpace='rgb', depth=0, fillColor=None, flip=False, font='Arial', granularity=1, labelColor=None, labelHeight=0.05, labelWrapWidth=None, labels=('Not at all', 'Very Difficult'), lineColor=None, markerColor=None, name=None, opacity=None, ori=0, pos=array([0., 0.]), readOnly=False, self=UNKNOWN, size=array([0.85, 0.1 ]), startValue=None, style='rating', styleTweaks=[], ticks=array([1, 9]), units='norm', win=Window(...))
217.0180 	EXP 	None: autoLog = True
217.0180 	EXP 	None: markerPos = None
217.0180 	EXP 	None: styleTweaks = []
217.0180 	EXP 	None: styleTweaks = []
217.0180 	EXP 	None: styleTweaks = []
217.0180 	EXP 	None: styleTweaks = []
217.0180 	EXP 	None: contrast = 1.0
217.0180 	EXP 	None: autoLog = True
217.0180 	EXP 	None: markerPos = 5
218.3105 	DATA 	Keypress: 3
218.3314 	EXP 	None: markerPos = 6
218.6724 	DATA 	Keypress: 4
218.6993 	EXP 	None: markerPos = 6
218.7064 	EXP 	Created text = TextStim(__class__=<class 'psychopy.visual.text.TextStim'>, alignHoriz=method-wrapper(...), alignText='center', alignVert=method-wrapper(...), anchorHoriz='center', anchorVert='center', antialias=True, autoDraw=False, autoLog=True, bold=False, color=array([1., 1., 1.]), colorSpace='rgb', contrast=1.0, depth=0.0, flipHoriz=False, flipVert=False, font='Arial', fontFiles=[], height=0.06, italic=False, languageStyle='LTR', name='text', opacity=1.0, ori=0, pos=array([0. , 0.2]), rgb=UNKNOWN, text='How calm do you feel right now?', units='norm', win=Window(...), wrapWidth=1.2)
218.7119 	EXP 	window1: mouseVisible = True
218.7508 	EXP 	Created None = Slider(__class__=<class 'psychopy.visual.slider.Slider'>, autoDraw=False, autoLog=True, borderColor=None, color=None, colorSpace='rgb', depth=0, fillColor=None, flip=False, font='Arial', granularity=1, labelColor=None, labelHeight=0.05, labelWrapWidth=None, labels=('Not at all', 'Very calm'), lineColor=None, markerColor=None, name=None, opacity=None, ori=0, pos=array([0., 0.]), readOnly=False, self=UNKNOWN, size=array([0.85, 0.1 ]), startValue=None, style='rating', styleTweaks=[], ticks=array([1, 9]), units='norm', win=Window(...))
218.7834 	EXP 	None: autoLog = True
218.7834 	EXP 	None: markerPos = None
218.7834 	EXP 	None: styleTweaks = []
218.7834 	EXP 	None: styleTweaks = []
218.7834 	EXP 	None: styleTweaks = []
218.7834 	EXP 	None: styleTweaks = []
218.7834 	EXP 	None: contrast = 1.0
218.7834 	EXP 	None: autoLog = True
218.7834 	EXP 	None: markerPos = 5
219.6324 	DATA 	Keypress: 3
219.6474 	EXP 	None: markerPos = 6
219.8423 	DATA 	Keypress: 3
219.8680 	EXP 	None: markerPos = 7
219.9962 	DATA 	Keypress: 3
220.0218 	EXP 	None: markerPos = 8
220.3745 	DATA 	Keypress: 4
220.3993 	EXP 	None: markerPos = 8
220.4485 	EXP 	window1: mouseVisible = True
2.6849 	WARNING 	Speech-to-text recognition module for PocketSphinx is not available (use command `pip install SpeechRecognition` to get it). Transcription will be unavailable using that service this session.
2.6855 	WARNING 	Speech-to-text recognition using Google online services is not available (use command `pip install google-api-core google-auth google-cloud google-cloud-speech googleapis-common-protos` to get it). Transcription will be unavailable using that service this session.
2.9158 	WARNING 	We strongly recommend you activate the PTB sound engine in PsychoPy prefs as the preferred audio engine. Its timing is vastly superior. Your prefs are currently set to use ['sounddevice', 'PTB', 'pyo', 'pygame'] (in that order).
15.9170 	WARNING 	Requested an unavailable screen number - using first available.
15.9184 	WARNING 	User requested fullscreen with size [1080 1080], but screen is actually [2560, 1600]. Using actual size
16.4393 	EXP 	Created window1 = Window(allowGUI=False, allowStencil=False, autoLog=True, backendConf=UNKNOWN, bitsMode=UNKNOWN, blendMode='avg', bpc=(8, 8, 8), color=array([-1, -1, -1]), colorSpace='rgb', depthBits=8, fullscr=<method-wrapper '__getattribute__' of attributeSetter object at 0x00000125E061B190>, gamma=None, gammaErrorPolicy='raise', lms=UNKNOWN, monitor=<psychopy.monitors.calibTools.Monitor object at 0x00000125E5D78490>, multiSample=False, name='window1', numSamples=2, pos=(0, 0), screen=1, size=array([2560, 1600]), stencilBits=0, stereo=False, units='norm', useFBO=True, useRetina=False, viewOri=0.0, viewPos=None, viewScale=None, waitBlanking=True, winType='pyglet')
16.4397 	EXP 	window1: mouseVisible = True
16.4397 	EXP 	window1: Attempting to measure frame rate of screen (1) ...
16.4397 	EXP 	window1: recordFrameIntervals = False
16.6069 	EXP 	window1: recordFrameIntervals = True
16.7908 	EXP 	Screen (1) actual frame rate measured at 59.78Hz
16.7908 	EXP 	window1: recordFrameIntervals = False
16.8574 	EXP 	Created text = TextStim(__class__=<class 'psychopy.visual.text.TextStim'>, alignHoriz=method-wrapper(...), alignText='center', alignVert=method-wrapper(...), anchorHoriz='center', anchorVert='center', antialias=True, autoDraw=False, autoLog=True, bold=False, color=array([1., 1., 1.]), colorSpace='rgb', contrast=1.0, depth=0.0, flipHoriz=False, flipVert=False, font='Arial', fontFiles=[], height=0.06, italic=False, languageStyle='LTR', name='text', opacity=1.0, ori=0, pos=array([0., 0.]), rgb=UNKNOWN, text=str(...), units='norm', win=Window(...), wrapWidth=1.2)
16.8657 	EXP 	Created text_3 = TextStim(__class__=<class 'psychopy.visual.text.TextStim'>, alignHoriz=method-wrapper(...), alignText='center', alignVert=method-wrapper(...), anchorHoriz='center', anchorVert='center', antialias=True, autoDraw=False, autoLog=True, bold=False, color=array([1., 1., 1.]), colorSpace='rgb', contrast=1.0, depth=0.0, flipHoriz=False, flipVert=False, font='Arial', fontFiles=[], height=0.1, italic=False, languageStyle='LTR', name='text_3', opacity=1.0, ori=0, pos=array([0., 0.]), rgb=UNKNOWN, text='waiting for scanner', units='norm', win=Window(...), wrapWidth=2)
16.9017 	EXP 	Created text_2 = TextStim(__class__=<class 'psychopy.visual.text.TextStim'>, alignHoriz=method-wrapper(...), alignText='center', alignVert=method-wrapper(...), anchorHoriz='center', anchorVert='center', antialias=True, autoDraw=False, autoLog=True, bold=False, color=array([1., 1., 1.]), colorSpace='rgb', contrast=1.0, depth=0.0, flipHoriz=False, flipVert=False, font='Arial', fontFiles=[], height=0.3, italic=False, languageStyle='LTR', name='text_2', opacity=1.0, ori=0, pos=array([0., 0.]), rgb=UNKNOWN, text='+', units='norm', win=Window(...), wrapWidth=1)
16.9082 	EXP 	Created text_relax = TextStim(__class__=<class 'psychopy.visual.text.TextStim'>, alignHoriz=method-wrapper(...), alignText='center', alignVert=method-wrapper(...), anchorHoriz='center', anchorVert='center', antialias=True, autoDraw=False, autoLog=True, bold=False, color=array([1., 1., 1.]), colorSpace='rgb', contrast=1.0, depth=0.0, flipHoriz=False, flipVert=False, font='Arial', fontFiles=[], height=0.07, italic=False, languageStyle='LTR', name='text_relax', opacity=1.0, ori=0, pos=array([ 0. , -0.2]), rgb=UNKNOWN, text='Relax', units='norm', win=Window(...), wrapWidth=1)
16.9168 	EXP 	Created text_4 = TextStim(__class__=<class 'psychopy.visual.text.TextStim'>, alignHoriz=method-wrapper(...), alignText='center', alignVert=method-wrapper(...), anchorHoriz='center', anchorVert='center', antialias=True, autoDraw=False, autoLog=True, bold=False, color=array([1., 1., 1.]), colorSpace='rgb', contrast=1.0, depth=-3.0, flipHoriz=False, flipVert=False, font='Arial', fontFiles=[], height=0.1, italic=False, languageStyle='LTR', name='text_4', opacity=1.0, ori=0, pos=array([0., 0.]), rgb=UNKNOWN, text='default text', units='norm', win=Window(...), wrapWidth=1)
16.9234 	EXP 	Created unnamed Circle = Circle(__class__=<class 'psychopy.visual.circle.Circle'>, anchor=('center', 'center'), autoDraw=False, autoLog=True, closeShape=True, color=method-wrapper(...), colorSpace='rgb', contrast=None, depth=0, fillColor=array([0, 0, 0]), fillColorSpace='rgb', fillRGB=array([0, 0, 0]), interpolate=True, lineColor=array([ 1.,  1., -1.]), lineColorSpace='rgb', lineRGB=array([ 1,  1, -1]), lineWidth=2, name='unnamed Circle', opacity=0.5, ori=0.0, pos=array([0.        , 0.33333333]), size=array([1., 1.]), units='norm', vertices=ndarray(...), win=Window(...))
16.9262 	EXP 	Created unnamed Circle = Circle(__class__=<class 'psychopy.visual.circle.Circle'>, anchor=('center', 'center'), autoDraw=False, autoLog=True, closeShape=True, color=method-wrapper(...), colorSpace='rgb', contrast=None, depth=0, fillColor=array([0, 0, 0]), fillColorSpace='rgb', fillRGB=array([0, 0, 0]), interpolate=True, lineColor=array([-1., -1.,  1.]), lineColorSpace='rgb', lineRGB=array([-1, -1,  1]), lineWidth=2, name='unnamed Circle', opacity=0.5, ori=0.0, pos=array([ 0.        , -0.33333333]), size=array([1., 1.]), units='norm', vertices=ndarray(...), win=Window(...))
16.9288 	EXP 	Created unnamed Circle = Circle(__class__=<class 'psychopy.visual.circle.Circle'>, anchor=('center', 'center'), autoDraw=False, autoLog=True, closeShape=True, color=method-wrapper(...), colorSpace='rgb', contrast=None, depth=0, fillColor=array([1, 1, 1]), fillColorSpace='rgb', fillRGB=array([1, 1, 1]), interpolate=True, lineColor=array([1., 1., 1.]), lineColorSpace='rgb', lineRGB=array([1, 1, 1]), lineWidth=1.5, name='unnamed Circle', opacity=1.0, ori=0.0, pos=array([0., 0.]), size=array([1., 1.]), units='norm', vertices=ndarray(...), win=Window(...))
16.9311 	EXP 	Created unnamed Circle = Circle(__class__=<class 'psychopy.visual.circle.Circle'>, anchor=('center', 'center'), autoDraw=False, autoLog=True, closeShape=True, color=method-wrapper(...), colorSpace='rgb', contrast=None, depth=0, fillColor=array([1, 1, 1]), fillColorSpace='rgb', fillRGB=array([1, 1, 1]), interpolate=True, lineColor=array([1., 1., 1.]), lineColorSpace='rgb', lineRGB=array([1, 1, 1]), lineWidth=3, name='unnamed Circle', opacity=1.0, ori=0.0, pos=array([0., 0.]), size=array([1., 1.]), units='norm', vertices=ndarray(...), win=Window(...))
16.9399 	EXP 	Created instruct_text = TextStim(__class__=<class 'psychopy.visual.text.TextStim'>, alignHoriz=method-wrapper(...), alignText='center', alignVert=method-wrapper(...), anchorHoriz='center', anchorVert='center', antialias=True, autoDraw=False, autoLog=True, bold=False, color=array([1., 1., 1.]), colorSpace='rgb', contrast=1.0, depth=0.0, flipHoriz=False, flipVert=False, font='Arial', fontFiles=[], height=0.06, italic=False, languageStyle='LTR', name='instruct_text', opacity=1.0, ori=0, pos=array([0., 0.]), rgb=UNKNOWN, text='replace me', units='norm', win=Window(...), wrapWidth=1.2)
16.9467 	EXP 	Created text_5 = TextStim(__class__=<class 'psychopy.visual.text.TextStim'>, alignHoriz=method-wrapper(...), alignText='center', alignVert=method-wrapper(...), anchorHoriz='center', anchorVert='center', antialias=True, autoDraw=False, autoLog=True, bold=False, color=array([1., 1., 1.]), colorSpace='rgb', contrast=1.0, depth=0.0, flipHoriz=False, flipVert=False, font='Arial', fontFiles=[], height=0.1, italic=False, languageStyle='LTR', name='text_5', opacity=1.0, ori=0, pos=array([0., 0.]), rgb=UNKNOWN, text='thank you!', units='norm', win=Window(...), wrapWidth=1)
16.9714 	EXP 	instruct_text: height = 0.06
16.9714 	EXP 	instruct_text: height = 0.06
16.9714 	EXP 	instruct_text: height = 0.06
16.9714 	EXP 	instruct_text: text = 'Great job! Next, you’ll get to practice Noting for another two minutes. \nThis time the ball and circles will not move, so you don’t need to check them.'
20.7836 	DATA 	Keypress: 3
20.9675 	DATA 	Keypress: 1
29.5666 	DATA 	Keypress: space
29.6097 	EXP 	instruct_text: height = 0.06
29.6097 	EXP 	instruct_text: height = 0.06
29.6097 	EXP 	instruct_text: height = 0.06
29.6097 	EXP 	instruct_text: text = 'You’ll see the cross (+) on the screen for 30 seconds at the start. Whenever you see the cross, please don’t practice Noting – just relax.\n\nOnce you see the circles appear, please start the Noting practice. This practice will last 2 min. Press any button to start.'
31.2445 	DATA 	Keypress: 3
39.5953 	DATA 	Keypress: space
39.6031 	EXP 	text_3: autoDraw = True
60.9722 	DATA 	Keypress: t
61.0210 	EXP 	text_3: autoDraw = False
61.0210 	EXP 	text_2: autoDraw = True
61.0210 	EXP 	text_relax: autoDraw = True
62.1836 	DATA 	Keypress: t
63.3942 	DATA 	Keypress: t
64.5771 	DATA 	Keypress: t
65.7943 	DATA 	Keypress: t
66.9774 	DATA 	Keypress: t
68.1942 	DATA 	Keypress: t
69.3949 	DATA 	Keypress: t
70.5944 	DATA 	Keypress: t
71.7835 	DATA 	Keypress: t
72.2534 	DATA 	Keypress: 1
72.9948 	DATA 	Keypress: t
74.1940 	DATA 	Keypress: t
75.3950 	DATA 	Keypress: t
76.5695 	DATA 	Keypress: t
77.7947 	DATA 	Keypress: t
78.9767 	DATA 	Keypress: t
80.1932 	DATA 	Keypress: t
81.3846 	DATA 	Keypress: t
82.5793 	DATA 	Keypress: t
83.7692 	DATA 	Keypress: t
84.9764 	DATA 	Keypress: t
86.1783 	DATA 	Keypress: t
87.3926 	DATA 	Keypress: t
88.5791 	DATA 	Keypress: t
89.7842 	DATA 	Keypress: t
90.9838 	DATA 	Keypress: t
91.0185 	EXP 	text_2: autoDraw = False
91.0185 	EXP 	text_relax: autoDraw = False
91.0185 	EXP 	text_2: autoDraw = False
92.1742 	DATA 	Keypress: t
93.3863 	DATA 	Keypress: t
94.5758 	DATA 	Keypress: t
95.7746 	DATA 	Keypress: t
96.9874 	DATA 	Keypress: t
98.1736 	DATA 	Keypress: t
99.3794 	DATA 	Keypress: t
100.5754 	DATA 	Keypress: t
101.7924 	DATA 	Keypress: t
102.9681 	DATA 	Keypress: t
104.1770 	DATA 	Keypress: t
105.3863 	DATA 	Keypress: t
106.5712 	DATA 	Keypress: t
107.7816 	DATA 	Keypress: t
108.9804 	DATA 	Keypress: t
110.1877 	DATA 	Keypress: t
111.3877 	DATA 	Keypress: t
112.5891 	DATA 	Keypress: t
113.7862 	DATA 	Keypress: t
114.9675 	DATA 	Keypress: t
116.1898 	DATA 	Keypress: t
117.3797 	DATA 	Keypress: t
118.5876 	DATA 	Keypress: t
119.7875 	DATA 	Keypress: t
120.9912 	DATA 	Keypress: t
122.1784 	DATA 	Keypress: t
123.3775 	DATA 	Keypress: t
124.5714 	DATA 	Keypress: t
125.7733 	DATA 	Keypress: t
126.9880 	DATA 	Keypress: t
128.1842 	DATA 	Keypress: t
129.3767 	DATA 	Keypress: t
130.5741 	DATA 	Keypress: t
131.7806 	DATA 	Keypress: t
132.9736 	DATA 	Keypress: t
134.1833 	DATA 	Keypress: t
135.3718 	DATA 	Keypress: t
136.5775 	DATA 	Keypress: t
137.7712 	DATA 	Keypress: t
138.9777 	DATA 	Keypress: t
140.1899 	DATA 	Keypress: t
141.3706 	DATA 	Keypress: t
142.5829 	DATA 	Keypress: t
143.7850 	DATA 	Keypress: t
144.9845 	DATA 	Keypress: t
146.1874 	DATA 	Keypress: t
147.3853 	DATA 	Keypress: t
148.5853 	DATA 	Keypress: t
149.7868 	DATA 	Keypress: t
150.9840 	DATA 	Keypress: t
152.1864 	DATA 	Keypress: t
153.3765 	DATA 	Keypress: t
154.5804 	DATA 	Keypress: t
155.7832 	DATA 	Keypress: t
156.9687 	DATA 	Keypress: t
158.1858 	DATA 	Keypress: t
159.3902 	DATA 	Keypress: t
160.5808 	DATA 	Keypress: t
161.7682 	DATA 	Keypress: t
162.9877 	DATA 	Keypress: t
164.1711 	DATA 	Keypress: t
165.3697 	DATA 	Keypress: t
166.5679 	DATA 	Keypress: t
167.7901 	DATA 	Keypress: t
168.9842 	DATA 	Keypress: t
170.1912 	DATA 	Keypress: t
171.3866 	DATA 	Keypress: t
172.5875 	DATA 	Keypress: t
173.7779 	DATA 	Keypress: t
174.9838 	DATA 	Keypress: t
176.1733 	DATA 	Keypress: t
177.3712 	DATA 	Keypress: t
178.5920 	DATA 	Keypress: t
179.7683 	DATA 	Keypress: t
180.9749 	DATA 	Keypress: t
182.1872 	DATA 	Keypress: t
183.3692 	DATA 	Keypress: t
184.5859 	DATA 	Keypress: t
185.7739 	DATA 	Keypress: t
186.9742 	DATA 	Keypress: t
188.1757 	DATA 	Keypress: t
189.3832 	DATA 	Keypress: t
190.5914 	DATA 	Keypress: t
191.7767 	DATA 	Keypress: t
192.9735 	DATA 	Keypress: t
194.1701 	DATA 	Keypress: t
195.3831 	DATA 	Keypress: t
196.5750 	DATA 	Keypress: t
197.7874 	DATA 	Keypress: t
198.9899 	DATA 	Keypress: t
199.1427 	DATA 	Keypress: 1
200.1839 	DATA 	Keypress: t
201.3744 	DATA 	Keypress: t
202.5887 	DATA 	Keypress: t
203.7912 	DATA 	Keypress: t
210.9995 	EXP 	text_2: autoDraw = True
211.9887 	EXP 	Created text = TextStim(__class__=<class 'psychopy.visual.text.TextStim'>, alignHoriz=method-wrapper(...), alignText='center', alignVert=method-wrapper(...), anchorHoriz='center', anchorVert='center', antialias=True, autoDraw=False, autoLog=True, bold=False, color=array([1., 1., 1.]), colorSpace='rgb', contrast=1.0, depth=0.0, flipHoriz=False, flipVert=False, font='Arial', fontFiles=[], height=0.06, italic=False, languageStyle='LTR', name='text', opacity=1.0, ori=0, pos=array([0. , 0.2]), rgb=UNKNOWN, text=str(...), units='norm', win=Window(...), wrapWidth=1.2)
211.9987 	EXP 	window1: mouseVisible = True
212.0541 	EXP 	Created None = Slider(__class__=<class 'psychopy.visual.slider.Slider'>, autoDraw=False, autoLog=True, borderColor=None, color=None, colorSpace='rgb', depth=0, fillColor=None, flip=False, font='Arial', granularity=1, labelColor=None, labelHeight=0.05, labelWrapWidth=None, labels=('Never', 'Always'), lineColor=None, markerColor=None, name=None, opacity=None, ori=0, pos=array([0., 0.]), readOnly=False, self=UNKNOWN, size=array([0.85, 0.1 ]), startValue=None, style='rating', styleTweaks=[], ticks=array([1, 9]), units='norm', win=Window(...))
212.0812 	EXP 	text_2: autoDraw = False
212.0812 	EXP 	None: autoLog = True
212.0812 	EXP 	None: markerPos = None
212.0812 	EXP 	None: styleTweaks = []
212.0812 	EXP 	None: styleTweaks = []
212.0812 	EXP 	None: styleTweaks = []
212.0812 	EXP 	None: styleTweaks = []
212.0812 	EXP 	None: contrast = 1.0
212.0812 	EXP 	None: autoLog = True
212.0812 	EXP 	None: markerPos = 5
214.0389 	DATA 	Keypress: 4
214.0671 	EXP 	None: markerPos = 5
214.0741 	EXP 	Created text = TextStim(__class__=<class 'psychopy.visual.text.TextStim'>, alignHoriz=method-wrapper(...), alignText='center', alignVert=method-wrapper(...), anchorHoriz='center', anchorVert='center', antialias=True, autoDraw=False, autoLog=True, bold=False, color=array([1., 1., 1.]), colorSpace='rgb', contrast=1.0, depth=0.0, flipHoriz=False, flipVert=False, font='Arial', fontFiles=[], height=0.06, italic=False, languageStyle='LTR', name='text', opacity=1.0, ori=0, pos=array([0. , 0.2]), rgb=UNKNOWN, text=str(...), units='norm', win=Window(...), wrapWidth=1.2)
214.0798 	EXP 	window1: mouseVisible = True
214.1249 	EXP 	Created None = Slider(__class__=<class 'psychopy.visual.slider.Slider'>, autoDraw=False, autoLog=True, borderColor=None, color=None, colorSpace='rgb', depth=0, fillColor=None, flip=False, font='Arial', granularity=1, labelColor=None, labelHeight=0.05, labelWrapWidth=None, labels=('Never', 'All the time'), lineColor=None, markerColor=None, name=None, opacity=None, ori=0, pos=array([0., 0.]), readOnly=False, self=UNKNOWN, size=array([0.85, 0.1 ]), startValue=None, style='rating', styleTweaks=[], ticks=array([1, 9]), units='norm', win=Window(...))
214.1479 	EXP 	None: autoLog = True
214.1479 	EXP 	None: markerPos = None
214.1479 	EXP 	None: styleTweaks = []
214.1479 	EXP 	None: styleTweaks = []
214.1479 	EXP 	None: styleTweaks = []
214.1479 	EXP 	None: styleTweaks = []
214.1479 	EXP 	None: contrast = 1.0
214.1479 	EXP 	None: autoLog = True
214.1479 	EXP 	None: markerPos = 5
216.0095 	DATA 	Keypress: 2
216.0313 	EXP 	None: markerPos = 4
216.2824 	DATA 	Keypress: 2
216.3016 	EXP 	None: markerPos = 3
216.4653 	DATA 	Keypress: 2
216.4857 	EXP 	None: markerPos = 2
216.6774 	DATA 	Keypress: 2
216.7025 	EXP 	None: markerPos = 1
216.8903 	DATA 	Keypress: 4
216.9185 	EXP 	None: markerPos = 1
216.9249 	EXP 	Created text = TextStim(__class__=<class 'psychopy.visual.text.TextStim'>, alignHoriz=method-wrapper(...), alignText='center', alignVert=method-wrapper(...), anchorHoriz='center', anchorVert='center', antialias=True, autoDraw=False, autoLog=True, bold=False, color=array([1., 1., 1.]), colorSpace='rgb', contrast=1.0, depth=0.0, flipHoriz=False, flipVert=False, font='Arial', fontFiles=[], height=0.06, italic=False, languageStyle='LTR', name='text', opacity=1.0, ori=0, pos=array([0. , 0.2]), rgb=UNKNOWN, text='How difficult was it to apply mental noting?', units='norm', win=Window(...), wrapWidth=1.2)
216.9304 	EXP 	window1: mouseVisible = True
216.9797 	EXP 	Created None = Slider(__class__=<class 'psychopy.visual.slider.Slider'>, autoDraw=False, autoLog=True, borderColor=None, color=None, colorSpace='rgb', depth=0, fillColor=None, flip=False, font='Arial', granularity=1, labelColor=None, labelHeight=0.05, labelWrapWidth=None, labels=('Not at all', 'Very Difficult'), lineColor=None, markerColor=None, name=None, opacity=None, ori=0, pos=array([0., 0.]), readOnly=False, self=UNKNOWN, size=array([0.85, 0.1 ]), startValue=None, style='rating', styleTweaks=[], ticks=array([1, 9]), units='norm', win=Window(...))
217.0180 	EXP 	None: autoLog = True
217.0180 	EXP 	None: markerPos = None
217.0180 	EXP 	None: styleTweaks = []
217.0180 	EXP 	None: styleTweaks = []
217.0180 	EXP 	None: styleTweaks = []
217.0180 	EXP 	None: styleTweaks = []
217.0180 	EXP 	None: contrast = 1.0
217.0180 	EXP 	None: autoLog = True
217.0180 	EXP 	None: markerPos = 5
218.3105 	DATA 	Keypress: 3
218.3314 	EXP 	None: markerPos = 6
218.6724 	DATA 	Keypress: 4
218.6993 	EXP 	None: markerPos = 6
218.7064 	EXP 	Created text = TextStim(__class__=<class 'psychopy.visual.text.TextStim'>, alignHoriz=method-wrapper(...), alignText='center', alignVert=method-wrapper(...), anchorHoriz='center', anchorVert='center', antialias=True, autoDraw=False, autoLog=True, bold=False, color=array([1., 1., 1.]), colorSpace='rgb', contrast=1.0, depth=0.0, flipHoriz=False, flipVert=False, font='Arial', fontFiles=[], height=0.06, italic=False, languageStyle='LTR', name='text', opacity=1.0, ori=0, pos=array([0. , 0.2]), rgb=UNKNOWN, text='How calm do you feel right now?', units='norm', win=Window(...), wrapWidth=1.2)
218.7119 	EXP 	window1: mouseVisible = True
218.7508 	EXP 	Created None = Slider(__class__=<class 'psychopy.visual.slider.Slider'>, autoDraw=False, autoLog=True, borderColor=None, color=None, colorSpace='rgb', depth=0, fillColor=None, flip=False, font='Arial', granularity=1, labelColor=None, labelHeight=0.05, labelWrapWidth=None, labels=('Not at all', 'Very calm'), lineColor=None, markerColor=None, name=None, opacity=None, ori=0, pos=array([0., 0.]), readOnly=False, self=UNKNOWN, size=array([0.85, 0.1 ]), startValue=None, style='rating', styleTweaks=[], ticks=array([1, 9]), units='norm', win=Window(...))
218.7834 	EXP 	None: autoLog = True
218.7834 	EXP 	None: markerPos = None
218.7834 	EXP 	None: styleTweaks = []
218.7834 	EXP 	None: styleTweaks = []
218.7834 	EXP 	None: styleTweaks = []
218.7834 	EXP 	None: styleTweaks = []
218.7834 	EXP 	None: contrast = 1.0
218.7834 	EXP 	None: autoLog = True
218.7834 	EXP 	None: markerPos = 5
219.6324 	DATA 	Keypress: 3
219.6474 	EXP 	None: markerPos = 6
219.8423 	DATA 	Keypress: 3
219.8680 	EXP 	None: markerPos = 7
219.9962 	DATA 	Keypress: 3
220.0218 	EXP 	None: markerPos = 8
220.3745 	DATA 	Keypress: 4
220.3993 	EXP 	None: markerPos = 8
220.4485 	EXP 	window1: mouseVisible = True
