2.6784 	WARNING 	Speech-to-text recognition module for PocketSphinx is not available (use command `pip install SpeechRecognition` to get it). Transcription will be unavailable using that service this session.
2.6790 	WARNING 	Speech-to-text recognition using Google online services is not available (use command `pip install google-api-core google-auth google-cloud google-cloud-speech googleapis-common-protos` to get it). Transcription will be unavailable using that service this session.
2.9123 	WARNING 	We strongly recommend you activate the PTB sound engine in PsychoPy prefs as the preferred audio engine. Its timing is vastly superior. Your prefs are currently set to use ['sounddevice', 'PTB', 'pyo', 'pygame'] (in that order).
16.4529 	WARNING 	Requested an unavailable screen number - using first available.
16.4549 	WARNING 	User requested fullscreen with size [1080 1080], but screen is actually [2560, 1600]. Using actual size
17.0580 	EXP 	Created window1 = Window(allowGUI=False, allowStencil=False, autoLog=True, backendConf=UNKNOWN, bitsMode=UNKNOWN, blendMode='avg', bpc=(8, 8, 8), color=array([-1, -1, -1]), colorSpace='rgb', depthBits=8, fullscr=<method-wrapper '__getattribute__' of attributeSetter object at 0x0000025865A0B160>, gamma=None, gammaErrorPolicy='raise', lms=UNKNOWN, monitor=<psychopy.monitors.calibTools.Monitor object at 0x000002586A1AA460>, multiSample=False, name='window1', numSamples=2, pos=(0, 0), screen=1, size=array([2560, 1600]), stencilBits=0, stereo=False, units='norm', useFBO=True, useRetina=False, viewOri=0.0, viewPos=None, viewScale=None, waitBlanking=True, winType='pyglet')
17.0585 	EXP 	window1: mouseVisible = True
17.0585 	EXP 	window1: Attempting to measure frame rate of screen (1) ...
17.0585 	EXP 	window1: recordFrameIntervals = False
17.2238 	EXP 	window1: recordFrameIntervals = True
17.4071 	EXP 	Screen (1) actual frame rate measured at 60.24Hz
17.4071 	EXP 	window1: recordFrameIntervals = False
17.4729 	EXP 	Created text = TextStim(__class__=<class 'psychopy.visual.text.TextStim'>, alignHoriz=method-wrapper(...), alignText='center', alignVert=method-wrapper(...), anchorHoriz='center', anchorVert='center', antialias=True, autoDraw=False, autoLog=True, bold=False, color=array([1., 1., 1.]), colorSpace='rgb', contrast=1.0, depth=0.0, flipHoriz=False, flipVert=False, font='Arial', fontFiles=[], height=0.06, italic=False, languageStyle='LTR', name='text', opacity=1.0, ori=0, pos=array([0., 0.]), rgb=UNKNOWN, text=str(...), units='norm', win=Window(...), wrapWidth=1.2)
17.4810 	EXP 	Created text_3 = TextStim(__class__=<class 'psychopy.visual.text.TextStim'>, alignHoriz=method-wrapper(...), alignText='center', alignVert=method-wrapper(...), anchorHoriz='center', anchorVert='center', antialias=True, autoDraw=False, autoLog=True, bold=False, color=array([1., 1., 1.]), colorSpace='rgb', contrast=1.0, depth=0.0, flipHoriz=False, flipVert=False, font='Arial', fontFiles=[], height=0.1, italic=False, languageStyle='LTR', name='text_3', opacity=1.0, ori=0, pos=array([0., 0.]), rgb=UNKNOWN, text='waiting for scanner', units='norm', win=Window(...), wrapWidth=2)
17.5171 	EXP 	Created text_2 = TextStim(__class__=<class 'psychopy.visual.text.TextStim'>, alignHoriz=method-wrapper(...), alignText='center', alignVert=method-wrapper(...), anchorHoriz='center', anchorVert='center', antialias=True, autoDraw=False, autoLog=True, bold=False, color=array([1., 1., 1.]), colorSpace='rgb', contrast=1.0, depth=0.0, flipHoriz=False, flipVert=False, font='Arial', fontFiles=[], height=0.3, italic=False, languageStyle='LTR', name='text_2', opacity=1.0, ori=0, pos=array([0., 0.]), rgb=UNKNOWN, text='+', units='norm', win=Window(...), wrapWidth=1)
17.5235 	EXP 	Created text_relax = TextStim(__class__=<class 'psychopy.visual.text.TextStim'>, alignHoriz=method-wrapper(...), alignText='center', alignVert=method-wrapper(...), anchorHoriz='center', anchorVert='center', antialias=True, autoDraw=False, autoLog=True, bold=False, color=array([1., 1., 1.]), colorSpace='rgb', contrast=1.0, depth=0.0, flipHoriz=False, flipVert=False, font='Arial', fontFiles=[], height=0.07, italic=False, languageStyle='LTR', name='text_relax', opacity=1.0, ori=0, pos=array([ 0. , -0.2]), rgb=UNKNOWN, text='Relax', units='norm', win=Window(...), wrapWidth=1)
17.5319 	EXP 	Created text_4 = TextStim(__class__=<class 'psychopy.visual.text.TextStim'>, alignHoriz=method-wrapper(...), alignText='center', alignVert=method-wrapper(...), anchorHoriz='center', anchorVert='center', antialias=True, autoDraw=False, autoLog=True, bold=False, color=array([1., 1., 1.]), colorSpace='rgb', contrast=1.0, depth=-3.0, flipHoriz=False, flipVert=False, font='Arial', fontFiles=[], height=0.1, italic=False, languageStyle='LTR', name='text_4', opacity=1.0, ori=0, pos=array([0., 0.]), rgb=UNKNOWN, text='default text', units='norm', win=Window(...), wrapWidth=1)
17.5381 	EXP 	Created unnamed Circle = Circle(__class__=<class 'psychopy.visual.circle.Circle'>, anchor=('center', 'center'), autoDraw=False, autoLog=True, closeShape=True, color=method-wrapper(...), colorSpace='rgb', contrast=None, depth=0, fillColor=array([0, 0, 0]), fillColorSpace='rgb', fillRGB=array([0, 0, 0]), interpolate=True, lineColor=array([ 1.,  1., -1.]), lineColorSpace='rgb', lineRGB=array([ 1,  1, -1]), lineWidth=2, name='unnamed Circle', opacity=0.5, ori=0.0, pos=array([0.        , 0.33333333]), size=array([1., 1.]), units='norm', vertices=ndarray(...), win=Window(...))
17.5407 	EXP 	Created unnamed Circle = Circle(__class__=<class 'psychopy.visual.circle.Circle'>, anchor=('center', 'center'), autoDraw=False, autoLog=True, closeShape=True, color=method-wrapper(...), colorSpace='rgb', contrast=None, depth=0, fillColor=array([0, 0, 0]), fillColorSpace='rgb', fillRGB=array([0, 0, 0]), interpolate=True, lineColor=array([-1., -1.,  1.]), lineColorSpace='rgb', lineRGB=array([-1, -1,  1]), lineWidth=2, name='unnamed Circle', opacity=0.5, ori=0.0, pos=array([ 0.        , -0.33333333]), size=array([1., 1.]), units='norm', vertices=ndarray(...), win=Window(...))
17.5433 	EXP 	Created unnamed Circle = Circle(__class__=<class 'psychopy.visual.circle.Circle'>, anchor=('center', 'center'), autoDraw=False, autoLog=True, closeShape=True, color=method-wrapper(...), colorSpace='rgb', contrast=None, depth=0, fillColor=array([1, 1, 1]), fillColorSpace='rgb', fillRGB=array([1, 1, 1]), interpolate=True, lineColor=array([1., 1., 1.]), lineColorSpace='rgb', lineRGB=array([1, 1, 1]), lineWidth=1.5, name='unnamed Circle', opacity=1.0, ori=0.0, pos=array([0., 0.]), size=array([1., 1.]), units='norm', vertices=ndarray(...), win=Window(...))
17.5456 	EXP 	Created unnamed Circle = Circle(__class__=<class 'psychopy.visual.circle.Circle'>, anchor=('center', 'center'), autoDraw=False, autoLog=True, closeShape=True, color=method-wrapper(...), colorSpace='rgb', contrast=None, depth=0, fillColor=array([1, 1, 1]), fillColorSpace='rgb', fillRGB=array([1, 1, 1]), interpolate=True, lineColor=array([1., 1., 1.]), lineColorSpace='rgb', lineRGB=array([1, 1, 1]), lineWidth=3, name='unnamed Circle', opacity=1.0, ori=0.0, pos=array([0., 0.]), size=array([1., 1.]), units='norm', vertices=ndarray(...), win=Window(...))
17.5538 	EXP 	Created instruct_text = TextStim(__class__=<class 'psychopy.visual.text.TextStim'>, alignHoriz=method-wrapper(...), alignText='center', alignVert=method-wrapper(...), anchorHoriz='center', anchorVert='center', antialias=True, autoDraw=False, autoLog=True, bold=False, color=array([1., 1., 1.]), colorSpace='rgb', contrast=1.0, depth=0.0, flipHoriz=False, flipVert=False, font='Arial', fontFiles=[], height=0.06, italic=False, languageStyle='LTR', name='instruct_text', opacity=1.0, ori=0, pos=array([0., 0.]), rgb=UNKNOWN, text='replace me', units='norm', win=Window(...), wrapWidth=1.2)
17.5608 	EXP 	Created text_5 = TextStim(__class__=<class 'psychopy.visual.text.TextStim'>, alignHoriz=method-wrapper(...), alignText='center', alignVert=method-wrapper(...), anchorHoriz='center', anchorVert='center', antialias=True, autoDraw=False, autoLog=True, bold=False, color=array([1., 1., 1.]), colorSpace='rgb', contrast=1.0, depth=0.0, flipHoriz=False, flipVert=False, font='Arial', fontFiles=[], height=0.1, italic=False, languageStyle='LTR', name='text_5', opacity=1.0, ori=0, pos=array([0., 0.]), rgb=UNKNOWN, text='thank you!', units='norm', win=Window(...), wrapWidth=1)
17.5889 	EXP 	instruct_text: height = 0.06
17.5889 	EXP 	instruct_text: height = 0.06
17.5889 	EXP 	instruct_text: height = 0.06
17.5889 	EXP 	instruct_text: text = 'Great job! Next, you’ll get to practice Noting for another two minutes with more feedback from the ball. \n\nRemember to relax when the cross (+) is on the screen and once the circles appear try to keep the ball moving up towards the top circle! \n\nThis practice will last 2 min. Press any button to start.'
29.8180 	DATA 	Keypress: space
29.8603 	EXP 	instruct_text: height = 0.06
29.8603 	EXP 	instruct_text: height = 0.06
29.8603 	EXP 	instruct_text: height = 0.06
29.8603 	EXP 	instruct_text: text = 'You’ll see the cross (+) on the screen for 30 seconds at the start. Whenever you see the cross, please don’t practice Noting – just relax.\n\nOnce you see the circles appear, please start the Noting practice. This practice will last 2 min. Press any button to start.'
30.9125 	DATA 	Keypress: space
30.9224 	EXP 	text_3: autoDraw = True
52.6911 	DATA 	Keypress: t
52.7380 	EXP 	text_3: autoDraw = False
52.7380 	EXP 	text_2: autoDraw = True
52.7380 	EXP 	text_relax: autoDraw = True
53.8960 	DATA 	Keypress: t
55.1126 	DATA 	Keypress: t
56.3134 	DATA 	Keypress: t
57.4963 	DATA 	Keypress: t
58.6941 	DATA 	Keypress: t
59.9018 	DATA 	Keypress: t
61.1110 	DATA 	Keypress: t
62.3122 	DATA 	Keypress: t
63.4963 	DATA 	Keypress: t
64.6958 	DATA 	Keypress: t
65.8959 	DATA 	Keypress: t
67.0953 	DATA 	Keypress: t
68.3147 	DATA 	Keypress: t
69.5120 	DATA 	Keypress: t
70.6933 	DATA 	Keypress: t
71.8971 	DATA 	Keypress: t
73.0956 	DATA 	Keypress: t
74.3113 	DATA 	Keypress: t
75.5101 	DATA 	Keypress: t
76.7113 	DATA 	Keypress: t
77.9120 	DATA 	Keypress: t
79.0966 	DATA 	Keypress: t
80.2940 	DATA 	Keypress: t
81.4949 	DATA 	Keypress: t
82.6932 	DATA 	Keypress: t
82.7715 	EXP 	text_2: autoDraw = False
82.7715 	EXP 	text_relax: autoDraw = False
82.7715 	EXP 	text_2: autoDraw = False
83.8993 	DATA 	Keypress: t
85.1153 	DATA 	Keypress: t
86.2989 	DATA 	Keypress: t
87.5142 	DATA 	Keypress: t
88.7170 	DATA 	Keypress: t
89.9191 	DATA 	Keypress: t
91.1053 	DATA 	Keypress: t
92.3055 	DATA 	Keypress: t
93.5151 	DATA 	Keypress: t
94.7151 	DATA 	Keypress: t
95.9037 	DATA 	Keypress: t
97.1141 	DATA 	Keypress: t
98.2984 	DATA 	Keypress: t
99.5158 	DATA 	Keypress: t
100.7034 	DATA 	Keypress: t
101.9154 	DATA 	Keypress: t
103.0995 	DATA 	Keypress: t
104.3131 	DATA 	Keypress: t
105.4991 	DATA 	Keypress: t
106.7156 	DATA 	Keypress: t
107.8971 	DATA 	Keypress: t
109.1149 	DATA 	Keypress: t
110.3160 	DATA 	Keypress: t
111.5044 	DATA 	Keypress: t
112.6965 	DATA 	Keypress: t
113.9150 	DATA 	Keypress: t
115.1038 	DATA 	Keypress: t
116.3161 	DATA 	Keypress: t
117.5145 	DATA 	Keypress: t
118.7153 	DATA 	Keypress: t
119.9138 	DATA 	Keypress: t
121.0974 	DATA 	Keypress: t
122.3162 	DATA 	Keypress: t
123.5031 	DATA 	Keypress: t
124.6944 	DATA 	Keypress: t
125.9139 	DATA 	Keypress: t
127.0981 	DATA 	Keypress: t
128.3147 	DATA 	Keypress: t
129.4973 	DATA 	Keypress: t
130.7138 	DATA 	Keypress: t
131.8975 	DATA 	Keypress: t
133.1138 	DATA 	Keypress: t
134.3151 	DATA 	Keypress: t
135.4974 	DATA 	Keypress: t
136.6965 	DATA 	Keypress: t
137.8992 	DATA 	Keypress: t
139.0975 	DATA 	Keypress: t
140.2975 	DATA 	Keypress: t
141.5134 	DATA 	Keypress: t
142.6971 	DATA 	Keypress: t
143.9026 	DATA 	Keypress: t
145.0965 	DATA 	Keypress: t
146.3138 	DATA 	Keypress: t
147.5132 	DATA 	Keypress: t
148.7158 	DATA 	Keypress: t
149.9135 	DATA 	Keypress: t
151.1131 	DATA 	Keypress: t
152.3112 	DATA 	Keypress: t
153.5132 	DATA 	Keypress: t
154.6972 	DATA 	Keypress: t
155.9119 	DATA 	Keypress: t
157.0951 	DATA 	Keypress: t
158.3025 	DATA 	Keypress: t
159.5135 	DATA 	Keypress: t
160.6995 	DATA 	Keypress: t
161.9139 	DATA 	Keypress: t
163.1024 	DATA 	Keypress: t
164.2963 	DATA 	Keypress: t
165.5132 	DATA 	Keypress: t
166.7041 	DATA 	Keypress: t
167.8962 	DATA 	Keypress: t
169.1128 	DATA 	Keypress: t
170.3134 	DATA 	Keypress: t
171.4959 	DATA 	Keypress: t
172.6977 	DATA 	Keypress: t
173.9128 	DATA 	Keypress: t
175.0951 	DATA 	Keypress: t
176.2959 	DATA 	Keypress: t
177.5030 	DATA 	Keypress: t
178.6974 	DATA 	Keypress: t
179.9113 	DATA 	Keypress: t
181.1138 	DATA 	Keypress: t
182.2961 	DATA 	Keypress: t
183.5139 	DATA 	Keypress: t
184.6959 	DATA 	Keypress: t
185.8982 	DATA 	Keypress: t
187.0942 	DATA 	Keypress: t
188.3119 	DATA 	Keypress: t
189.5022 	DATA 	Keypress: t
190.7117 	DATA 	Keypress: t
191.9122 	DATA 	Keypress: t
193.1010 	DATA 	Keypress: t
194.2966 	DATA 	Keypress: t
195.5017 	DATA 	Keypress: t
202.7675 	EXP 	text_2: autoDraw = True
203.7250 	EXP 	Created text = TextStim(__class__=<class 'psychopy.visual.text.TextStim'>, alignHoriz=method-wrapper(...), alignText='center', alignVert=method-wrapper(...), anchorHoriz='center', anchorVert='center', antialias=True, autoDraw=False, autoLog=True, bold=False, color=array([1., 1., 1.]), colorSpace='rgb', contrast=1.0, depth=0.0, flipHoriz=False, flipVert=False, font='Arial', fontFiles=[], height=0.06, italic=False, languageStyle='LTR', name='text', opacity=1.0, ori=0, pos=array([0. , 0.2]), rgb=UNKNOWN, text=str(...), units='norm', win=Window(...), wrapWidth=1.2)
203.7334 	EXP 	window1: mouseVisible = True
203.7916 	EXP 	Created None = Slider(__class__=<class 'psychopy.visual.slider.Slider'>, autoDraw=False, autoLog=True, borderColor=None, color=None, colorSpace='rgb', depth=0, fillColor=None, flip=False, font='Arial', granularity=1, labelColor=None, labelHeight=0.05, labelWrapWidth=None, labels=('Never', 'Always'), lineColor=None, markerColor=None, name=None, opacity=None, ori=0, pos=array([0., 0.]), readOnly=False, self=UNKNOWN, size=array([0.85, 0.1 ]), startValue=None, style='rating', styleTweaks=[], ticks=array([1, 9]), units='norm', win=Window(...))
203.8331 	EXP 	text_2: autoDraw = False
203.8331 	EXP 	None: autoLog = True
203.8331 	EXP 	None: markerPos = None
203.8331 	EXP 	None: styleTweaks = []
203.8331 	EXP 	None: styleTweaks = []
203.8331 	EXP 	None: styleTweaks = []
203.8331 	EXP 	None: styleTweaks = []
203.8331 	EXP 	None: contrast = 1.0
203.8331 	EXP 	None: autoLog = True
203.8331 	EXP 	None: markerPos = 5
205.4119 	DATA 	Keypress: 2
205.4320 	EXP 	None: markerPos = 4
205.4506 	DATA 	Keypress: 1
207.0930 	DATA 	Keypress: 3
207.1163 	EXP 	None: markerPos = 5
207.4069 	DATA 	Keypress: 3
207.4336 	EXP 	None: markerPos = 6
208.2840 	DATA 	Keypress: 2
208.2989 	EXP 	None: markerPos = 5
208.6039 	DATA 	Keypress: 4
208.6166 	EXP 	None: markerPos = 5
208.6237 	EXP 	Created text = TextStim(__class__=<class 'psychopy.visual.text.TextStim'>, alignHoriz=method-wrapper(...), alignText='center', alignVert=method-wrapper(...), anchorHoriz='center', anchorVert='center', antialias=True, autoDraw=False, autoLog=True, bold=False, color=array([1., 1., 1.]), colorSpace='rgb', contrast=1.0, depth=0.0, flipHoriz=False, flipVert=False, font='Arial', fontFiles=[], height=0.06, italic=False, languageStyle='LTR', name='text', opacity=1.0, ori=0, pos=array([0. , 0.2]), rgb=UNKNOWN, text=str(...), units='norm', win=Window(...), wrapWidth=1.2)
208.6292 	EXP 	window1: mouseVisible = True
208.6845 	EXP 	Created None = Slider(__class__=<class 'psychopy.visual.slider.Slider'>, autoDraw=False, autoLog=True, borderColor=None, color=None, colorSpace='rgb', depth=0, fillColor=None, flip=False, font='Arial', granularity=1, labelColor=None, labelHeight=0.05, labelWrapWidth=None, labels=('Never', 'All the time'), lineColor=None, markerColor=None, name=None, opacity=None, ori=0, pos=array([0., 0.]), readOnly=False, self=UNKNOWN, size=array([0.85, 0.1 ]), startValue=None, style='rating', styleTweaks=[], ticks=array([1, 9]), units='norm', win=Window(...))
208.7197 	EXP 	None: autoLog = True
208.7197 	EXP 	None: markerPos = None
208.7197 	EXP 	None: styleTweaks = []
208.7197 	EXP 	None: styleTweaks = []
208.7197 	EXP 	None: styleTweaks = []
208.7197 	EXP 	None: styleTweaks = []
208.7197 	EXP 	None: contrast = 1.0
208.7197 	EXP 	None: autoLog = True
208.7197 	EXP 	None: markerPos = 5
209.9809 	DATA 	Keypress: 3
209.9991 	EXP 	None: markerPos = 6
210.1657 	DATA 	Keypress: 3
210.1857 	EXP 	None: markerPos = 7
210.4088 	DATA 	Keypress: 3
210.4360 	EXP 	None: markerPos = 8
210.8851 	DATA 	Keypress: 4
210.9175 	EXP 	None: markerPos = 8
210.9249 	EXP 	Created text = TextStim(__class__=<class 'psychopy.visual.text.TextStim'>, alignHoriz=method-wrapper(...), alignText='center', alignVert=method-wrapper(...), anchorHoriz='center', anchorVert='center', antialias=True, autoDraw=False, autoLog=True, bold=False, color=array([1., 1., 1.]), colorSpace='rgb', contrast=1.0, depth=0.0, flipHoriz=False, flipVert=False, font='Arial', fontFiles=[], height=0.06, italic=False, languageStyle='LTR', name='text', opacity=1.0, ori=0, pos=array([0. , 0.2]), rgb=UNKNOWN, text='How difficult was it to apply mental noting?', units='norm', win=Window(...), wrapWidth=1.2)
210.9309 	EXP 	window1: mouseVisible = True
210.9825 	EXP 	Created None = Slider(__class__=<class 'psychopy.visual.slider.Slider'>, autoDraw=False, autoLog=True, borderColor=None, color=None, colorSpace='rgb', depth=0, fillColor=None, flip=False, font='Arial', granularity=1, labelColor=None, labelHeight=0.05, labelWrapWidth=None, labels=('Not at all', 'Very Difficult'), lineColor=None, markerColor=None, name=None, opacity=None, ori=0, pos=array([0., 0.]), readOnly=False, self=UNKNOWN, size=array([0.85, 0.1 ]), startValue=None, style='rating', styleTweaks=[], ticks=array([1, 9]), units='norm', win=Window(...))
211.0162 	EXP 	None: autoLog = True
211.0162 	EXP 	None: markerPos = None
211.0162 	EXP 	None: styleTweaks = []
211.0162 	EXP 	None: styleTweaks = []
211.0162 	EXP 	None: styleTweaks = []
211.0162 	EXP 	None: styleTweaks = []
211.0162 	EXP 	None: contrast = 1.0
211.0162 	EXP 	None: autoLog = True
211.0162 	EXP 	None: markerPos = 5
212.1969 	DATA 	Keypress: 3
212.2161 	EXP 	None: markerPos = 6
212.6308 	DATA 	Keypress: 3
212.6496 	EXP 	None: markerPos = 7
213.7399 	DATA 	Keypress: 4
213.7671 	EXP 	None: markerPos = 7
213.7739 	EXP 	Created text = TextStim(__class__=<class 'psychopy.visual.text.TextStim'>, alignHoriz=method-wrapper(...), alignText='center', alignVert=method-wrapper(...), anchorHoriz='center', anchorVert='center', antialias=True, autoDraw=False, autoLog=True, bold=False, color=array([1., 1., 1.]), colorSpace='rgb', contrast=1.0, depth=0.0, flipHoriz=False, flipVert=False, font='Arial', fontFiles=[], height=0.06, italic=False, languageStyle='LTR', name='text', opacity=1.0, ori=0, pos=array([0. , 0.2]), rgb=UNKNOWN, text='How calm do you feel right now?', units='norm', win=Window(...), wrapWidth=1.2)
213.7794 	EXP 	window1: mouseVisible = True
213.8176 	EXP 	Created None = Slider(__class__=<class 'psychopy.visual.slider.Slider'>, autoDraw=False, autoLog=True, borderColor=None, color=None, colorSpace='rgb', depth=0, fillColor=None, flip=False, font='Arial', granularity=1, labelColor=None, labelHeight=0.05, labelWrapWidth=None, labels=('Not at all', 'Very calm'), lineColor=None, markerColor=None, name=None, opacity=None, ori=0, pos=array([0., 0.]), readOnly=False, self=UNKNOWN, size=array([0.85, 0.1 ]), startValue=None, style='rating', styleTweaks=[], ticks=array([1, 9]), units='norm', win=Window(...))
213.8501 	EXP 	None: autoLog = True
213.8501 	EXP 	None: markerPos = None
213.8501 	EXP 	None: styleTweaks = []
213.8501 	EXP 	None: styleTweaks = []
213.8501 	EXP 	None: styleTweaks = []
213.8501 	EXP 	None: styleTweaks = []
213.8501 	EXP 	None: contrast = 1.0
213.8501 	EXP 	None: autoLog = True
213.8501 	EXP 	None: markerPos = 5
214.5949 	DATA 	Keypress: 3
214.6158 	EXP 	None: markerPos = 6
215.6806 	DATA 	Keypress: 3
215.6989 	EXP 	None: markerPos = 7
215.8947 	DATA 	Keypress: 3
215.9193 	EXP 	None: markerPos = 8
216.0947 	DATA 	Keypress: 3
216.1207 	EXP 	None: markerPos = 9
216.5079 	DATA 	Keypress: 4
216.5342 	EXP 	None: markerPos = 9
216.5845 	EXP 	window1: mouseVisible = True
2.6784 	WARNING 	Speech-to-text recognition module for PocketSphinx is not available (use command `pip install SpeechRecognition` to get it). Transcription will be unavailable using that service this session.
2.6790 	WARNING 	Speech-to-text recognition using Google online services is not available (use command `pip install google-api-core google-auth google-cloud google-cloud-speech googleapis-common-protos` to get it). Transcription will be unavailable using that service this session.
2.9123 	WARNING 	We strongly recommend you activate the PTB sound engine in PsychoPy prefs as the preferred audio engine. Its timing is vastly superior. Your prefs are currently set to use ['sounddevice', 'PTB', 'pyo', 'pygame'] (in that order).
16.4529 	WARNING 	Requested an unavailable screen number - using first available.
16.4549 	WARNING 	User requested fullscreen with size [1080 1080], but screen is actually [2560, 1600]. Using actual size
17.0580 	EXP 	Created window1 = Window(allowGUI=False, allowStencil=False, autoLog=True, backendConf=UNKNOWN, bitsMode=UNKNOWN, blendMode='avg', bpc=(8, 8, 8), color=array([-1, -1, -1]), colorSpace='rgb', depthBits=8, fullscr=<method-wrapper '__getattribute__' of attributeSetter object at 0x0000025865A0B160>, gamma=None, gammaErrorPolicy='raise', lms=UNKNOWN, monitor=<psychopy.monitors.calibTools.Monitor object at 0x000002586A1AA460>, multiSample=False, name='window1', numSamples=2, pos=(0, 0), screen=1, size=array([2560, 1600]), stencilBits=0, stereo=False, units='norm', useFBO=True, useRetina=False, viewOri=0.0, viewPos=None, viewScale=None, waitBlanking=True, winType='pyglet')
17.0585 	EXP 	window1: mouseVisible = True
17.0585 	EXP 	window1: Attempting to measure frame rate of screen (1) ...
17.0585 	EXP 	window1: recordFrameIntervals = False
17.2238 	EXP 	window1: recordFrameIntervals = True
17.4071 	EXP 	Screen (1) actual frame rate measured at 60.24Hz
17.4071 	EXP 	window1: recordFrameIntervals = False
17.4729 	EXP 	Created text = TextStim(__class__=<class 'psychopy.visual.text.TextStim'>, alignHoriz=method-wrapper(...), alignText='center', alignVert=method-wrapper(...), anchorHoriz='center', anchorVert='center', antialias=True, autoDraw=False, autoLog=True, bold=False, color=array([1., 1., 1.]), colorSpace='rgb', contrast=1.0, depth=0.0, flipHoriz=False, flipVert=False, font='Arial', fontFiles=[], height=0.06, italic=False, languageStyle='LTR', name='text', opacity=1.0, ori=0, pos=array([0., 0.]), rgb=UNKNOWN, text=str(...), units='norm', win=Window(...), wrapWidth=1.2)
17.4810 	EXP 	Created text_3 = TextStim(__class__=<class 'psychopy.visual.text.TextStim'>, alignHoriz=method-wrapper(...), alignText='center', alignVert=method-wrapper(...), anchorHoriz='center', anchorVert='center', antialias=True, autoDraw=False, autoLog=True, bold=False, color=array([1., 1., 1.]), colorSpace='rgb', contrast=1.0, depth=0.0, flipHoriz=False, flipVert=False, font='Arial', fontFiles=[], height=0.1, italic=False, languageStyle='LTR', name='text_3', opacity=1.0, ori=0, pos=array([0., 0.]), rgb=UNKNOWN, text='waiting for scanner', units='norm', win=Window(...), wrapWidth=2)
17.5171 	EXP 	Created text_2 = TextStim(__class__=<class 'psychopy.visual.text.TextStim'>, alignHoriz=method-wrapper(...), alignText='center', alignVert=method-wrapper(...), anchorHoriz='center', anchorVert='center', antialias=True, autoDraw=False, autoLog=True, bold=False, color=array([1., 1., 1.]), colorSpace='rgb', contrast=1.0, depth=0.0, flipHoriz=False, flipVert=False, font='Arial', fontFiles=[], height=0.3, italic=False, languageStyle='LTR', name='text_2', opacity=1.0, ori=0, pos=array([0., 0.]), rgb=UNKNOWN, text='+', units='norm', win=Window(...), wrapWidth=1)
17.5235 	EXP 	Created text_relax = TextStim(__class__=<class 'psychopy.visual.text.TextStim'>, alignHoriz=method-wrapper(...), alignText='center', alignVert=method-wrapper(...), anchorHoriz='center', anchorVert='center', antialias=True, autoDraw=False, autoLog=True, bold=False, color=array([1., 1., 1.]), colorSpace='rgb', contrast=1.0, depth=0.0, flipHoriz=False, flipVert=False, font='Arial', fontFiles=[], height=0.07, italic=False, languageStyle='LTR', name='text_relax', opacity=1.0, ori=0, pos=array([ 0. , -0.2]), rgb=UNKNOWN, text='Relax', units='norm', win=Window(...), wrapWidth=1)
17.5319 	EXP 	Created text_4 = TextStim(__class__=<class 'psychopy.visual.text.TextStim'>, alignHoriz=method-wrapper(...), alignText='center', alignVert=method-wrapper(...), anchorHoriz='center', anchorVert='center', antialias=True, autoDraw=False, autoLog=True, bold=False, color=array([1., 1., 1.]), colorSpace='rgb', contrast=1.0, depth=-3.0, flipHoriz=False, flipVert=False, font='Arial', fontFiles=[], height=0.1, italic=False, languageStyle='LTR', name='text_4', opacity=1.0, ori=0, pos=array([0., 0.]), rgb=UNKNOWN, text='default text', units='norm', win=Window(...), wrapWidth=1)
17.5381 	EXP 	Created unnamed Circle = Circle(__class__=<class 'psychopy.visual.circle.Circle'>, anchor=('center', 'center'), autoDraw=False, autoLog=True, closeShape=True, color=method-wrapper(...), colorSpace='rgb', contrast=None, depth=0, fillColor=array([0, 0, 0]), fillColorSpace='rgb', fillRGB=array([0, 0, 0]), interpolate=True, lineColor=array([ 1.,  1., -1.]), lineColorSpace='rgb', lineRGB=array([ 1,  1, -1]), lineWidth=2, name='unnamed Circle', opacity=0.5, ori=0.0, pos=array([0.        , 0.33333333]), size=array([1., 1.]), units='norm', vertices=ndarray(...), win=Window(...))
17.5407 	EXP 	Created unnamed Circle = Circle(__class__=<class 'psychopy.visual.circle.Circle'>, anchor=('center', 'center'), autoDraw=False, autoLog=True, closeShape=True, color=method-wrapper(...), colorSpace='rgb', contrast=None, depth=0, fillColor=array([0, 0, 0]), fillColorSpace='rgb', fillRGB=array([0, 0, 0]), interpolate=True, lineColor=array([-1., -1.,  1.]), lineColorSpace='rgb', lineRGB=array([-1, -1,  1]), lineWidth=2, name='unnamed Circle', opacity=0.5, ori=0.0, pos=array([ 0.        , -0.33333333]), size=array([1., 1.]), units='norm', vertices=ndarray(...), win=Window(...))
17.5433 	EXP 	Created unnamed Circle = Circle(__class__=<class 'psychopy.visual.circle.Circle'>, anchor=('center', 'center'), autoDraw=False, autoLog=True, closeShape=True, color=method-wrapper(...), colorSpace='rgb', contrast=None, depth=0, fillColor=array([1, 1, 1]), fillColorSpace='rgb', fillRGB=array([1, 1, 1]), interpolate=True, lineColor=array([1., 1., 1.]), lineColorSpace='rgb', lineRGB=array([1, 1, 1]), lineWidth=1.5, name='unnamed Circle', opacity=1.0, ori=0.0, pos=array([0., 0.]), size=array([1., 1.]), units='norm', vertices=ndarray(...), win=Window(...))
17.5456 	EXP 	Created unnamed Circle = Circle(__class__=<class 'psychopy.visual.circle.Circle'>, anchor=('center', 'center'), autoDraw=False, autoLog=True, closeShape=True, color=method-wrapper(...), colorSpace='rgb', contrast=None, depth=0, fillColor=array([1, 1, 1]), fillColorSpace='rgb', fillRGB=array([1, 1, 1]), interpolate=True, lineColor=array([1., 1., 1.]), lineColorSpace='rgb', lineRGB=array([1, 1, 1]), lineWidth=3, name='unnamed Circle', opacity=1.0, ori=0.0, pos=array([0., 0.]), size=array([1., 1.]), units='norm', vertices=ndarray(...), win=Window(...))
17.5538 	EXP 	Created instruct_text = TextStim(__class__=<class 'psychopy.visual.text.TextStim'>, alignHoriz=method-wrapper(...), alignText='center', alignVert=method-wrapper(...), anchorHoriz='center', anchorVert='center', antialias=True, autoDraw=False, autoLog=True, bold=False, color=array([1., 1., 1.]), colorSpace='rgb', contrast=1.0, depth=0.0, flipHoriz=False, flipVert=False, font='Arial', fontFiles=[], height=0.06, italic=False, languageStyle='LTR', name='instruct_text', opacity=1.0, ori=0, pos=array([0., 0.]), rgb=UNKNOWN, text='replace me', units='norm', win=Window(...), wrapWidth=1.2)
17.5608 	EXP 	Created text_5 = TextStim(__class__=<class 'psychopy.visual.text.TextStim'>, alignHoriz=method-wrapper(...), alignText='center', alignVert=method-wrapper(...), anchorHoriz='center', anchorVert='center', antialias=True, autoDraw=False, autoLog=True, bold=False, color=array([1., 1., 1.]), colorSpace='rgb', contrast=1.0, depth=0.0, flipHoriz=False, flipVert=False, font='Arial', fontFiles=[], height=0.1, italic=False, languageStyle='LTR', name='text_5', opacity=1.0, ori=0, pos=array([0., 0.]), rgb=UNKNOWN, text='thank you!', units='norm', win=Window(...), wrapWidth=1)
17.5889 	EXP 	instruct_text: height = 0.06
17.5889 	EXP 	instruct_text: height = 0.06
17.5889 	EXP 	instruct_text: height = 0.06
17.5889 	EXP 	instruct_text: text = 'Great job! Next, you’ll get to practice Noting for another two minutes with more feedback from the ball. \n\nRemember to relax when the cross (+) is on the screen and once the circles appear try to keep the ball moving up towards the top circle! \n\nThis practice will last 2 min. Press any button to start.'
29.8180 	DATA 	Keypress: space
29.8603 	EXP 	instruct_text: height = 0.06
29.8603 	EXP 	instruct_text: height = 0.06
29.8603 	EXP 	instruct_text: height = 0.06
29.8603 	EXP 	instruct_text: text = 'You’ll see the cross (+) on the screen for 30 seconds at the start. Whenever you see the cross, please don’t practice Noting – just relax.\n\nOnce you see the circles appear, please start the Noting practice. This practice will last 2 min. Press any button to start.'
30.9125 	DATA 	Keypress: space
30.9224 	EXP 	text_3: autoDraw = True
52.6911 	DATA 	Keypress: t
52.7380 	EXP 	text_3: autoDraw = False
52.7380 	EXP 	text_2: autoDraw = True
52.7380 	EXP 	text_relax: autoDraw = True
53.8960 	DATA 	Keypress: t
55.1126 	DATA 	Keypress: t
56.3134 	DATA 	Keypress: t
57.4963 	DATA 	Keypress: t
58.6941 	DATA 	Keypress: t
59.9018 	DATA 	Keypress: t
61.1110 	DATA 	Keypress: t
62.3122 	DATA 	Keypress: t
63.4963 	DATA 	Keypress: t
64.6958 	DATA 	Keypress: t
65.8959 	DATA 	Keypress: t
67.0953 	DATA 	Keypress: t
68.3147 	DATA 	Keypress: t
69.5120 	DATA 	Keypress: t
70.6933 	DATA 	Keypress: t
71.8971 	DATA 	Keypress: t
73.0956 	DATA 	Keypress: t
74.3113 	DATA 	Keypress: t
75.5101 	DATA 	Keypress: t
76.7113 	DATA 	Keypress: t
77.9120 	DATA 	Keypress: t
79.0966 	DATA 	Keypress: t
80.2940 	DATA 	Keypress: t
81.4949 	DATA 	Keypress: t
82.6932 	DATA 	Keypress: t
82.7715 	EXP 	text_2: autoDraw = False
82.7715 	EXP 	text_relax: autoDraw = False
82.7715 	EXP 	text_2: autoDraw = False
83.8993 	DATA 	Keypress: t
85.1153 	DATA 	Keypress: t
86.2989 	DATA 	Keypress: t
87.5142 	DATA 	Keypress: t
88.7170 	DATA 	Keypress: t
89.9191 	DATA 	Keypress: t
91.1053 	DATA 	Keypress: t
92.3055 	DATA 	Keypress: t
93.5151 	DATA 	Keypress: t
94.7151 	DATA 	Keypress: t
95.9037 	DATA 	Keypress: t
97.1141 	DATA 	Keypress: t
98.2984 	DATA 	Keypress: t
99.5158 	DATA 	Keypress: t
100.7034 	DATA 	Keypress: t
101.9154 	DATA 	Keypress: t
103.0995 	DATA 	Keypress: t
104.3131 	DATA 	Keypress: t
105.4991 	DATA 	Keypress: t
106.7156 	DATA 	Keypress: t
107.8971 	DATA 	Keypress: t
109.1149 	DATA 	Keypress: t
110.3160 	DATA 	Keypress: t
111.5044 	DATA 	Keypress: t
112.6965 	DATA 	Keypress: t
113.9150 	DATA 	Keypress: t
115.1038 	DATA 	Keypress: t
116.3161 	DATA 	Keypress: t
117.5145 	DATA 	Keypress: t
118.7153 	DATA 	Keypress: t
119.9138 	DATA 	Keypress: t
121.0974 	DATA 	Keypress: t
122.3162 	DATA 	Keypress: t
123.5031 	DATA 	Keypress: t
124.6944 	DATA 	Keypress: t
125.9139 	DATA 	Keypress: t
127.0981 	DATA 	Keypress: t
128.3147 	DATA 	Keypress: t
129.4973 	DATA 	Keypress: t
130.7138 	DATA 	Keypress: t
131.8975 	DATA 	Keypress: t
133.1138 	DATA 	Keypress: t
134.3151 	DATA 	Keypress: t
135.4974 	DATA 	Keypress: t
136.6965 	DATA 	Keypress: t
137.8992 	DATA 	Keypress: t
139.0975 	DATA 	Keypress: t
140.2975 	DATA 	Keypress: t
141.5134 	DATA 	Keypress: t
142.6971 	DATA 	Keypress: t
143.9026 	DATA 	Keypress: t
145.0965 	DATA 	Keypress: t
146.3138 	DATA 	Keypress: t
147.5132 	DATA 	Keypress: t
148.7158 	DATA 	Keypress: t
149.9135 	DATA 	Keypress: t
151.1131 	DATA 	Keypress: t
152.3112 	DATA 	Keypress: t
153.5132 	DATA 	Keypress: t
154.6972 	DATA 	Keypress: t
155.9119 	DATA 	Keypress: t
157.0951 	DATA 	Keypress: t
158.3025 	DATA 	Keypress: t
159.5135 	DATA 	Keypress: t
160.6995 	DATA 	Keypress: t
161.9139 	DATA 	Keypress: t
163.1024 	DATA 	Keypress: t
164.2963 	DATA 	Keypress: t
165.5132 	DATA 	Keypress: t
166.7041 	DATA 	Keypress: t
167.8962 	DATA 	Keypress: t
169.1128 	DATA 	Keypress: t
170.3134 	DATA 	Keypress: t
171.4959 	DATA 	Keypress: t
172.6977 	DATA 	Keypress: t
173.9128 	DATA 	Keypress: t
175.0951 	DATA 	Keypress: t
176.2959 	DATA 	Keypress: t
177.5030 	DATA 	Keypress: t
178.6974 	DATA 	Keypress: t
179.9113 	DATA 	Keypress: t
181.1138 	DATA 	Keypress: t
182.2961 	DATA 	Keypress: t
183.5139 	DATA 	Keypress: t
184.6959 	DATA 	Keypress: t
185.8982 	DATA 	Keypress: t
187.0942 	DATA 	Keypress: t
188.3119 	DATA 	Keypress: t
189.5022 	DATA 	Keypress: t
190.7117 	DATA 	Keypress: t
191.9122 	DATA 	Keypress: t
193.1010 	DATA 	Keypress: t
194.2966 	DATA 	Keypress: t
195.5017 	DATA 	Keypress: t
202.7675 	EXP 	text_2: autoDraw = True
203.7250 	EXP 	Created text = TextStim(__class__=<class 'psychopy.visual.text.TextStim'>, alignHoriz=method-wrapper(...), alignText='center', alignVert=method-wrapper(...), anchorHoriz='center', anchorVert='center', antialias=True, autoDraw=False, autoLog=True, bold=False, color=array([1., 1., 1.]), colorSpace='rgb', contrast=1.0, depth=0.0, flipHoriz=False, flipVert=False, font='Arial', fontFiles=[], height=0.06, italic=False, languageStyle='LTR', name='text', opacity=1.0, ori=0, pos=array([0. , 0.2]), rgb=UNKNOWN, text=str(...), units='norm', win=Window(...), wrapWidth=1.2)
203.7334 	EXP 	window1: mouseVisible = True
203.7916 	EXP 	Created None = Slider(__class__=<class 'psychopy.visual.slider.Slider'>, autoDraw=False, autoLog=True, borderColor=None, color=None, colorSpace='rgb', depth=0, fillColor=None, flip=False, font='Arial', granularity=1, labelColor=None, labelHeight=0.05, labelWrapWidth=None, labels=('Never', 'Always'), lineColor=None, markerColor=None, name=None, opacity=None, ori=0, pos=array([0., 0.]), readOnly=False, self=UNKNOWN, size=array([0.85, 0.1 ]), startValue=None, style='rating', styleTweaks=[], ticks=array([1, 9]), units='norm', win=Window(...))
203.8331 	EXP 	text_2: autoDraw = False
203.8331 	EXP 	None: autoLog = True
203.8331 	EXP 	None: markerPos = None
203.8331 	EXP 	None: styleTweaks = []
203.8331 	EXP 	None: styleTweaks = []
203.8331 	EXP 	None: styleTweaks = []
203.8331 	EXP 	None: styleTweaks = []
203.8331 	EXP 	None: contrast = 1.0
203.8331 	EXP 	None: autoLog = True
203.8331 	EXP 	None: markerPos = 5
205.4119 	DATA 	Keypress: 2
205.4320 	EXP 	None: markerPos = 4
205.4506 	DATA 	Keypress: 1
207.0930 	DATA 	Keypress: 3
207.1163 	EXP 	None: markerPos = 5
207.4069 	DATA 	Keypress: 3
207.4336 	EXP 	None: markerPos = 6
208.2840 	DATA 	Keypress: 2
208.2989 	EXP 	None: markerPos = 5
208.6039 	DATA 	Keypress: 4
208.6166 	EXP 	None: markerPos = 5
208.6237 	EXP 	Created text = TextStim(__class__=<class 'psychopy.visual.text.TextStim'>, alignHoriz=method-wrapper(...), alignText='center', alignVert=method-wrapper(...), anchorHoriz='center', anchorVert='center', antialias=True, autoDraw=False, autoLog=True, bold=False, color=array([1., 1., 1.]), colorSpace='rgb', contrast=1.0, depth=0.0, flipHoriz=False, flipVert=False, font='Arial', fontFiles=[], height=0.06, italic=False, languageStyle='LTR', name='text', opacity=1.0, ori=0, pos=array([0. , 0.2]), rgb=UNKNOWN, text=str(...), units='norm', win=Window(...), wrapWidth=1.2)
208.6292 	EXP 	window1: mouseVisible = True
208.6845 	EXP 	Created None = Slider(__class__=<class 'psychopy.visual.slider.Slider'>, autoDraw=False, autoLog=True, borderColor=None, color=None, colorSpace='rgb', depth=0, fillColor=None, flip=False, font='Arial', granularity=1, labelColor=None, labelHeight=0.05, labelWrapWidth=None, labels=('Never', 'All the time'), lineColor=None, markerColor=None, name=None, opacity=None, ori=0, pos=array([0., 0.]), readOnly=False, self=UNKNOWN, size=array([0.85, 0.1 ]), startValue=None, style='rating', styleTweaks=[], ticks=array([1, 9]), units='norm', win=Window(...))
208.7197 	EXP 	None: autoLog = True
208.7197 	EXP 	None: markerPos = None
208.7197 	EXP 	None: styleTweaks = []
208.7197 	EXP 	None: styleTweaks = []
208.7197 	EXP 	None: styleTweaks = []
208.7197 	EXP 	None: styleTweaks = []
208.7197 	EXP 	None: contrast = 1.0
208.7197 	EXP 	None: autoLog = True
208.7197 	EXP 	None: markerPos = 5
209.9809 	DATA 	Keypress: 3
209.9991 	EXP 	None: markerPos = 6
210.1657 	DATA 	Keypress: 3
210.1857 	EXP 	None: markerPos = 7
210.4088 	DATA 	Keypress: 3
210.4360 	EXP 	None: markerPos = 8
210.8851 	DATA 	Keypress: 4
210.9175 	EXP 	None: markerPos = 8
210.9249 	EXP 	Created text = TextStim(__class__=<class 'psychopy.visual.text.TextStim'>, alignHoriz=method-wrapper(...), alignText='center', alignVert=method-wrapper(...), anchorHoriz='center', anchorVert='center', antialias=True, autoDraw=False, autoLog=True, bold=False, color=array([1., 1., 1.]), colorSpace='rgb', contrast=1.0, depth=0.0, flipHoriz=False, flipVert=False, font='Arial', fontFiles=[], height=0.06, italic=False, languageStyle='LTR', name='text', opacity=1.0, ori=0, pos=array([0. , 0.2]), rgb=UNKNOWN, text='How difficult was it to apply mental noting?', units='norm', win=Window(...), wrapWidth=1.2)
210.9309 	EXP 	window1: mouseVisible = True
210.9825 	EXP 	Created None = Slider(__class__=<class 'psychopy.visual.slider.Slider'>, autoDraw=False, autoLog=True, borderColor=None, color=None, colorSpace='rgb', depth=0, fillColor=None, flip=False, font='Arial', granularity=1, labelColor=None, labelHeight=0.05, labelWrapWidth=None, labels=('Not at all', 'Very Difficult'), lineColor=None, markerColor=None, name=None, opacity=None, ori=0, pos=array([0., 0.]), readOnly=False, self=UNKNOWN, size=array([0.85, 0.1 ]), startValue=None, style='rating', styleTweaks=[], ticks=array([1, 9]), units='norm', win=Window(...))
211.0162 	EXP 	None: autoLog = True
211.0162 	EXP 	None: markerPos = None
211.0162 	EXP 	None: styleTweaks = []
211.0162 	EXP 	None: styleTweaks = []
211.0162 	EXP 	None: styleTweaks = []
211.0162 	EXP 	None: styleTweaks = []
211.0162 	EXP 	None: contrast = 1.0
211.0162 	EXP 	None: autoLog = True
211.0162 	EXP 	None: markerPos = 5
212.1969 	DATA 	Keypress: 3
212.2161 	EXP 	None: markerPos = 6
212.6308 	DATA 	Keypress: 3
212.6496 	EXP 	None: markerPos = 7
213.7399 	DATA 	Keypress: 4
213.7671 	EXP 	None: markerPos = 7
213.7739 	EXP 	Created text = TextStim(__class__=<class 'psychopy.visual.text.TextStim'>, alignHoriz=method-wrapper(...), alignText='center', alignVert=method-wrapper(...), anchorHoriz='center', anchorVert='center', antialias=True, autoDraw=False, autoLog=True, bold=False, color=array([1., 1., 1.]), colorSpace='rgb', contrast=1.0, depth=0.0, flipHoriz=False, flipVert=False, font='Arial', fontFiles=[], height=0.06, italic=False, languageStyle='LTR', name='text', opacity=1.0, ori=0, pos=array([0. , 0.2]), rgb=UNKNOWN, text='How calm do you feel right now?', units='norm', win=Window(...), wrapWidth=1.2)
213.7794 	EXP 	window1: mouseVisible = True
213.8176 	EXP 	Created None = Slider(__class__=<class 'psychopy.visual.slider.Slider'>, autoDraw=False, autoLog=True, borderColor=None, color=None, colorSpace='rgb', depth=0, fillColor=None, flip=False, font='Arial', granularity=1, labelColor=None, labelHeight=0.05, labelWrapWidth=None, labels=('Not at all', 'Very calm'), lineColor=None, markerColor=None, name=None, opacity=None, ori=0, pos=array([0., 0.]), readOnly=False, self=UNKNOWN, size=array([0.85, 0.1 ]), startValue=None, style='rating', styleTweaks=[], ticks=array([1, 9]), units='norm', win=Window(...))
213.8501 	EXP 	None: autoLog = True
213.8501 	EXP 	None: markerPos = None
213.8501 	EXP 	None: styleTweaks = []
213.8501 	EXP 	None: styleTweaks = []
213.8501 	EXP 	None: styleTweaks = []
213.8501 	EXP 	None: styleTweaks = []
213.8501 	EXP 	None: contrast = 1.0
213.8501 	EXP 	None: autoLog = True
213.8501 	EXP 	None: markerPos = 5
214.5949 	DATA 	Keypress: 3
214.6158 	EXP 	None: markerPos = 6
215.6806 	DATA 	Keypress: 3
215.6989 	EXP 	None: markerPos = 7
215.8947 	DATA 	Keypress: 3
215.9193 	EXP 	None: markerPos = 8
216.0947 	DATA 	Keypress: 3
216.1207 	EXP 	None: markerPos = 9
216.5079 	DATA 	Keypress: 4
216.5342 	EXP 	None: markerPos = 9
216.5845 	EXP 	window1: mouseVisible = True
