2.6669 	WARNING 	Speech-to-text recognition module for PocketSphinx is not available (use command `pip install SpeechRecognition` to get it). Transcription will be unavailable using that service this session.
2.6674 	WARNING 	Speech-to-text recognition using Google online services is not available (use command `pip install google-api-core google-auth google-cloud google-cloud-speech googleapis-common-protos` to get it). Transcription will be unavailable using that service this session.
2.9074 	WARNING 	We strongly recommend you activate the PTB sound engine in PsychoPy prefs as the preferred audio engine. Its timing is vastly superior. Your prefs are currently set to use ['sounddevice', 'PTB', 'pyo', 'pygame'] (in that order).
16.3090 	WARNING 	Requested an unavailable screen number - using first available.
16.3105 	WARNING 	User requested fullscreen with size [1080 1080], but screen is actually [2560, 1600]. Using actual size
16.8499 	EXP 	Created window1 = Window(allowGUI=False, allowStencil=False, autoLog=True, backendConf=UNKNOWN, bitsMode=UNKNOWN, blendMode='avg', bpc=(8, 8, 8), color=array([-1, -1, -1]), colorSpace='rgb', depthBits=8, fullscr=<method-wrapper '__getattribute__' of attributeSetter object at 0x0000029379A6B1C0>, gamma=None, gammaErrorPolicy='raise', lms=UNKNOWN, monitor=<psychopy.monitors.calibTools.Monitor object at 0x000002937F1C84C0>, multiSample=False, name='window1', numSamples=2, pos=(0, 0), screen=1, size=array([2560, 1600]), stencilBits=0, stereo=False, units='norm', useFBO=True, useRetina=False, viewOri=0.0, viewPos=None, viewScale=None, waitBlanking=True, winType='pyglet')
16.8503 	EXP 	window1: mouseVisible = True
16.8504 	EXP 	window1: Attempting to measure frame rate of screen (1) ...
16.8504 	EXP 	window1: recordFrameIntervals = False
17.0157 	EXP 	window1: recordFrameIntervals = True
17.1986 	EXP 	Screen (1) actual frame rate measured at 60.03Hz
17.1986 	EXP 	window1: recordFrameIntervals = False
17.2642 	EXP 	Created text = TextStim(__class__=<class 'psychopy.visual.text.TextStim'>, alignHoriz=method-wrapper(...), alignText='center', alignVert=method-wrapper(...), anchorHoriz='center', anchorVert='center', antialias=True, autoDraw=False, autoLog=True, bold=False, color=array([1., 1., 1.]), colorSpace='rgb', contrast=1.0, depth=0.0, flipHoriz=False, flipVert=False, font='Arial', fontFiles=[], height=0.06, italic=False, languageStyle='LTR', name='text', opacity=1.0, ori=0, pos=array([0., 0.]), rgb=UNKNOWN, text=str(...), units='norm', win=Window(...), wrapWidth=1.2)
17.2723 	EXP 	Created text_3 = TextStim(__class__=<class 'psychopy.visual.text.TextStim'>, alignHoriz=method-wrapper(...), alignText='center', alignVert=method-wrapper(...), anchorHoriz='center', anchorVert='center', antialias=True, autoDraw=False, autoLog=True, bold=False, color=array([1., 1., 1.]), colorSpace='rgb', contrast=1.0, depth=0.0, flipHoriz=False, flipVert=False, font='Arial', fontFiles=[], height=0.1, italic=False, languageStyle='LTR', name='text_3', opacity=1.0, ori=0, pos=array([0., 0.]), rgb=UNKNOWN, text='waiting for scanner', units='norm', win=Window(...), wrapWidth=2)
17.3083 	EXP 	Created text_2 = TextStim(__class__=<class 'psychopy.visual.text.TextStim'>, alignHoriz=method-wrapper(...), alignText='center', alignVert=method-wrapper(...), anchorHoriz='center', anchorVert='center', antialias=True, autoDraw=False, autoLog=True, bold=False, color=array([1., 1., 1.]), colorSpace='rgb', contrast=1.0, depth=0.0, flipHoriz=False, flipVert=False, font='Arial', fontFiles=[], height=0.3, italic=False, languageStyle='LTR', name='text_2', opacity=1.0, ori=0, pos=array([0., 0.]), rgb=UNKNOWN, text='+', units='norm', win=Window(...), wrapWidth=1)
17.3154 	EXP 	Created text_relax = TextStim(__class__=<class 'psychopy.visual.text.TextStim'>, alignHoriz=method-wrapper(...), alignText='center', alignVert=method-wrapper(...), anchorHoriz='center', anchorVert='center', antialias=True, autoDraw=False, autoLog=True, bold=False, color=array([1., 1., 1.]), colorSpace='rgb', contrast=1.0, depth=0.0, flipHoriz=False, flipVert=False, font='Arial', fontFiles=[], height=0.07, italic=False, languageStyle='LTR', name='text_relax', opacity=1.0, ori=0, pos=array([ 0. , -0.2]), rgb=UNKNOWN, text='Relax', units='norm', win=Window(...), wrapWidth=1)
17.3238 	EXP 	Created text_4 = TextStim(__class__=<class 'psychopy.visual.text.TextStim'>, alignHoriz=method-wrapper(...), alignText='center', alignVert=method-wrapper(...), anchorHoriz='center', anchorVert='center', antialias=True, autoDraw=False, autoLog=True, bold=False, color=array([1., 1., 1.]), colorSpace='rgb', contrast=1.0, depth=-3.0, flipHoriz=False, flipVert=False, font='Arial', fontFiles=[], height=0.1, italic=False, languageStyle='LTR', name='text_4', opacity=1.0, ori=0, pos=array([0., 0.]), rgb=UNKNOWN, text='default text', units='norm', win=Window(...), wrapWidth=1)
17.3305 	EXP 	Created unnamed Circle = Circle(__class__=<class 'psychopy.visual.circle.Circle'>, anchor=('center', 'center'), autoDraw=False, autoLog=True, closeShape=True, color=method-wrapper(...), colorSpace='rgb', contrast=None, depth=0, fillColor=array([0, 0, 0]), fillColorSpace='rgb', fillRGB=array([0, 0, 0]), interpolate=True, lineColor=array([ 1.,  1., -1.]), lineColorSpace='rgb', lineRGB=array([ 1,  1, -1]), lineWidth=2, name='unnamed Circle', opacity=0.5, ori=0.0, pos=array([0.        , 0.33333333]), size=array([1., 1.]), units='norm', vertices=ndarray(...), win=Window(...))
17.3331 	EXP 	Created unnamed Circle = Circle(__class__=<class 'psychopy.visual.circle.Circle'>, anchor=('center', 'center'), autoDraw=False, autoLog=True, closeShape=True, color=method-wrapper(...), colorSpace='rgb', contrast=None, depth=0, fillColor=array([0, 0, 0]), fillColorSpace='rgb', fillRGB=array([0, 0, 0]), interpolate=True, lineColor=array([-1., -1.,  1.]), lineColorSpace='rgb', lineRGB=array([-1, -1,  1]), lineWidth=2, name='unnamed Circle', opacity=0.5, ori=0.0, pos=array([ 0.        , -0.33333333]), size=array([1., 1.]), units='norm', vertices=ndarray(...), win=Window(...))
17.3357 	EXP 	Created unnamed Circle = Circle(__class__=<class 'psychopy.visual.circle.Circle'>, anchor=('center', 'center'), autoDraw=False, autoLog=True, closeShape=True, color=method-wrapper(...), colorSpace='rgb', contrast=None, depth=0, fillColor=array([1, 1, 1]), fillColorSpace='rgb', fillRGB=array([1, 1, 1]), interpolate=True, lineColor=array([1., 1., 1.]), lineColorSpace='rgb', lineRGB=array([1, 1, 1]), lineWidth=1.5, name='unnamed Circle', opacity=1.0, ori=0.0, pos=array([0., 0.]), size=array([1., 1.]), units='norm', vertices=ndarray(...), win=Window(...))
17.3385 	EXP 	Created unnamed Circle = Circle(__class__=<class 'psychopy.visual.circle.Circle'>, anchor=('center', 'center'), autoDraw=False, autoLog=True, closeShape=True, color=method-wrapper(...), colorSpace='rgb', contrast=None, depth=0, fillColor=array([1, 1, 1]), fillColorSpace='rgb', fillRGB=array([1, 1, 1]), interpolate=True, lineColor=array([1., 1., 1.]), lineColorSpace='rgb', lineRGB=array([1, 1, 1]), lineWidth=3, name='unnamed Circle', opacity=1.0, ori=0.0, pos=array([0., 0.]), size=array([1., 1.]), units='norm', vertices=ndarray(...), win=Window(...))
17.3466 	EXP 	Created instruct_text = TextStim(__class__=<class 'psychopy.visual.text.TextStim'>, alignHoriz=method-wrapper(...), alignText='center', alignVert=method-wrapper(...), anchorHoriz='center', anchorVert='center', antialias=True, autoDraw=False, autoLog=True, bold=False, color=array([1., 1., 1.]), colorSpace='rgb', contrast=1.0, depth=0.0, flipHoriz=False, flipVert=False, font='Arial', fontFiles=[], height=0.06, italic=False, languageStyle='LTR', name='instruct_text', opacity=1.0, ori=0, pos=array([0., 0.]), rgb=UNKNOWN, text='replace me', units='norm', win=Window(...), wrapWidth=1.2)
17.3533 	EXP 	Created text_5 = TextStim(__class__=<class 'psychopy.visual.text.TextStim'>, alignHoriz=method-wrapper(...), alignText='center', alignVert=method-wrapper(...), anchorHoriz='center', anchorVert='center', antialias=True, autoDraw=False, autoLog=True, bold=False, color=array([1., 1., 1.]), colorSpace='rgb', contrast=1.0, depth=0.0, flipHoriz=False, flipVert=False, font='Arial', fontFiles=[], height=0.1, italic=False, languageStyle='LTR', name='text_5', opacity=1.0, ori=0, pos=array([0., 0.]), rgb=UNKNOWN, text='thank you!', units='norm', win=Window(...), wrapWidth=1)
17.3798 	EXP 	instruct_text: height = 0.06
17.3798 	EXP 	instruct_text: height = 0.06
17.3798 	EXP 	instruct_text: height = 0.06
17.3798 	EXP 	instruct_text: text = 'Great job! Next, you’ll get to practice Noting for another two minutes with more feedback from the ball. \n\nRemember to relax when the cross (+) is on the screen and once the circles appear try to keep the ball moving up towards the top circle! \n\nThis practice will last 2 min. Press any button to start.'
19.2714 	DATA 	Keypress: 3
25.6583 	DATA 	Keypress: space
25.6834 	EXP 	instruct_text: height = 0.06
25.6834 	EXP 	instruct_text: height = 0.06
25.6834 	EXP 	instruct_text: height = 0.06
25.6834 	EXP 	instruct_text: text = 'You’ll see the cross (+) on the screen for 30 seconds at the start. Whenever you see the cross, please don’t practice Noting – just relax.\n\nOnce you see the circles appear, please start the Noting practice. This practice will last 2 min. Press any button to start.'
26.0279 	DATA 	Keypress: space
26.0482 	EXP 	text_3: autoDraw = True
50.4149 	DATA 	Keypress: t
50.4629 	EXP 	text_3: autoDraw = False
50.4629 	EXP 	text_2: autoDraw = True
50.4629 	EXP 	text_relax: autoDraw = True
51.6365 	DATA 	Keypress: t
52.8197 	DATA 	Keypress: t
54.0174 	DATA 	Keypress: t
54.6879 	DATA 	Keypress: 1
55.2237 	DATA 	Keypress: t
56.4221 	DATA 	Keypress: t
57.6187 	DATA 	Keypress: t
58.8199 	DATA 	Keypress: t
60.0194 	DATA 	Keypress: t
61.2223 	DATA 	Keypress: t
62.4181 	DATA 	Keypress: t
63.6198 	DATA 	Keypress: t
64.8374 	DATA 	Keypress: t
66.0191 	DATA 	Keypress: t
67.2221 	DATA 	Keypress: t
68.4366 	DATA 	Keypress: t
69.6371 	DATA 	Keypress: t
70.8197 	DATA 	Keypress: t
72.0189 	DATA 	Keypress: t
73.2361 	DATA 	Keypress: t
74.4552 	DATA 	Keypress: t
75.6193 	DATA 	Keypress: t
76.8190 	DATA 	Keypress: t
78.0193 	DATA 	Keypress: t
79.2186 	DATA 	Keypress: t
80.4184 	DATA 	Keypress: t
80.4779 	EXP 	text_2: autoDraw = False
80.4779 	EXP 	text_relax: autoDraw = False
80.4779 	EXP 	text_2: autoDraw = False
81.6233 	DATA 	Keypress: t
82.8227 	DATA 	Keypress: t
84.0397 	DATA 	Keypress: t
85.2395 	DATA 	Keypress: t
86.4260 	DATA 	Keypress: t
87.6230 	DATA 	Keypress: t
88.8230 	DATA 	Keypress: t
90.0241 	DATA 	Keypress: t
91.2208 	DATA 	Keypress: t
92.4391 	DATA 	Keypress: t
93.6390 	DATA 	Keypress: t
94.8405 	DATA 	Keypress: t
96.0417 	DATA 	Keypress: t
97.2398 	DATA 	Keypress: t
98.4284 	DATA 	Keypress: t
99.6282 	DATA 	Keypress: t
100.8284 	DATA 	Keypress: t
102.0251 	DATA 	Keypress: t
103.2436 	DATA 	Keypress: t
104.4395 	DATA 	Keypress: t
105.6392 	DATA 	Keypress: t
106.8359 	DATA 	Keypress: t
108.0376 	DATA 	Keypress: t
109.2193 	DATA 	Keypress: t
110.4196 	DATA 	Keypress: t
111.6208 	DATA 	Keypress: t
112.8205 	DATA 	Keypress: t
114.0236 	DATA 	Keypress: t
115.2397 	DATA 	Keypress: t
116.4402 	DATA 	Keypress: t
117.6385 	DATA 	Keypress: t
118.8212 	DATA 	Keypress: t
120.0378 	DATA 	Keypress: t
121.2277 	DATA 	Keypress: t
122.4368 	DATA 	Keypress: t
123.6217 	DATA 	Keypress: t
124.8372 	DATA 	Keypress: t
126.0389 	DATA 	Keypress: t
127.2222 	DATA 	Keypress: t
128.4276 	DATA 	Keypress: t
129.6383 	DATA 	Keypress: t
130.8385 	DATA 	Keypress: t
132.0200 	DATA 	Keypress: t
133.2199 	DATA 	Keypress: t
134.4377 	DATA 	Keypress: t
135.6379 	DATA 	Keypress: t
136.8217 	DATA 	Keypress: t
138.0267 	DATA 	Keypress: t
139.2194 	DATA 	Keypress: t
140.4205 	DATA 	Keypress: t
141.6205 	DATA 	Keypress: t
142.8381 	DATA 	Keypress: t
144.0382 	DATA 	Keypress: t
145.2217 	DATA 	Keypress: t
146.4213 	DATA 	Keypress: t
147.6279 	DATA 	Keypress: t
148.8219 	DATA 	Keypress: t
150.0376 	DATA 	Keypress: t
151.2400 	DATA 	Keypress: t
152.4373 	DATA 	Keypress: t
153.6202 	DATA 	Keypress: t
154.8209 	DATA 	Keypress: t
156.0264 	DATA 	Keypress: t
157.2388 	DATA 	Keypress: t
158.4206 	DATA 	Keypress: t
159.6201 	DATA 	Keypress: t
160.8386 	DATA 	Keypress: t
162.0201 	DATA 	Keypress: t
163.2218 	DATA 	Keypress: t
164.4381 	DATA 	Keypress: t
165.6200 	DATA 	Keypress: t
166.8206 	DATA 	Keypress: t
168.0265 	DATA 	Keypress: t
169.2379 	DATA 	Keypress: t
170.4358 	DATA 	Keypress: t
171.6180 	DATA 	Keypress: t
172.8398 	DATA 	Keypress: t
174.0356 	DATA 	Keypress: t
175.2183 	DATA 	Keypress: t
176.4223 	DATA 	Keypress: t
177.6260 	DATA 	Keypress: t
178.8207 	DATA 	Keypress: t
180.0359 	DATA 	Keypress: t
181.2213 	DATA 	Keypress: t
182.4172 	DATA 	Keypress: t
183.6186 	DATA 	Keypress: t
184.8182 	DATA 	Keypress: t
186.0350 	DATA 	Keypress: t
187.2359 	DATA 	Keypress: t
188.4204 	DATA 	Keypress: t
189.6255 	DATA 	Keypress: t
190.8392 	DATA 	Keypress: t
192.0223 	DATA 	Keypress: t
193.2357 	DATA 	Keypress: t
200.4929 	EXP 	text_2: autoDraw = True
201.4488 	EXP 	Created text = TextStim(__class__=<class 'psychopy.visual.text.TextStim'>, alignHoriz=method-wrapper(...), alignText='center', alignVert=method-wrapper(...), anchorHoriz='center', anchorVert='center', antialias=True, autoDraw=False, autoLog=True, bold=False, color=array([1., 1., 1.]), colorSpace='rgb', contrast=1.0, depth=0.0, flipHoriz=False, flipVert=False, font='Arial', fontFiles=[], height=0.06, italic=False, languageStyle='LTR', name='text', opacity=1.0, ori=0, pos=array([0. , 0.2]), rgb=UNKNOWN, text=str(...), units='norm', win=Window(...), wrapWidth=1.2)
201.4576 	EXP 	window1: mouseVisible = True
201.5129 	EXP 	Created None = Slider(__class__=<class 'psychopy.visual.slider.Slider'>, autoDraw=False, autoLog=True, borderColor=None, color=None, colorSpace='rgb', depth=0, fillColor=None, flip=False, font='Arial', granularity=1, labelColor=None, labelHeight=0.05, labelWrapWidth=None, labels=('Never', 'Always'), lineColor=None, markerColor=None, name=None, opacity=None, ori=0, pos=array([0., 0.]), readOnly=False, self=UNKNOWN, size=array([0.85, 0.1 ]), startValue=None, style='rating', styleTweaks=[], ticks=array([1, 9]), units='norm', win=Window(...))
201.5394 	EXP 	text_2: autoDraw = False
201.5394 	EXP 	None: autoLog = True
201.5394 	EXP 	None: markerPos = None
201.5394 	EXP 	None: styleTweaks = []
201.5394 	EXP 	None: styleTweaks = []
201.5394 	EXP 	None: styleTweaks = []
201.5394 	EXP 	None: styleTweaks = []
201.5394 	EXP 	None: contrast = 1.0
201.5394 	EXP 	None: autoLog = True
201.5394 	EXP 	None: markerPos = 5
203.1313 	DATA 	Keypress: 2
203.1568 	EXP 	None: markerPos = 4
203.4782 	DATA 	Keypress: 2
203.4910 	EXP 	None: markerPos = 3
203.8923 	DATA 	Keypress: 2
203.9112 	EXP 	None: markerPos = 2
204.6483 	DATA 	Keypress: 4
204.6752 	EXP 	None: markerPos = 2
204.6822 	EXP 	Created text = TextStim(__class__=<class 'psychopy.visual.text.TextStim'>, alignHoriz=method-wrapper(...), alignText='center', alignVert=method-wrapper(...), anchorHoriz='center', anchorVert='center', antialias=True, autoDraw=False, autoLog=True, bold=False, color=array([1., 1., 1.]), colorSpace='rgb', contrast=1.0, depth=0.0, flipHoriz=False, flipVert=False, font='Arial', fontFiles=[], height=0.06, italic=False, languageStyle='LTR', name='text', opacity=1.0, ori=0, pos=array([0. , 0.2]), rgb=UNKNOWN, text=str(...), units='norm', win=Window(...), wrapWidth=1.2)
204.6877 	EXP 	window1: mouseVisible = True
204.7339 	EXP 	Created None = Slider(__class__=<class 'psychopy.visual.slider.Slider'>, autoDraw=False, autoLog=True, borderColor=None, color=None, colorSpace='rgb', depth=0, fillColor=None, flip=False, font='Arial', granularity=1, labelColor=None, labelHeight=0.05, labelWrapWidth=None, labels=('Never', 'All the time'), lineColor=None, markerColor=None, name=None, opacity=None, ori=0, pos=array([0., 0.]), readOnly=False, self=UNKNOWN, size=array([0.85, 0.1 ]), startValue=None, style='rating', styleTweaks=[], ticks=array([1, 9]), units='norm', win=Window(...))
204.7567 	EXP 	None: autoLog = True
204.7567 	EXP 	None: markerPos = None
204.7567 	EXP 	None: styleTweaks = []
204.7567 	EXP 	None: styleTweaks = []
204.7567 	EXP 	None: styleTweaks = []
204.7567 	EXP 	None: styleTweaks = []
204.7567 	EXP 	None: contrast = 1.0
204.7567 	EXP 	None: autoLog = True
204.7567 	EXP 	None: markerPos = 5
205.8253 	DATA 	Keypress: 3
205.8403 	EXP 	None: markerPos = 6
206.0952 	DATA 	Keypress: 3
206.1140 	EXP 	None: markerPos = 7
206.8551 	DATA 	Keypress: 4
206.8754 	EXP 	None: markerPos = 7
206.8825 	EXP 	Created text = TextStim(__class__=<class 'psychopy.visual.text.TextStim'>, alignHoriz=method-wrapper(...), alignText='center', alignVert=method-wrapper(...), anchorHoriz='center', anchorVert='center', antialias=True, autoDraw=False, autoLog=True, bold=False, color=array([1., 1., 1.]), colorSpace='rgb', contrast=1.0, depth=0.0, flipHoriz=False, flipVert=False, font='Arial', fontFiles=[], height=0.06, italic=False, languageStyle='LTR', name='text', opacity=1.0, ori=0, pos=array([0. , 0.2]), rgb=UNKNOWN, text='How difficult was it to apply mental noting?', units='norm', win=Window(...), wrapWidth=1.2)
206.8880 	EXP 	window1: mouseVisible = True
206.9377 	EXP 	Created None = Slider(__class__=<class 'psychopy.visual.slider.Slider'>, autoDraw=False, autoLog=True, borderColor=None, color=None, colorSpace='rgb', depth=0, fillColor=None, flip=False, font='Arial', granularity=1, labelColor=None, labelHeight=0.05, labelWrapWidth=None, labels=('Not at all', 'Very Difficult'), lineColor=None, markerColor=None, name=None, opacity=None, ori=0, pos=array([0., 0.]), readOnly=False, self=UNKNOWN, size=array([0.85, 0.1 ]), startValue=None, style='rating', styleTweaks=[], ticks=array([1, 9]), units='norm', win=Window(...))
206.9553 	EXP 	None: autoLog = True
206.9553 	EXP 	None: markerPos = None
206.9553 	EXP 	None: styleTweaks = []
206.9553 	EXP 	None: styleTweaks = []
206.9553 	EXP 	None: styleTweaks = []
206.9553 	EXP 	None: styleTweaks = []
206.9553 	EXP 	None: contrast = 1.0
206.9553 	EXP 	None: autoLog = True
206.9553 	EXP 	None: markerPos = 5
208.1323 	DATA 	Keypress: 3
208.1569 	EXP 	None: markerPos = 6
208.3581 	DATA 	Keypress: 3
208.3775 	EXP 	None: markerPos = 7
208.8546 	DATA 	Keypress: 3
208.8760 	EXP 	None: markerPos = 8
209.0741 	DATA 	Keypress: 4
209.0929 	EXP 	None: markerPos = 8
209.0993 	EXP 	Created text = TextStim(__class__=<class 'psychopy.visual.text.TextStim'>, alignHoriz=method-wrapper(...), alignText='center', alignVert=method-wrapper(...), anchorHoriz='center', anchorVert='center', antialias=True, autoDraw=False, autoLog=True, bold=False, color=array([1., 1., 1.]), colorSpace='rgb', contrast=1.0, depth=0.0, flipHoriz=False, flipVert=False, font='Arial', fontFiles=[], height=0.06, italic=False, languageStyle='LTR', name='text', opacity=1.0, ori=0, pos=array([0. , 0.2]), rgb=UNKNOWN, text='How calm do you feel right now?', units='norm', win=Window(...), wrapWidth=1.2)
209.1050 	EXP 	window1: mouseVisible = True
209.1434 	EXP 	Created None = Slider(__class__=<class 'psychopy.visual.slider.Slider'>, autoDraw=False, autoLog=True, borderColor=None, color=None, colorSpace='rgb', depth=0, fillColor=None, flip=False, font='Arial', granularity=1, labelColor=None, labelHeight=0.05, labelWrapWidth=None, labels=('Not at all', 'Very calm'), lineColor=None, markerColor=None, name=None, opacity=None, ori=0, pos=array([0., 0.]), readOnly=False, self=UNKNOWN, size=array([0.85, 0.1 ]), startValue=None, style='rating', styleTweaks=[], ticks=array([1, 9]), units='norm', win=Window(...))
209.1757 	EXP 	None: autoLog = True
209.1757 	EXP 	None: markerPos = None
209.1757 	EXP 	None: styleTweaks = []
209.1757 	EXP 	None: styleTweaks = []
209.1757 	EXP 	None: styleTweaks = []
209.1757 	EXP 	None: styleTweaks = []
209.1757 	EXP 	None: contrast = 1.0
209.1757 	EXP 	None: autoLog = True
209.1757 	EXP 	None: markerPos = 5
210.6044 	DATA 	Keypress: 3
210.6236 	EXP 	None: markerPos = 6
210.7951 	DATA 	Keypress: 3
210.8150 	EXP 	None: markerPos = 7
210.9760 	DATA 	Keypress: 3
210.9963 	EXP 	None: markerPos = 8
211.1391 	DATA 	Keypress: 3
211.1641 	EXP 	None: markerPos = 9
211.5783 	DATA 	Keypress: 4
211.5905 	EXP 	None: markerPos = 9
211.6404 	EXP 	window1: mouseVisible = True
2.6669 	WARNING 	Speech-to-text recognition module for PocketSphinx is not available (use command `pip install SpeechRecognition` to get it). Transcription will be unavailable using that service this session.
2.6674 	WARNING 	Speech-to-text recognition using Google online services is not available (use command `pip install google-api-core google-auth google-cloud google-cloud-speech googleapis-common-protos` to get it). Transcription will be unavailable using that service this session.
2.9074 	WARNING 	We strongly recommend you activate the PTB sound engine in PsychoPy prefs as the preferred audio engine. Its timing is vastly superior. Your prefs are currently set to use ['sounddevice', 'PTB', 'pyo', 'pygame'] (in that order).
16.3090 	WARNING 	Requested an unavailable screen number - using first available.
16.3105 	WARNING 	User requested fullscreen with size [1080 1080], but screen is actually [2560, 1600]. Using actual size
16.8499 	EXP 	Created window1 = Window(allowGUI=False, allowStencil=False, autoLog=True, backendConf=UNKNOWN, bitsMode=UNKNOWN, blendMode='avg', bpc=(8, 8, 8), color=array([-1, -1, -1]), colorSpace='rgb', depthBits=8, fullscr=<method-wrapper '__getattribute__' of attributeSetter object at 0x0000029379A6B1C0>, gamma=None, gammaErrorPolicy='raise', lms=UNKNOWN, monitor=<psychopy.monitors.calibTools.Monitor object at 0x000002937F1C84C0>, multiSample=False, name='window1', numSamples=2, pos=(0, 0), screen=1, size=array([2560, 1600]), stencilBits=0, stereo=False, units='norm', useFBO=True, useRetina=False, viewOri=0.0, viewPos=None, viewScale=None, waitBlanking=True, winType='pyglet')
16.8503 	EXP 	window1: mouseVisible = True
16.8504 	EXP 	window1: Attempting to measure frame rate of screen (1) ...
16.8504 	EXP 	window1: recordFrameIntervals = False
17.0157 	EXP 	window1: recordFrameIntervals = True
17.1986 	EXP 	Screen (1) actual frame rate measured at 60.03Hz
17.1986 	EXP 	window1: recordFrameIntervals = False
17.2642 	EXP 	Created text = TextStim(__class__=<class 'psychopy.visual.text.TextStim'>, alignHoriz=method-wrapper(...), alignText='center', alignVert=method-wrapper(...), anchorHoriz='center', anchorVert='center', antialias=True, autoDraw=False, autoLog=True, bold=False, color=array([1., 1., 1.]), colorSpace='rgb', contrast=1.0, depth=0.0, flipHoriz=False, flipVert=False, font='Arial', fontFiles=[], height=0.06, italic=False, languageStyle='LTR', name='text', opacity=1.0, ori=0, pos=array([0., 0.]), rgb=UNKNOWN, text=str(...), units='norm', win=Window(...), wrapWidth=1.2)
17.2723 	EXP 	Created text_3 = TextStim(__class__=<class 'psychopy.visual.text.TextStim'>, alignHoriz=method-wrapper(...), alignText='center', alignVert=method-wrapper(...), anchorHoriz='center', anchorVert='center', antialias=True, autoDraw=False, autoLog=True, bold=False, color=array([1., 1., 1.]), colorSpace='rgb', contrast=1.0, depth=0.0, flipHoriz=False, flipVert=False, font='Arial', fontFiles=[], height=0.1, italic=False, languageStyle='LTR', name='text_3', opacity=1.0, ori=0, pos=array([0., 0.]), rgb=UNKNOWN, text='waiting for scanner', units='norm', win=Window(...), wrapWidth=2)
17.3083 	EXP 	Created text_2 = TextStim(__class__=<class 'psychopy.visual.text.TextStim'>, alignHoriz=method-wrapper(...), alignText='center', alignVert=method-wrapper(...), anchorHoriz='center', anchorVert='center', antialias=True, autoDraw=False, autoLog=True, bold=False, color=array([1., 1., 1.]), colorSpace='rgb', contrast=1.0, depth=0.0, flipHoriz=False, flipVert=False, font='Arial', fontFiles=[], height=0.3, italic=False, languageStyle='LTR', name='text_2', opacity=1.0, ori=0, pos=array([0., 0.]), rgb=UNKNOWN, text='+', units='norm', win=Window(...), wrapWidth=1)
17.3154 	EXP 	Created text_relax = TextStim(__class__=<class 'psychopy.visual.text.TextStim'>, alignHoriz=method-wrapper(...), alignText='center', alignVert=method-wrapper(...), anchorHoriz='center', anchorVert='center', antialias=True, autoDraw=False, autoLog=True, bold=False, color=array([1., 1., 1.]), colorSpace='rgb', contrast=1.0, depth=0.0, flipHoriz=False, flipVert=False, font='Arial', fontFiles=[], height=0.07, italic=False, languageStyle='LTR', name='text_relax', opacity=1.0, ori=0, pos=array([ 0. , -0.2]), rgb=UNKNOWN, text='Relax', units='norm', win=Window(...), wrapWidth=1)
17.3238 	EXP 	Created text_4 = TextStim(__class__=<class 'psychopy.visual.text.TextStim'>, alignHoriz=method-wrapper(...), alignText='center', alignVert=method-wrapper(...), anchorHoriz='center', anchorVert='center', antialias=True, autoDraw=False, autoLog=True, bold=False, color=array([1., 1., 1.]), colorSpace='rgb', contrast=1.0, depth=-3.0, flipHoriz=False, flipVert=False, font='Arial', fontFiles=[], height=0.1, italic=False, languageStyle='LTR', name='text_4', opacity=1.0, ori=0, pos=array([0., 0.]), rgb=UNKNOWN, text='default text', units='norm', win=Window(...), wrapWidth=1)
17.3305 	EXP 	Created unnamed Circle = Circle(__class__=<class 'psychopy.visual.circle.Circle'>, anchor=('center', 'center'), autoDraw=False, autoLog=True, closeShape=True, color=method-wrapper(...), colorSpace='rgb', contrast=None, depth=0, fillColor=array([0, 0, 0]), fillColorSpace='rgb', fillRGB=array([0, 0, 0]), interpolate=True, lineColor=array([ 1.,  1., -1.]), lineColorSpace='rgb', lineRGB=array([ 1,  1, -1]), lineWidth=2, name='unnamed Circle', opacity=0.5, ori=0.0, pos=array([0.        , 0.33333333]), size=array([1., 1.]), units='norm', vertices=ndarray(...), win=Window(...))
17.3331 	EXP 	Created unnamed Circle = Circle(__class__=<class 'psychopy.visual.circle.Circle'>, anchor=('center', 'center'), autoDraw=False, autoLog=True, closeShape=True, color=method-wrapper(...), colorSpace='rgb', contrast=None, depth=0, fillColor=array([0, 0, 0]), fillColorSpace='rgb', fillRGB=array([0, 0, 0]), interpolate=True, lineColor=array([-1., -1.,  1.]), lineColorSpace='rgb', lineRGB=array([-1, -1,  1]), lineWidth=2, name='unnamed Circle', opacity=0.5, ori=0.0, pos=array([ 0.        , -0.33333333]), size=array([1., 1.]), units='norm', vertices=ndarray(...), win=Window(...))
17.3357 	EXP 	Created unnamed Circle = Circle(__class__=<class 'psychopy.visual.circle.Circle'>, anchor=('center', 'center'), autoDraw=False, autoLog=True, closeShape=True, color=method-wrapper(...), colorSpace='rgb', contrast=None, depth=0, fillColor=array([1, 1, 1]), fillColorSpace='rgb', fillRGB=array([1, 1, 1]), interpolate=True, lineColor=array([1., 1., 1.]), lineColorSpace='rgb', lineRGB=array([1, 1, 1]), lineWidth=1.5, name='unnamed Circle', opacity=1.0, ori=0.0, pos=array([0., 0.]), size=array([1., 1.]), units='norm', vertices=ndarray(...), win=Window(...))
17.3385 	EXP 	Created unnamed Circle = Circle(__class__=<class 'psychopy.visual.circle.Circle'>, anchor=('center', 'center'), autoDraw=False, autoLog=True, closeShape=True, color=method-wrapper(...), colorSpace='rgb', contrast=None, depth=0, fillColor=array([1, 1, 1]), fillColorSpace='rgb', fillRGB=array([1, 1, 1]), interpolate=True, lineColor=array([1., 1., 1.]), lineColorSpace='rgb', lineRGB=array([1, 1, 1]), lineWidth=3, name='unnamed Circle', opacity=1.0, ori=0.0, pos=array([0., 0.]), size=array([1., 1.]), units='norm', vertices=ndarray(...), win=Window(...))
17.3466 	EXP 	Created instruct_text = TextStim(__class__=<class 'psychopy.visual.text.TextStim'>, alignHoriz=method-wrapper(...), alignText='center', alignVert=method-wrapper(...), anchorHoriz='center', anchorVert='center', antialias=True, autoDraw=False, autoLog=True, bold=False, color=array([1., 1., 1.]), colorSpace='rgb', contrast=1.0, depth=0.0, flipHoriz=False, flipVert=False, font='Arial', fontFiles=[], height=0.06, italic=False, languageStyle='LTR', name='instruct_text', opacity=1.0, ori=0, pos=array([0., 0.]), rgb=UNKNOWN, text='replace me', units='norm', win=Window(...), wrapWidth=1.2)
17.3533 	EXP 	Created text_5 = TextStim(__class__=<class 'psychopy.visual.text.TextStim'>, alignHoriz=method-wrapper(...), alignText='center', alignVert=method-wrapper(...), anchorHoriz='center', anchorVert='center', antialias=True, autoDraw=False, autoLog=True, bold=False, color=array([1., 1., 1.]), colorSpace='rgb', contrast=1.0, depth=0.0, flipHoriz=False, flipVert=False, font='Arial', fontFiles=[], height=0.1, italic=False, languageStyle='LTR', name='text_5', opacity=1.0, ori=0, pos=array([0., 0.]), rgb=UNKNOWN, text='thank you!', units='norm', win=Window(...), wrapWidth=1)
17.3798 	EXP 	instruct_text: height = 0.06
17.3798 	EXP 	instruct_text: height = 0.06
17.3798 	EXP 	instruct_text: height = 0.06
17.3798 	EXP 	instruct_text: text = 'Great job! Next, you’ll get to practice Noting for another two minutes with more feedback from the ball. \n\nRemember to relax when the cross (+) is on the screen and once the circles appear try to keep the ball moving up towards the top circle! \n\nThis practice will last 2 min. Press any button to start.'
19.2714 	DATA 	Keypress: 3
25.6583 	DATA 	Keypress: space
25.6834 	EXP 	instruct_text: height = 0.06
25.6834 	EXP 	instruct_text: height = 0.06
25.6834 	EXP 	instruct_text: height = 0.06
25.6834 	EXP 	instruct_text: text = 'You’ll see the cross (+) on the screen for 30 seconds at the start. Whenever you see the cross, please don’t practice Noting – just relax.\n\nOnce you see the circles appear, please start the Noting practice. This practice will last 2 min. Press any button to start.'
26.0279 	DATA 	Keypress: space
26.0482 	EXP 	text_3: autoDraw = True
50.4149 	DATA 	Keypress: t
50.4629 	EXP 	text_3: autoDraw = False
50.4629 	EXP 	text_2: autoDraw = True
50.4629 	EXP 	text_relax: autoDraw = True
51.6365 	DATA 	Keypress: t
52.8197 	DATA 	Keypress: t
54.0174 	DATA 	Keypress: t
54.6879 	DATA 	Keypress: 1
55.2237 	DATA 	Keypress: t
56.4221 	DATA 	Keypress: t
57.6187 	DATA 	Keypress: t
58.8199 	DATA 	Keypress: t
60.0194 	DATA 	Keypress: t
61.2223 	DATA 	Keypress: t
62.4181 	DATA 	Keypress: t
63.6198 	DATA 	Keypress: t
64.8374 	DATA 	Keypress: t
66.0191 	DATA 	Keypress: t
67.2221 	DATA 	Keypress: t
68.4366 	DATA 	Keypress: t
69.6371 	DATA 	Keypress: t
70.8197 	DATA 	Keypress: t
72.0189 	DATA 	Keypress: t
73.2361 	DATA 	Keypress: t
74.4552 	DATA 	Keypress: t
75.6193 	DATA 	Keypress: t
76.8190 	DATA 	Keypress: t
78.0193 	DATA 	Keypress: t
79.2186 	DATA 	Keypress: t
80.4184 	DATA 	Keypress: t
80.4779 	EXP 	text_2: autoDraw = False
80.4779 	EXP 	text_relax: autoDraw = False
80.4779 	EXP 	text_2: autoDraw = False
81.6233 	DATA 	Keypress: t
82.8227 	DATA 	Keypress: t
84.0397 	DATA 	Keypress: t
85.2395 	DATA 	Keypress: t
86.4260 	DATA 	Keypress: t
87.6230 	DATA 	Keypress: t
88.8230 	DATA 	Keypress: t
90.0241 	DATA 	Keypress: t
91.2208 	DATA 	Keypress: t
92.4391 	DATA 	Keypress: t
93.6390 	DATA 	Keypress: t
94.8405 	DATA 	Keypress: t
96.0417 	DATA 	Keypress: t
97.2398 	DATA 	Keypress: t
98.4284 	DATA 	Keypress: t
99.6282 	DATA 	Keypress: t
100.8284 	DATA 	Keypress: t
102.0251 	DATA 	Keypress: t
103.2436 	DATA 	Keypress: t
104.4395 	DATA 	Keypress: t
105.6392 	DATA 	Keypress: t
106.8359 	DATA 	Keypress: t
108.0376 	DATA 	Keypress: t
109.2193 	DATA 	Keypress: t
110.4196 	DATA 	Keypress: t
111.6208 	DATA 	Keypress: t
112.8205 	DATA 	Keypress: t
114.0236 	DATA 	Keypress: t
115.2397 	DATA 	Keypress: t
116.4402 	DATA 	Keypress: t
117.6385 	DATA 	Keypress: t
118.8212 	DATA 	Keypress: t
120.0378 	DATA 	Keypress: t
121.2277 	DATA 	Keypress: t
122.4368 	DATA 	Keypress: t
123.6217 	DATA 	Keypress: t
124.8372 	DATA 	Keypress: t
126.0389 	DATA 	Keypress: t
127.2222 	DATA 	Keypress: t
128.4276 	DATA 	Keypress: t
129.6383 	DATA 	Keypress: t
130.8385 	DATA 	Keypress: t
132.0200 	DATA 	Keypress: t
133.2199 	DATA 	Keypress: t
134.4377 	DATA 	Keypress: t
135.6379 	DATA 	Keypress: t
136.8217 	DATA 	Keypress: t
138.0267 	DATA 	Keypress: t
139.2194 	DATA 	Keypress: t
140.4205 	DATA 	Keypress: t
141.6205 	DATA 	Keypress: t
142.8381 	DATA 	Keypress: t
144.0382 	DATA 	Keypress: t
145.2217 	DATA 	Keypress: t
146.4213 	DATA 	Keypress: t
147.6279 	DATA 	Keypress: t
148.8219 	DATA 	Keypress: t
150.0376 	DATA 	Keypress: t
151.2400 	DATA 	Keypress: t
152.4373 	DATA 	Keypress: t
153.6202 	DATA 	Keypress: t
154.8209 	DATA 	Keypress: t
156.0264 	DATA 	Keypress: t
157.2388 	DATA 	Keypress: t
158.4206 	DATA 	Keypress: t
159.6201 	DATA 	Keypress: t
160.8386 	DATA 	Keypress: t
162.0201 	DATA 	Keypress: t
163.2218 	DATA 	Keypress: t
164.4381 	DATA 	Keypress: t
165.6200 	DATA 	Keypress: t
166.8206 	DATA 	Keypress: t
168.0265 	DATA 	Keypress: t
169.2379 	DATA 	Keypress: t
170.4358 	DATA 	Keypress: t
171.6180 	DATA 	Keypress: t
172.8398 	DATA 	Keypress: t
174.0356 	DATA 	Keypress: t
175.2183 	DATA 	Keypress: t
176.4223 	DATA 	Keypress: t
177.6260 	DATA 	Keypress: t
178.8207 	DATA 	Keypress: t
180.0359 	DATA 	Keypress: t
181.2213 	DATA 	Keypress: t
182.4172 	DATA 	Keypress: t
183.6186 	DATA 	Keypress: t
184.8182 	DATA 	Keypress: t
186.0350 	DATA 	Keypress: t
187.2359 	DATA 	Keypress: t
188.4204 	DATA 	Keypress: t
189.6255 	DATA 	Keypress: t
190.8392 	DATA 	Keypress: t
192.0223 	DATA 	Keypress: t
193.2357 	DATA 	Keypress: t
200.4929 	EXP 	text_2: autoDraw = True
201.4488 	EXP 	Created text = TextStim(__class__=<class 'psychopy.visual.text.TextStim'>, alignHoriz=method-wrapper(...), alignText='center', alignVert=method-wrapper(...), anchorHoriz='center', anchorVert='center', antialias=True, autoDraw=False, autoLog=True, bold=False, color=array([1., 1., 1.]), colorSpace='rgb', contrast=1.0, depth=0.0, flipHoriz=False, flipVert=False, font='Arial', fontFiles=[], height=0.06, italic=False, languageStyle='LTR', name='text', opacity=1.0, ori=0, pos=array([0. , 0.2]), rgb=UNKNOWN, text=str(...), units='norm', win=Window(...), wrapWidth=1.2)
201.4576 	EXP 	window1: mouseVisible = True
201.5129 	EXP 	Created None = Slider(__class__=<class 'psychopy.visual.slider.Slider'>, autoDraw=False, autoLog=True, borderColor=None, color=None, colorSpace='rgb', depth=0, fillColor=None, flip=False, font='Arial', granularity=1, labelColor=None, labelHeight=0.05, labelWrapWidth=None, labels=('Never', 'Always'), lineColor=None, markerColor=None, name=None, opacity=None, ori=0, pos=array([0., 0.]), readOnly=False, self=UNKNOWN, size=array([0.85, 0.1 ]), startValue=None, style='rating', styleTweaks=[], ticks=array([1, 9]), units='norm', win=Window(...))
201.5394 	EXP 	text_2: autoDraw = False
201.5394 	EXP 	None: autoLog = True
201.5394 	EXP 	None: markerPos = None
201.5394 	EXP 	None: styleTweaks = []
201.5394 	EXP 	None: styleTweaks = []
201.5394 	EXP 	None: styleTweaks = []
201.5394 	EXP 	None: styleTweaks = []
201.5394 	EXP 	None: contrast = 1.0
201.5394 	EXP 	None: autoLog = True
201.5394 	EXP 	None: markerPos = 5
203.1313 	DATA 	Keypress: 2
203.1568 	EXP 	None: markerPos = 4
203.4782 	DATA 	Keypress: 2
203.4910 	EXP 	None: markerPos = 3
203.8923 	DATA 	Keypress: 2
203.9112 	EXP 	None: markerPos = 2
204.6483 	DATA 	Keypress: 4
204.6752 	EXP 	None: markerPos = 2
204.6822 	EXP 	Created text = TextStim(__class__=<class 'psychopy.visual.text.TextStim'>, alignHoriz=method-wrapper(...), alignText='center', alignVert=method-wrapper(...), anchorHoriz='center', anchorVert='center', antialias=True, autoDraw=False, autoLog=True, bold=False, color=array([1., 1., 1.]), colorSpace='rgb', contrast=1.0, depth=0.0, flipHoriz=False, flipVert=False, font='Arial', fontFiles=[], height=0.06, italic=False, languageStyle='LTR', name='text', opacity=1.0, ori=0, pos=array([0. , 0.2]), rgb=UNKNOWN, text=str(...), units='norm', win=Window(...), wrapWidth=1.2)
204.6877 	EXP 	window1: mouseVisible = True
204.7339 	EXP 	Created None = Slider(__class__=<class 'psychopy.visual.slider.Slider'>, autoDraw=False, autoLog=True, borderColor=None, color=None, colorSpace='rgb', depth=0, fillColor=None, flip=False, font='Arial', granularity=1, labelColor=None, labelHeight=0.05, labelWrapWidth=None, labels=('Never', 'All the time'), lineColor=None, markerColor=None, name=None, opacity=None, ori=0, pos=array([0., 0.]), readOnly=False, self=UNKNOWN, size=array([0.85, 0.1 ]), startValue=None, style='rating', styleTweaks=[], ticks=array([1, 9]), units='norm', win=Window(...))
204.7567 	EXP 	None: autoLog = True
204.7567 	EXP 	None: markerPos = None
204.7567 	EXP 	None: styleTweaks = []
204.7567 	EXP 	None: styleTweaks = []
204.7567 	EXP 	None: styleTweaks = []
204.7567 	EXP 	None: styleTweaks = []
204.7567 	EXP 	None: contrast = 1.0
204.7567 	EXP 	None: autoLog = True
204.7567 	EXP 	None: markerPos = 5
205.8253 	DATA 	Keypress: 3
205.8403 	EXP 	None: markerPos = 6
206.0952 	DATA 	Keypress: 3
206.1140 	EXP 	None: markerPos = 7
206.8551 	DATA 	Keypress: 4
206.8754 	EXP 	None: markerPos = 7
206.8825 	EXP 	Created text = TextStim(__class__=<class 'psychopy.visual.text.TextStim'>, alignHoriz=method-wrapper(...), alignText='center', alignVert=method-wrapper(...), anchorHoriz='center', anchorVert='center', antialias=True, autoDraw=False, autoLog=True, bold=False, color=array([1., 1., 1.]), colorSpace='rgb', contrast=1.0, depth=0.0, flipHoriz=False, flipVert=False, font='Arial', fontFiles=[], height=0.06, italic=False, languageStyle='LTR', name='text', opacity=1.0, ori=0, pos=array([0. , 0.2]), rgb=UNKNOWN, text='How difficult was it to apply mental noting?', units='norm', win=Window(...), wrapWidth=1.2)
206.8880 	EXP 	window1: mouseVisible = True
206.9377 	EXP 	Created None = Slider(__class__=<class 'psychopy.visual.slider.Slider'>, autoDraw=False, autoLog=True, borderColor=None, color=None, colorSpace='rgb', depth=0, fillColor=None, flip=False, font='Arial', granularity=1, labelColor=None, labelHeight=0.05, labelWrapWidth=None, labels=('Not at all', 'Very Difficult'), lineColor=None, markerColor=None, name=None, opacity=None, ori=0, pos=array([0., 0.]), readOnly=False, self=UNKNOWN, size=array([0.85, 0.1 ]), startValue=None, style='rating', styleTweaks=[], ticks=array([1, 9]), units='norm', win=Window(...))
206.9553 	EXP 	None: autoLog = True
206.9553 	EXP 	None: markerPos = None
206.9553 	EXP 	None: styleTweaks = []
206.9553 	EXP 	None: styleTweaks = []
206.9553 	EXP 	None: styleTweaks = []
206.9553 	EXP 	None: styleTweaks = []
206.9553 	EXP 	None: contrast = 1.0
206.9553 	EXP 	None: autoLog = True
206.9553 	EXP 	None: markerPos = 5
208.1323 	DATA 	Keypress: 3
208.1569 	EXP 	None: markerPos = 6
208.3581 	DATA 	Keypress: 3
208.3775 	EXP 	None: markerPos = 7
208.8546 	DATA 	Keypress: 3
208.8760 	EXP 	None: markerPos = 8
209.0741 	DATA 	Keypress: 4
209.0929 	EXP 	None: markerPos = 8
209.0993 	EXP 	Created text = TextStim(__class__=<class 'psychopy.visual.text.TextStim'>, alignHoriz=method-wrapper(...), alignText='center', alignVert=method-wrapper(...), anchorHoriz='center', anchorVert='center', antialias=True, autoDraw=False, autoLog=True, bold=False, color=array([1., 1., 1.]), colorSpace='rgb', contrast=1.0, depth=0.0, flipHoriz=False, flipVert=False, font='Arial', fontFiles=[], height=0.06, italic=False, languageStyle='LTR', name='text', opacity=1.0, ori=0, pos=array([0. , 0.2]), rgb=UNKNOWN, text='How calm do you feel right now?', units='norm', win=Window(...), wrapWidth=1.2)
209.1050 	EXP 	window1: mouseVisible = True
209.1434 	EXP 	Created None = Slider(__class__=<class 'psychopy.visual.slider.Slider'>, autoDraw=False, autoLog=True, borderColor=None, color=None, colorSpace='rgb', depth=0, fillColor=None, flip=False, font='Arial', granularity=1, labelColor=None, labelHeight=0.05, labelWrapWidth=None, labels=('Not at all', 'Very calm'), lineColor=None, markerColor=None, name=None, opacity=None, ori=0, pos=array([0., 0.]), readOnly=False, self=UNKNOWN, size=array([0.85, 0.1 ]), startValue=None, style='rating', styleTweaks=[], ticks=array([1, 9]), units='norm', win=Window(...))
209.1757 	EXP 	None: autoLog = True
209.1757 	EXP 	None: markerPos = None
209.1757 	EXP 	None: styleTweaks = []
209.1757 	EXP 	None: styleTweaks = []
209.1757 	EXP 	None: styleTweaks = []
209.1757 	EXP 	None: styleTweaks = []
209.1757 	EXP 	None: contrast = 1.0
209.1757 	EXP 	None: autoLog = True
209.1757 	EXP 	None: markerPos = 5
210.6044 	DATA 	Keypress: 3
210.6236 	EXP 	None: markerPos = 6
210.7951 	DATA 	Keypress: 3
210.8150 	EXP 	None: markerPos = 7
210.9760 	DATA 	Keypress: 3
210.9963 	EXP 	None: markerPos = 8
211.1391 	DATA 	Keypress: 3
211.1641 	EXP 	None: markerPos = 9
211.5783 	DATA 	Keypress: 4
211.5905 	EXP 	None: markerPos = 9
211.6404 	EXP 	window1: mouseVisible = True
