2.5081 	WARNING 	Speech-to-text recognition module for PocketSphinx is not available (use command `pip install SpeechRecognition` to get it). Transcription will be unavailable using that service this session.
2.5087 	WARNING 	Speech-to-text recognition using Google online services is not available (use command `pip install google-api-core google-auth google-cloud google-cloud-speech googleapis-common-protos` to get it). Transcription will be unavailable using that service this session.
2.7359 	WARNING 	We strongly recommend you activate the PTB sound engine in PsychoPy prefs as the preferred audio engine. Its timing is vastly superior. Your prefs are currently set to use ['sounddevice', 'PTB', 'pyo', 'pygame'] (in that order).
13.5215 	WARNING 	Requested an unavailable screen number - using first available.
13.5246 	WARNING 	User requested fullscreen with size [1080 1080], but screen is actually [2560, 1600]. Using actual size
14.0298 	EXP 	Created window1 = Window(allowGUI=False, allowStencil=False, autoLog=True, backendConf=UNKNOWN, bitsMode=UNKNOWN, blendMode='avg', bpc=(8, 8, 8), color=array([-1, -1, -1]), colorSpace='rgb', depthBits=8, fullscr=<method-wrapper '__getattribute__' of attributeSetter object at 0x0000016E2EFE4850>, gamma=None, gammaErrorPolicy='raise', lms=UNKNOWN, monitor=<psychopy.monitors.calibTools.Monitor object at 0x0000016E347395E0>, multiSample=False, name='window1', numSamples=2, pos=(0, 0), screen=1, size=array([2560, 1600]), stencilBits=0, stereo=False, units='norm', useFBO=True, useRetina=False, viewOri=0.0, viewPos=None, viewScale=None, waitBlanking=True, winType='pyglet')
14.0303 	EXP 	window1: mouseVisible = True
14.0303 	EXP 	window1: Attempting to measure frame rate of screen (1) ...
14.0304 	EXP 	window1: recordFrameIntervals = False
14.1958 	EXP 	window1: recordFrameIntervals = True
14.3793 	EXP 	Screen (1) actual frame rate measured at 59.95Hz
14.3794 	EXP 	window1: recordFrameIntervals = False
14.4459 	EXP 	Created text = TextStim(__class__=<class 'psychopy.visual.text.TextStim'>, alignHoriz=method-wrapper(...), alignText='center', alignVert=method-wrapper(...), anchorHoriz='center', anchorVert='center', antialias=True, autoDraw=False, autoLog=True, bold=False, color=array([1., 1., 1.]), colorSpace='rgb', contrast=1.0, depth=0.0, flipHoriz=False, flipVert=False, font='Arial', fontFiles=[], height=0.06, italic=False, languageStyle='LTR', name='text', opacity=1.0, ori=0, pos=array([0., 0.]), rgb=UNKNOWN, text=str(...), units='norm', win=Window(...), wrapWidth=1.2)
14.4543 	EXP 	Created text_3 = TextStim(__class__=<class 'psychopy.visual.text.TextStim'>, alignHoriz=method-wrapper(...), alignText='center', alignVert=method-wrapper(...), anchorHoriz='center', anchorVert='center', antialias=True, autoDraw=False, autoLog=True, bold=False, color=array([1., 1., 1.]), colorSpace='rgb', contrast=1.0, depth=0.0, flipHoriz=False, flipVert=False, font='Arial', fontFiles=[], height=0.1, italic=False, languageStyle='LTR', name='text_3', opacity=1.0, ori=0, pos=array([0., 0.]), rgb=UNKNOWN, text='waiting for scanner', units='norm', win=Window(...), wrapWidth=2)
14.4903 	EXP 	Created text_2 = TextStim(__class__=<class 'psychopy.visual.text.TextStim'>, alignHoriz=method-wrapper(...), alignText='center', alignVert=method-wrapper(...), anchorHoriz='center', anchorVert='center', antialias=True, autoDraw=False, autoLog=True, bold=False, color=array([1., 1., 1.]), colorSpace='rgb', contrast=1.0, depth=0.0, flipHoriz=False, flipVert=False, font='Arial', fontFiles=[], height=0.3, italic=False, languageStyle='LTR', name='text_2', opacity=1.0, ori=0, pos=array([0., 0.]), rgb=UNKNOWN, text='+', units='norm', win=Window(...), wrapWidth=1)
14.4966 	EXP 	Created text_relax = TextStim(__class__=<class 'psychopy.visual.text.TextStim'>, alignHoriz=method-wrapper(...), alignText='center', alignVert=method-wrapper(...), anchorHoriz='center', anchorVert='center', antialias=True, autoDraw=False, autoLog=True, bold=False, color=array([1., 1., 1.]), colorSpace='rgb', contrast=1.0, depth=0.0, flipHoriz=False, flipVert=False, font='Arial', fontFiles=[], height=0.07, italic=False, languageStyle='LTR', name='text_relax', opacity=1.0, ori=0, pos=array([ 0. , -0.2]), rgb=UNKNOWN, text='Relax', units='norm', win=Window(...), wrapWidth=1)
14.5056 	EXP 	Created text_4 = TextStim(__class__=<class 'psychopy.visual.text.TextStim'>, alignHoriz=method-wrapper(...), alignText='center', alignVert=method-wrapper(...), anchorHoriz='center', anchorVert='center', antialias=True, autoDraw=False, autoLog=True, bold=False, color=array([1., 1., 1.]), colorSpace='rgb', contrast=1.0, depth=-3.0, flipHoriz=False, flipVert=False, font='Arial', fontFiles=[], height=0.1, italic=False, languageStyle='LTR', name='text_4', opacity=1.0, ori=0, pos=array([0., 0.]), rgb=UNKNOWN, text='default text', units='norm', win=Window(...), wrapWidth=1)
14.5120 	EXP 	Created unnamed Circle = Circle(__class__=<class 'psychopy.visual.circle.Circle'>, anchor=('center', 'center'), autoDraw=False, autoLog=True, closeShape=True, color=method-wrapper(...), colorSpace='rgb', contrast=None, depth=0, fillColor=array([0, 0, 0]), fillColorSpace='rgb', fillRGB=array([0, 0, 0]), interpolate=True, lineColor=array([ 1.,  1., -1.]), lineColorSpace='rgb', lineRGB=array([ 1,  1, -1]), lineWidth=2, name='unnamed Circle', opacity=0.5, ori=0.0, pos=array([0.        , 0.33333333]), size=array([1., 1.]), units='norm', vertices=ndarray(...), win=Window(...))
14.5147 	EXP 	Created unnamed Circle = Circle(__class__=<class 'psychopy.visual.circle.Circle'>, anchor=('center', 'center'), autoDraw=False, autoLog=True, closeShape=True, color=method-wrapper(...), colorSpace='rgb', contrast=None, depth=0, fillColor=array([0, 0, 0]), fillColorSpace='rgb', fillRGB=array([0, 0, 0]), interpolate=True, lineColor=array([-1., -1.,  1.]), lineColorSpace='rgb', lineRGB=array([-1, -1,  1]), lineWidth=2, name='unnamed Circle', opacity=0.5, ori=0.0, pos=array([ 0.        , -0.33333333]), size=array([1., 1.]), units='norm', vertices=ndarray(...), win=Window(...))
14.5214 	EXP 	Created unnamed Circle = Circle(__class__=<class 'psychopy.visual.circle.Circle'>, anchor=('center', 'center'), autoDraw=False, autoLog=True, closeShape=True, color=method-wrapper(...), colorSpace='rgb', contrast=None, depth=0, fillColor=array([1, 1, 1]), fillColorSpace='rgb', fillRGB=array([1, 1, 1]), interpolate=True, lineColor=array([1., 1., 1.]), lineColorSpace='rgb', lineRGB=array([1, 1, 1]), lineWidth=1.5, name='unnamed Circle', opacity=1.0, ori=0.0, pos=array([0., 0.]), size=array([1., 1.]), units='norm', vertices=ndarray(...), win=Window(...))
14.5269 	EXP 	Created unnamed Circle = Circle(__class__=<class 'psychopy.visual.circle.Circle'>, anchor=('center', 'center'), autoDraw=False, autoLog=True, closeShape=True, color=method-wrapper(...), colorSpace='rgb', contrast=None, depth=0, fillColor=array([1, 1, 1]), fillColorSpace='rgb', fillRGB=array([1, 1, 1]), interpolate=True, lineColor=array([1., 1., 1.]), lineColorSpace='rgb', lineRGB=array([1, 1, 1]), lineWidth=3, name='unnamed Circle', opacity=1.0, ori=0.0, pos=array([0., 0.]), size=array([1., 1.]), units='norm', vertices=ndarray(...), win=Window(...))
14.5352 	EXP 	Created instruct_text = TextStim(__class__=<class 'psychopy.visual.text.TextStim'>, alignHoriz=method-wrapper(...), alignText='center', alignVert=method-wrapper(...), anchorHoriz='center', anchorVert='center', antialias=True, autoDraw=False, autoLog=True, bold=False, color=array([1., 1., 1.]), colorSpace='rgb', contrast=1.0, depth=0.0, flipHoriz=False, flipVert=False, font='Arial', fontFiles=[], height=0.06, italic=False, languageStyle='LTR', name='instruct_text', opacity=1.0, ori=0, pos=array([0., 0.]), rgb=UNKNOWN, text='replace me', units='norm', win=Window(...), wrapWidth=1.2)
14.5420 	EXP 	Created text_5 = TextStim(__class__=<class 'psychopy.visual.text.TextStim'>, alignHoriz=method-wrapper(...), alignText='center', alignVert=method-wrapper(...), anchorHoriz='center', anchorVert='center', antialias=True, autoDraw=False, autoLog=True, bold=False, color=array([1., 1., 1.]), colorSpace='rgb', contrast=1.0, depth=0.0, flipHoriz=False, flipVert=False, font='Arial', fontFiles=[], height=0.1, italic=False, languageStyle='LTR', name='text_5', opacity=1.0, ori=0, pos=array([0., 0.]), rgb=UNKNOWN, text='thank you!', units='norm', win=Window(...), wrapWidth=1)
14.5775 	EXP 	instruct_text: height = 0.06
14.5775 	EXP 	instruct_text: height = 0.06
14.5775 	EXP 	instruct_text: height = 0.06
14.5775 	EXP 	instruct_text: text = 'Great job! Next, you’ll get to practice Noting for another two minutes with more feedback from the ball. \n\nRemember to relax when the cross (+) is on the screen and once the circles appear try to keep the ball moving up towards the top circle! \n\nThis practice will last 2 min. Press any button to start.'
32.8558 	DATA 	Keypress: space
32.8930 	EXP 	instruct_text: height = 0.06
32.8930 	EXP 	instruct_text: height = 0.06
32.8930 	EXP 	instruct_text: height = 0.06
32.8930 	EXP 	instruct_text: text = 'You’ll see the cross (+) on the screen for 30 seconds at the start. Whenever you see the cross, please don’t practice Noting – just relax.\n\nOnce you see the circles appear, please start the Noting practice. This practice will last 2 min. Press any button to start.'
39.4310 	DATA 	Keypress: space
39.4601 	EXP 	text_3: autoDraw = True
59.6432 	DATA 	Keypress: t
59.6593 	EXP 	text_3: autoDraw = False
59.6593 	EXP 	text_2: autoDraw = True
59.6593 	EXP 	text_relax: autoDraw = True
60.8409 	DATA 	Keypress: t
62.0517 	DATA 	Keypress: t
63.2489 	DATA 	Keypress: t
64.4527 	DATA 	Keypress: t
65.6660 	DATA 	Keypress: t
66.8494 	DATA 	Keypress: t
68.0479 	DATA 	Keypress: t
69.2494 	DATA 	Keypress: t
70.4680 	DATA 	Keypress: t
71.6667 	DATA 	Keypress: t
72.8677 	DATA 	Keypress: t
74.0663 	DATA 	Keypress: t
75.2687 	DATA 	Keypress: t
76.4425 	DATA 	Keypress: t
77.6415 	DATA 	Keypress: t
78.8511 	DATA 	Keypress: t
80.0413 	DATA 	Keypress: t
81.2655 	DATA 	Keypress: t
82.4407 	DATA 	Keypress: t
83.6766 	DATA 	Keypress: t
84.8493 	DATA 	Keypress: t
86.0660 	DATA 	Keypress: t
87.2673 	DATA 	Keypress: t
88.4663 	DATA 	Keypress: t
89.6685 	DATA 	Keypress: t
89.7094 	EXP 	text_2: autoDraw = False
89.7094 	EXP 	text_relax: autoDraw = False
89.7094 	EXP 	text_2: autoDraw = False
90.8420 	DATA 	Keypress: t
92.0500 	DATA 	Keypress: t
93.2666 	DATA 	Keypress: t
94.4421 	DATA 	Keypress: t
95.6537 	DATA 	Keypress: t
96.8506 	DATA 	Keypress: t
98.0444 	DATA 	Keypress: t
99.2409 	DATA 	Keypress: t
100.4416 	DATA 	Keypress: t
101.6522 	DATA 	Keypress: t
102.8408 	DATA 	Keypress: t
104.0494 	DATA 	Keypress: t
105.2429 	DATA 	Keypress: t
106.4407 	DATA 	Keypress: t
107.6413 	DATA 	Keypress: t
108.8411 	DATA 	Keypress: t
110.0505 	DATA 	Keypress: t
111.2485 	DATA 	Keypress: t
112.4597 	DATA 	Keypress: t
113.6668 	DATA 	Keypress: t
114.8499 	DATA 	Keypress: t
116.0412 	DATA 	Keypress: t
117.2412 	DATA 	Keypress: t
118.4422 	DATA 	Keypress: t
119.6418 	DATA 	Keypress: t
120.8513 	DATA 	Keypress: t
122.0415 	DATA 	Keypress: t
123.2671 	DATA 	Keypress: t
124.4412 	DATA 	Keypress: t
125.6413 	DATA 	Keypress: t
126.8670 	DATA 	Keypress: t
128.0411 	DATA 	Keypress: t
129.2501 	DATA 	Keypress: t
130.4491 	DATA 	Keypress: t
131.6517 	DATA 	Keypress: t
132.8492 	DATA 	Keypress: t
134.0510 	DATA 	Keypress: t
135.2595 	DATA 	Keypress: t
136.4495 	DATA 	Keypress: t
137.6498 	DATA 	Keypress: t
138.8486 	DATA 	Keypress: t
140.0495 	DATA 	Keypress: t
141.2666 	DATA 	Keypress: t
142.4577 	DATA 	Keypress: t
143.6481 	DATA 	Keypress: t
144.8417 	DATA 	Keypress: t
146.0500 	DATA 	Keypress: t
147.2512 	DATA 	Keypress: t
148.4643 	DATA 	Keypress: t
149.6409 	DATA 	Keypress: t
150.8669 	DATA 	Keypress: t
152.0485 	DATA 	Keypress: t
153.2411 	DATA 	Keypress: t
154.4639 	DATA 	Keypress: t
155.6568 	DATA 	Keypress: t
156.8630 	DATA 	Keypress: t
158.0516 	DATA 	Keypress: t
159.2512 	DATA 	Keypress: t
160.4503 	DATA 	Keypress: t
161.6647 	DATA 	Keypress: t
162.8682 	DATA 	Keypress: t
164.0654 	DATA 	Keypress: t
165.2498 	DATA 	Keypress: t
166.4486 	DATA 	Keypress: t
167.6509 	DATA 	Keypress: t
168.8481 	DATA 	Keypress: t
170.0648 	DATA 	Keypress: t
171.2575 	DATA 	Keypress: t
172.4516 	DATA 	Keypress: t
173.6562 	DATA 	Keypress: t
174.8642 	DATA 	Keypress: t
176.0626 	DATA 	Keypress: t
177.2568 	DATA 	Keypress: t
178.4497 	DATA 	Keypress: t
179.6561 	DATA 	Keypress: t
180.8473 	DATA 	Keypress: t
182.0469 	DATA 	Keypress: t
183.2478 	DATA 	Keypress: t
184.4641 	DATA 	Keypress: t
185.6641 	DATA 	Keypress: t
186.8568 	DATA 	Keypress: t
188.0474 	DATA 	Keypress: t
189.2486 	DATA 	Keypress: t
190.4477 	DATA 	Keypress: t
191.6558 	DATA 	Keypress: t
192.8473 	DATA 	Keypress: t
194.0468 	DATA 	Keypress: t
195.2639 	DATA 	Keypress: t
196.4503 	DATA 	Keypress: t
197.6476 	DATA 	Keypress: t
198.8487 	DATA 	Keypress: t
200.0643 	DATA 	Keypress: t
201.2635 	DATA 	Keypress: t
202.4660 	DATA 	Keypress: t
203.6632 	DATA 	Keypress: t
204.8474 	DATA 	Keypress: t
206.0484 	DATA 	Keypress: t
207.2487 	DATA 	Keypress: t
208.4490 	DATA 	Keypress: t
209.6706 	EXP 	text_2: autoDraw = True
210.6603 	EXP 	Created text = TextStim(__class__=<class 'psychopy.visual.text.TextStim'>, alignHoriz=method-wrapper(...), alignText='center', alignVert=method-wrapper(...), anchorHoriz='center', anchorVert='center', antialias=True, autoDraw=False, autoLog=True, bold=False, color=array([1., 1., 1.]), colorSpace='rgb', contrast=1.0, depth=0.0, flipHoriz=False, flipVert=False, font='Arial', fontFiles=[], height=0.06, italic=False, languageStyle='LTR', name='text', opacity=1.0, ori=0, pos=array([0. , 0.2]), rgb=UNKNOWN, text=str(...), units='norm', win=Window(...), wrapWidth=1.2)
210.6683 	EXP 	window1: mouseVisible = True
210.7235 	EXP 	Created None = Slider(__class__=<class 'psychopy.visual.slider.Slider'>, autoDraw=False, autoLog=True, borderColor=None, color=None, colorSpace='rgb', depth=0, fillColor=None, flip=False, font='Arial', granularity=1, labelColor=None, labelHeight=0.05, labelWrapWidth=None, labels=('Never', 'Always'), lineColor=None, markerColor=None, name=None, opacity=None, ori=0, pos=array([0., 0.]), readOnly=False, self=UNKNOWN, size=array([0.85, 0.1 ]), startValue=None, style='rating', styleTweaks=[], ticks=array([1, 9]), units='norm', win=Window(...))
210.7533 	EXP 	text_2: autoDraw = False
210.7533 	EXP 	None: autoLog = True
210.7533 	EXP 	None: markerPos = None
210.7533 	EXP 	None: styleTweaks = []
210.7533 	EXP 	None: styleTweaks = []
210.7533 	EXP 	None: styleTweaks = []
210.7533 	EXP 	None: styleTweaks = []
210.7533 	EXP 	None: contrast = 1.0
210.7533 	EXP 	None: autoLog = True
210.7533 	EXP 	None: markerPos = 5
214.1588 	DATA 	Keypress: 3
214.1867 	EXP 	None: markerPos = 6
214.4434 	DATA 	Keypress: 3
214.5079 	EXP 	None: markerPos = 7
214.8185 	DATA 	Keypress: 3
214.8584 	EXP 	None: markerPos = 8
215.8946 	DATA 	Keypress: 3
215.9365 	EXP 	None: markerPos = 9
217.0478 	DATA 	Keypress: 4
217.0864 	EXP 	None: markerPos = 9
217.0949 	EXP 	Created text = TextStim(__class__=<class 'psychopy.visual.text.TextStim'>, alignHoriz=method-wrapper(...), alignText='center', alignVert=method-wrapper(...), anchorHoriz='center', anchorVert='center', antialias=True, autoDraw=False, autoLog=True, bold=False, color=array([1., 1., 1.]), colorSpace='rgb', contrast=1.0, depth=0.0, flipHoriz=False, flipVert=False, font='Arial', fontFiles=[], height=0.06, italic=False, languageStyle='LTR', name='text', opacity=1.0, ori=0, pos=array([0. , 0.2]), rgb=UNKNOWN, text=str(...), units='norm', win=Window(...), wrapWidth=1.2)
217.1006 	EXP 	window1: mouseVisible = True
217.1473 	EXP 	Created None = Slider(__class__=<class 'psychopy.visual.slider.Slider'>, autoDraw=False, autoLog=True, borderColor=None, color=None, colorSpace='rgb', depth=0, fillColor=None, flip=False, font='Arial', granularity=1, labelColor=None, labelHeight=0.05, labelWrapWidth=None, labels=('Never', 'All the time'), lineColor=None, markerColor=None, name=None, opacity=None, ori=0, pos=array([0., 0.]), readOnly=False, self=UNKNOWN, size=array([0.85, 0.1 ]), startValue=None, style='rating', styleTweaks=[], ticks=array([1, 9]), units='norm', win=Window(...))
217.1696 	EXP 	None: autoLog = True
217.1696 	EXP 	None: markerPos = None
217.1696 	EXP 	None: styleTweaks = []
217.1696 	EXP 	None: styleTweaks = []
217.1696 	EXP 	None: styleTweaks = []
217.1696 	EXP 	None: styleTweaks = []
217.1696 	EXP 	None: contrast = 1.0
217.1696 	EXP 	None: autoLog = True
217.1696 	EXP 	None: markerPos = 5
219.3035 	DATA 	Keypress: 3
219.3367 	EXP 	None: markerPos = 6
219.5974 	DATA 	Keypress: 3
219.6574 	EXP 	None: markerPos = 7
220.0024 	DATA 	Keypress: 3
220.0563 	EXP 	None: markerPos = 8
221.0855 	DATA 	Keypress: 4
221.1203 	EXP 	None: markerPos = 8
221.1339 	EXP 	Created text = TextStim(__class__=<class 'psychopy.visual.text.TextStim'>, alignHoriz=method-wrapper(...), alignText='center', alignVert=method-wrapper(...), anchorHoriz='center', anchorVert='center', antialias=True, autoDraw=False, autoLog=True, bold=False, color=array([1., 1., 1.]), colorSpace='rgb', contrast=1.0, depth=0.0, flipHoriz=False, flipVert=False, font='Arial', fontFiles=[], height=0.06, italic=False, languageStyle='LTR', name='text', opacity=1.0, ori=0, pos=array([0. , 0.2]), rgb=UNKNOWN, text='How difficult was it to apply mental noting?', units='norm', win=Window(...), wrapWidth=1.2)
221.1413 	EXP 	window1: mouseVisible = True
221.1907 	EXP 	Created None = Slider(__class__=<class 'psychopy.visual.slider.Slider'>, autoDraw=False, autoLog=True, borderColor=None, color=None, colorSpace='rgb', depth=0, fillColor=None, flip=False, font='Arial', granularity=1, labelColor=None, labelHeight=0.05, labelWrapWidth=None, labels=('Not at all', 'Very Difficult'), lineColor=None, markerColor=None, name=None, opacity=None, ori=0, pos=array([0., 0.]), readOnly=False, self=UNKNOWN, size=array([0.85, 0.1 ]), startValue=None, style='rating', styleTweaks=[], ticks=array([1, 9]), units='norm', win=Window(...))
221.2202 	EXP 	None: autoLog = True
221.2202 	EXP 	None: markerPos = None
221.2202 	EXP 	None: styleTweaks = []
221.2202 	EXP 	None: styleTweaks = []
221.2202 	EXP 	None: styleTweaks = []
221.2202 	EXP 	None: styleTweaks = []
221.2202 	EXP 	None: contrast = 1.0
221.2202 	EXP 	None: autoLog = True
221.2202 	EXP 	None: markerPos = 5
223.3917 	DATA 	Keypress: 2
223.4365 	EXP 	None: markerPos = 4
226.1685 	DATA 	Keypress: 4
226.2033 	EXP 	None: markerPos = 4
226.2163 	EXP 	Created text = TextStim(__class__=<class 'psychopy.visual.text.TextStim'>, alignHoriz=method-wrapper(...), alignText='center', alignVert=method-wrapper(...), anchorHoriz='center', anchorVert='center', antialias=True, autoDraw=False, autoLog=True, bold=False, color=array([1., 1., 1.]), colorSpace='rgb', contrast=1.0, depth=0.0, flipHoriz=False, flipVert=False, font='Arial', fontFiles=[], height=0.06, italic=False, languageStyle='LTR', name='text', opacity=1.0, ori=0, pos=array([0. , 0.2]), rgb=UNKNOWN, text='How calm do you feel right now?', units='norm', win=Window(...), wrapWidth=1.2)
226.2251 	EXP 	window1: mouseVisible = True
226.2634 	EXP 	Created None = Slider(__class__=<class 'psychopy.visual.slider.Slider'>, autoDraw=False, autoLog=True, borderColor=None, color=None, colorSpace='rgb', depth=0, fillColor=None, flip=False, font='Arial', granularity=1, labelColor=None, labelHeight=0.05, labelWrapWidth=None, labels=('Not at all', 'Very calm'), lineColor=None, markerColor=None, name=None, opacity=None, ori=0, pos=array([0., 0.]), readOnly=False, self=UNKNOWN, size=array([0.85, 0.1 ]), startValue=None, style='rating', styleTweaks=[], ticks=array([1, 9]), units='norm', win=Window(...))
226.2860 	EXP 	None: autoLog = True
226.2860 	EXP 	None: markerPos = None
226.2860 	EXP 	None: styleTweaks = []
226.2860 	EXP 	None: styleTweaks = []
226.2860 	EXP 	None: styleTweaks = []
226.2860 	EXP 	None: styleTweaks = []
226.2860 	EXP 	None: contrast = 1.0
226.2860 	EXP 	None: autoLog = True
226.2860 	EXP 	None: markerPos = 5
229.0044 	DATA 	Keypress: 2
229.0361 	EXP 	None: markerPos = 4
229.5455 	DATA 	Keypress: 3
229.5866 	EXP 	None: markerPos = 5
229.9047 	DATA 	Keypress: 3
229.9578 	EXP 	None: markerPos = 6
230.7254 	DATA 	Keypress: 4
230.7696 	EXP 	None: markerPos = 6
230.8174 	EXP 	window1: mouseVisible = True
2.5081 	WARNING 	Speech-to-text recognition module for PocketSphinx is not available (use command `pip install SpeechRecognition` to get it). Transcription will be unavailable using that service this session.
2.5087 	WARNING 	Speech-to-text recognition using Google online services is not available (use command `pip install google-api-core google-auth google-cloud google-cloud-speech googleapis-common-protos` to get it). Transcription will be unavailable using that service this session.
2.7359 	WARNING 	We strongly recommend you activate the PTB sound engine in PsychoPy prefs as the preferred audio engine. Its timing is vastly superior. Your prefs are currently set to use ['sounddevice', 'PTB', 'pyo', 'pygame'] (in that order).
13.5215 	WARNING 	Requested an unavailable screen number - using first available.
13.5246 	WARNING 	User requested fullscreen with size [1080 1080], but screen is actually [2560, 1600]. Using actual size
14.0298 	EXP 	Created window1 = Window(allowGUI=False, allowStencil=False, autoLog=True, backendConf=UNKNOWN, bitsMode=UNKNOWN, blendMode='avg', bpc=(8, 8, 8), color=array([-1, -1, -1]), colorSpace='rgb', depthBits=8, fullscr=<method-wrapper '__getattribute__' of attributeSetter object at 0x0000016E2EFE4850>, gamma=None, gammaErrorPolicy='raise', lms=UNKNOWN, monitor=<psychopy.monitors.calibTools.Monitor object at 0x0000016E347395E0>, multiSample=False, name='window1', numSamples=2, pos=(0, 0), screen=1, size=array([2560, 1600]), stencilBits=0, stereo=False, units='norm', useFBO=True, useRetina=False, viewOri=0.0, viewPos=None, viewScale=None, waitBlanking=True, winType='pyglet')
14.0303 	EXP 	window1: mouseVisible = True
14.0303 	EXP 	window1: Attempting to measure frame rate of screen (1) ...
14.0304 	EXP 	window1: recordFrameIntervals = False
14.1958 	EXP 	window1: recordFrameIntervals = True
14.3793 	EXP 	Screen (1) actual frame rate measured at 59.95Hz
14.3794 	EXP 	window1: recordFrameIntervals = False
14.4459 	EXP 	Created text = TextStim(__class__=<class 'psychopy.visual.text.TextStim'>, alignHoriz=method-wrapper(...), alignText='center', alignVert=method-wrapper(...), anchorHoriz='center', anchorVert='center', antialias=True, autoDraw=False, autoLog=True, bold=False, color=array([1., 1., 1.]), colorSpace='rgb', contrast=1.0, depth=0.0, flipHoriz=False, flipVert=False, font='Arial', fontFiles=[], height=0.06, italic=False, languageStyle='LTR', name='text', opacity=1.0, ori=0, pos=array([0., 0.]), rgb=UNKNOWN, text=str(...), units='norm', win=Window(...), wrapWidth=1.2)
14.4543 	EXP 	Created text_3 = TextStim(__class__=<class 'psychopy.visual.text.TextStim'>, alignHoriz=method-wrapper(...), alignText='center', alignVert=method-wrapper(...), anchorHoriz='center', anchorVert='center', antialias=True, autoDraw=False, autoLog=True, bold=False, color=array([1., 1., 1.]), colorSpace='rgb', contrast=1.0, depth=0.0, flipHoriz=False, flipVert=False, font='Arial', fontFiles=[], height=0.1, italic=False, languageStyle='LTR', name='text_3', opacity=1.0, ori=0, pos=array([0., 0.]), rgb=UNKNOWN, text='waiting for scanner', units='norm', win=Window(...), wrapWidth=2)
14.4903 	EXP 	Created text_2 = TextStim(__class__=<class 'psychopy.visual.text.TextStim'>, alignHoriz=method-wrapper(...), alignText='center', alignVert=method-wrapper(...), anchorHoriz='center', anchorVert='center', antialias=True, autoDraw=False, autoLog=True, bold=False, color=array([1., 1., 1.]), colorSpace='rgb', contrast=1.0, depth=0.0, flipHoriz=False, flipVert=False, font='Arial', fontFiles=[], height=0.3, italic=False, languageStyle='LTR', name='text_2', opacity=1.0, ori=0, pos=array([0., 0.]), rgb=UNKNOWN, text='+', units='norm', win=Window(...), wrapWidth=1)
14.4966 	EXP 	Created text_relax = TextStim(__class__=<class 'psychopy.visual.text.TextStim'>, alignHoriz=method-wrapper(...), alignText='center', alignVert=method-wrapper(...), anchorHoriz='center', anchorVert='center', antialias=True, autoDraw=False, autoLog=True, bold=False, color=array([1., 1., 1.]), colorSpace='rgb', contrast=1.0, depth=0.0, flipHoriz=False, flipVert=False, font='Arial', fontFiles=[], height=0.07, italic=False, languageStyle='LTR', name='text_relax', opacity=1.0, ori=0, pos=array([ 0. , -0.2]), rgb=UNKNOWN, text='Relax', units='norm', win=Window(...), wrapWidth=1)
14.5056 	EXP 	Created text_4 = TextStim(__class__=<class 'psychopy.visual.text.TextStim'>, alignHoriz=method-wrapper(...), alignText='center', alignVert=method-wrapper(...), anchorHoriz='center', anchorVert='center', antialias=True, autoDraw=False, autoLog=True, bold=False, color=array([1., 1., 1.]), colorSpace='rgb', contrast=1.0, depth=-3.0, flipHoriz=False, flipVert=False, font='Arial', fontFiles=[], height=0.1, italic=False, languageStyle='LTR', name='text_4', opacity=1.0, ori=0, pos=array([0., 0.]), rgb=UNKNOWN, text='default text', units='norm', win=Window(...), wrapWidth=1)
14.5120 	EXP 	Created unnamed Circle = Circle(__class__=<class 'psychopy.visual.circle.Circle'>, anchor=('center', 'center'), autoDraw=False, autoLog=True, closeShape=True, color=method-wrapper(...), colorSpace='rgb', contrast=None, depth=0, fillColor=array([0, 0, 0]), fillColorSpace='rgb', fillRGB=array([0, 0, 0]), interpolate=True, lineColor=array([ 1.,  1., -1.]), lineColorSpace='rgb', lineRGB=array([ 1,  1, -1]), lineWidth=2, name='unnamed Circle', opacity=0.5, ori=0.0, pos=array([0.        , 0.33333333]), size=array([1., 1.]), units='norm', vertices=ndarray(...), win=Window(...))
14.5147 	EXP 	Created unnamed Circle = Circle(__class__=<class 'psychopy.visual.circle.Circle'>, anchor=('center', 'center'), autoDraw=False, autoLog=True, closeShape=True, color=method-wrapper(...), colorSpace='rgb', contrast=None, depth=0, fillColor=array([0, 0, 0]), fillColorSpace='rgb', fillRGB=array([0, 0, 0]), interpolate=True, lineColor=array([-1., -1.,  1.]), lineColorSpace='rgb', lineRGB=array([-1, -1,  1]), lineWidth=2, name='unnamed Circle', opacity=0.5, ori=0.0, pos=array([ 0.        , -0.33333333]), size=array([1., 1.]), units='norm', vertices=ndarray(...), win=Window(...))
14.5214 	EXP 	Created unnamed Circle = Circle(__class__=<class 'psychopy.visual.circle.Circle'>, anchor=('center', 'center'), autoDraw=False, autoLog=True, closeShape=True, color=method-wrapper(...), colorSpace='rgb', contrast=None, depth=0, fillColor=array([1, 1, 1]), fillColorSpace='rgb', fillRGB=array([1, 1, 1]), interpolate=True, lineColor=array([1., 1., 1.]), lineColorSpace='rgb', lineRGB=array([1, 1, 1]), lineWidth=1.5, name='unnamed Circle', opacity=1.0, ori=0.0, pos=array([0., 0.]), size=array([1., 1.]), units='norm', vertices=ndarray(...), win=Window(...))
14.5269 	EXP 	Created unnamed Circle = Circle(__class__=<class 'psychopy.visual.circle.Circle'>, anchor=('center', 'center'), autoDraw=False, autoLog=True, closeShape=True, color=method-wrapper(...), colorSpace='rgb', contrast=None, depth=0, fillColor=array([1, 1, 1]), fillColorSpace='rgb', fillRGB=array([1, 1, 1]), interpolate=True, lineColor=array([1., 1., 1.]), lineColorSpace='rgb', lineRGB=array([1, 1, 1]), lineWidth=3, name='unnamed Circle', opacity=1.0, ori=0.0, pos=array([0., 0.]), size=array([1., 1.]), units='norm', vertices=ndarray(...), win=Window(...))
14.5352 	EXP 	Created instruct_text = TextStim(__class__=<class 'psychopy.visual.text.TextStim'>, alignHoriz=method-wrapper(...), alignText='center', alignVert=method-wrapper(...), anchorHoriz='center', anchorVert='center', antialias=True, autoDraw=False, autoLog=True, bold=False, color=array([1., 1., 1.]), colorSpace='rgb', contrast=1.0, depth=0.0, flipHoriz=False, flipVert=False, font='Arial', fontFiles=[], height=0.06, italic=False, languageStyle='LTR', name='instruct_text', opacity=1.0, ori=0, pos=array([0., 0.]), rgb=UNKNOWN, text='replace me', units='norm', win=Window(...), wrapWidth=1.2)
14.5420 	EXP 	Created text_5 = TextStim(__class__=<class 'psychopy.visual.text.TextStim'>, alignHoriz=method-wrapper(...), alignText='center', alignVert=method-wrapper(...), anchorHoriz='center', anchorVert='center', antialias=True, autoDraw=False, autoLog=True, bold=False, color=array([1., 1., 1.]), colorSpace='rgb', contrast=1.0, depth=0.0, flipHoriz=False, flipVert=False, font='Arial', fontFiles=[], height=0.1, italic=False, languageStyle='LTR', name='text_5', opacity=1.0, ori=0, pos=array([0., 0.]), rgb=UNKNOWN, text='thank you!', units='norm', win=Window(...), wrapWidth=1)
14.5775 	EXP 	instruct_text: height = 0.06
14.5775 	EXP 	instruct_text: height = 0.06
14.5775 	EXP 	instruct_text: height = 0.06
14.5775 	EXP 	instruct_text: text = 'Great job! Next, you’ll get to practice Noting for another two minutes with more feedback from the ball. \n\nRemember to relax when the cross (+) is on the screen and once the circles appear try to keep the ball moving up towards the top circle! \n\nThis practice will last 2 min. Press any button to start.'
32.8558 	DATA 	Keypress: space
32.8930 	EXP 	instruct_text: height = 0.06
32.8930 	EXP 	instruct_text: height = 0.06
32.8930 	EXP 	instruct_text: height = 0.06
32.8930 	EXP 	instruct_text: text = 'You’ll see the cross (+) on the screen for 30 seconds at the start. Whenever you see the cross, please don’t practice Noting – just relax.\n\nOnce you see the circles appear, please start the Noting practice. This practice will last 2 min. Press any button to start.'
39.4310 	DATA 	Keypress: space
39.4601 	EXP 	text_3: autoDraw = True
59.6432 	DATA 	Keypress: t
59.6593 	EXP 	text_3: autoDraw = False
59.6593 	EXP 	text_2: autoDraw = True
59.6593 	EXP 	text_relax: autoDraw = True
60.8409 	DATA 	Keypress: t
62.0517 	DATA 	Keypress: t
63.2489 	DATA 	Keypress: t
64.4527 	DATA 	Keypress: t
65.6660 	DATA 	Keypress: t
66.8494 	DATA 	Keypress: t
68.0479 	DATA 	Keypress: t
69.2494 	DATA 	Keypress: t
70.4680 	DATA 	Keypress: t
71.6667 	DATA 	Keypress: t
72.8677 	DATA 	Keypress: t
74.0663 	DATA 	Keypress: t
75.2687 	DATA 	Keypress: t
76.4425 	DATA 	Keypress: t
77.6415 	DATA 	Keypress: t
78.8511 	DATA 	Keypress: t
80.0413 	DATA 	Keypress: t
81.2655 	DATA 	Keypress: t
82.4407 	DATA 	Keypress: t
83.6766 	DATA 	Keypress: t
84.8493 	DATA 	Keypress: t
86.0660 	DATA 	Keypress: t
87.2673 	DATA 	Keypress: t
88.4663 	DATA 	Keypress: t
89.6685 	DATA 	Keypress: t
89.7094 	EXP 	text_2: autoDraw = False
89.7094 	EXP 	text_relax: autoDraw = False
89.7094 	EXP 	text_2: autoDraw = False
90.8420 	DATA 	Keypress: t
92.0500 	DATA 	Keypress: t
93.2666 	DATA 	Keypress: t
94.4421 	DATA 	Keypress: t
95.6537 	DATA 	Keypress: t
96.8506 	DATA 	Keypress: t
98.0444 	DATA 	Keypress: t
99.2409 	DATA 	Keypress: t
100.4416 	DATA 	Keypress: t
101.6522 	DATA 	Keypress: t
102.8408 	DATA 	Keypress: t
104.0494 	DATA 	Keypress: t
105.2429 	DATA 	Keypress: t
106.4407 	DATA 	Keypress: t
107.6413 	DATA 	Keypress: t
108.8411 	DATA 	Keypress: t
110.0505 	DATA 	Keypress: t
111.2485 	DATA 	Keypress: t
112.4597 	DATA 	Keypress: t
113.6668 	DATA 	Keypress: t
114.8499 	DATA 	Keypress: t
116.0412 	DATA 	Keypress: t
117.2412 	DATA 	Keypress: t
118.4422 	DATA 	Keypress: t
119.6418 	DATA 	Keypress: t
120.8513 	DATA 	Keypress: t
122.0415 	DATA 	Keypress: t
123.2671 	DATA 	Keypress: t
124.4412 	DATA 	Keypress: t
125.6413 	DATA 	Keypress: t
126.8670 	DATA 	Keypress: t
128.0411 	DATA 	Keypress: t
129.2501 	DATA 	Keypress: t
130.4491 	DATA 	Keypress: t
131.6517 	DATA 	Keypress: t
132.8492 	DATA 	Keypress: t
134.0510 	DATA 	Keypress: t
135.2595 	DATA 	Keypress: t
136.4495 	DATA 	Keypress: t
137.6498 	DATA 	Keypress: t
138.8486 	DATA 	Keypress: t
140.0495 	DATA 	Keypress: t
141.2666 	DATA 	Keypress: t
142.4577 	DATA 	Keypress: t
143.6481 	DATA 	Keypress: t
144.8417 	DATA 	Keypress: t
146.0500 	DATA 	Keypress: t
147.2512 	DATA 	Keypress: t
148.4643 	DATA 	Keypress: t
149.6409 	DATA 	Keypress: t
150.8669 	DATA 	Keypress: t
152.0485 	DATA 	Keypress: t
153.2411 	DATA 	Keypress: t
154.4639 	DATA 	Keypress: t
155.6568 	DATA 	Keypress: t
156.8630 	DATA 	Keypress: t
158.0516 	DATA 	Keypress: t
159.2512 	DATA 	Keypress: t
160.4503 	DATA 	Keypress: t
161.6647 	DATA 	Keypress: t
162.8682 	DATA 	Keypress: t
164.0654 	DATA 	Keypress: t
165.2498 	DATA 	Keypress: t
166.4486 	DATA 	Keypress: t
167.6509 	DATA 	Keypress: t
168.8481 	DATA 	Keypress: t
170.0648 	DATA 	Keypress: t
171.2575 	DATA 	Keypress: t
172.4516 	DATA 	Keypress: t
173.6562 	DATA 	Keypress: t
174.8642 	DATA 	Keypress: t
176.0626 	DATA 	Keypress: t
177.2568 	DATA 	Keypress: t
178.4497 	DATA 	Keypress: t
179.6561 	DATA 	Keypress: t
180.8473 	DATA 	Keypress: t
182.0469 	DATA 	Keypress: t
183.2478 	DATA 	Keypress: t
184.4641 	DATA 	Keypress: t
185.6641 	DATA 	Keypress: t
186.8568 	DATA 	Keypress: t
188.0474 	DATA 	Keypress: t
189.2486 	DATA 	Keypress: t
190.4477 	DATA 	Keypress: t
191.6558 	DATA 	Keypress: t
192.8473 	DATA 	Keypress: t
194.0468 	DATA 	Keypress: t
195.2639 	DATA 	Keypress: t
196.4503 	DATA 	Keypress: t
197.6476 	DATA 	Keypress: t
198.8487 	DATA 	Keypress: t
200.0643 	DATA 	Keypress: t
201.2635 	DATA 	Keypress: t
202.4660 	DATA 	Keypress: t
203.6632 	DATA 	Keypress: t
204.8474 	DATA 	Keypress: t
206.0484 	DATA 	Keypress: t
207.2487 	DATA 	Keypress: t
208.4490 	DATA 	Keypress: t
209.6706 	EXP 	text_2: autoDraw = True
210.6603 	EXP 	Created text = TextStim(__class__=<class 'psychopy.visual.text.TextStim'>, alignHoriz=method-wrapper(...), alignText='center', alignVert=method-wrapper(...), anchorHoriz='center', anchorVert='center', antialias=True, autoDraw=False, autoLog=True, bold=False, color=array([1., 1., 1.]), colorSpace='rgb', contrast=1.0, depth=0.0, flipHoriz=False, flipVert=False, font='Arial', fontFiles=[], height=0.06, italic=False, languageStyle='LTR', name='text', opacity=1.0, ori=0, pos=array([0. , 0.2]), rgb=UNKNOWN, text=str(...), units='norm', win=Window(...), wrapWidth=1.2)
210.6683 	EXP 	window1: mouseVisible = True
210.7235 	EXP 	Created None = Slider(__class__=<class 'psychopy.visual.slider.Slider'>, autoDraw=False, autoLog=True, borderColor=None, color=None, colorSpace='rgb', depth=0, fillColor=None, flip=False, font='Arial', granularity=1, labelColor=None, labelHeight=0.05, labelWrapWidth=None, labels=('Never', 'Always'), lineColor=None, markerColor=None, name=None, opacity=None, ori=0, pos=array([0., 0.]), readOnly=False, self=UNKNOWN, size=array([0.85, 0.1 ]), startValue=None, style='rating', styleTweaks=[], ticks=array([1, 9]), units='norm', win=Window(...))
210.7533 	EXP 	text_2: autoDraw = False
210.7533 	EXP 	None: autoLog = True
210.7533 	EXP 	None: markerPos = None
210.7533 	EXP 	None: styleTweaks = []
210.7533 	EXP 	None: styleTweaks = []
210.7533 	EXP 	None: styleTweaks = []
210.7533 	EXP 	None: styleTweaks = []
210.7533 	EXP 	None: contrast = 1.0
210.7533 	EXP 	None: autoLog = True
210.7533 	EXP 	None: markerPos = 5
214.1588 	DATA 	Keypress: 3
214.1867 	EXP 	None: markerPos = 6
214.4434 	DATA 	Keypress: 3
214.5079 	EXP 	None: markerPos = 7
214.8185 	DATA 	Keypress: 3
214.8584 	EXP 	None: markerPos = 8
215.8946 	DATA 	Keypress: 3
215.9365 	EXP 	None: markerPos = 9
217.0478 	DATA 	Keypress: 4
217.0864 	EXP 	None: markerPos = 9
217.0949 	EXP 	Created text = TextStim(__class__=<class 'psychopy.visual.text.TextStim'>, alignHoriz=method-wrapper(...), alignText='center', alignVert=method-wrapper(...), anchorHoriz='center', anchorVert='center', antialias=True, autoDraw=False, autoLog=True, bold=False, color=array([1., 1., 1.]), colorSpace='rgb', contrast=1.0, depth=0.0, flipHoriz=False, flipVert=False, font='Arial', fontFiles=[], height=0.06, italic=False, languageStyle='LTR', name='text', opacity=1.0, ori=0, pos=array([0. , 0.2]), rgb=UNKNOWN, text=str(...), units='norm', win=Window(...), wrapWidth=1.2)
217.1006 	EXP 	window1: mouseVisible = True
217.1473 	EXP 	Created None = Slider(__class__=<class 'psychopy.visual.slider.Slider'>, autoDraw=False, autoLog=True, borderColor=None, color=None, colorSpace='rgb', depth=0, fillColor=None, flip=False, font='Arial', granularity=1, labelColor=None, labelHeight=0.05, labelWrapWidth=None, labels=('Never', 'All the time'), lineColor=None, markerColor=None, name=None, opacity=None, ori=0, pos=array([0., 0.]), readOnly=False, self=UNKNOWN, size=array([0.85, 0.1 ]), startValue=None, style='rating', styleTweaks=[], ticks=array([1, 9]), units='norm', win=Window(...))
217.1696 	EXP 	None: autoLog = True
217.1696 	EXP 	None: markerPos = None
217.1696 	EXP 	None: styleTweaks = []
217.1696 	EXP 	None: styleTweaks = []
217.1696 	EXP 	None: styleTweaks = []
217.1696 	EXP 	None: styleTweaks = []
217.1696 	EXP 	None: contrast = 1.0
217.1696 	EXP 	None: autoLog = True
217.1696 	EXP 	None: markerPos = 5
219.3035 	DATA 	Keypress: 3
219.3367 	EXP 	None: markerPos = 6
219.5974 	DATA 	Keypress: 3
219.6574 	EXP 	None: markerPos = 7
220.0024 	DATA 	Keypress: 3
220.0563 	EXP 	None: markerPos = 8
221.0855 	DATA 	Keypress: 4
221.1203 	EXP 	None: markerPos = 8
221.1339 	EXP 	Created text = TextStim(__class__=<class 'psychopy.visual.text.TextStim'>, alignHoriz=method-wrapper(...), alignText='center', alignVert=method-wrapper(...), anchorHoriz='center', anchorVert='center', antialias=True, autoDraw=False, autoLog=True, bold=False, color=array([1., 1., 1.]), colorSpace='rgb', contrast=1.0, depth=0.0, flipHoriz=False, flipVert=False, font='Arial', fontFiles=[], height=0.06, italic=False, languageStyle='LTR', name='text', opacity=1.0, ori=0, pos=array([0. , 0.2]), rgb=UNKNOWN, text='How difficult was it to apply mental noting?', units='norm', win=Window(...), wrapWidth=1.2)
221.1413 	EXP 	window1: mouseVisible = True
221.1907 	EXP 	Created None = Slider(__class__=<class 'psychopy.visual.slider.Slider'>, autoDraw=False, autoLog=True, borderColor=None, color=None, colorSpace='rgb', depth=0, fillColor=None, flip=False, font='Arial', granularity=1, labelColor=None, labelHeight=0.05, labelWrapWidth=None, labels=('Not at all', 'Very Difficult'), lineColor=None, markerColor=None, name=None, opacity=None, ori=0, pos=array([0., 0.]), readOnly=False, self=UNKNOWN, size=array([0.85, 0.1 ]), startValue=None, style='rating', styleTweaks=[], ticks=array([1, 9]), units='norm', win=Window(...))
221.2202 	EXP 	None: autoLog = True
221.2202 	EXP 	None: markerPos = None
221.2202 	EXP 	None: styleTweaks = []
221.2202 	EXP 	None: styleTweaks = []
221.2202 	EXP 	None: styleTweaks = []
221.2202 	EXP 	None: styleTweaks = []
221.2202 	EXP 	None: contrast = 1.0
221.2202 	EXP 	None: autoLog = True
221.2202 	EXP 	None: markerPos = 5
223.3917 	DATA 	Keypress: 2
223.4365 	EXP 	None: markerPos = 4
226.1685 	DATA 	Keypress: 4
226.2033 	EXP 	None: markerPos = 4
226.2163 	EXP 	Created text = TextStim(__class__=<class 'psychopy.visual.text.TextStim'>, alignHoriz=method-wrapper(...), alignText='center', alignVert=method-wrapper(...), anchorHoriz='center', anchorVert='center', antialias=True, autoDraw=False, autoLog=True, bold=False, color=array([1., 1., 1.]), colorSpace='rgb', contrast=1.0, depth=0.0, flipHoriz=False, flipVert=False, font='Arial', fontFiles=[], height=0.06, italic=False, languageStyle='LTR', name='text', opacity=1.0, ori=0, pos=array([0. , 0.2]), rgb=UNKNOWN, text='How calm do you feel right now?', units='norm', win=Window(...), wrapWidth=1.2)
226.2251 	EXP 	window1: mouseVisible = True
226.2634 	EXP 	Created None = Slider(__class__=<class 'psychopy.visual.slider.Slider'>, autoDraw=False, autoLog=True, borderColor=None, color=None, colorSpace='rgb', depth=0, fillColor=None, flip=False, font='Arial', granularity=1, labelColor=None, labelHeight=0.05, labelWrapWidth=None, labels=('Not at all', 'Very calm'), lineColor=None, markerColor=None, name=None, opacity=None, ori=0, pos=array([0., 0.]), readOnly=False, self=UNKNOWN, size=array([0.85, 0.1 ]), startValue=None, style='rating', styleTweaks=[], ticks=array([1, 9]), units='norm', win=Window(...))
226.2860 	EXP 	None: autoLog = True
226.2860 	EXP 	None: markerPos = None
226.2860 	EXP 	None: styleTweaks = []
226.2860 	EXP 	None: styleTweaks = []
226.2860 	EXP 	None: styleTweaks = []
226.2860 	EXP 	None: styleTweaks = []
226.2860 	EXP 	None: contrast = 1.0
226.2860 	EXP 	None: autoLog = True
226.2860 	EXP 	None: markerPos = 5
229.0044 	DATA 	Keypress: 2
229.0361 	EXP 	None: markerPos = 4
229.5455 	DATA 	Keypress: 3
229.5866 	EXP 	None: markerPos = 5
229.9047 	DATA 	Keypress: 3
229.9578 	EXP 	None: markerPos = 6
230.7254 	DATA 	Keypress: 4
230.7696 	EXP 	None: markerPos = 6
230.8174 	EXP 	window1: mouseVisible = True
