3.5468 	WARNING 	Speech-to-text recognition module for PocketSphinx is not available (use command `pip install SpeechRecognition` to get it). Transcription will be unavailable using that service this session.
3.5473 	WARNING 	Speech-to-text recognition using Google online services is not available (use command `pip install google-api-core google-auth google-cloud google-cloud-speech googleapis-common-protos` to get it). Transcription will be unavailable using that service this session.
3.7689 	WARNING 	We strongly recommend you activate the PTB sound engine in PsychoPy prefs as the preferred audio engine. Its timing is vastly superior. Your prefs are currently set to use ['sounddevice', 'PTB', 'pyo', 'pygame'] (in that order).
18.3786 	WARNING 	Requested an unavailable screen number - using first available.
18.3816 	WARNING 	User requested fullscreen with size [1080 1080], but screen is actually [2560, 1600]. Using actual size
18.8907 	EXP 	Created window1 = Window(allowGUI=False, allowStencil=False, autoLog=True, backendConf=UNKNOWN, bitsMode=UNKNOWN, blendMode='avg', bpc=(8, 8, 8), color=array([-1, -1, -1]), colorSpace='rgb', depthBits=8, fullscr=<method-wrapper '__getattribute__' of attributeSetter object at 0x000001EA85405820>, gamma=None, gammaErrorPolicy='raise', lms=UNKNOWN, monitor=<psychopy.monitors.calibTools.Monitor object at 0x000001EA893985B0>, multiSample=False, name='window1', numSamples=2, pos=(0, 0), screen=1, size=array([2560, 1600]), stencilBits=0, stereo=False, units='norm', useFBO=True, useRetina=False, viewOri=0.0, viewPos=None, viewScale=None, waitBlanking=True, winType='pyglet')
18.8914 	EXP 	window1: mouseVisible = True
18.8914 	EXP 	window1: Attempting to measure frame rate of screen (1) ...
18.8914 	EXP 	window1: recordFrameIntervals = False
19.0572 	EXP 	window1: recordFrameIntervals = True
19.2414 	EXP 	Screen (1) actual frame rate measured at 59.58Hz
19.2415 	EXP 	window1: recordFrameIntervals = False
19.3205 	EXP 	Created text = TextStim(__class__=<class 'psychopy.visual.text.TextStim'>, alignHoriz=method-wrapper(...), alignText='center', alignVert=method-wrapper(...), anchorHoriz='center', anchorVert='center', antialias=True, autoDraw=False, autoLog=True, bold=False, color=array([1., 1., 1.]), colorSpace='rgb', contrast=1.0, depth=0.0, flipHoriz=False, flipVert=False, font='Arial', fontFiles=[], height=0.06, italic=False, languageStyle='LTR', name='text', opacity=1.0, ori=0, pos=array([0., 0.]), rgb=UNKNOWN, text=str(...), units='norm', win=Window(...), wrapWidth=1.2)
19.3287 	EXP 	Created text_3 = TextStim(__class__=<class 'psychopy.visual.text.TextStim'>, alignHoriz=method-wrapper(...), alignText='center', alignVert=method-wrapper(...), anchorHoriz='center', anchorVert='center', antialias=True, autoDraw=False, autoLog=True, bold=False, color=array([1., 1., 1.]), colorSpace='rgb', contrast=1.0, depth=0.0, flipHoriz=False, flipVert=False, font='Arial', fontFiles=[], height=0.1, italic=False, languageStyle='LTR', name='text_3', opacity=1.0, ori=0, pos=array([0., 0.]), rgb=UNKNOWN, text='waiting for scanner', units='norm', win=Window(...), wrapWidth=2)
19.3644 	EXP 	Created text_2 = TextStim(__class__=<class 'psychopy.visual.text.TextStim'>, alignHoriz=method-wrapper(...), alignText='center', alignVert=method-wrapper(...), anchorHoriz='center', anchorVert='center', antialias=True, autoDraw=False, autoLog=True, bold=False, color=array([1., 1., 1.]), colorSpace='rgb', contrast=1.0, depth=0.0, flipHoriz=False, flipVert=False, font='Arial', fontFiles=[], height=0.3, italic=False, languageStyle='LTR', name='text_2', opacity=1.0, ori=0, pos=array([0., 0.]), rgb=UNKNOWN, text='+', units='norm', win=Window(...), wrapWidth=1)
19.3738 	EXP 	Created text_relax = TextStim(__class__=<class 'psychopy.visual.text.TextStim'>, alignHoriz=method-wrapper(...), alignText='center', alignVert=method-wrapper(...), anchorHoriz='center', anchorVert='center', antialias=True, autoDraw=False, autoLog=True, bold=False, color=array([1., 1., 1.]), colorSpace='rgb', contrast=1.0, depth=0.0, flipHoriz=False, flipVert=False, font='Arial', fontFiles=[], height=0.07, italic=False, languageStyle='LTR', name='text_relax', opacity=1.0, ori=0, pos=array([ 0. , -0.2]), rgb=UNKNOWN, text='Relax', units='norm', win=Window(...), wrapWidth=1)
19.3835 	EXP 	Created text_4 = TextStim(__class__=<class 'psychopy.visual.text.TextStim'>, alignHoriz=method-wrapper(...), alignText='center', alignVert=method-wrapper(...), anchorHoriz='center', anchorVert='center', antialias=True, autoDraw=False, autoLog=True, bold=False, color=array([1., 1., 1.]), colorSpace='rgb', contrast=1.0, depth=-3.0, flipHoriz=False, flipVert=False, font='Arial', fontFiles=[], height=0.1, italic=False, languageStyle='LTR', name='text_4', opacity=1.0, ori=0, pos=array([0., 0.]), rgb=UNKNOWN, text='default text', units='norm', win=Window(...), wrapWidth=1)
19.3973 	EXP 	Created unnamed Circle = Circle(__class__=<class 'psychopy.visual.circle.Circle'>, anchor=('center', 'center'), autoDraw=False, autoLog=True, closeShape=True, color=method-wrapper(...), colorSpace='rgb', contrast=None, depth=0, fillColor=array([0, 0, 0]), fillColorSpace='rgb', fillRGB=array([0, 0, 0]), interpolate=True, lineColor=array([ 1.,  1., -1.]), lineColorSpace='rgb', lineRGB=array([ 1,  1, -1]), lineWidth=2, name='unnamed Circle', opacity=0.5, ori=0.0, pos=array([0.        , 0.33333333]), size=array([1., 1.]), units='norm', vertices=ndarray(...), win=Window(...))
19.4000 	EXP 	Created unnamed Circle = Circle(__class__=<class 'psychopy.visual.circle.Circle'>, anchor=('center', 'center'), autoDraw=False, autoLog=True, closeShape=True, color=method-wrapper(...), colorSpace='rgb', contrast=None, depth=0, fillColor=array([0, 0, 0]), fillColorSpace='rgb', fillRGB=array([0, 0, 0]), interpolate=True, lineColor=array([-1., -1.,  1.]), lineColorSpace='rgb', lineRGB=array([-1, -1,  1]), lineWidth=2, name='unnamed Circle', opacity=0.5, ori=0.0, pos=array([ 0.        , -0.33333333]), size=array([1., 1.]), units='norm', vertices=ndarray(...), win=Window(...))
19.4036 	EXP 	Created unnamed Circle = Circle(__class__=<class 'psychopy.visual.circle.Circle'>, anchor=('center', 'center'), autoDraw=False, autoLog=True, closeShape=True, color=method-wrapper(...), colorSpace='rgb', contrast=None, depth=0, fillColor=array([1, 1, 1]), fillColorSpace='rgb', fillRGB=array([1, 1, 1]), interpolate=True, lineColor=array([1., 1., 1.]), lineColorSpace='rgb', lineRGB=array([1, 1, 1]), lineWidth=1.5, name='unnamed Circle', opacity=1.0, ori=0.0, pos=array([0., 0.]), size=array([1., 1.]), units='norm', vertices=ndarray(...), win=Window(...))
19.4064 	EXP 	Created unnamed Circle = Circle(__class__=<class 'psychopy.visual.circle.Circle'>, anchor=('center', 'center'), autoDraw=False, autoLog=True, closeShape=True, color=method-wrapper(...), colorSpace='rgb', contrast=None, depth=0, fillColor=array([1, 1, 1]), fillColorSpace='rgb', fillRGB=array([1, 1, 1]), interpolate=True, lineColor=array([1., 1., 1.]), lineColorSpace='rgb', lineRGB=array([1, 1, 1]), lineWidth=3, name='unnamed Circle', opacity=1.0, ori=0.0, pos=array([0., 0.]), size=array([1., 1.]), units='norm', vertices=ndarray(...), win=Window(...))
19.4144 	EXP 	Created instruct_text = TextStim(__class__=<class 'psychopy.visual.text.TextStim'>, alignHoriz=method-wrapper(...), alignText='center', alignVert=method-wrapper(...), anchorHoriz='center', anchorVert='center', antialias=True, autoDraw=False, autoLog=True, bold=False, color=array([1., 1., 1.]), colorSpace='rgb', contrast=1.0, depth=0.0, flipHoriz=False, flipVert=False, font='Arial', fontFiles=[], height=0.06, italic=False, languageStyle='LTR', name='instruct_text', opacity=1.0, ori=0, pos=array([0., 0.]), rgb=UNKNOWN, text='replace me', units='norm', win=Window(...), wrapWidth=1.2)
19.4222 	EXP 	Created text_5 = TextStim(__class__=<class 'psychopy.visual.text.TextStim'>, alignHoriz=method-wrapper(...), alignText='center', alignVert=method-wrapper(...), anchorHoriz='center', anchorVert='center', antialias=True, autoDraw=False, autoLog=True, bold=False, color=array([1., 1., 1.]), colorSpace='rgb', contrast=1.0, depth=0.0, flipHoriz=False, flipVert=False, font='Arial', fontFiles=[], height=0.1, italic=False, languageStyle='LTR', name='text_5', opacity=1.0, ori=0, pos=array([0., 0.]), rgb=UNKNOWN, text='thank you!', units='norm', win=Window(...), wrapWidth=1)
19.4548 	EXP 	instruct_text: height = 0.06
19.4548 	EXP 	instruct_text: height = 0.06
19.4548 	EXP 	instruct_text: height = 0.06
19.4548 	EXP 	instruct_text: text = 'Next, you will get to continue the Mental Noting practice you just learned about.    \n\nBefore, you mentioned using your shoulder as an anchor for your Noting Practice. Try to continue using this as your anchor but it is also okay to switch to a different part of your body.\n\nYou’ll see 2 circles and a white ball in the middle on the screen, but they won’t move around for now.'
46.6223 	DATA 	Keypress: space
46.6711 	EXP 	instruct_text: height = 0.06
46.6711 	EXP 	instruct_text: height = 0.06
46.6711 	EXP 	instruct_text: height = 0.06
46.6711 	EXP 	instruct_text: text = 'You’ll see the cross (+) on the screen for 30 seconds at the start. Whenever you see the cross, please don’t practice Noting – just relax.\n\nOnce you see the circles appear, please start the Noting practice. This practice will last 2 min. Press any button to start.'
71.3977 	DATA 	Keypress: space
71.4366 	EXP 	text_3: autoDraw = True
103.9880 	DATA 	Keypress: t
104.0193 	EXP 	text_3: autoDraw = False
104.0193 	EXP 	text_2: autoDraw = True
104.0193 	EXP 	text_relax: autoDraw = True
105.2100 	DATA 	Keypress: t
106.3926 	DATA 	Keypress: t
107.5959 	DATA 	Keypress: t
108.8105 	DATA 	Keypress: t
110.0001 	DATA 	Keypress: t
111.2098 	DATA 	Keypress: t
112.4094 	DATA 	Keypress: t
113.5950 	DATA 	Keypress: t
114.7937 	DATA 	Keypress: t
115.9926 	DATA 	Keypress: t
117.2087 	DATA 	Keypress: t
118.3933 	DATA 	Keypress: t
119.5923 	DATA 	Keypress: t
120.8124 	DATA 	Keypress: t
121.9985 	DATA 	Keypress: t
123.1931 	DATA 	Keypress: t
124.3934 	DATA 	Keypress: t
125.5929 	DATA 	Keypress: t
126.7934 	DATA 	Keypress: t
128.0104 	DATA 	Keypress: t
129.2081 	DATA 	Keypress: t
130.4108 	DATA 	Keypress: t
131.6095 	DATA 	Keypress: t
132.7935 	DATA 	Keypress: t
133.9924 	DATA 	Keypress: t
134.0361 	EXP 	text_2: autoDraw = False
134.0361 	EXP 	text_relax: autoDraw = False
134.0361 	EXP 	text_2: autoDraw = False
135.2110 	DATA 	Keypress: t
136.3902 	DATA 	Keypress: t
137.5925 	DATA 	Keypress: t
138.8026 	DATA 	Keypress: t
139.9923 	DATA 	Keypress: t
141.2076 	DATA 	Keypress: t
142.3896 	DATA 	Keypress: t
143.5942 	DATA 	Keypress: t
144.7990 	DATA 	Keypress: t
145.9912 	DATA 	Keypress: t
147.2033 	DATA 	Keypress: t
148.4075 	DATA 	Keypress: t
149.6117 	DATA 	Keypress: t
150.8042 	DATA 	Keypress: t
152.0020 	DATA 	Keypress: t
153.1924 	DATA 	Keypress: t
154.3950 	DATA 	Keypress: t
155.6072 	DATA 	Keypress: t
156.8078 	DATA 	Keypress: t
157.9964 	DATA 	Keypress: t
159.1995 	DATA 	Keypress: t
160.3991 	DATA 	Keypress: t
161.6118 	DATA 	Keypress: t
162.7903 	DATA 	Keypress: t
164.0090 	DATA 	Keypress: t
165.2047 	DATA 	Keypress: t
166.3977 	DATA 	Keypress: t
167.5983 	DATA 	Keypress: t
168.7909 	DATA 	Keypress: t
170.0018 	DATA 	Keypress: t
171.2110 	DATA 	Keypress: t
172.4018 	DATA 	Keypress: t
173.6098 	DATA 	Keypress: t
174.7880 	DATA 	Keypress: t
175.9994 	DATA 	Keypress: t
177.2040 	DATA 	Keypress: t
178.4030 	DATA 	Keypress: t
179.6052 	DATA 	Keypress: t
180.8038 	DATA 	Keypress: t
182.0055 	DATA 	Keypress: t
183.1883 	DATA 	Keypress: t
184.3890 	DATA 	Keypress: t
185.6000 	DATA 	Keypress: t
186.8010 	DATA 	Keypress: t
187.9893 	DATA 	Keypress: t
189.2005 	DATA 	Keypress: t
190.3918 	DATA 	Keypress: t
191.5879 	DATA 	Keypress: t
192.7876 	DATA 	Keypress: t
194.0013 	DATA 	Keypress: t
195.1889 	DATA 	Keypress: t
196.4037 	DATA 	Keypress: t
197.6014 	DATA 	Keypress: t
198.7876 	DATA 	Keypress: t
199.9965 	DATA 	Keypress: t
201.2002 	DATA 	Keypress: t
202.3931 	DATA 	Keypress: t
203.5912 	DATA 	Keypress: t
204.7965 	DATA 	Keypress: t
206.0006 	DATA 	Keypress: t
207.2065 	DATA 	Keypress: t
208.4084 	DATA 	Keypress: t
209.5997 	DATA 	Keypress: t
210.7985 	DATA 	Keypress: t
212.0049 	DATA 	Keypress: t
213.1995 	DATA 	Keypress: t
214.3907 	DATA 	Keypress: t
215.5872 	DATA 	Keypress: t
216.8103 	DATA 	Keypress: t
217.9981 	DATA 	Keypress: t
219.1920 	DATA 	Keypress: t
220.3982 	DATA 	Keypress: t
221.5913 	DATA 	Keypress: t
222.7883 	DATA 	Keypress: t
224.0019 	DATA 	Keypress: t
225.1878 	DATA 	Keypress: t
226.3903 	DATA 	Keypress: t
227.6021 	DATA 	Keypress: t
228.8044 	DATA 	Keypress: t
230.0053 	DATA 	Keypress: t
231.2046 	DATA 	Keypress: t
232.4009 	DATA 	Keypress: t
233.5930 	DATA 	Keypress: t
234.8035 	DATA 	Keypress: t
236.0090 	DATA 	Keypress: t
237.1978 	DATA 	Keypress: t
238.3985 	DATA 	Keypress: t
239.5980 	DATA 	Keypress: t
240.8046 	DATA 	Keypress: t
242.0040 	DATA 	Keypress: t
243.2002 	DATA 	Keypress: t
244.4078 	DATA 	Keypress: t
245.6041 	DATA 	Keypress: t
246.7967 	DATA 	Keypress: t
247.9931 	DATA 	Keypress: t
249.2070 	DATA 	Keypress: t
250.3998 	DATA 	Keypress: t
251.5875 	DATA 	Keypress: t
252.7985 	DATA 	Keypress: t
254.0482 	EXP 	text_2: autoDraw = True
255.0053 	EXP 	Created text = TextStim(__class__=<class 'psychopy.visual.text.TextStim'>, alignHoriz=method-wrapper(...), alignText='center', alignVert=method-wrapper(...), anchorHoriz='center', anchorVert='center', antialias=True, autoDraw=False, autoLog=True, bold=False, color=array([1., 1., 1.]), colorSpace='rgb', contrast=1.0, depth=0.0, flipHoriz=False, flipVert=False, font='Arial', fontFiles=[], height=0.06, italic=False, languageStyle='LTR', name='text', opacity=1.0, ori=0, pos=array([0. , 0.2]), rgb=UNKNOWN, text=str(...), units='norm', win=Window(...), wrapWidth=1.2)
255.0260 	EXP 	window1: mouseVisible = True
255.0837 	EXP 	Created None = Slider(__class__=<class 'psychopy.visual.slider.Slider'>, autoDraw=False, autoLog=True, borderColor=None, color=None, colorSpace='rgb', depth=0, fillColor=None, flip=False, font='Arial', granularity=1, labelColor=None, labelHeight=0.05, labelWrapWidth=None, labels=('Never', 'Always'), lineColor=None, markerColor=None, name=None, opacity=None, ori=0, pos=array([0., 0.]), readOnly=False, self=UNKNOWN, size=array([0.85, 0.1 ]), startValue=None, style='rating', styleTweaks=[], ticks=array([1, 9]), units='norm', win=Window(...))
255.1304 	EXP 	text_2: autoDraw = False
255.1304 	EXP 	None: autoLog = True
255.1304 	EXP 	None: markerPos = None
255.1304 	EXP 	None: styleTweaks = []
255.1304 	EXP 	None: styleTweaks = []
255.1304 	EXP 	None: styleTweaks = []
255.1304 	EXP 	None: styleTweaks = []
255.1304 	EXP 	None: contrast = 1.0
255.1304 	EXP 	None: autoLog = True
255.1304 	EXP 	None: markerPos = 5
269.7497 	DATA 	Keypress: 3
269.7967 	EXP 	None: markerPos = 6
270.6698 	DATA 	Keypress: 3
270.7134 	EXP 	None: markerPos = 7
278.3909 	DATA 	Keypress: 4
278.4296 	EXP 	None: markerPos = 7
278.4380 	EXP 	Created text = TextStim(__class__=<class 'psychopy.visual.text.TextStim'>, alignHoriz=method-wrapper(...), alignText='center', alignVert=method-wrapper(...), anchorHoriz='center', anchorVert='center', antialias=True, autoDraw=False, autoLog=True, bold=False, color=array([1., 1., 1.]), colorSpace='rgb', contrast=1.0, depth=0.0, flipHoriz=False, flipVert=False, font='Arial', fontFiles=[], height=0.06, italic=False, languageStyle='LTR', name='text', opacity=1.0, ori=0, pos=array([0. , 0.2]), rgb=UNKNOWN, text=str(...), units='norm', win=Window(...), wrapWidth=1.2)
278.4434 	EXP 	window1: mouseVisible = True
278.4899 	EXP 	Created None = Slider(__class__=<class 'psychopy.visual.slider.Slider'>, autoDraw=False, autoLog=True, borderColor=None, color=None, colorSpace='rgb', depth=0, fillColor=None, flip=False, font='Arial', granularity=1, labelColor=None, labelHeight=0.05, labelWrapWidth=None, labels=('Never', 'All the time'), lineColor=None, markerColor=None, name=None, opacity=None, ori=0, pos=array([0., 0.]), readOnly=False, self=UNKNOWN, size=array([0.85, 0.1 ]), startValue=None, style='rating', styleTweaks=[], ticks=array([1, 9]), units='norm', win=Window(...))
278.5130 	EXP 	None: autoLog = True
278.5130 	EXP 	None: markerPos = None
278.5130 	EXP 	None: styleTweaks = []
278.5130 	EXP 	None: styleTweaks = []
278.5130 	EXP 	None: styleTweaks = []
278.5130 	EXP 	None: styleTweaks = []
278.5130 	EXP 	None: contrast = 1.0
278.5130 	EXP 	None: autoLog = True
278.5130 	EXP 	None: markerPos = 5
284.6656 	DATA 	Keypress: 2
284.7124 	EXP 	None: markerPos = 4
285.5557 	DATA 	Keypress: 2
285.5961 	EXP 	None: markerPos = 3
288.5676 	DATA 	Keypress: 2
288.6126 	EXP 	None: markerPos = 2
289.0856 	DATA 	Keypress: 4
289.1304 	EXP 	None: markerPos = 2
289.1453 	EXP 	Created text = TextStim(__class__=<class 'psychopy.visual.text.TextStim'>, alignHoriz=method-wrapper(...), alignText='center', alignVert=method-wrapper(...), anchorHoriz='center', anchorVert='center', antialias=True, autoDraw=False, autoLog=True, bold=False, color=array([1., 1., 1.]), colorSpace='rgb', contrast=1.0, depth=0.0, flipHoriz=False, flipVert=False, font='Arial', fontFiles=[], height=0.06, italic=False, languageStyle='LTR', name='text', opacity=1.0, ori=0, pos=array([0. , 0.2]), rgb=UNKNOWN, text='How difficult was it to apply mental noting?', units='norm', win=Window(...), wrapWidth=1.2)
289.1510 	EXP 	window1: mouseVisible = True
289.2023 	EXP 	Created None = Slider(__class__=<class 'psychopy.visual.slider.Slider'>, autoDraw=False, autoLog=True, borderColor=None, color=None, colorSpace='rgb', depth=0, fillColor=None, flip=False, font='Arial', granularity=1, labelColor=None, labelHeight=0.05, labelWrapWidth=None, labels=('Not at all', 'Very Difficult'), lineColor=None, markerColor=None, name=None, opacity=None, ori=0, pos=array([0., 0.]), readOnly=False, self=UNKNOWN, size=array([0.85, 0.1 ]), startValue=None, style='rating', styleTweaks=[], ticks=array([1, 9]), units='norm', win=Window(...))
289.2289 	EXP 	None: autoLog = True
289.2289 	EXP 	None: markerPos = None
289.2289 	EXP 	None: styleTweaks = []
289.2289 	EXP 	None: styleTweaks = []
289.2289 	EXP 	None: styleTweaks = []
289.2289 	EXP 	None: styleTweaks = []
289.2289 	EXP 	None: contrast = 1.0
289.2289 	EXP 	None: autoLog = True
289.2289 	EXP 	None: markerPos = 5
294.3576 	DATA 	Keypress: 3
294.3957 	EXP 	None: markerPos = 6
294.8305 	DATA 	Keypress: 2
294.8626 	EXP 	None: markerPos = 5
295.1326 	DATA 	Keypress: 2
295.1834 	EXP 	None: markerPos = 4
295.7436 	DATA 	Keypress: 2
295.7835 	EXP 	None: markerPos = 3
296.8696 	DATA 	Keypress: 3
296.9293 	EXP 	None: markerPos = 4
298.1486 	DATA 	Keypress: 4
298.1974 	EXP 	None: markerPos = 4
298.2074 	EXP 	Created text = TextStim(__class__=<class 'psychopy.visual.text.TextStim'>, alignHoriz=method-wrapper(...), alignText='center', alignVert=method-wrapper(...), anchorHoriz='center', anchorVert='center', antialias=True, autoDraw=False, autoLog=True, bold=False, color=array([1., 1., 1.]), colorSpace='rgb', contrast=1.0, depth=0.0, flipHoriz=False, flipVert=False, font='Arial', fontFiles=[], height=0.06, italic=False, languageStyle='LTR', name='text', opacity=1.0, ori=0, pos=array([0. , 0.2]), rgb=UNKNOWN, text='How calm do you feel right now?', units='norm', win=Window(...), wrapWidth=1.2)
298.2132 	EXP 	window1: mouseVisible = True
298.2511 	EXP 	Created None = Slider(__class__=<class 'psychopy.visual.slider.Slider'>, autoDraw=False, autoLog=True, borderColor=None, color=None, colorSpace='rgb', depth=0, fillColor=None, flip=False, font='Arial', granularity=1, labelColor=None, labelHeight=0.05, labelWrapWidth=None, labels=('Not at all', 'Very calm'), lineColor=None, markerColor=None, name=None, opacity=None, ori=0, pos=array([0., 0.]), readOnly=False, self=UNKNOWN, size=array([0.85, 0.1 ]), startValue=None, style='rating', styleTweaks=[], ticks=array([1, 9]), units='norm', win=Window(...))
298.2792 	EXP 	None: autoLog = True
298.2792 	EXP 	None: markerPos = None
298.2792 	EXP 	None: styleTweaks = []
298.2792 	EXP 	None: styleTweaks = []
298.2792 	EXP 	None: styleTweaks = []
298.2792 	EXP 	None: styleTweaks = []
298.2792 	EXP 	None: contrast = 1.0
298.2792 	EXP 	None: autoLog = True
298.2792 	EXP 	None: markerPos = 5
304.2885 	DATA 	Keypress: 2
304.3287 	EXP 	None: markerPos = 4
304.7230 	DATA 	Keypress: 3
304.7621 	EXP 	None: markerPos = 5
304.9974 	DATA 	Keypress: 3
305.0831 	EXP 	None: markerPos = 6
305.8826 	DATA 	Keypress: 3
305.9288 	EXP 	None: markerPos = 7
306.3069 	DATA 	Keypress: 2
306.3496 	EXP 	None: markerPos = 6
309.6747 	DATA 	Keypress: 4
309.7124 	EXP 	None: markerPos = 6
309.7552 	EXP 	window1: mouseVisible = True
3.5468 	WARNING 	Speech-to-text recognition module for PocketSphinx is not available (use command `pip install SpeechRecognition` to get it). Transcription will be unavailable using that service this session.
3.5473 	WARNING 	Speech-to-text recognition using Google online services is not available (use command `pip install google-api-core google-auth google-cloud google-cloud-speech googleapis-common-protos` to get it). Transcription will be unavailable using that service this session.
3.7689 	WARNING 	We strongly recommend you activate the PTB sound engine in PsychoPy prefs as the preferred audio engine. Its timing is vastly superior. Your prefs are currently set to use ['sounddevice', 'PTB', 'pyo', 'pygame'] (in that order).
18.3786 	WARNING 	Requested an unavailable screen number - using first available.
18.3816 	WARNING 	User requested fullscreen with size [1080 1080], but screen is actually [2560, 1600]. Using actual size
18.8907 	EXP 	Created window1 = Window(allowGUI=False, allowStencil=False, autoLog=True, backendConf=UNKNOWN, bitsMode=UNKNOWN, blendMode='avg', bpc=(8, 8, 8), color=array([-1, -1, -1]), colorSpace='rgb', depthBits=8, fullscr=<method-wrapper '__getattribute__' of attributeSetter object at 0x000001EA85405820>, gamma=None, gammaErrorPolicy='raise', lms=UNKNOWN, monitor=<psychopy.monitors.calibTools.Monitor object at 0x000001EA893985B0>, multiSample=False, name='window1', numSamples=2, pos=(0, 0), screen=1, size=array([2560, 1600]), stencilBits=0, stereo=False, units='norm', useFBO=True, useRetina=False, viewOri=0.0, viewPos=None, viewScale=None, waitBlanking=True, winType='pyglet')
18.8914 	EXP 	window1: mouseVisible = True
18.8914 	EXP 	window1: Attempting to measure frame rate of screen (1) ...
18.8914 	EXP 	window1: recordFrameIntervals = False
19.0572 	EXP 	window1: recordFrameIntervals = True
19.2414 	EXP 	Screen (1) actual frame rate measured at 59.58Hz
19.2415 	EXP 	window1: recordFrameIntervals = False
19.3205 	EXP 	Created text = TextStim(__class__=<class 'psychopy.visual.text.TextStim'>, alignHoriz=method-wrapper(...), alignText='center', alignVert=method-wrapper(...), anchorHoriz='center', anchorVert='center', antialias=True, autoDraw=False, autoLog=True, bold=False, color=array([1., 1., 1.]), colorSpace='rgb', contrast=1.0, depth=0.0, flipHoriz=False, flipVert=False, font='Arial', fontFiles=[], height=0.06, italic=False, languageStyle='LTR', name='text', opacity=1.0, ori=0, pos=array([0., 0.]), rgb=UNKNOWN, text=str(...), units='norm', win=Window(...), wrapWidth=1.2)
19.3287 	EXP 	Created text_3 = TextStim(__class__=<class 'psychopy.visual.text.TextStim'>, alignHoriz=method-wrapper(...), alignText='center', alignVert=method-wrapper(...), anchorHoriz='center', anchorVert='center', antialias=True, autoDraw=False, autoLog=True, bold=False, color=array([1., 1., 1.]), colorSpace='rgb', contrast=1.0, depth=0.0, flipHoriz=False, flipVert=False, font='Arial', fontFiles=[], height=0.1, italic=False, languageStyle='LTR', name='text_3', opacity=1.0, ori=0, pos=array([0., 0.]), rgb=UNKNOWN, text='waiting for scanner', units='norm', win=Window(...), wrapWidth=2)
19.3644 	EXP 	Created text_2 = TextStim(__class__=<class 'psychopy.visual.text.TextStim'>, alignHoriz=method-wrapper(...), alignText='center', alignVert=method-wrapper(...), anchorHoriz='center', anchorVert='center', antialias=True, autoDraw=False, autoLog=True, bold=False, color=array([1., 1., 1.]), colorSpace='rgb', contrast=1.0, depth=0.0, flipHoriz=False, flipVert=False, font='Arial', fontFiles=[], height=0.3, italic=False, languageStyle='LTR', name='text_2', opacity=1.0, ori=0, pos=array([0., 0.]), rgb=UNKNOWN, text='+', units='norm', win=Window(...), wrapWidth=1)
19.3738 	EXP 	Created text_relax = TextStim(__class__=<class 'psychopy.visual.text.TextStim'>, alignHoriz=method-wrapper(...), alignText='center', alignVert=method-wrapper(...), anchorHoriz='center', anchorVert='center', antialias=True, autoDraw=False, autoLog=True, bold=False, color=array([1., 1., 1.]), colorSpace='rgb', contrast=1.0, depth=0.0, flipHoriz=False, flipVert=False, font='Arial', fontFiles=[], height=0.07, italic=False, languageStyle='LTR', name='text_relax', opacity=1.0, ori=0, pos=array([ 0. , -0.2]), rgb=UNKNOWN, text='Relax', units='norm', win=Window(...), wrapWidth=1)
19.3835 	EXP 	Created text_4 = TextStim(__class__=<class 'psychopy.visual.text.TextStim'>, alignHoriz=method-wrapper(...), alignText='center', alignVert=method-wrapper(...), anchorHoriz='center', anchorVert='center', antialias=True, autoDraw=False, autoLog=True, bold=False, color=array([1., 1., 1.]), colorSpace='rgb', contrast=1.0, depth=-3.0, flipHoriz=False, flipVert=False, font='Arial', fontFiles=[], height=0.1, italic=False, languageStyle='LTR', name='text_4', opacity=1.0, ori=0, pos=array([0., 0.]), rgb=UNKNOWN, text='default text', units='norm', win=Window(...), wrapWidth=1)
19.3973 	EXP 	Created unnamed Circle = Circle(__class__=<class 'psychopy.visual.circle.Circle'>, anchor=('center', 'center'), autoDraw=False, autoLog=True, closeShape=True, color=method-wrapper(...), colorSpace='rgb', contrast=None, depth=0, fillColor=array([0, 0, 0]), fillColorSpace='rgb', fillRGB=array([0, 0, 0]), interpolate=True, lineColor=array([ 1.,  1., -1.]), lineColorSpace='rgb', lineRGB=array([ 1,  1, -1]), lineWidth=2, name='unnamed Circle', opacity=0.5, ori=0.0, pos=array([0.        , 0.33333333]), size=array([1., 1.]), units='norm', vertices=ndarray(...), win=Window(...))
19.4000 	EXP 	Created unnamed Circle = Circle(__class__=<class 'psychopy.visual.circle.Circle'>, anchor=('center', 'center'), autoDraw=False, autoLog=True, closeShape=True, color=method-wrapper(...), colorSpace='rgb', contrast=None, depth=0, fillColor=array([0, 0, 0]), fillColorSpace='rgb', fillRGB=array([0, 0, 0]), interpolate=True, lineColor=array([-1., -1.,  1.]), lineColorSpace='rgb', lineRGB=array([-1, -1,  1]), lineWidth=2, name='unnamed Circle', opacity=0.5, ori=0.0, pos=array([ 0.        , -0.33333333]), size=array([1., 1.]), units='norm', vertices=ndarray(...), win=Window(...))
19.4036 	EXP 	Created unnamed Circle = Circle(__class__=<class 'psychopy.visual.circle.Circle'>, anchor=('center', 'center'), autoDraw=False, autoLog=True, closeShape=True, color=method-wrapper(...), colorSpace='rgb', contrast=None, depth=0, fillColor=array([1, 1, 1]), fillColorSpace='rgb', fillRGB=array([1, 1, 1]), interpolate=True, lineColor=array([1., 1., 1.]), lineColorSpace='rgb', lineRGB=array([1, 1, 1]), lineWidth=1.5, name='unnamed Circle', opacity=1.0, ori=0.0, pos=array([0., 0.]), size=array([1., 1.]), units='norm', vertices=ndarray(...), win=Window(...))
19.4064 	EXP 	Created unnamed Circle = Circle(__class__=<class 'psychopy.visual.circle.Circle'>, anchor=('center', 'center'), autoDraw=False, autoLog=True, closeShape=True, color=method-wrapper(...), colorSpace='rgb', contrast=None, depth=0, fillColor=array([1, 1, 1]), fillColorSpace='rgb', fillRGB=array([1, 1, 1]), interpolate=True, lineColor=array([1., 1., 1.]), lineColorSpace='rgb', lineRGB=array([1, 1, 1]), lineWidth=3, name='unnamed Circle', opacity=1.0, ori=0.0, pos=array([0., 0.]), size=array([1., 1.]), units='norm', vertices=ndarray(...), win=Window(...))
19.4144 	EXP 	Created instruct_text = TextStim(__class__=<class 'psychopy.visual.text.TextStim'>, alignHoriz=method-wrapper(...), alignText='center', alignVert=method-wrapper(...), anchorHoriz='center', anchorVert='center', antialias=True, autoDraw=False, autoLog=True, bold=False, color=array([1., 1., 1.]), colorSpace='rgb', contrast=1.0, depth=0.0, flipHoriz=False, flipVert=False, font='Arial', fontFiles=[], height=0.06, italic=False, languageStyle='LTR', name='instruct_text', opacity=1.0, ori=0, pos=array([0., 0.]), rgb=UNKNOWN, text='replace me', units='norm', win=Window(...), wrapWidth=1.2)
19.4222 	EXP 	Created text_5 = TextStim(__class__=<class 'psychopy.visual.text.TextStim'>, alignHoriz=method-wrapper(...), alignText='center', alignVert=method-wrapper(...), anchorHoriz='center', anchorVert='center', antialias=True, autoDraw=False, autoLog=True, bold=False, color=array([1., 1., 1.]), colorSpace='rgb', contrast=1.0, depth=0.0, flipHoriz=False, flipVert=False, font='Arial', fontFiles=[], height=0.1, italic=False, languageStyle='LTR', name='text_5', opacity=1.0, ori=0, pos=array([0., 0.]), rgb=UNKNOWN, text='thank you!', units='norm', win=Window(...), wrapWidth=1)
19.4548 	EXP 	instruct_text: height = 0.06
19.4548 	EXP 	instruct_text: height = 0.06
19.4548 	EXP 	instruct_text: height = 0.06
19.4548 	EXP 	instruct_text: text = 'Next, you will get to continue the Mental Noting practice you just learned about.    \n\nBefore, you mentioned using your shoulder as an anchor for your Noting Practice. Try to continue using this as your anchor but it is also okay to switch to a different part of your body.\n\nYou’ll see 2 circles and a white ball in the middle on the screen, but they won’t move around for now.'
46.6223 	DATA 	Keypress: space
46.6711 	EXP 	instruct_text: height = 0.06
46.6711 	EXP 	instruct_text: height = 0.06
46.6711 	EXP 	instruct_text: height = 0.06
46.6711 	EXP 	instruct_text: text = 'You’ll see the cross (+) on the screen for 30 seconds at the start. Whenever you see the cross, please don’t practice Noting – just relax.\n\nOnce you see the circles appear, please start the Noting practice. This practice will last 2 min. Press any button to start.'
71.3977 	DATA 	Keypress: space
71.4366 	EXP 	text_3: autoDraw = True
103.9880 	DATA 	Keypress: t
104.0193 	EXP 	text_3: autoDraw = False
104.0193 	EXP 	text_2: autoDraw = True
104.0193 	EXP 	text_relax: autoDraw = True
105.2100 	DATA 	Keypress: t
106.3926 	DATA 	Keypress: t
107.5959 	DATA 	Keypress: t
108.8105 	DATA 	Keypress: t
110.0001 	DATA 	Keypress: t
111.2098 	DATA 	Keypress: t
112.4094 	DATA 	Keypress: t
113.5950 	DATA 	Keypress: t
114.7937 	DATA 	Keypress: t
115.9926 	DATA 	Keypress: t
117.2087 	DATA 	Keypress: t
118.3933 	DATA 	Keypress: t
119.5923 	DATA 	Keypress: t
120.8124 	DATA 	Keypress: t
121.9985 	DATA 	Keypress: t
123.1931 	DATA 	Keypress: t
124.3934 	DATA 	Keypress: t
125.5929 	DATA 	Keypress: t
126.7934 	DATA 	Keypress: t
128.0104 	DATA 	Keypress: t
129.2081 	DATA 	Keypress: t
130.4108 	DATA 	Keypress: t
131.6095 	DATA 	Keypress: t
132.7935 	DATA 	Keypress: t
133.9924 	DATA 	Keypress: t
134.0361 	EXP 	text_2: autoDraw = False
134.0361 	EXP 	text_relax: autoDraw = False
134.0361 	EXP 	text_2: autoDraw = False
135.2110 	DATA 	Keypress: t
136.3902 	DATA 	Keypress: t
137.5925 	DATA 	Keypress: t
138.8026 	DATA 	Keypress: t
139.9923 	DATA 	Keypress: t
141.2076 	DATA 	Keypress: t
142.3896 	DATA 	Keypress: t
143.5942 	DATA 	Keypress: t
144.7990 	DATA 	Keypress: t
145.9912 	DATA 	Keypress: t
147.2033 	DATA 	Keypress: t
148.4075 	DATA 	Keypress: t
149.6117 	DATA 	Keypress: t
150.8042 	DATA 	Keypress: t
152.0020 	DATA 	Keypress: t
153.1924 	DATA 	Keypress: t
154.3950 	DATA 	Keypress: t
155.6072 	DATA 	Keypress: t
156.8078 	DATA 	Keypress: t
157.9964 	DATA 	Keypress: t
159.1995 	DATA 	Keypress: t
160.3991 	DATA 	Keypress: t
161.6118 	DATA 	Keypress: t
162.7903 	DATA 	Keypress: t
164.0090 	DATA 	Keypress: t
165.2047 	DATA 	Keypress: t
166.3977 	DATA 	Keypress: t
167.5983 	DATA 	Keypress: t
168.7909 	DATA 	Keypress: t
170.0018 	DATA 	Keypress: t
171.2110 	DATA 	Keypress: t
172.4018 	DATA 	Keypress: t
173.6098 	DATA 	Keypress: t
174.7880 	DATA 	Keypress: t
175.9994 	DATA 	Keypress: t
177.2040 	DATA 	Keypress: t
178.4030 	DATA 	Keypress: t
179.6052 	DATA 	Keypress: t
180.8038 	DATA 	Keypress: t
182.0055 	DATA 	Keypress: t
183.1883 	DATA 	Keypress: t
184.3890 	DATA 	Keypress: t
185.6000 	DATA 	Keypress: t
186.8010 	DATA 	Keypress: t
187.9893 	DATA 	Keypress: t
189.2005 	DATA 	Keypress: t
190.3918 	DATA 	Keypress: t
191.5879 	DATA 	Keypress: t
192.7876 	DATA 	Keypress: t
194.0013 	DATA 	Keypress: t
195.1889 	DATA 	Keypress: t
196.4037 	DATA 	Keypress: t
197.6014 	DATA 	Keypress: t
198.7876 	DATA 	Keypress: t
199.9965 	DATA 	Keypress: t
201.2002 	DATA 	Keypress: t
202.3931 	DATA 	Keypress: t
203.5912 	DATA 	Keypress: t
204.7965 	DATA 	Keypress: t
206.0006 	DATA 	Keypress: t
207.2065 	DATA 	Keypress: t
208.4084 	DATA 	Keypress: t
209.5997 	DATA 	Keypress: t
210.7985 	DATA 	Keypress: t
212.0049 	DATA 	Keypress: t
213.1995 	DATA 	Keypress: t
214.3907 	DATA 	Keypress: t
215.5872 	DATA 	Keypress: t
216.8103 	DATA 	Keypress: t
217.9981 	DATA 	Keypress: t
219.1920 	DATA 	Keypress: t
220.3982 	DATA 	Keypress: t
221.5913 	DATA 	Keypress: t
222.7883 	DATA 	Keypress: t
224.0019 	DATA 	Keypress: t
225.1878 	DATA 	Keypress: t
226.3903 	DATA 	Keypress: t
227.6021 	DATA 	Keypress: t
228.8044 	DATA 	Keypress: t
230.0053 	DATA 	Keypress: t
231.2046 	DATA 	Keypress: t
232.4009 	DATA 	Keypress: t
233.5930 	DATA 	Keypress: t
234.8035 	DATA 	Keypress: t
236.0090 	DATA 	Keypress: t
237.1978 	DATA 	Keypress: t
238.3985 	DATA 	Keypress: t
239.5980 	DATA 	Keypress: t
240.8046 	DATA 	Keypress: t
242.0040 	DATA 	Keypress: t
243.2002 	DATA 	Keypress: t
244.4078 	DATA 	Keypress: t
245.6041 	DATA 	Keypress: t
246.7967 	DATA 	Keypress: t
247.9931 	DATA 	Keypress: t
249.2070 	DATA 	Keypress: t
250.3998 	DATA 	Keypress: t
251.5875 	DATA 	Keypress: t
252.7985 	DATA 	Keypress: t
254.0482 	EXP 	text_2: autoDraw = True
255.0053 	EXP 	Created text = TextStim(__class__=<class 'psychopy.visual.text.TextStim'>, alignHoriz=method-wrapper(...), alignText='center', alignVert=method-wrapper(...), anchorHoriz='center', anchorVert='center', antialias=True, autoDraw=False, autoLog=True, bold=False, color=array([1., 1., 1.]), colorSpace='rgb', contrast=1.0, depth=0.0, flipHoriz=False, flipVert=False, font='Arial', fontFiles=[], height=0.06, italic=False, languageStyle='LTR', name='text', opacity=1.0, ori=0, pos=array([0. , 0.2]), rgb=UNKNOWN, text=str(...), units='norm', win=Window(...), wrapWidth=1.2)
255.0260 	EXP 	window1: mouseVisible = True
255.0837 	EXP 	Created None = Slider(__class__=<class 'psychopy.visual.slider.Slider'>, autoDraw=False, autoLog=True, borderColor=None, color=None, colorSpace='rgb', depth=0, fillColor=None, flip=False, font='Arial', granularity=1, labelColor=None, labelHeight=0.05, labelWrapWidth=None, labels=('Never', 'Always'), lineColor=None, markerColor=None, name=None, opacity=None, ori=0, pos=array([0., 0.]), readOnly=False, self=UNKNOWN, size=array([0.85, 0.1 ]), startValue=None, style='rating', styleTweaks=[], ticks=array([1, 9]), units='norm', win=Window(...))
255.1304 	EXP 	text_2: autoDraw = False
255.1304 	EXP 	None: autoLog = True
255.1304 	EXP 	None: markerPos = None
255.1304 	EXP 	None: styleTweaks = []
255.1304 	EXP 	None: styleTweaks = []
255.1304 	EXP 	None: styleTweaks = []
255.1304 	EXP 	None: styleTweaks = []
255.1304 	EXP 	None: contrast = 1.0
255.1304 	EXP 	None: autoLog = True
255.1304 	EXP 	None: markerPos = 5
269.7497 	DATA 	Keypress: 3
269.7967 	EXP 	None: markerPos = 6
270.6698 	DATA 	Keypress: 3
270.7134 	EXP 	None: markerPos = 7
278.3909 	DATA 	Keypress: 4
278.4296 	EXP 	None: markerPos = 7
278.4380 	EXP 	Created text = TextStim(__class__=<class 'psychopy.visual.text.TextStim'>, alignHoriz=method-wrapper(...), alignText='center', alignVert=method-wrapper(...), anchorHoriz='center', anchorVert='center', antialias=True, autoDraw=False, autoLog=True, bold=False, color=array([1., 1., 1.]), colorSpace='rgb', contrast=1.0, depth=0.0, flipHoriz=False, flipVert=False, font='Arial', fontFiles=[], height=0.06, italic=False, languageStyle='LTR', name='text', opacity=1.0, ori=0, pos=array([0. , 0.2]), rgb=UNKNOWN, text=str(...), units='norm', win=Window(...), wrapWidth=1.2)
278.4434 	EXP 	window1: mouseVisible = True
278.4899 	EXP 	Created None = Slider(__class__=<class 'psychopy.visual.slider.Slider'>, autoDraw=False, autoLog=True, borderColor=None, color=None, colorSpace='rgb', depth=0, fillColor=None, flip=False, font='Arial', granularity=1, labelColor=None, labelHeight=0.05, labelWrapWidth=None, labels=('Never', 'All the time'), lineColor=None, markerColor=None, name=None, opacity=None, ori=0, pos=array([0., 0.]), readOnly=False, self=UNKNOWN, size=array([0.85, 0.1 ]), startValue=None, style='rating', styleTweaks=[], ticks=array([1, 9]), units='norm', win=Window(...))
278.5130 	EXP 	None: autoLog = True
278.5130 	EXP 	None: markerPos = None
278.5130 	EXP 	None: styleTweaks = []
278.5130 	EXP 	None: styleTweaks = []
278.5130 	EXP 	None: styleTweaks = []
278.5130 	EXP 	None: styleTweaks = []
278.5130 	EXP 	None: contrast = 1.0
278.5130 	EXP 	None: autoLog = True
278.5130 	EXP 	None: markerPos = 5
284.6656 	DATA 	Keypress: 2
284.7124 	EXP 	None: markerPos = 4
285.5557 	DATA 	Keypress: 2
285.5961 	EXP 	None: markerPos = 3
288.5676 	DATA 	Keypress: 2
288.6126 	EXP 	None: markerPos = 2
289.0856 	DATA 	Keypress: 4
289.1304 	EXP 	None: markerPos = 2
289.1453 	EXP 	Created text = TextStim(__class__=<class 'psychopy.visual.text.TextStim'>, alignHoriz=method-wrapper(...), alignText='center', alignVert=method-wrapper(...), anchorHoriz='center', anchorVert='center', antialias=True, autoDraw=False, autoLog=True, bold=False, color=array([1., 1., 1.]), colorSpace='rgb', contrast=1.0, depth=0.0, flipHoriz=False, flipVert=False, font='Arial', fontFiles=[], height=0.06, italic=False, languageStyle='LTR', name='text', opacity=1.0, ori=0, pos=array([0. , 0.2]), rgb=UNKNOWN, text='How difficult was it to apply mental noting?', units='norm', win=Window(...), wrapWidth=1.2)
289.1510 	EXP 	window1: mouseVisible = True
289.2023 	EXP 	Created None = Slider(__class__=<class 'psychopy.visual.slider.Slider'>, autoDraw=False, autoLog=True, borderColor=None, color=None, colorSpace='rgb', depth=0, fillColor=None, flip=False, font='Arial', granularity=1, labelColor=None, labelHeight=0.05, labelWrapWidth=None, labels=('Not at all', 'Very Difficult'), lineColor=None, markerColor=None, name=None, opacity=None, ori=0, pos=array([0., 0.]), readOnly=False, self=UNKNOWN, size=array([0.85, 0.1 ]), startValue=None, style='rating', styleTweaks=[], ticks=array([1, 9]), units='norm', win=Window(...))
289.2289 	EXP 	None: autoLog = True
289.2289 	EXP 	None: markerPos = None
289.2289 	EXP 	None: styleTweaks = []
289.2289 	EXP 	None: styleTweaks = []
289.2289 	EXP 	None: styleTweaks = []
289.2289 	EXP 	None: styleTweaks = []
289.2289 	EXP 	None: contrast = 1.0
289.2289 	EXP 	None: autoLog = True
289.2289 	EXP 	None: markerPos = 5
294.3576 	DATA 	Keypress: 3
294.3957 	EXP 	None: markerPos = 6
294.8305 	DATA 	Keypress: 2
294.8626 	EXP 	None: markerPos = 5
295.1326 	DATA 	Keypress: 2
295.1834 	EXP 	None: markerPos = 4
295.7436 	DATA 	Keypress: 2
295.7835 	EXP 	None: markerPos = 3
296.8696 	DATA 	Keypress: 3
296.9293 	EXP 	None: markerPos = 4
298.1486 	DATA 	Keypress: 4
298.1974 	EXP 	None: markerPos = 4
298.2074 	EXP 	Created text = TextStim(__class__=<class 'psychopy.visual.text.TextStim'>, alignHoriz=method-wrapper(...), alignText='center', alignVert=method-wrapper(...), anchorHoriz='center', anchorVert='center', antialias=True, autoDraw=False, autoLog=True, bold=False, color=array([1., 1., 1.]), colorSpace='rgb', contrast=1.0, depth=0.0, flipHoriz=False, flipVert=False, font='Arial', fontFiles=[], height=0.06, italic=False, languageStyle='LTR', name='text', opacity=1.0, ori=0, pos=array([0. , 0.2]), rgb=UNKNOWN, text='How calm do you feel right now?', units='norm', win=Window(...), wrapWidth=1.2)
298.2132 	EXP 	window1: mouseVisible = True
298.2511 	EXP 	Created None = Slider(__class__=<class 'psychopy.visual.slider.Slider'>, autoDraw=False, autoLog=True, borderColor=None, color=None, colorSpace='rgb', depth=0, fillColor=None, flip=False, font='Arial', granularity=1, labelColor=None, labelHeight=0.05, labelWrapWidth=None, labels=('Not at all', 'Very calm'), lineColor=None, markerColor=None, name=None, opacity=None, ori=0, pos=array([0., 0.]), readOnly=False, self=UNKNOWN, size=array([0.85, 0.1 ]), startValue=None, style='rating', styleTweaks=[], ticks=array([1, 9]), units='norm', win=Window(...))
298.2792 	EXP 	None: autoLog = True
298.2792 	EXP 	None: markerPos = None
298.2792 	EXP 	None: styleTweaks = []
298.2792 	EXP 	None: styleTweaks = []
298.2792 	EXP 	None: styleTweaks = []
298.2792 	EXP 	None: styleTweaks = []
298.2792 	EXP 	None: contrast = 1.0
298.2792 	EXP 	None: autoLog = True
298.2792 	EXP 	None: markerPos = 5
304.2885 	DATA 	Keypress: 2
304.3287 	EXP 	None: markerPos = 4
304.7230 	DATA 	Keypress: 3
304.7621 	EXP 	None: markerPos = 5
304.9974 	DATA 	Keypress: 3
305.0831 	EXP 	None: markerPos = 6
305.8826 	DATA 	Keypress: 3
305.9288 	EXP 	None: markerPos = 7
306.3069 	DATA 	Keypress: 2
306.3496 	EXP 	None: markerPos = 6
309.6747 	DATA 	Keypress: 4
309.7124 	EXP 	None: markerPos = 6
309.7552 	EXP 	window1: mouseVisible = True
