2.6608 	WARNING 	Speech-to-text recognition module for PocketSphinx is not available (use command `pip install SpeechRecognition` to get it). Transcription will be unavailable using that service this session.
2.6614 	WARNING 	Speech-to-text recognition using Google online services is not available (use command `pip install google-api-core google-auth google-cloud google-cloud-speech googleapis-common-protos` to get it). Transcription will be unavailable using that service this session.
2.8758 	WARNING 	We strongly recommend you activate the PTB sound engine in PsychoPy prefs as the preferred audio engine. Its timing is vastly superior. Your prefs are currently set to use ['sounddevice', 'PTB', 'pyo', 'pygame'] (in that order).
18.8765 	WARNING 	Requested an unavailable screen number - using first available.
18.8795 	WARNING 	User requested fullscreen with size [1080 1080], but screen is actually [2560, 1600]. Using actual size
19.4079 	EXP 	Created window1 = Window(allowGUI=False, allowStencil=False, autoLog=True, backendConf=UNKNOWN, bitsMode=UNKNOWN, blendMode='avg', bpc=(8, 8, 8), color=array([-1, -1, -1]), colorSpace='rgb', depthBits=8, fullscr=<method-wrapper '__getattribute__' of attributeSetter object at 0x00000218C08457C0>, gamma=None, gammaErrorPolicy='raise', lms=UNKNOWN, monitor=<psychopy.monitors.calibTools.Monitor object at 0x00000218C5F79AF0>, multiSample=False, name='window1', numSamples=2, pos=(0, 0), screen=1, size=array([2560, 1600]), stencilBits=0, stereo=False, units='norm', useFBO=True, useRetina=False, viewOri=0.0, viewPos=None, viewScale=None, waitBlanking=True, winType='pyglet')
19.4085 	EXP 	window1: mouseVisible = True
19.4085 	EXP 	window1: Attempting to measure frame rate of screen (1) ...
19.4085 	EXP 	window1: recordFrameIntervals = False
19.5741 	EXP 	window1: recordFrameIntervals = True
19.7577 	EXP 	Screen (1) actual frame rate measured at 60.02Hz
19.7578 	EXP 	window1: recordFrameIntervals = False
19.8248 	EXP 	Created text = TextStim(__class__=<class 'psychopy.visual.text.TextStim'>, alignHoriz=method-wrapper(...), alignText='center', alignVert=method-wrapper(...), anchorHoriz='center', anchorVert='center', antialias=True, autoDraw=False, autoLog=True, bold=False, color=array([1., 1., 1.]), colorSpace='rgb', contrast=1.0, depth=0.0, flipHoriz=False, flipVert=False, font='Arial', fontFiles=[], height=0.06, italic=False, languageStyle='LTR', name='text', opacity=1.0, ori=0, pos=array([0., 0.]), rgb=UNKNOWN, text=str(...), units='norm', win=Window(...), wrapWidth=1.2)
19.8330 	EXP 	Created text_3 = TextStim(__class__=<class 'psychopy.visual.text.TextStim'>, alignHoriz=method-wrapper(...), alignText='center', alignVert=method-wrapper(...), anchorHoriz='center', anchorVert='center', antialias=True, autoDraw=False, autoLog=True, bold=False, color=array([1., 1., 1.]), colorSpace='rgb', contrast=1.0, depth=0.0, flipHoriz=False, flipVert=False, font='Arial', fontFiles=[], height=0.1, italic=False, languageStyle='LTR', name='text_3', opacity=1.0, ori=0, pos=array([0., 0.]), rgb=UNKNOWN, text='waiting for scanner', units='norm', win=Window(...), wrapWidth=2)
19.8686 	EXP 	Created text_2 = TextStim(__class__=<class 'psychopy.visual.text.TextStim'>, alignHoriz=method-wrapper(...), alignText='center', alignVert=method-wrapper(...), anchorHoriz='center', anchorVert='center', antialias=True, autoDraw=False, autoLog=True, bold=False, color=array([1., 1., 1.]), colorSpace='rgb', contrast=1.0, depth=0.0, flipHoriz=False, flipVert=False, font='Arial', fontFiles=[], height=0.3, italic=False, languageStyle='LTR', name='text_2', opacity=1.0, ori=0, pos=array([0., 0.]), rgb=UNKNOWN, text='+', units='norm', win=Window(...), wrapWidth=1)
19.8752 	EXP 	Created text_relax = TextStim(__class__=<class 'psychopy.visual.text.TextStim'>, alignHoriz=method-wrapper(...), alignText='center', alignVert=method-wrapper(...), anchorHoriz='center', anchorVert='center', antialias=True, autoDraw=False, autoLog=True, bold=False, color=array([1., 1., 1.]), colorSpace='rgb', contrast=1.0, depth=0.0, flipHoriz=False, flipVert=False, font='Arial', fontFiles=[], height=0.07, italic=False, languageStyle='LTR', name='text_relax', opacity=1.0, ori=0, pos=array([ 0. , -0.2]), rgb=UNKNOWN, text='Relax', units='norm', win=Window(...), wrapWidth=1)
19.8852 	EXP 	Created text_4 = TextStim(__class__=<class 'psychopy.visual.text.TextStim'>, alignHoriz=method-wrapper(...), alignText='center', alignVert=method-wrapper(...), anchorHoriz='center', anchorVert='center', antialias=True, autoDraw=False, autoLog=True, bold=False, color=array([1., 1., 1.]), colorSpace='rgb', contrast=1.0, depth=-3.0, flipHoriz=False, flipVert=False, font='Arial', fontFiles=[], height=0.1, italic=False, languageStyle='LTR', name='text_4', opacity=1.0, ori=0, pos=array([0., 0.]), rgb=UNKNOWN, text='default text', units='norm', win=Window(...), wrapWidth=1)
19.8911 	EXP 	Created unnamed Circle = Circle(__class__=<class 'psychopy.visual.circle.Circle'>, anchor=('center', 'center'), autoDraw=False, autoLog=True, closeShape=True, color=method-wrapper(...), colorSpace='rgb', contrast=None, depth=0, fillColor=array([0, 0, 0]), fillColorSpace='rgb', fillRGB=array([0, 0, 0]), interpolate=True, lineColor=array([ 1.,  1., -1.]), lineColorSpace='rgb', lineRGB=array([ 1,  1, -1]), lineWidth=2, name='unnamed Circle', opacity=0.5, ori=0.0, pos=array([0.        , 0.33333333]), size=array([1., 1.]), units='norm', vertices=ndarray(...), win=Window(...))
19.8939 	EXP 	Created unnamed Circle = Circle(__class__=<class 'psychopy.visual.circle.Circle'>, anchor=('center', 'center'), autoDraw=False, autoLog=True, closeShape=True, color=method-wrapper(...), colorSpace='rgb', contrast=None, depth=0, fillColor=array([0, 0, 0]), fillColorSpace='rgb', fillRGB=array([0, 0, 0]), interpolate=True, lineColor=array([-1., -1.,  1.]), lineColorSpace='rgb', lineRGB=array([-1, -1,  1]), lineWidth=2, name='unnamed Circle', opacity=0.5, ori=0.0, pos=array([ 0.        , -0.33333333]), size=array([1., 1.]), units='norm', vertices=ndarray(...), win=Window(...))
19.8966 	EXP 	Created unnamed Circle = Circle(__class__=<class 'psychopy.visual.circle.Circle'>, anchor=('center', 'center'), autoDraw=False, autoLog=True, closeShape=True, color=method-wrapper(...), colorSpace='rgb', contrast=None, depth=0, fillColor=array([1, 1, 1]), fillColorSpace='rgb', fillRGB=array([1, 1, 1]), interpolate=True, lineColor=array([1., 1., 1.]), lineColorSpace='rgb', lineRGB=array([1, 1, 1]), lineWidth=1.5, name='unnamed Circle', opacity=1.0, ori=0.0, pos=array([0., 0.]), size=array([1., 1.]), units='norm', vertices=ndarray(...), win=Window(...))
19.8994 	EXP 	Created unnamed Circle = Circle(__class__=<class 'psychopy.visual.circle.Circle'>, anchor=('center', 'center'), autoDraw=False, autoLog=True, closeShape=True, color=method-wrapper(...), colorSpace='rgb', contrast=None, depth=0, fillColor=array([1, 1, 1]), fillColorSpace='rgb', fillRGB=array([1, 1, 1]), interpolate=True, lineColor=array([1., 1., 1.]), lineColorSpace='rgb', lineRGB=array([1, 1, 1]), lineWidth=3, name='unnamed Circle', opacity=1.0, ori=0.0, pos=array([0., 0.]), size=array([1., 1.]), units='norm', vertices=ndarray(...), win=Window(...))
19.9078 	EXP 	Created instruct_text = TextStim(__class__=<class 'psychopy.visual.text.TextStim'>, alignHoriz=method-wrapper(...), alignText='center', alignVert=method-wrapper(...), anchorHoriz='center', anchorVert='center', antialias=True, autoDraw=False, autoLog=True, bold=False, color=array([1., 1., 1.]), colorSpace='rgb', contrast=1.0, depth=0.0, flipHoriz=False, flipVert=False, font='Arial', fontFiles=[], height=0.06, italic=False, languageStyle='LTR', name='instruct_text', opacity=1.0, ori=0, pos=array([0., 0.]), rgb=UNKNOWN, text='replace me', units='norm', win=Window(...), wrapWidth=1.2)
19.9146 	EXP 	Created text_5 = TextStim(__class__=<class 'psychopy.visual.text.TextStim'>, alignHoriz=method-wrapper(...), alignText='center', alignVert=method-wrapper(...), anchorHoriz='center', anchorVert='center', antialias=True, autoDraw=False, autoLog=True, bold=False, color=array([1., 1., 1.]), colorSpace='rgb', contrast=1.0, depth=0.0, flipHoriz=False, flipVert=False, font='Arial', fontFiles=[], height=0.1, italic=False, languageStyle='LTR', name='text_5', opacity=1.0, ori=0, pos=array([0., 0.]), rgb=UNKNOWN, text='thank you!', units='norm', win=Window(...), wrapWidth=1)
19.9382 	EXP 	instruct_text: height = 0.06
19.9382 	EXP 	instruct_text: height = 0.06
19.9382 	EXP 	instruct_text: height = 0.06
19.9382 	EXP 	instruct_text: text = 'Great job! Next, you’ll get to practice Noting for another two minutes with more feedback from the ball. \n\nRemember to relax when the cross (+) is on the screen and once the circles appear try to keep the ball moving up towards the top circle! \n\nThis practice will last 2 min. Press any button to start.'
23.3349 	DATA 	Keypress: space
23.3906 	EXP 	instruct_text: height = 0.06
23.3906 	EXP 	instruct_text: height = 0.06
23.3906 	EXP 	instruct_text: height = 0.06
23.3906 	EXP 	instruct_text: text = 'You’ll see the cross (+) on the screen for 30 seconds at the start. Whenever you see the cross, please don’t practice Noting – just relax.\n\nOnce you see the circles appear, please start the Noting practice. This practice will last 2 min. Press any button to start.'
34.0634 	DATA 	Keypress: space
34.1048 	EXP 	text_3: autoDraw = True
58.5562 	DATA 	Keypress: t
58.5882 	EXP 	text_3: autoDraw = False
58.5882 	EXP 	text_2: autoDraw = True
58.5882 	EXP 	text_relax: autoDraw = True
59.7487 	DATA 	Keypress: t
60.9614 	DATA 	Keypress: t
62.1457 	DATA 	Keypress: t
63.3459 	DATA 	Keypress: t
64.5517 	DATA 	Keypress: t
65.7447 	DATA 	Keypress: t
66.9459 	DATA 	Keypress: t
68.1449 	DATA 	Keypress: t
69.3598 	DATA 	Keypress: t
70.5456 	DATA 	Keypress: t
71.7633 	DATA 	Keypress: t
72.9612 	DATA 	Keypress: t
74.1611 	DATA 	Keypress: t
75.3602 	DATA 	Keypress: t
76.5623 	DATA 	Keypress: t
77.7626 	DATA 	Keypress: t
78.9457 	DATA 	Keypress: t
80.1608 	DATA 	Keypress: t
81.3618 	DATA 	Keypress: t
82.5617 	DATA 	Keypress: t
83.7465 	DATA 	Keypress: t
84.9788 	DATA 	Keypress: t
86.1454 	DATA 	Keypress: t
87.3611 	DATA 	Keypress: t
88.5612 	DATA 	Keypress: t
88.6050 	EXP 	text_2: autoDraw = False
88.6050 	EXP 	text_relax: autoDraw = False
88.6050 	EXP 	text_2: autoDraw = False
89.7656 	DATA 	Keypress: t
90.9633 	DATA 	Keypress: t
92.1633 	DATA 	Keypress: t
93.3628 	DATA 	Keypress: t
94.5459 	DATA 	Keypress: t
95.7645 	DATA 	Keypress: t
96.9541 	DATA 	Keypress: t
98.1656 	DATA 	Keypress: t
99.3539 	DATA 	Keypress: t
100.5480 	DATA 	Keypress: t
101.7541 	DATA 	Keypress: t
102.9628 	DATA 	Keypress: t
104.1452 	DATA 	Keypress: t
105.3617 	DATA 	Keypress: t
106.5629 	DATA 	Keypress: t
107.7464 	DATA 	Keypress: t
108.9460 	DATA 	Keypress: t
110.1484 	DATA 	Keypress: t
111.3465 	DATA 	Keypress: t
112.5621 	DATA 	Keypress: t
113.7642 	DATA 	Keypress: t
114.9607 	DATA 	Keypress: t
116.1626 	DATA 	Keypress: t
117.3617 	DATA 	Keypress: t
118.5618 	DATA 	Keypress: t
119.7620 	DATA 	Keypress: t
120.9602 	DATA 	Keypress: t
122.1612 	DATA 	Keypress: t
123.3619 	DATA 	Keypress: t
124.5534 	DATA 	Keypress: t
125.7466 	DATA 	Keypress: t
126.9455 	DATA 	Keypress: t
128.1456 	DATA 	Keypress: t
129.3446 	DATA 	Keypress: t
130.5612 	DATA 	Keypress: t
131.7461 	DATA 	Keypress: t
132.9446 	DATA 	Keypress: t
134.1457 	DATA 	Keypress: t
135.3444 	DATA 	Keypress: t
136.5462 	DATA 	Keypress: t
137.7631 	DATA 	Keypress: t
138.9522 	DATA 	Keypress: t
140.1610 	DATA 	Keypress: t
141.3620 	DATA 	Keypress: t
142.5639 	DATA 	Keypress: t
143.7508 	DATA 	Keypress: t
144.9462 	DATA 	Keypress: t
146.1608 	DATA 	Keypress: t
147.3498 	DATA 	Keypress: t
148.5454 	DATA 	Keypress: t
149.7460 	DATA 	Keypress: t
150.9596 	DATA 	Keypress: t
152.1620 	DATA 	Keypress: t
153.3606 	DATA 	Keypress: t
154.5532 	DATA 	Keypress: t
155.7527 	DATA 	Keypress: t
156.9616 	DATA 	Keypress: t
158.1445 	DATA 	Keypress: t
159.3621 	DATA 	Keypress: t
160.5455 	DATA 	Keypress: t
161.7607 	DATA 	Keypress: t
162.9513 	DATA 	Keypress: t
164.1439 	DATA 	Keypress: t
165.3437 	DATA 	Keypress: t
166.5438 	DATA 	Keypress: t
167.7440 	DATA 	Keypress: t
168.9624 	DATA 	Keypress: t
170.1606 	DATA 	Keypress: t
171.3449 	DATA 	Keypress: t
172.5506 	DATA 	Keypress: t
173.7507 	DATA 	Keypress: t
174.9505 	DATA 	Keypress: t
176.1612 	DATA 	Keypress: t
177.3630 	DATA 	Keypress: t
178.5459 	DATA 	Keypress: t
179.7520 	DATA 	Keypress: t
180.9449 	DATA 	Keypress: t
182.1617 	DATA 	Keypress: t
183.3460 	DATA 	Keypress: t
184.5439 	DATA 	Keypress: t
185.7503 	DATA 	Keypress: t
186.9508 	DATA 	Keypress: t
188.1578 	DATA 	Keypress: t
189.3525 	DATA 	Keypress: t
190.5623 	DATA 	Keypress: t
191.7598 	DATA 	Keypress: t
192.9499 	DATA 	Keypress: t
194.1452 	DATA 	Keypress: t
195.3498 	DATA 	Keypress: t
196.5607 	DATA 	Keypress: t
197.7583 	DATA 	Keypress: t
198.9442 	DATA 	Keypress: t
200.1608 	DATA 	Keypress: t
201.3516 	DATA 	Keypress: t
202.5444 	DATA 	Keypress: t
203.7477 	DATA 	Keypress: t
204.9482 	DATA 	Keypress: t
206.1491 	DATA 	Keypress: t
207.3503 	DATA 	Keypress: t
208.6008 	EXP 	text_2: autoDraw = True
209.5731 	EXP 	Created text = TextStim(__class__=<class 'psychopy.visual.text.TextStim'>, alignHoriz=method-wrapper(...), alignText='center', alignVert=method-wrapper(...), anchorHoriz='center', anchorVert='center', antialias=True, autoDraw=False, autoLog=True, bold=False, color=array([1., 1., 1.]), colorSpace='rgb', contrast=1.0, depth=0.0, flipHoriz=False, flipVert=False, font='Arial', fontFiles=[], height=0.06, italic=False, languageStyle='LTR', name='text', opacity=1.0, ori=0, pos=array([0. , 0.2]), rgb=UNKNOWN, text=str(...), units='norm', win=Window(...), wrapWidth=1.2)
209.5811 	EXP 	window1: mouseVisible = True
209.6389 	EXP 	Created None = Slider(__class__=<class 'psychopy.visual.slider.Slider'>, autoDraw=False, autoLog=True, borderColor=None, color=None, colorSpace='rgb', depth=0, fillColor=None, flip=False, font='Arial', granularity=1, labelColor=None, labelHeight=0.05, labelWrapWidth=None, labels=('Never', 'Always'), lineColor=None, markerColor=None, name=None, opacity=None, ori=0, pos=array([0., 0.]), readOnly=False, self=UNKNOWN, size=array([0.85, 0.1 ]), startValue=None, style='rating', styleTweaks=[], ticks=array([1, 9]), units='norm', win=Window(...))
209.6652 	EXP 	text_2: autoDraw = False
209.6652 	EXP 	None: autoLog = True
209.6652 	EXP 	None: markerPos = None
209.6652 	EXP 	None: styleTweaks = []
209.6652 	EXP 	None: styleTweaks = []
209.6652 	EXP 	None: styleTweaks = []
209.6652 	EXP 	None: styleTweaks = []
209.6652 	EXP 	None: contrast = 1.0
209.6652 	EXP 	None: autoLog = True
209.6652 	EXP 	None: markerPos = 5
212.2501 	DATA 	Keypress: 3
212.2812 	EXP 	None: markerPos = 6
212.6488 	DATA 	Keypress: 2
212.6871 	EXP 	None: markerPos = 5
212.8646 	DATA 	Keypress: 2
212.8890 	EXP 	None: markerPos = 4
216.1497 	DATA 	Keypress: 4
216.1822 	EXP 	None: markerPos = 4
216.1924 	EXP 	Created text = TextStim(__class__=<class 'psychopy.visual.text.TextStim'>, alignHoriz=method-wrapper(...), alignText='center', alignVert=method-wrapper(...), anchorHoriz='center', anchorVert='center', antialias=True, autoDraw=False, autoLog=True, bold=False, color=array([1., 1., 1.]), colorSpace='rgb', contrast=1.0, depth=0.0, flipHoriz=False, flipVert=False, font='Arial', fontFiles=[], height=0.06, italic=False, languageStyle='LTR', name='text', opacity=1.0, ori=0, pos=array([0. , 0.2]), rgb=UNKNOWN, text=str(...), units='norm', win=Window(...), wrapWidth=1.2)
216.1980 	EXP 	window1: mouseVisible = True
216.2449 	EXP 	Created None = Slider(__class__=<class 'psychopy.visual.slider.Slider'>, autoDraw=False, autoLog=True, borderColor=None, color=None, colorSpace='rgb', depth=0, fillColor=None, flip=False, font='Arial', granularity=1, labelColor=None, labelHeight=0.05, labelWrapWidth=None, labels=('Never', 'All the time'), lineColor=None, markerColor=None, name=None, opacity=None, ori=0, pos=array([0., 0.]), readOnly=False, self=UNKNOWN, size=array([0.85, 0.1 ]), startValue=None, style='rating', styleTweaks=[], ticks=array([1, 9]), units='norm', win=Window(...))
216.2640 	EXP 	None: autoLog = True
216.2640 	EXP 	None: markerPos = None
216.2640 	EXP 	None: styleTweaks = []
216.2640 	EXP 	None: styleTweaks = []
216.2640 	EXP 	None: styleTweaks = []
216.2640 	EXP 	None: styleTweaks = []
216.2640 	EXP 	None: contrast = 1.0
216.2640 	EXP 	None: autoLog = True
216.2640 	EXP 	None: markerPos = 5
218.9729 	DATA 	Keypress: 2
219.0155 	EXP 	None: markerPos = 4
219.3589 	DATA 	Keypress: 3
219.4033 	EXP 	None: markerPos = 5
219.6477 	DATA 	Keypress: 3
219.7203 	EXP 	None: markerPos = 6
219.9537 	DATA 	Keypress: 3
220.0369 	EXP 	None: markerPos = 7
221.2508 	DATA 	Keypress: 4
221.3004 	EXP 	None: markerPos = 7
221.3144 	EXP 	Created text = TextStim(__class__=<class 'psychopy.visual.text.TextStim'>, alignHoriz=method-wrapper(...), alignText='center', alignVert=method-wrapper(...), anchorHoriz='center', anchorVert='center', antialias=True, autoDraw=False, autoLog=True, bold=False, color=array([1., 1., 1.]), colorSpace='rgb', contrast=1.0, depth=0.0, flipHoriz=False, flipVert=False, font='Arial', fontFiles=[], height=0.06, italic=False, languageStyle='LTR', name='text', opacity=1.0, ori=0, pos=array([0. , 0.2]), rgb=UNKNOWN, text='How difficult was it to apply mental noting?', units='norm', win=Window(...), wrapWidth=1.2)
221.3224 	EXP 	window1: mouseVisible = True
221.3730 	EXP 	Created None = Slider(__class__=<class 'psychopy.visual.slider.Slider'>, autoDraw=False, autoLog=True, borderColor=None, color=None, colorSpace='rgb', depth=0, fillColor=None, flip=False, font='Arial', granularity=1, labelColor=None, labelHeight=0.05, labelWrapWidth=None, labels=('Not at all', 'Very Difficult'), lineColor=None, markerColor=None, name=None, opacity=None, ori=0, pos=array([0., 0.]), readOnly=False, self=UNKNOWN, size=array([0.85, 0.1 ]), startValue=None, style='rating', styleTweaks=[], ticks=array([1, 9]), units='norm', win=Window(...))
221.3982 	EXP 	None: autoLog = True
221.3982 	EXP 	None: markerPos = None
221.3982 	EXP 	None: styleTweaks = []
221.3982 	EXP 	None: styleTweaks = []
221.3982 	EXP 	None: styleTweaks = []
221.3982 	EXP 	None: styleTweaks = []
221.3982 	EXP 	None: contrast = 1.0
221.3982 	EXP 	None: autoLog = True
221.3982 	EXP 	None: markerPos = 5
227.1168 	DATA 	Keypress: 2
227.1652 	EXP 	None: markerPos = 4
227.5409 	DATA 	Keypress: 3
227.5824 	EXP 	None: markerPos = 5
228.5237 	DATA 	Keypress: 4
228.5648 	EXP 	None: markerPos = 5
228.5786 	EXP 	Created text = TextStim(__class__=<class 'psychopy.visual.text.TextStim'>, alignHoriz=method-wrapper(...), alignText='center', alignVert=method-wrapper(...), anchorHoriz='center', anchorVert='center', antialias=True, autoDraw=False, autoLog=True, bold=False, color=array([1., 1., 1.]), colorSpace='rgb', contrast=1.0, depth=0.0, flipHoriz=False, flipVert=False, font='Arial', fontFiles=[], height=0.06, italic=False, languageStyle='LTR', name='text', opacity=1.0, ori=0, pos=array([0. , 0.2]), rgb=UNKNOWN, text='How calm do you feel right now?', units='norm', win=Window(...), wrapWidth=1.2)
228.5841 	EXP 	window1: mouseVisible = True
228.6212 	EXP 	Created None = Slider(__class__=<class 'psychopy.visual.slider.Slider'>, autoDraw=False, autoLog=True, borderColor=None, color=None, colorSpace='rgb', depth=0, fillColor=None, flip=False, font='Arial', granularity=1, labelColor=None, labelHeight=0.05, labelWrapWidth=None, labels=('Not at all', 'Very calm'), lineColor=None, markerColor=None, name=None, opacity=None, ori=0, pos=array([0., 0.]), readOnly=False, self=UNKNOWN, size=array([0.85, 0.1 ]), startValue=None, style='rating', styleTweaks=[], ticks=array([1, 9]), units='norm', win=Window(...))
228.6490 	EXP 	None: autoLog = True
228.6490 	EXP 	None: markerPos = None
228.6490 	EXP 	None: styleTweaks = []
228.6490 	EXP 	None: styleTweaks = []
228.6490 	EXP 	None: styleTweaks = []
228.6490 	EXP 	None: styleTweaks = []
228.6490 	EXP 	None: contrast = 1.0
228.6490 	EXP 	None: autoLog = True
228.6490 	EXP 	None: markerPos = 5
230.5998 	DATA 	Keypress: 3
230.6485 	EXP 	None: markerPos = 6
231.0532 	DATA 	Keypress: 2
231.1030 	EXP 	None: markerPos = 5
231.3607 	DATA 	Keypress: 2
231.4201 	EXP 	None: markerPos = 4
231.7918 	DATA 	Keypress: 4
231.8313 	EXP 	None: markerPos = 4
231.8762 	EXP 	window1: mouseVisible = True
2.6608 	WARNING 	Speech-to-text recognition module for PocketSphinx is not available (use command `pip install SpeechRecognition` to get it). Transcription will be unavailable using that service this session.
2.6614 	WARNING 	Speech-to-text recognition using Google online services is not available (use command `pip install google-api-core google-auth google-cloud google-cloud-speech googleapis-common-protos` to get it). Transcription will be unavailable using that service this session.
2.8758 	WARNING 	We strongly recommend you activate the PTB sound engine in PsychoPy prefs as the preferred audio engine. Its timing is vastly superior. Your prefs are currently set to use ['sounddevice', 'PTB', 'pyo', 'pygame'] (in that order).
18.8765 	WARNING 	Requested an unavailable screen number - using first available.
18.8795 	WARNING 	User requested fullscreen with size [1080 1080], but screen is actually [2560, 1600]. Using actual size
19.4079 	EXP 	Created window1 = Window(allowGUI=False, allowStencil=False, autoLog=True, backendConf=UNKNOWN, bitsMode=UNKNOWN, blendMode='avg', bpc=(8, 8, 8), color=array([-1, -1, -1]), colorSpace='rgb', depthBits=8, fullscr=<method-wrapper '__getattribute__' of attributeSetter object at 0x00000218C08457C0>, gamma=None, gammaErrorPolicy='raise', lms=UNKNOWN, monitor=<psychopy.monitors.calibTools.Monitor object at 0x00000218C5F79AF0>, multiSample=False, name='window1', numSamples=2, pos=(0, 0), screen=1, size=array([2560, 1600]), stencilBits=0, stereo=False, units='norm', useFBO=True, useRetina=False, viewOri=0.0, viewPos=None, viewScale=None, waitBlanking=True, winType='pyglet')
19.4085 	EXP 	window1: mouseVisible = True
19.4085 	EXP 	window1: Attempting to measure frame rate of screen (1) ...
19.4085 	EXP 	window1: recordFrameIntervals = False
19.5741 	EXP 	window1: recordFrameIntervals = True
19.7577 	EXP 	Screen (1) actual frame rate measured at 60.02Hz
19.7578 	EXP 	window1: recordFrameIntervals = False
19.8248 	EXP 	Created text = TextStim(__class__=<class 'psychopy.visual.text.TextStim'>, alignHoriz=method-wrapper(...), alignText='center', alignVert=method-wrapper(...), anchorHoriz='center', anchorVert='center', antialias=True, autoDraw=False, autoLog=True, bold=False, color=array([1., 1., 1.]), colorSpace='rgb', contrast=1.0, depth=0.0, flipHoriz=False, flipVert=False, font='Arial', fontFiles=[], height=0.06, italic=False, languageStyle='LTR', name='text', opacity=1.0, ori=0, pos=array([0., 0.]), rgb=UNKNOWN, text=str(...), units='norm', win=Window(...), wrapWidth=1.2)
19.8330 	EXP 	Created text_3 = TextStim(__class__=<class 'psychopy.visual.text.TextStim'>, alignHoriz=method-wrapper(...), alignText='center', alignVert=method-wrapper(...), anchorHoriz='center', anchorVert='center', antialias=True, autoDraw=False, autoLog=True, bold=False, color=array([1., 1., 1.]), colorSpace='rgb', contrast=1.0, depth=0.0, flipHoriz=False, flipVert=False, font='Arial', fontFiles=[], height=0.1, italic=False, languageStyle='LTR', name='text_3', opacity=1.0, ori=0, pos=array([0., 0.]), rgb=UNKNOWN, text='waiting for scanner', units='norm', win=Window(...), wrapWidth=2)
19.8686 	EXP 	Created text_2 = TextStim(__class__=<class 'psychopy.visual.text.TextStim'>, alignHoriz=method-wrapper(...), alignText='center', alignVert=method-wrapper(...), anchorHoriz='center', anchorVert='center', antialias=True, autoDraw=False, autoLog=True, bold=False, color=array([1., 1., 1.]), colorSpace='rgb', contrast=1.0, depth=0.0, flipHoriz=False, flipVert=False, font='Arial', fontFiles=[], height=0.3, italic=False, languageStyle='LTR', name='text_2', opacity=1.0, ori=0, pos=array([0., 0.]), rgb=UNKNOWN, text='+', units='norm', win=Window(...), wrapWidth=1)
19.8752 	EXP 	Created text_relax = TextStim(__class__=<class 'psychopy.visual.text.TextStim'>, alignHoriz=method-wrapper(...), alignText='center', alignVert=method-wrapper(...), anchorHoriz='center', anchorVert='center', antialias=True, autoDraw=False, autoLog=True, bold=False, color=array([1., 1., 1.]), colorSpace='rgb', contrast=1.0, depth=0.0, flipHoriz=False, flipVert=False, font='Arial', fontFiles=[], height=0.07, italic=False, languageStyle='LTR', name='text_relax', opacity=1.0, ori=0, pos=array([ 0. , -0.2]), rgb=UNKNOWN, text='Relax', units='norm', win=Window(...), wrapWidth=1)
19.8852 	EXP 	Created text_4 = TextStim(__class__=<class 'psychopy.visual.text.TextStim'>, alignHoriz=method-wrapper(...), alignText='center', alignVert=method-wrapper(...), anchorHoriz='center', anchorVert='center', antialias=True, autoDraw=False, autoLog=True, bold=False, color=array([1., 1., 1.]), colorSpace='rgb', contrast=1.0, depth=-3.0, flipHoriz=False, flipVert=False, font='Arial', fontFiles=[], height=0.1, italic=False, languageStyle='LTR', name='text_4', opacity=1.0, ori=0, pos=array([0., 0.]), rgb=UNKNOWN, text='default text', units='norm', win=Window(...), wrapWidth=1)
19.8911 	EXP 	Created unnamed Circle = Circle(__class__=<class 'psychopy.visual.circle.Circle'>, anchor=('center', 'center'), autoDraw=False, autoLog=True, closeShape=True, color=method-wrapper(...), colorSpace='rgb', contrast=None, depth=0, fillColor=array([0, 0, 0]), fillColorSpace='rgb', fillRGB=array([0, 0, 0]), interpolate=True, lineColor=array([ 1.,  1., -1.]), lineColorSpace='rgb', lineRGB=array([ 1,  1, -1]), lineWidth=2, name='unnamed Circle', opacity=0.5, ori=0.0, pos=array([0.        , 0.33333333]), size=array([1., 1.]), units='norm', vertices=ndarray(...), win=Window(...))
19.8939 	EXP 	Created unnamed Circle = Circle(__class__=<class 'psychopy.visual.circle.Circle'>, anchor=('center', 'center'), autoDraw=False, autoLog=True, closeShape=True, color=method-wrapper(...), colorSpace='rgb', contrast=None, depth=0, fillColor=array([0, 0, 0]), fillColorSpace='rgb', fillRGB=array([0, 0, 0]), interpolate=True, lineColor=array([-1., -1.,  1.]), lineColorSpace='rgb', lineRGB=array([-1, -1,  1]), lineWidth=2, name='unnamed Circle', opacity=0.5, ori=0.0, pos=array([ 0.        , -0.33333333]), size=array([1., 1.]), units='norm', vertices=ndarray(...), win=Window(...))
19.8966 	EXP 	Created unnamed Circle = Circle(__class__=<class 'psychopy.visual.circle.Circle'>, anchor=('center', 'center'), autoDraw=False, autoLog=True, closeShape=True, color=method-wrapper(...), colorSpace='rgb', contrast=None, depth=0, fillColor=array([1, 1, 1]), fillColorSpace='rgb', fillRGB=array([1, 1, 1]), interpolate=True, lineColor=array([1., 1., 1.]), lineColorSpace='rgb', lineRGB=array([1, 1, 1]), lineWidth=1.5, name='unnamed Circle', opacity=1.0, ori=0.0, pos=array([0., 0.]), size=array([1., 1.]), units='norm', vertices=ndarray(...), win=Window(...))
19.8994 	EXP 	Created unnamed Circle = Circle(__class__=<class 'psychopy.visual.circle.Circle'>, anchor=('center', 'center'), autoDraw=False, autoLog=True, closeShape=True, color=method-wrapper(...), colorSpace='rgb', contrast=None, depth=0, fillColor=array([1, 1, 1]), fillColorSpace='rgb', fillRGB=array([1, 1, 1]), interpolate=True, lineColor=array([1., 1., 1.]), lineColorSpace='rgb', lineRGB=array([1, 1, 1]), lineWidth=3, name='unnamed Circle', opacity=1.0, ori=0.0, pos=array([0., 0.]), size=array([1., 1.]), units='norm', vertices=ndarray(...), win=Window(...))
19.9078 	EXP 	Created instruct_text = TextStim(__class__=<class 'psychopy.visual.text.TextStim'>, alignHoriz=method-wrapper(...), alignText='center', alignVert=method-wrapper(...), anchorHoriz='center', anchorVert='center', antialias=True, autoDraw=False, autoLog=True, bold=False, color=array([1., 1., 1.]), colorSpace='rgb', contrast=1.0, depth=0.0, flipHoriz=False, flipVert=False, font='Arial', fontFiles=[], height=0.06, italic=False, languageStyle='LTR', name='instruct_text', opacity=1.0, ori=0, pos=array([0., 0.]), rgb=UNKNOWN, text='replace me', units='norm', win=Window(...), wrapWidth=1.2)
19.9146 	EXP 	Created text_5 = TextStim(__class__=<class 'psychopy.visual.text.TextStim'>, alignHoriz=method-wrapper(...), alignText='center', alignVert=method-wrapper(...), anchorHoriz='center', anchorVert='center', antialias=True, autoDraw=False, autoLog=True, bold=False, color=array([1., 1., 1.]), colorSpace='rgb', contrast=1.0, depth=0.0, flipHoriz=False, flipVert=False, font='Arial', fontFiles=[], height=0.1, italic=False, languageStyle='LTR', name='text_5', opacity=1.0, ori=0, pos=array([0., 0.]), rgb=UNKNOWN, text='thank you!', units='norm', win=Window(...), wrapWidth=1)
19.9382 	EXP 	instruct_text: height = 0.06
19.9382 	EXP 	instruct_text: height = 0.06
19.9382 	EXP 	instruct_text: height = 0.06
19.9382 	EXP 	instruct_text: text = 'Great job! Next, you’ll get to practice Noting for another two minutes with more feedback from the ball. \n\nRemember to relax when the cross (+) is on the screen and once the circles appear try to keep the ball moving up towards the top circle! \n\nThis practice will last 2 min. Press any button to start.'
23.3349 	DATA 	Keypress: space
23.3906 	EXP 	instruct_text: height = 0.06
23.3906 	EXP 	instruct_text: height = 0.06
23.3906 	EXP 	instruct_text: height = 0.06
23.3906 	EXP 	instruct_text: text = 'You’ll see the cross (+) on the screen for 30 seconds at the start. Whenever you see the cross, please don’t practice Noting – just relax.\n\nOnce you see the circles appear, please start the Noting practice. This practice will last 2 min. Press any button to start.'
34.0634 	DATA 	Keypress: space
34.1048 	EXP 	text_3: autoDraw = True
58.5562 	DATA 	Keypress: t
58.5882 	EXP 	text_3: autoDraw = False
58.5882 	EXP 	text_2: autoDraw = True
58.5882 	EXP 	text_relax: autoDraw = True
59.7487 	DATA 	Keypress: t
60.9614 	DATA 	Keypress: t
62.1457 	DATA 	Keypress: t
63.3459 	DATA 	Keypress: t
64.5517 	DATA 	Keypress: t
65.7447 	DATA 	Keypress: t
66.9459 	DATA 	Keypress: t
68.1449 	DATA 	Keypress: t
69.3598 	DATA 	Keypress: t
70.5456 	DATA 	Keypress: t
71.7633 	DATA 	Keypress: t
72.9612 	DATA 	Keypress: t
74.1611 	DATA 	Keypress: t
75.3602 	DATA 	Keypress: t
76.5623 	DATA 	Keypress: t
77.7626 	DATA 	Keypress: t
78.9457 	DATA 	Keypress: t
80.1608 	DATA 	Keypress: t
81.3618 	DATA 	Keypress: t
82.5617 	DATA 	Keypress: t
83.7465 	DATA 	Keypress: t
84.9788 	DATA 	Keypress: t
86.1454 	DATA 	Keypress: t
87.3611 	DATA 	Keypress: t
88.5612 	DATA 	Keypress: t
88.6050 	EXP 	text_2: autoDraw = False
88.6050 	EXP 	text_relax: autoDraw = False
88.6050 	EXP 	text_2: autoDraw = False
89.7656 	DATA 	Keypress: t
90.9633 	DATA 	Keypress: t
92.1633 	DATA 	Keypress: t
93.3628 	DATA 	Keypress: t
94.5459 	DATA 	Keypress: t
95.7645 	DATA 	Keypress: t
96.9541 	DATA 	Keypress: t
98.1656 	DATA 	Keypress: t
99.3539 	DATA 	Keypress: t
100.5480 	DATA 	Keypress: t
101.7541 	DATA 	Keypress: t
102.9628 	DATA 	Keypress: t
104.1452 	DATA 	Keypress: t
105.3617 	DATA 	Keypress: t
106.5629 	DATA 	Keypress: t
107.7464 	DATA 	Keypress: t
108.9460 	DATA 	Keypress: t
110.1484 	DATA 	Keypress: t
111.3465 	DATA 	Keypress: t
112.5621 	DATA 	Keypress: t
113.7642 	DATA 	Keypress: t
114.9607 	DATA 	Keypress: t
116.1626 	DATA 	Keypress: t
117.3617 	DATA 	Keypress: t
118.5618 	DATA 	Keypress: t
119.7620 	DATA 	Keypress: t
120.9602 	DATA 	Keypress: t
122.1612 	DATA 	Keypress: t
123.3619 	DATA 	Keypress: t
124.5534 	DATA 	Keypress: t
125.7466 	DATA 	Keypress: t
126.9455 	DATA 	Keypress: t
128.1456 	DATA 	Keypress: t
129.3446 	DATA 	Keypress: t
130.5612 	DATA 	Keypress: t
131.7461 	DATA 	Keypress: t
132.9446 	DATA 	Keypress: t
134.1457 	DATA 	Keypress: t
135.3444 	DATA 	Keypress: t
136.5462 	DATA 	Keypress: t
137.7631 	DATA 	Keypress: t
138.9522 	DATA 	Keypress: t
140.1610 	DATA 	Keypress: t
141.3620 	DATA 	Keypress: t
142.5639 	DATA 	Keypress: t
143.7508 	DATA 	Keypress: t
144.9462 	DATA 	Keypress: t
146.1608 	DATA 	Keypress: t
147.3498 	DATA 	Keypress: t
148.5454 	DATA 	Keypress: t
149.7460 	DATA 	Keypress: t
150.9596 	DATA 	Keypress: t
152.1620 	DATA 	Keypress: t
153.3606 	DATA 	Keypress: t
154.5532 	DATA 	Keypress: t
155.7527 	DATA 	Keypress: t
156.9616 	DATA 	Keypress: t
158.1445 	DATA 	Keypress: t
159.3621 	DATA 	Keypress: t
160.5455 	DATA 	Keypress: t
161.7607 	DATA 	Keypress: t
162.9513 	DATA 	Keypress: t
164.1439 	DATA 	Keypress: t
165.3437 	DATA 	Keypress: t
166.5438 	DATA 	Keypress: t
167.7440 	DATA 	Keypress: t
168.9624 	DATA 	Keypress: t
170.1606 	DATA 	Keypress: t
171.3449 	DATA 	Keypress: t
172.5506 	DATA 	Keypress: t
173.7507 	DATA 	Keypress: t
174.9505 	DATA 	Keypress: t
176.1612 	DATA 	Keypress: t
177.3630 	DATA 	Keypress: t
178.5459 	DATA 	Keypress: t
179.7520 	DATA 	Keypress: t
180.9449 	DATA 	Keypress: t
182.1617 	DATA 	Keypress: t
183.3460 	DATA 	Keypress: t
184.5439 	DATA 	Keypress: t
185.7503 	DATA 	Keypress: t
186.9508 	DATA 	Keypress: t
188.1578 	DATA 	Keypress: t
189.3525 	DATA 	Keypress: t
190.5623 	DATA 	Keypress: t
191.7598 	DATA 	Keypress: t
192.9499 	DATA 	Keypress: t
194.1452 	DATA 	Keypress: t
195.3498 	DATA 	Keypress: t
196.5607 	DATA 	Keypress: t
197.7583 	DATA 	Keypress: t
198.9442 	DATA 	Keypress: t
200.1608 	DATA 	Keypress: t
201.3516 	DATA 	Keypress: t
202.5444 	DATA 	Keypress: t
203.7477 	DATA 	Keypress: t
204.9482 	DATA 	Keypress: t
206.1491 	DATA 	Keypress: t
207.3503 	DATA 	Keypress: t
208.6008 	EXP 	text_2: autoDraw = True
209.5731 	EXP 	Created text = TextStim(__class__=<class 'psychopy.visual.text.TextStim'>, alignHoriz=method-wrapper(...), alignText='center', alignVert=method-wrapper(...), anchorHoriz='center', anchorVert='center', antialias=True, autoDraw=False, autoLog=True, bold=False, color=array([1., 1., 1.]), colorSpace='rgb', contrast=1.0, depth=0.0, flipHoriz=False, flipVert=False, font='Arial', fontFiles=[], height=0.06, italic=False, languageStyle='LTR', name='text', opacity=1.0, ori=0, pos=array([0. , 0.2]), rgb=UNKNOWN, text=str(...), units='norm', win=Window(...), wrapWidth=1.2)
209.5811 	EXP 	window1: mouseVisible = True
209.6389 	EXP 	Created None = Slider(__class__=<class 'psychopy.visual.slider.Slider'>, autoDraw=False, autoLog=True, borderColor=None, color=None, colorSpace='rgb', depth=0, fillColor=None, flip=False, font='Arial', granularity=1, labelColor=None, labelHeight=0.05, labelWrapWidth=None, labels=('Never', 'Always'), lineColor=None, markerColor=None, name=None, opacity=None, ori=0, pos=array([0., 0.]), readOnly=False, self=UNKNOWN, size=array([0.85, 0.1 ]), startValue=None, style='rating', styleTweaks=[], ticks=array([1, 9]), units='norm', win=Window(...))
209.6652 	EXP 	text_2: autoDraw = False
209.6652 	EXP 	None: autoLog = True
209.6652 	EXP 	None: markerPos = None
209.6652 	EXP 	None: styleTweaks = []
209.6652 	EXP 	None: styleTweaks = []
209.6652 	EXP 	None: styleTweaks = []
209.6652 	EXP 	None: styleTweaks = []
209.6652 	EXP 	None: contrast = 1.0
209.6652 	EXP 	None: autoLog = True
209.6652 	EXP 	None: markerPos = 5
212.2501 	DATA 	Keypress: 3
212.2812 	EXP 	None: markerPos = 6
212.6488 	DATA 	Keypress: 2
212.6871 	EXP 	None: markerPos = 5
212.8646 	DATA 	Keypress: 2
212.8890 	EXP 	None: markerPos = 4
216.1497 	DATA 	Keypress: 4
216.1822 	EXP 	None: markerPos = 4
216.1924 	EXP 	Created text = TextStim(__class__=<class 'psychopy.visual.text.TextStim'>, alignHoriz=method-wrapper(...), alignText='center', alignVert=method-wrapper(...), anchorHoriz='center', anchorVert='center', antialias=True, autoDraw=False, autoLog=True, bold=False, color=array([1., 1., 1.]), colorSpace='rgb', contrast=1.0, depth=0.0, flipHoriz=False, flipVert=False, font='Arial', fontFiles=[], height=0.06, italic=False, languageStyle='LTR', name='text', opacity=1.0, ori=0, pos=array([0. , 0.2]), rgb=UNKNOWN, text=str(...), units='norm', win=Window(...), wrapWidth=1.2)
216.1980 	EXP 	window1: mouseVisible = True
216.2449 	EXP 	Created None = Slider(__class__=<class 'psychopy.visual.slider.Slider'>, autoDraw=False, autoLog=True, borderColor=None, color=None, colorSpace='rgb', depth=0, fillColor=None, flip=False, font='Arial', granularity=1, labelColor=None, labelHeight=0.05, labelWrapWidth=None, labels=('Never', 'All the time'), lineColor=None, markerColor=None, name=None, opacity=None, ori=0, pos=array([0., 0.]), readOnly=False, self=UNKNOWN, size=array([0.85, 0.1 ]), startValue=None, style='rating', styleTweaks=[], ticks=array([1, 9]), units='norm', win=Window(...))
216.2640 	EXP 	None: autoLog = True
216.2640 	EXP 	None: markerPos = None
216.2640 	EXP 	None: styleTweaks = []
216.2640 	EXP 	None: styleTweaks = []
216.2640 	EXP 	None: styleTweaks = []
216.2640 	EXP 	None: styleTweaks = []
216.2640 	EXP 	None: contrast = 1.0
216.2640 	EXP 	None: autoLog = True
216.2640 	EXP 	None: markerPos = 5
218.9729 	DATA 	Keypress: 2
219.0155 	EXP 	None: markerPos = 4
219.3589 	DATA 	Keypress: 3
219.4033 	EXP 	None: markerPos = 5
219.6477 	DATA 	Keypress: 3
219.7203 	EXP 	None: markerPos = 6
219.9537 	DATA 	Keypress: 3
220.0369 	EXP 	None: markerPos = 7
221.2508 	DATA 	Keypress: 4
221.3004 	EXP 	None: markerPos = 7
221.3144 	EXP 	Created text = TextStim(__class__=<class 'psychopy.visual.text.TextStim'>, alignHoriz=method-wrapper(...), alignText='center', alignVert=method-wrapper(...), anchorHoriz='center', anchorVert='center', antialias=True, autoDraw=False, autoLog=True, bold=False, color=array([1., 1., 1.]), colorSpace='rgb', contrast=1.0, depth=0.0, flipHoriz=False, flipVert=False, font='Arial', fontFiles=[], height=0.06, italic=False, languageStyle='LTR', name='text', opacity=1.0, ori=0, pos=array([0. , 0.2]), rgb=UNKNOWN, text='How difficult was it to apply mental noting?', units='norm', win=Window(...), wrapWidth=1.2)
221.3224 	EXP 	window1: mouseVisible = True
221.3730 	EXP 	Created None = Slider(__class__=<class 'psychopy.visual.slider.Slider'>, autoDraw=False, autoLog=True, borderColor=None, color=None, colorSpace='rgb', depth=0, fillColor=None, flip=False, font='Arial', granularity=1, labelColor=None, labelHeight=0.05, labelWrapWidth=None, labels=('Not at all', 'Very Difficult'), lineColor=None, markerColor=None, name=None, opacity=None, ori=0, pos=array([0., 0.]), readOnly=False, self=UNKNOWN, size=array([0.85, 0.1 ]), startValue=None, style='rating', styleTweaks=[], ticks=array([1, 9]), units='norm', win=Window(...))
221.3982 	EXP 	None: autoLog = True
221.3982 	EXP 	None: markerPos = None
221.3982 	EXP 	None: styleTweaks = []
221.3982 	EXP 	None: styleTweaks = []
221.3982 	EXP 	None: styleTweaks = []
221.3982 	EXP 	None: styleTweaks = []
221.3982 	EXP 	None: contrast = 1.0
221.3982 	EXP 	None: autoLog = True
221.3982 	EXP 	None: markerPos = 5
227.1168 	DATA 	Keypress: 2
227.1652 	EXP 	None: markerPos = 4
227.5409 	DATA 	Keypress: 3
227.5824 	EXP 	None: markerPos = 5
228.5237 	DATA 	Keypress: 4
228.5648 	EXP 	None: markerPos = 5
228.5786 	EXP 	Created text = TextStim(__class__=<class 'psychopy.visual.text.TextStim'>, alignHoriz=method-wrapper(...), alignText='center', alignVert=method-wrapper(...), anchorHoriz='center', anchorVert='center', antialias=True, autoDraw=False, autoLog=True, bold=False, color=array([1., 1., 1.]), colorSpace='rgb', contrast=1.0, depth=0.0, flipHoriz=False, flipVert=False, font='Arial', fontFiles=[], height=0.06, italic=False, languageStyle='LTR', name='text', opacity=1.0, ori=0, pos=array([0. , 0.2]), rgb=UNKNOWN, text='How calm do you feel right now?', units='norm', win=Window(...), wrapWidth=1.2)
228.5841 	EXP 	window1: mouseVisible = True
228.6212 	EXP 	Created None = Slider(__class__=<class 'psychopy.visual.slider.Slider'>, autoDraw=False, autoLog=True, borderColor=None, color=None, colorSpace='rgb', depth=0, fillColor=None, flip=False, font='Arial', granularity=1, labelColor=None, labelHeight=0.05, labelWrapWidth=None, labels=('Not at all', 'Very calm'), lineColor=None, markerColor=None, name=None, opacity=None, ori=0, pos=array([0., 0.]), readOnly=False, self=UNKNOWN, size=array([0.85, 0.1 ]), startValue=None, style='rating', styleTweaks=[], ticks=array([1, 9]), units='norm', win=Window(...))
228.6490 	EXP 	None: autoLog = True
228.6490 	EXP 	None: markerPos = None
228.6490 	EXP 	None: styleTweaks = []
228.6490 	EXP 	None: styleTweaks = []
228.6490 	EXP 	None: styleTweaks = []
228.6490 	EXP 	None: styleTweaks = []
228.6490 	EXP 	None: contrast = 1.0
228.6490 	EXP 	None: autoLog = True
228.6490 	EXP 	None: markerPos = 5
230.5998 	DATA 	Keypress: 3
230.6485 	EXP 	None: markerPos = 6
231.0532 	DATA 	Keypress: 2
231.1030 	EXP 	None: markerPos = 5
231.3607 	DATA 	Keypress: 2
231.4201 	EXP 	None: markerPos = 4
231.7918 	DATA 	Keypress: 4
231.8313 	EXP 	None: markerPos = 4
231.8762 	EXP 	window1: mouseVisible = True
