3.1265 	WARNING 	Speech-to-text recognition module for PocketSphinx is not available (use command `pip install SpeechRecognition` to get it). Transcription will be unavailable using that service this session.
3.1271 	WARNING 	Speech-to-text recognition using Google online services is not available (use command `pip install google-api-core google-auth google-cloud google-cloud-speech googleapis-common-protos` to get it). Transcription will be unavailable using that service this session.
3.3534 	WARNING 	We strongly recommend you activate the PTB sound engine in PsychoPy prefs as the preferred audio engine. Its timing is vastly superior. Your prefs are currently set to use ['sounddevice', 'PTB', 'pyo', 'pygame'] (in that order).
53.2629 	WARNING 	Requested an unavailable screen number - using first available.
53.9216 	EXP 	Created window1 = Window(allowGUI=False, allowStencil=False, autoLog=True, backendConf=UNKNOWN, bitsMode=UNKNOWN, blendMode='avg', bpc=(8, 8, 8), color=array([0, 0, 0]), colorSpace='rgb', depthBits=8, fullscr=<method-wrapper '__getattribute__' of attributeSetter object at 0x000001BDF67F3670>, gamma=None, gammaErrorPolicy='raise', lms=UNKNOWN, monitor=<psychopy.monitors.calibTools.Monitor object at 0x000001BDFB8C5340>, multiSample=False, name='window1', numSamples=2, pos=(740, 260), screen=1, size=array([1080, 1080]), stencilBits=0, stereo=False, units='norm', useFBO=True, useRetina=False, viewOri=0.0, viewPos=None, viewScale=None, waitBlanking=True, winType='pyglet')
53.9224 	EXP 	window1: mouseVisible = True
53.9224 	EXP 	window1: Attempting to measure frame rate of screen (1) ...
53.9225 	EXP 	window1: recordFrameIntervals = False
54.0875 	EXP 	window1: recordFrameIntervals = True
54.2695 	EXP 	Screen (1) actual frame rate measured at 60.31Hz
54.2695 	EXP 	window1: recordFrameIntervals = False
54.3448 	EXP 	Created text = TextStim(__class__=<class 'psychopy.visual.text.TextStim'>, alignHoriz=method-wrapper(...), alignText='center', alignVert=method-wrapper(...), anchorHoriz='center', anchorVert='center', antialias=True, autoDraw=False, autoLog=True, bold=False, color=array([1., 1., 1.]), colorSpace='rgb', contrast=1.0, depth=0.0, flipHoriz=False, flipVert=False, font='Arial', fontFiles=[], height=0.06, italic=False, languageStyle='LTR', name='text', opacity=1.0, ori=0, pos=array([0., 0.]), rgb=UNKNOWN, text=str(...), units='norm', win=Window(...), wrapWidth=1.2)
54.3527 	EXP 	Created text_3 = TextStim(__class__=<class 'psychopy.visual.text.TextStim'>, alignHoriz=method-wrapper(...), alignText='center', alignVert=method-wrapper(...), anchorHoriz='center', anchorVert='center', antialias=True, autoDraw=False, autoLog=True, bold=False, color=array([1., 1., 1.]), colorSpace='rgb', contrast=1.0, depth=0.0, flipHoriz=False, flipVert=False, font='Arial', fontFiles=[], height=0.1, italic=False, languageStyle='LTR', name='text_3', opacity=1.0, ori=0, pos=array([0., 0.]), rgb=UNKNOWN, text='waiting for scanner', units='norm', win=Window(...), wrapWidth=2)
54.3604 	EXP 	Created text_2 = TextStim(__class__=<class 'psychopy.visual.text.TextStim'>, alignHoriz=method-wrapper(...), alignText='center', alignVert=method-wrapper(...), anchorHoriz='center', anchorVert='center', antialias=True, autoDraw=False, autoLog=True, bold=False, color=array([1., 1., 1.]), colorSpace='rgb', contrast=1.0, depth=0.0, flipHoriz=False, flipVert=False, font='Arial', fontFiles=[], height=0.3, italic=False, languageStyle='LTR', name='text_2', opacity=1.0, ori=0, pos=array([0., 0.]), rgb=UNKNOWN, text='+', units='norm', win=Window(...), wrapWidth=1)
54.9870 	EXP 	Created text_4 = TextStim(__class__=<class 'psychopy.visual.text.TextStim'>, alignHoriz=method-wrapper(...), alignText='center', alignVert=method-wrapper(...), anchorHoriz='center', anchorVert='center', antialias=True, autoDraw=False, autoLog=True, bold=False, color=array([1., 1., 1.]), colorSpace='rgb', contrast=1.0, depth=-3.0, flipHoriz=False, flipVert=False, font='Arial', fontFiles=[], height=0.1, italic=False, languageStyle='LTR', name='text_4', opacity=1.0, ori=0, pos=array([0., 0.]), rgb=UNKNOWN, text='default text', units='norm', win=Window(...), wrapWidth=1)
54.9930 	EXP 	Created unnamed Circle = Circle(__class__=<class 'psychopy.visual.circle.Circle'>, anchor=('center', 'center'), autoDraw=False, autoLog=True, closeShape=True, color=method-wrapper(...), colorSpace='rgb', contrast=None, depth=0, fillColor=array([0, 0, 0]), fillColorSpace='rgb', fillRGB=array([0, 0, 0]), interpolate=True, lineColor=array([ 1.,  1., -1.]), lineColorSpace='rgb', lineRGB=array([ 1,  1, -1]), lineWidth=1.5, name='unnamed Circle', opacity=0.5, ori=0.0, pos=array([0.        , 0.33333333]), size=array([1., 1.]), units='norm', vertices=ndarray(...), win=Window(...))
55.0214 	EXP 	Created unnamed Circle = Circle(__class__=<class 'psychopy.visual.circle.Circle'>, anchor=('center', 'center'), autoDraw=False, autoLog=True, closeShape=True, color=method-wrapper(...), colorSpace='rgb', contrast=None, depth=0, fillColor=array([0, 0, 0]), fillColorSpace='rgb', fillRGB=array([0, 0, 0]), interpolate=True, lineColor=array([-1., -1.,  1.]), lineColorSpace='rgb', lineRGB=array([-1, -1,  1]), lineWidth=1.5, name='unnamed Circle', opacity=0.5, ori=0.0, pos=array([-4.08215600e-17, -3.33333333e-01]), size=array([1., 1.]), units='norm', vertices=ndarray(...), win=Window(...))
55.0281 	EXP 	Created unnamed Circle = Circle(__class__=<class 'psychopy.visual.circle.Circle'>, anchor=('center', 'center'), autoDraw=False, autoLog=True, closeShape=True, color=method-wrapper(...), colorSpace='rgb', contrast=None, depth=0, fillColor=array([1, 1, 1]), fillColorSpace='rgb', fillRGB=array([1, 1, 1]), interpolate=True, lineColor=array([1., 1., 1.]), lineColorSpace='rgb', lineRGB=array([1, 1, 1]), lineWidth=1.5, name='unnamed Circle', opacity=1.0, ori=0.0, pos=array([0., 0.]), size=array([1., 1.]), units='norm', vertices=ndarray(...), win=Window(...))
55.0339 	EXP 	Created text_5 = TextStim(__class__=<class 'psychopy.visual.text.TextStim'>, alignHoriz=method-wrapper(...), alignText='center', alignVert=method-wrapper(...), anchorHoriz='center', anchorVert='center', antialias=True, autoDraw=False, autoLog=True, bold=False, color=array([1., 1., 1.]), colorSpace='rgb', contrast=1.0, depth=0.0, flipHoriz=False, flipVert=False, font='Arial', fontFiles=[], height=0.1, italic=False, languageStyle='LTR', name='text_5', opacity=1.0, ori=0, pos=array([0., 0.]), rgb=UNKNOWN, text='thank you!', units='norm', win=Window(...), wrapWidth=1)
55.0514 	EXP 	text: autoDraw = True
139.4332 	DATA 	Keypress: 2
139.4511 	EXP 	text: autoDraw = False
139.4511 	EXP 	text_3: autoDraw = True
167.2326 	DATA 	Keypress: t
167.2650 	EXP 	text_3: autoDraw = False
167.2650 	EXP 	text_2: autoDraw = True
168.4354 	DATA 	Keypress: t
169.6387 	DATA 	Keypress: t
170.8379 	DATA 	Keypress: t
172.0390 	DATA 	Keypress: t
173.2259 	DATA 	Keypress: t
174.4369 	DATA 	Keypress: t
175.6292 	DATA 	Keypress: t
176.8553 	DATA 	Keypress: t
178.0560 	DATA 	Keypress: t
179.2388 	DATA 	Keypress: t
180.4396 	DATA 	Keypress: t
181.6561 	DATA 	Keypress: t
182.8388 	DATA 	Keypress: t
184.0544 	DATA 	Keypress: t
185.2543 	DATA 	Keypress: t
186.4545 	DATA 	Keypress: t
187.6541 	DATA 	Keypress: t
188.8382 	DATA 	Keypress: t
190.0379 	DATA 	Keypress: t
191.2389 	DATA 	Keypress: t
192.4363 	DATA 	Keypress: t
193.6389 	DATA 	Keypress: t
194.8369 	DATA 	Keypress: t
196.0433 	DATA 	Keypress: t
197.2372 	DATA 	Keypress: t
197.2381 	EXP 	Created sequence: random, trialTypes=1, nReps=1, seed=None
197.6396 	EXP 	New trial (rep=0, index=0): None
197.6423 	EXP 	Created unnamed Circle = Circle(__class__=<class 'psychopy.visual.circle.Circle'>, anchor=('center', 'center'), autoDraw=False, autoLog=True, closeShape=True, color=method-wrapper(...), colorSpace='rgb', contrast=None, depth=0, fillColor=array([1, 1, 1]), fillColorSpace='rgb', fillRGB=array([1, 1, 1]), interpolate=True, lineColor=array([1., 1., 1.]), lineColorSpace='rgb', lineRGB=array([1, 1, 1]), lineWidth=3, name='unnamed Circle', opacity=1.0, ori=0.0, pos=array([0., 0.]), size=array([1., 1.]), units='norm', vertices=ndarray(...), win=Window(...))
198.4315 	DATA 	Keypress: t
199.6391 	DATA 	Keypress: t
200.8373 	DATA 	Keypress: t
202.0259 	DATA 	Keypress: t
202.2111 	EXP 	text_2: autoDraw = False
202.2111 	EXP 	text_2: autoDraw = False
203.2259 	DATA 	Keypress: t
204.4256 	DATA 	Keypress: t
205.6258 	DATA 	Keypress: t
207.6689 	DATA 	Keypress: t
208.7550 	DATA 	Keypress: t
209.8787 	DATA 	Keypress: t
210.9735 	DATA 	Keypress: t
212.0696 	DATA 	Keypress: t
213.1771 	DATA 	Keypress: t
214.2639 	DATA 	Keypress: t
215.3526 	DATA 	Keypress: t
216.4563 	DATA 	Keypress: t
217.6258 	DATA 	Keypress: t
218.8257 	DATA 	Keypress: t
220.8716 	DATA 	Keypress: t
221.9966 	DATA 	Keypress: t
223.0932 	DATA 	Keypress: t
224.1877 	DATA 	Keypress: t
225.2867 	DATA 	Keypress: t
226.3936 	DATA 	Keypress: t
227.4873 	DATA 	Keypress: t
228.6040 	DATA 	Keypress: t
229.7179 	DATA 	Keypress: t
230.8258 	DATA 	Keypress: t
232.0258 	DATA 	Keypress: t
233.2257 	DATA 	Keypress: t
235.2626 	DATA 	Keypress: t
236.3555 	DATA 	Keypress: t
237.4551 	DATA 	Keypress: t
238.5525 	DATA 	Keypress: t
239.6613 	DATA 	Keypress: t
240.7535 	DATA 	Keypress: t
241.8353 	DATA 	Keypress: t
242.9466 	DATA 	Keypress: t
244.0365 	DATA 	Keypress: t
245.2257 	DATA 	Keypress: t
246.4256 	DATA 	Keypress: t
248.4725 	DATA 	Keypress: t
249.5691 	DATA 	Keypress: t
250.6350 	DATA 	Keypress: t
251.7183 	DATA 	Keypress: t
252.8025 	DATA 	Keypress: t
253.8616 	DATA 	Keypress: t
254.9536 	DATA 	Keypress: t
256.0726 	DATA 	Keypress: t
257.2262 	DATA 	Keypress: t
258.4258 	DATA 	Keypress: t
259.5936 	EXP 	unnamed Circle: radius = 0.1
260.4557 	DATA 	Keypress: t
261.5540 	DATA 	Keypress: t
262.6521 	DATA 	Keypress: t
263.7355 	DATA 	Keypress: t
264.8191 	DATA 	Keypress: t
265.8746 	DATA 	Keypress: t
266.9693 	DATA 	Keypress: t
268.0689 	DATA 	Keypress: t
269.2256 	DATA 	Keypress: t
270.4613 	DATA 	Keypress: t
272.4194 	DATA 	Keypress: t
273.5190 	DATA 	Keypress: t
274.6007 	DATA 	Keypress: t
275.6856 	DATA 	Keypress: t
275.9090 	EXP 	unnamed Circle: radius = 0.05
276.7367 	DATA 	Keypress: t
277.8107 	DATA 	Keypress: t
278.9039 	DATA 	Keypress: t
280.0262 	DATA 	Keypress: t
281.2256 	DATA 	Keypress: t
282.4621 	DATA 	Keypress: t
284.4016 	DATA 	Keypress: t
285.4861 	DATA 	Keypress: t
286.5860 	DATA 	Keypress: t
287.6857 	DATA 	Keypress: t
288.7852 	DATA 	Keypress: t
289.8571 	DATA 	Keypress: t
290.9518 	DATA 	Keypress: t
291.1914 	EXP 	unnamed Circle: radius = 0.1
292.0521 	DATA 	Keypress: t
293.2256 	DATA 	Keypress: t
294.4257 	DATA 	Keypress: t
296.4511 	DATA 	Keypress: t
297.5353 	DATA 	Keypress: t
298.6361 	DATA 	Keypress: t
299.7338 	DATA 	Keypress: t
300.8111 	DATA 	Keypress: t
301.8746 	DATA 	Keypress: t
302.9713 	DATA 	Keypress: t
304.0711 	DATA 	Keypress: t
305.2256 	DATA 	Keypress: t
306.4256 	DATA 	Keypress: t
308.4698 	DATA 	Keypress: t
309.5668 	DATA 	Keypress: t
310.6322 	DATA 	Keypress: t
311.7172 	DATA 	Keypress: t
312.8029 	DATA 	Keypress: t
313.0405 	EXP 	unnamed Circle: radius = 0.033
313.8735 	DATA 	Keypress: t
314.9672 	DATA 	Keypress: t
316.0525 	DATA 	Keypress: t
317.3928 	EXP 	text_2: autoDraw = True
318.2606 	EXP 	text_2: autoDraw = False
318.2606 	EXP 	text_5: autoDraw = True
323.2833 	EXP 	window1: mouseVisible = True
3.1265 	WARNING 	Speech-to-text recognition module for PocketSphinx is not available (use command `pip install SpeechRecognition` to get it). Transcription will be unavailable using that service this session.
3.1271 	WARNING 	Speech-to-text recognition using Google online services is not available (use command `pip install google-api-core google-auth google-cloud google-cloud-speech googleapis-common-protos` to get it). Transcription will be unavailable using that service this session.
3.3534 	WARNING 	We strongly recommend you activate the PTB sound engine in PsychoPy prefs as the preferred audio engine. Its timing is vastly superior. Your prefs are currently set to use ['sounddevice', 'PTB', 'pyo', 'pygame'] (in that order).
53.2629 	WARNING 	Requested an unavailable screen number - using first available.
53.9216 	EXP 	Created window1 = Window(allowGUI=False, allowStencil=False, autoLog=True, backendConf=UNKNOWN, bitsMode=UNKNOWN, blendMode='avg', bpc=(8, 8, 8), color=array([0, 0, 0]), colorSpace='rgb', depthBits=8, fullscr=<method-wrapper '__getattribute__' of attributeSetter object at 0x000001BDF67F3670>, gamma=None, gammaErrorPolicy='raise', lms=UNKNOWN, monitor=<psychopy.monitors.calibTools.Monitor object at 0x000001BDFB8C5340>, multiSample=False, name='window1', numSamples=2, pos=(740, 260), screen=1, size=array([1080, 1080]), stencilBits=0, stereo=False, units='norm', useFBO=True, useRetina=False, viewOri=0.0, viewPos=None, viewScale=None, waitBlanking=True, winType='pyglet')
53.9224 	EXP 	window1: mouseVisible = True
53.9224 	EXP 	window1: Attempting to measure frame rate of screen (1) ...
53.9225 	EXP 	window1: recordFrameIntervals = False
54.0875 	EXP 	window1: recordFrameIntervals = True
54.2695 	EXP 	Screen (1) actual frame rate measured at 60.31Hz
54.2695 	EXP 	window1: recordFrameIntervals = False
54.3448 	EXP 	Created text = TextStim(__class__=<class 'psychopy.visual.text.TextStim'>, alignHoriz=method-wrapper(...), alignText='center', alignVert=method-wrapper(...), anchorHoriz='center', anchorVert='center', antialias=True, autoDraw=False, autoLog=True, bold=False, color=array([1., 1., 1.]), colorSpace='rgb', contrast=1.0, depth=0.0, flipHoriz=False, flipVert=False, font='Arial', fontFiles=[], height=0.06, italic=False, languageStyle='LTR', name='text', opacity=1.0, ori=0, pos=array([0., 0.]), rgb=UNKNOWN, text=str(...), units='norm', win=Window(...), wrapWidth=1.2)
54.3527 	EXP 	Created text_3 = TextStim(__class__=<class 'psychopy.visual.text.TextStim'>, alignHoriz=method-wrapper(...), alignText='center', alignVert=method-wrapper(...), anchorHoriz='center', anchorVert='center', antialias=True, autoDraw=False, autoLog=True, bold=False, color=array([1., 1., 1.]), colorSpace='rgb', contrast=1.0, depth=0.0, flipHoriz=False, flipVert=False, font='Arial', fontFiles=[], height=0.1, italic=False, languageStyle='LTR', name='text_3', opacity=1.0, ori=0, pos=array([0., 0.]), rgb=UNKNOWN, text='waiting for scanner', units='norm', win=Window(...), wrapWidth=2)
54.3604 	EXP 	Created text_2 = TextStim(__class__=<class 'psychopy.visual.text.TextStim'>, alignHoriz=method-wrapper(...), alignText='center', alignVert=method-wrapper(...), anchorHoriz='center', anchorVert='center', antialias=True, autoDraw=False, autoLog=True, bold=False, color=array([1., 1., 1.]), colorSpace='rgb', contrast=1.0, depth=0.0, flipHoriz=False, flipVert=False, font='Arial', fontFiles=[], height=0.3, italic=False, languageStyle='LTR', name='text_2', opacity=1.0, ori=0, pos=array([0., 0.]), rgb=UNKNOWN, text='+', units='norm', win=Window(...), wrapWidth=1)
54.9870 	EXP 	Created text_4 = TextStim(__class__=<class 'psychopy.visual.text.TextStim'>, alignHoriz=method-wrapper(...), alignText='center', alignVert=method-wrapper(...), anchorHoriz='center', anchorVert='center', antialias=True, autoDraw=False, autoLog=True, bold=False, color=array([1., 1., 1.]), colorSpace='rgb', contrast=1.0, depth=-3.0, flipHoriz=False, flipVert=False, font='Arial', fontFiles=[], height=0.1, italic=False, languageStyle='LTR', name='text_4', opacity=1.0, ori=0, pos=array([0., 0.]), rgb=UNKNOWN, text='default text', units='norm', win=Window(...), wrapWidth=1)
54.9930 	EXP 	Created unnamed Circle = Circle(__class__=<class 'psychopy.visual.circle.Circle'>, anchor=('center', 'center'), autoDraw=False, autoLog=True, closeShape=True, color=method-wrapper(...), colorSpace='rgb', contrast=None, depth=0, fillColor=array([0, 0, 0]), fillColorSpace='rgb', fillRGB=array([0, 0, 0]), interpolate=True, lineColor=array([ 1.,  1., -1.]), lineColorSpace='rgb', lineRGB=array([ 1,  1, -1]), lineWidth=1.5, name='unnamed Circle', opacity=0.5, ori=0.0, pos=array([0.        , 0.33333333]), size=array([1., 1.]), units='norm', vertices=ndarray(...), win=Window(...))
55.0214 	EXP 	Created unnamed Circle = Circle(__class__=<class 'psychopy.visual.circle.Circle'>, anchor=('center', 'center'), autoDraw=False, autoLog=True, closeShape=True, color=method-wrapper(...), colorSpace='rgb', contrast=None, depth=0, fillColor=array([0, 0, 0]), fillColorSpace='rgb', fillRGB=array([0, 0, 0]), interpolate=True, lineColor=array([-1., -1.,  1.]), lineColorSpace='rgb', lineRGB=array([-1, -1,  1]), lineWidth=1.5, name='unnamed Circle', opacity=0.5, ori=0.0, pos=array([-4.08215600e-17, -3.33333333e-01]), size=array([1., 1.]), units='norm', vertices=ndarray(...), win=Window(...))
55.0281 	EXP 	Created unnamed Circle = Circle(__class__=<class 'psychopy.visual.circle.Circle'>, anchor=('center', 'center'), autoDraw=False, autoLog=True, closeShape=True, color=method-wrapper(...), colorSpace='rgb', contrast=None, depth=0, fillColor=array([1, 1, 1]), fillColorSpace='rgb', fillRGB=array([1, 1, 1]), interpolate=True, lineColor=array([1., 1., 1.]), lineColorSpace='rgb', lineRGB=array([1, 1, 1]), lineWidth=1.5, name='unnamed Circle', opacity=1.0, ori=0.0, pos=array([0., 0.]), size=array([1., 1.]), units='norm', vertices=ndarray(...), win=Window(...))
55.0339 	EXP 	Created text_5 = TextStim(__class__=<class 'psychopy.visual.text.TextStim'>, alignHoriz=method-wrapper(...), alignText='center', alignVert=method-wrapper(...), anchorHoriz='center', anchorVert='center', antialias=True, autoDraw=False, autoLog=True, bold=False, color=array([1., 1., 1.]), colorSpace='rgb', contrast=1.0, depth=0.0, flipHoriz=False, flipVert=False, font='Arial', fontFiles=[], height=0.1, italic=False, languageStyle='LTR', name='text_5', opacity=1.0, ori=0, pos=array([0., 0.]), rgb=UNKNOWN, text='thank you!', units='norm', win=Window(...), wrapWidth=1)
55.0514 	EXP 	text: autoDraw = True
139.4332 	DATA 	Keypress: 2
139.4511 	EXP 	text: autoDraw = False
139.4511 	EXP 	text_3: autoDraw = True
167.2326 	DATA 	Keypress: t
167.2650 	EXP 	text_3: autoDraw = False
167.2650 	EXP 	text_2: autoDraw = True
168.4354 	DATA 	Keypress: t
169.6387 	DATA 	Keypress: t
170.8379 	DATA 	Keypress: t
172.0390 	DATA 	Keypress: t
173.2259 	DATA 	Keypress: t
174.4369 	DATA 	Keypress: t
175.6292 	DATA 	Keypress: t
176.8553 	DATA 	Keypress: t
178.0560 	DATA 	Keypress: t
179.2388 	DATA 	Keypress: t
180.4396 	DATA 	Keypress: t
181.6561 	DATA 	Keypress: t
182.8388 	DATA 	Keypress: t
184.0544 	DATA 	Keypress: t
185.2543 	DATA 	Keypress: t
186.4545 	DATA 	Keypress: t
187.6541 	DATA 	Keypress: t
188.8382 	DATA 	Keypress: t
190.0379 	DATA 	Keypress: t
191.2389 	DATA 	Keypress: t
192.4363 	DATA 	Keypress: t
193.6389 	DATA 	Keypress: t
194.8369 	DATA 	Keypress: t
196.0433 	DATA 	Keypress: t
197.2372 	DATA 	Keypress: t
197.2381 	EXP 	Created sequence: random, trialTypes=1, nReps=1, seed=None
197.6396 	EXP 	New trial (rep=0, index=0): None
197.6423 	EXP 	Created unnamed Circle = Circle(__class__=<class 'psychopy.visual.circle.Circle'>, anchor=('center', 'center'), autoDraw=False, autoLog=True, closeShape=True, color=method-wrapper(...), colorSpace='rgb', contrast=None, depth=0, fillColor=array([1, 1, 1]), fillColorSpace='rgb', fillRGB=array([1, 1, 1]), interpolate=True, lineColor=array([1., 1., 1.]), lineColorSpace='rgb', lineRGB=array([1, 1, 1]), lineWidth=3, name='unnamed Circle', opacity=1.0, ori=0.0, pos=array([0., 0.]), size=array([1., 1.]), units='norm', vertices=ndarray(...), win=Window(...))
198.4315 	DATA 	Keypress: t
199.6391 	DATA 	Keypress: t
200.8373 	DATA 	Keypress: t
202.0259 	DATA 	Keypress: t
202.2111 	EXP 	text_2: autoDraw = False
202.2111 	EXP 	text_2: autoDraw = False
203.2259 	DATA 	Keypress: t
204.4256 	DATA 	Keypress: t
205.6258 	DATA 	Keypress: t
207.6689 	DATA 	Keypress: t
208.7550 	DATA 	Keypress: t
209.8787 	DATA 	Keypress: t
210.9735 	DATA 	Keypress: t
212.0696 	DATA 	Keypress: t
213.1771 	DATA 	Keypress: t
214.2639 	DATA 	Keypress: t
215.3526 	DATA 	Keypress: t
216.4563 	DATA 	Keypress: t
217.6258 	DATA 	Keypress: t
218.8257 	DATA 	Keypress: t
220.8716 	DATA 	Keypress: t
221.9966 	DATA 	Keypress: t
223.0932 	DATA 	Keypress: t
224.1877 	DATA 	Keypress: t
225.2867 	DATA 	Keypress: t
226.3936 	DATA 	Keypress: t
227.4873 	DATA 	Keypress: t
228.6040 	DATA 	Keypress: t
229.7179 	DATA 	Keypress: t
230.8258 	DATA 	Keypress: t
232.0258 	DATA 	Keypress: t
233.2257 	DATA 	Keypress: t
235.2626 	DATA 	Keypress: t
236.3555 	DATA 	Keypress: t
237.4551 	DATA 	Keypress: t
238.5525 	DATA 	Keypress: t
239.6613 	DATA 	Keypress: t
240.7535 	DATA 	Keypress: t
241.8353 	DATA 	Keypress: t
242.9466 	DATA 	Keypress: t
244.0365 	DATA 	Keypress: t
245.2257 	DATA 	Keypress: t
246.4256 	DATA 	Keypress: t
248.4725 	DATA 	Keypress: t
249.5691 	DATA 	Keypress: t
250.6350 	DATA 	Keypress: t
251.7183 	DATA 	Keypress: t
252.8025 	DATA 	Keypress: t
253.8616 	DATA 	Keypress: t
254.9536 	DATA 	Keypress: t
256.0726 	DATA 	Keypress: t
257.2262 	DATA 	Keypress: t
258.4258 	DATA 	Keypress: t
259.5936 	EXP 	unnamed Circle: radius = 0.1
260.4557 	DATA 	Keypress: t
261.5540 	DATA 	Keypress: t
262.6521 	DATA 	Keypress: t
263.7355 	DATA 	Keypress: t
264.8191 	DATA 	Keypress: t
265.8746 	DATA 	Keypress: t
266.9693 	DATA 	Keypress: t
268.0689 	DATA 	Keypress: t
269.2256 	DATA 	Keypress: t
270.4613 	DATA 	Keypress: t
272.4194 	DATA 	Keypress: t
273.5190 	DATA 	Keypress: t
274.6007 	DATA 	Keypress: t
275.6856 	DATA 	Keypress: t
275.9090 	EXP 	unnamed Circle: radius = 0.05
276.7367 	DATA 	Keypress: t
277.8107 	DATA 	Keypress: t
278.9039 	DATA 	Keypress: t
280.0262 	DATA 	Keypress: t
281.2256 	DATA 	Keypress: t
282.4621 	DATA 	Keypress: t
284.4016 	DATA 	Keypress: t
285.4861 	DATA 	Keypress: t
286.5860 	DATA 	Keypress: t
287.6857 	DATA 	Keypress: t
288.7852 	DATA 	Keypress: t
289.8571 	DATA 	Keypress: t
290.9518 	DATA 	Keypress: t
291.1914 	EXP 	unnamed Circle: radius = 0.1
292.0521 	DATA 	Keypress: t
293.2256 	DATA 	Keypress: t
294.4257 	DATA 	Keypress: t
296.4511 	DATA 	Keypress: t
297.5353 	DATA 	Keypress: t
298.6361 	DATA 	Keypress: t
299.7338 	DATA 	Keypress: t
300.8111 	DATA 	Keypress: t
301.8746 	DATA 	Keypress: t
302.9713 	DATA 	Keypress: t
304.0711 	DATA 	Keypress: t
305.2256 	DATA 	Keypress: t
306.4256 	DATA 	Keypress: t
308.4698 	DATA 	Keypress: t
309.5668 	DATA 	Keypress: t
310.6322 	DATA 	Keypress: t
311.7172 	DATA 	Keypress: t
312.8029 	DATA 	Keypress: t
313.0405 	EXP 	unnamed Circle: radius = 0.033
313.8735 	DATA 	Keypress: t
314.9672 	DATA 	Keypress: t
316.0525 	DATA 	Keypress: t
317.3928 	EXP 	text_2: autoDraw = True
318.2606 	EXP 	text_2: autoDraw = False
318.2606 	EXP 	text_5: autoDraw = True
323.2833 	EXP 	window1: mouseVisible = True
