4.9654 	WARNING 	Speech-to-text recognition module for PocketSphinx is not available (use command `pip install SpeechRecognition` to get it). Transcription will be unavailable using that service this session.
4.9669 	WARNING 	Speech-to-text recognition using Google online services is not available (use command `pip install google-api-core google-auth google-cloud google-cloud-speech googleapis-common-protos` to get it). Transcription will be unavailable using that service this session.
5.2698 	WARNING 	We strongly recommend you activate the PTB sound engine in PsychoPy prefs as the preferred audio engine. Its timing is vastly superior. Your prefs are currently set to use ['sounddevice', 'PTB', 'pyo', 'pygame'] (in that order).
26.8462 	WARNING 	Requested an unavailable screen number - using first available.
27.5622 	EXP 	Created window1 = Window(allowGUI=False, allowStencil=False, autoLog=True, backendConf=UNKNOWN, bitsMode=UNKNOWN, blendMode='avg', bpc=(8, 8, 8), color=array([-1, -1, -1]), colorSpace='rgb', depthBits=8, fullscr=<method-wrapper '__getattribute__' of attributeSetter object at 0x0000027F9E037550>, gamma=None, gammaErrorPolicy='raise', lms=UNKNOWN, monitor=<psychopy.monitors.calibTools.Monitor object at 0x0000027FA3765C10>, multiSample=False, name='window1', numSamples=2, pos=(740, 260), screen=1, size=array([1080, 1080]), stencilBits=0, stereo=False, units='norm', useFBO=True, useRetina=False, viewOri=0.0, viewPos=None, viewScale=None, waitBlanking=True, winType='pyglet')
27.5632 	EXP 	window1: mouseVisible = True
27.5633 	EXP 	window1: Attempting to measure frame rate of screen (1) ...
27.5633 	EXP 	window1: recordFrameIntervals = False
27.7282 	EXP 	window1: recordFrameIntervals = True
27.9113 	EXP 	Screen (1) actual frame rate measured at 60.00Hz
27.9114 	EXP 	window1: recordFrameIntervals = False
28.0371 	EXP 	Created text = TextStim(__class__=<class 'psychopy.visual.text.TextStim'>, alignHoriz=method-wrapper(...), alignText='center', alignVert=method-wrapper(...), anchorHoriz='center', anchorVert='center', antialias=True, autoDraw=False, autoLog=True, bold=False, color=array([1., 1., 1.]), colorSpace='rgb', contrast=1.0, depth=0.0, flipHoriz=False, flipVert=False, font='Arial', fontFiles=[], height=0.06, italic=False, languageStyle='LTR', name='text', opacity=1.0, ori=0, pos=array([0., 0.]), rgb=UNKNOWN, text=str(...), units='norm', win=Window(...), wrapWidth=1.2)
28.0496 	EXP 	Created text_3 = TextStim(__class__=<class 'psychopy.visual.text.TextStim'>, alignHoriz=method-wrapper(...), alignText='center', alignVert=method-wrapper(...), anchorHoriz='center', anchorVert='center', antialias=True, autoDraw=False, autoLog=True, bold=False, color=array([1., 1., 1.]), colorSpace='rgb', contrast=1.0, depth=0.0, flipHoriz=False, flipVert=False, font='Arial', fontFiles=[], height=0.1, italic=False, languageStyle='LTR', name='text_3', opacity=1.0, ori=0, pos=array([0., 0.]), rgb=UNKNOWN, text='waiting for scanner', units='norm', win=Window(...), wrapWidth=2)
28.0613 	EXP 	Created text_2 = TextStim(__class__=<class 'psychopy.visual.text.TextStim'>, alignHoriz=method-wrapper(...), alignText='center', alignVert=method-wrapper(...), anchorHoriz='center', anchorVert='center', antialias=True, autoDraw=False, autoLog=True, bold=False, color=array([1., 1., 1.]), colorSpace='rgb', contrast=1.0, depth=0.0, flipHoriz=False, flipVert=False, font='Arial', fontFiles=[], height=0.3, italic=False, languageStyle='LTR', name='text_2', opacity=1.0, ori=0, pos=array([0., 0.]), rgb=UNKNOWN, text='+', units='norm', win=Window(...), wrapWidth=1)
28.0720 	EXP 	Created text_relax = TextStim(__class__=<class 'psychopy.visual.text.TextStim'>, alignHoriz=method-wrapper(...), alignText='center', alignVert=method-wrapper(...), anchorHoriz='center', anchorVert='center', antialias=True, autoDraw=False, autoLog=True, bold=False, color=array([1., 1., 1.]), colorSpace='rgb', contrast=1.0, depth=0.0, flipHoriz=False, flipVert=False, font='Arial', fontFiles=[], height=0.07, italic=False, languageStyle='LTR', name='text_relax', opacity=1.0, ori=0, pos=array([ 0. , -0.2]), rgb=UNKNOWN, text='Relax', units='norm', win=Window(...), wrapWidth=1)
28.0863 	EXP 	Created text_4 = TextStim(__class__=<class 'psychopy.visual.text.TextStim'>, alignHoriz=method-wrapper(...), alignText='center', alignVert=method-wrapper(...), anchorHoriz='center', anchorVert='center', antialias=True, autoDraw=False, autoLog=True, bold=False, color=array([1., 1., 1.]), colorSpace='rgb', contrast=1.0, depth=-3.0, flipHoriz=False, flipVert=False, font='Arial', fontFiles=[], height=0.1, italic=False, languageStyle='LTR', name='text_4', opacity=1.0, ori=0, pos=array([0., 0.]), rgb=UNKNOWN, text='default text', units='norm', win=Window(...), wrapWidth=1)
28.1094 	EXP 	Created unnamed Circle = Circle(__class__=<class 'psychopy.visual.circle.Circle'>, anchor=('center', 'center'), autoDraw=False, autoLog=True, closeShape=True, color=method-wrapper(...), colorSpace='rgb', contrast=None, depth=0, fillColor=array([0, 0, 0]), fillColorSpace='rgb', fillRGB=array([0, 0, 0]), interpolate=True, lineColor=array([ 1.,  1., -1.]), lineColorSpace='rgb', lineRGB=array([ 1,  1, -1]), lineWidth=2, name='unnamed Circle', opacity=0.5, ori=0.0, pos=array([0.        , 0.33333333]), size=array([1., 1.]), units='norm', vertices=ndarray(...), win=Window(...))
28.1148 	EXP 	Created unnamed Circle = Circle(__class__=<class 'psychopy.visual.circle.Circle'>, anchor=('center', 'center'), autoDraw=False, autoLog=True, closeShape=True, color=method-wrapper(...), colorSpace='rgb', contrast=None, depth=0, fillColor=array([0, 0, 0]), fillColorSpace='rgb', fillRGB=array([0, 0, 0]), interpolate=True, lineColor=array([-1., -1.,  1.]), lineColorSpace='rgb', lineRGB=array([-1, -1,  1]), lineWidth=2, name='unnamed Circle', opacity=0.5, ori=0.0, pos=array([ 0.        , -0.33333333]), size=array([1., 1.]), units='norm', vertices=ndarray(...), win=Window(...))
28.1209 	EXP 	Created unnamed Circle = Circle(__class__=<class 'psychopy.visual.circle.Circle'>, anchor=('center', 'center'), autoDraw=False, autoLog=True, closeShape=True, color=method-wrapper(...), colorSpace='rgb', contrast=None, depth=0, fillColor=array([1, 1, 1]), fillColorSpace='rgb', fillRGB=array([1, 1, 1]), interpolate=True, lineColor=array([1., 1., 1.]), lineColorSpace='rgb', lineRGB=array([1, 1, 1]), lineWidth=1.5, name='unnamed Circle', opacity=1.0, ori=0.0, pos=array([0., 0.]), size=array([1., 1.]), units='norm', vertices=ndarray(...), win=Window(...))
28.1260 	EXP 	Created unnamed Circle = Circle(__class__=<class 'psychopy.visual.circle.Circle'>, anchor=('center', 'center'), autoDraw=False, autoLog=True, closeShape=True, color=method-wrapper(...), colorSpace='rgb', contrast=None, depth=0, fillColor=array([1, 1, 1]), fillColorSpace='rgb', fillRGB=array([1, 1, 1]), interpolate=True, lineColor=array([1., 1., 1.]), lineColorSpace='rgb', lineRGB=array([1, 1, 1]), lineWidth=3, name='unnamed Circle', opacity=1.0, ori=0.0, pos=array([0., 0.]), size=array([1., 1.]), units='norm', vertices=ndarray(...), win=Window(...))
28.1414 	EXP 	Created instruct_text = TextStim(__class__=<class 'psychopy.visual.text.TextStim'>, alignHoriz=method-wrapper(...), alignText='center', alignVert=method-wrapper(...), anchorHoriz='center', anchorVert='center', antialias=True, autoDraw=False, autoLog=True, bold=False, color=array([1., 1., 1.]), colorSpace='rgb', contrast=1.0, depth=0.0, flipHoriz=False, flipVert=False, font='Arial', fontFiles=[], height=0.06, italic=False, languageStyle='LTR', name='instruct_text', opacity=1.0, ori=0, pos=array([0., 0.]), rgb=UNKNOWN, text='replace me', units='norm', win=Window(...), wrapWidth=1.2)
28.1513 	EXP 	Created text_5 = TextStim(__class__=<class 'psychopy.visual.text.TextStim'>, alignHoriz=method-wrapper(...), alignText='center', alignVert=method-wrapper(...), anchorHoriz='center', anchorVert='center', antialias=True, autoDraw=False, autoLog=True, bold=False, color=array([1., 1., 1.]), colorSpace='rgb', contrast=1.0, depth=0.0, flipHoriz=False, flipVert=False, font='Arial', fontFiles=[], height=0.1, italic=False, languageStyle='LTR', name='text_5', opacity=1.0, ori=0, pos=array([0., 0.]), rgb=UNKNOWN, text='thank you!', units='norm', win=Window(...), wrapWidth=1)
28.2080 	EXP 	instruct_text: height = 0.06
28.2080 	EXP 	instruct_text: height = 0.06
28.2080 	EXP 	instruct_text: height = 0.06
28.2080 	EXP 	instruct_text: text = 'Next, you will get to continue the Mental Noting practice you just learned about.    \n\nBefore, you mentioned using your left big toe as an anchor for your Noting Practice. Try to continue using this as your anchor but it is also okay to switch to a different part of your body.\n\nYou’ll see 2 circles and a white ball in the middle on the screen, but they won’t move around for now.'
51.6371 	DATA 	Keypress: space
51.6548 	EXP 	instruct_text: height = 0.06
51.6548 	EXP 	instruct_text: height = 0.06
51.6548 	EXP 	instruct_text: height = 0.06
51.6548 	EXP 	instruct_text: text = 'You’ll see the cross (+) on the screen for 30 seconds at the start. Whenever you see the cross, please don’t practice Noting – just relax.\n\nOnce you see the circles appear, please start the Noting practice. This practice will last 2 min. Press any button to start.'
67.6379 	DATA 	Keypress: space
67.6555 	EXP 	text_3: autoDraw = True
79.4635 	DATA 	Mouse: Left button down, pos=(792,910)
79.5585 	DATA 	Mouse:  Left button up, pos=(792,910)
123.7914 	DATA 	Keypress: t
123.8375 	EXP 	text_3: autoDraw = False
123.8375 	EXP 	text_2: autoDraw = True
123.8375 	EXP 	text_relax: autoDraw = True
124.9970 	DATA 	Keypress: t
126.2060 	DATA 	Keypress: t
127.3825 	DATA 	Keypress: t
128.5970 	DATA 	Keypress: t
129.8020 	DATA 	Keypress: t
130.9883 	DATA 	Keypress: t
132.1870 	DATA 	Keypress: t
133.3979 	DATA 	Keypress: t
134.6150 	DATA 	Keypress: t
135.7969 	DATA 	Keypress: t
136.9857 	DATA 	Keypress: t
138.1914 	DATA 	Keypress: t
139.3850 	DATA 	Keypress: t
140.5852 	DATA 	Keypress: t
141.7820 	DATA 	Keypress: t
142.9822 	DATA 	Keypress: t
144.1816 	DATA 	Keypress: t
145.3957 	DATA 	Keypress: t
146.5820 	DATA 	Keypress: t
147.7969 	DATA 	Keypress: t
148.9852 	DATA 	Keypress: t
150.2038 	DATA 	Keypress: t
151.4149 	DATA 	Keypress: t
152.5848 	DATA 	Keypress: t
153.7856 	DATA 	Keypress: t
153.8530 	EXP 	text_2: autoDraw = False
153.8530 	EXP 	text_relax: autoDraw = False
153.8530 	EXP 	text_2: autoDraw = False
155.0050 	DATA 	Keypress: t
156.1945 	DATA 	Keypress: t
157.3820 	DATA 	Keypress: t
158.5824 	DATA 	Keypress: t
159.7928 	DATA 	Keypress: t
161.0044 	DATA 	Keypress: t
162.1934 	DATA 	Keypress: t
163.3821 	DATA 	Keypress: t
164.5901 	DATA 	Keypress: t
165.7983 	DATA 	Keypress: t
166.9937 	DATA 	Keypress: t
168.1885 	DATA 	Keypress: t
169.4011 	DATA 	Keypress: t
170.6043 	DATA 	Keypress: t
171.7923 	DATA 	Keypress: t
173.0045 	DATA 	Keypress: t
174.2016 	DATA 	Keypress: t
175.3812 	DATA 	Keypress: t
176.5817 	DATA 	Keypress: t
177.7849 	DATA 	Keypress: t
179.0032 	DATA 	Keypress: t
180.1819 	DATA 	Keypress: t
181.3819 	DATA 	Keypress: t
182.5941 	DATA 	Keypress: t
183.7819 	DATA 	Keypress: t
185.0042 	DATA 	Keypress: t
186.1823 	DATA 	Keypress: t
187.3814 	DATA 	Keypress: t
188.5934 	DATA 	Keypress: t
189.7812 	DATA 	Keypress: t
190.9830 	DATA 	Keypress: t
192.1951 	DATA 	Keypress: t
193.3923 	DATA 	Keypress: t
194.5934 	DATA 	Keypress: t
195.7929 	DATA 	Keypress: t
196.9941 	DATA 	Keypress: t
198.1989 	DATA 	Keypress: t
199.3937 	DATA 	Keypress: t
200.5821 	DATA 	Keypress: t
201.7815 	DATA 	Keypress: t
202.9917 	DATA 	Keypress: t
204.1921 	DATA 	Keypress: t
205.3852 	DATA 	Keypress: t
206.5960 	DATA 	Keypress: t
207.7815 	DATA 	Keypress: t
209.0050 	DATA 	Keypress: t
210.1818 	DATA 	Keypress: t
211.3822 	DATA 	Keypress: t
212.5999 	DATA 	Keypress: t
213.7834 	DATA 	Keypress: t
214.9856 	DATA 	Keypress: t
216.1821 	DATA 	Keypress: t
217.3985 	DATA 	Keypress: t
218.5918 	DATA 	Keypress: t
219.7820 	DATA 	Keypress: t
220.9929 	DATA 	Keypress: t
222.1874 	DATA 	Keypress: t
223.4045 	DATA 	Keypress: t
224.5919 	DATA 	Keypress: t
225.7858 	DATA 	Keypress: t
226.9959 	DATA 	Keypress: t
228.1929 	DATA 	Keypress: t
229.3951 	DATA 	Keypress: t
230.5952 	DATA 	Keypress: t
231.7838 	DATA 	Keypress: t
232.9821 	DATA 	Keypress: t
234.1817 	DATA 	Keypress: t
235.3942 	DATA 	Keypress: t
236.5822 	DATA 	Keypress: t
237.7817 	DATA 	Keypress: t
238.9926 	DATA 	Keypress: t
240.1910 	DATA 	Keypress: t
241.3828 	DATA 	Keypress: t
242.5974 	DATA 	Keypress: t
243.7932 	DATA 	Keypress: t
244.9817 	DATA 	Keypress: t
246.1960 	DATA 	Keypress: t
247.3811 	DATA 	Keypress: t
248.6037 	DATA 	Keypress: t
249.7812 	DATA 	Keypress: t
251.0049 	DATA 	Keypress: t
252.1871 	DATA 	Keypress: t
253.3885 	DATA 	Keypress: t
254.5901 	DATA 	Keypress: t
255.7924 	DATA 	Keypress: t
256.9942 	DATA 	Keypress: t
258.1817 	DATA 	Keypress: t
259.3922 	DATA 	Keypress: t
260.5817 	DATA 	Keypress: t
261.8067 	DATA 	Keypress: t
263.1122 	DATA 	Keypress: t
264.1868 	DATA 	Keypress: t
265.3836 	DATA 	Keypress: t
266.5856 	DATA 	Keypress: t
267.7936 	DATA 	Keypress: t
268.9864 	DATA 	Keypress: t
270.1928 	DATA 	Keypress: t
271.4036 	DATA 	Keypress: t
272.5950 	DATA 	Keypress: t
273.8324 	EXP 	text_2: autoDraw = True
274.8027 	EXP 	text_2: autoDraw = False
274.8027 	EXP 	text_2: autoDraw = False
274.8027 	EXP 	text_5: autoDraw = True
279.8842 	EXP 	window1: mouseVisible = True
4.9654 	WARNING 	Speech-to-text recognition module for PocketSphinx is not available (use command `pip install SpeechRecognition` to get it). Transcription will be unavailable using that service this session.
4.9669 	WARNING 	Speech-to-text recognition using Google online services is not available (use command `pip install google-api-core google-auth google-cloud google-cloud-speech googleapis-common-protos` to get it). Transcription will be unavailable using that service this session.
5.2698 	WARNING 	We strongly recommend you activate the PTB sound engine in PsychoPy prefs as the preferred audio engine. Its timing is vastly superior. Your prefs are currently set to use ['sounddevice', 'PTB', 'pyo', 'pygame'] (in that order).
26.8462 	WARNING 	Requested an unavailable screen number - using first available.
27.5622 	EXP 	Created window1 = Window(allowGUI=False, allowStencil=False, autoLog=True, backendConf=UNKNOWN, bitsMode=UNKNOWN, blendMode='avg', bpc=(8, 8, 8), color=array([-1, -1, -1]), colorSpace='rgb', depthBits=8, fullscr=<method-wrapper '__getattribute__' of attributeSetter object at 0x0000027F9E037550>, gamma=None, gammaErrorPolicy='raise', lms=UNKNOWN, monitor=<psychopy.monitors.calibTools.Monitor object at 0x0000027FA3765C10>, multiSample=False, name='window1', numSamples=2, pos=(740, 260), screen=1, size=array([1080, 1080]), stencilBits=0, stereo=False, units='norm', useFBO=True, useRetina=False, viewOri=0.0, viewPos=None, viewScale=None, waitBlanking=True, winType='pyglet')
27.5632 	EXP 	window1: mouseVisible = True
27.5633 	EXP 	window1: Attempting to measure frame rate of screen (1) ...
27.5633 	EXP 	window1: recordFrameIntervals = False
27.7282 	EXP 	window1: recordFrameIntervals = True
27.9113 	EXP 	Screen (1) actual frame rate measured at 60.00Hz
27.9114 	EXP 	window1: recordFrameIntervals = False
28.0371 	EXP 	Created text = TextStim(__class__=<class 'psychopy.visual.text.TextStim'>, alignHoriz=method-wrapper(...), alignText='center', alignVert=method-wrapper(...), anchorHoriz='center', anchorVert='center', antialias=True, autoDraw=False, autoLog=True, bold=False, color=array([1., 1., 1.]), colorSpace='rgb', contrast=1.0, depth=0.0, flipHoriz=False, flipVert=False, font='Arial', fontFiles=[], height=0.06, italic=False, languageStyle='LTR', name='text', opacity=1.0, ori=0, pos=array([0., 0.]), rgb=UNKNOWN, text=str(...), units='norm', win=Window(...), wrapWidth=1.2)
28.0496 	EXP 	Created text_3 = TextStim(__class__=<class 'psychopy.visual.text.TextStim'>, alignHoriz=method-wrapper(...), alignText='center', alignVert=method-wrapper(...), anchorHoriz='center', anchorVert='center', antialias=True, autoDraw=False, autoLog=True, bold=False, color=array([1., 1., 1.]), colorSpace='rgb', contrast=1.0, depth=0.0, flipHoriz=False, flipVert=False, font='Arial', fontFiles=[], height=0.1, italic=False, languageStyle='LTR', name='text_3', opacity=1.0, ori=0, pos=array([0., 0.]), rgb=UNKNOWN, text='waiting for scanner', units='norm', win=Window(...), wrapWidth=2)
28.0613 	EXP 	Created text_2 = TextStim(__class__=<class 'psychopy.visual.text.TextStim'>, alignHoriz=method-wrapper(...), alignText='center', alignVert=method-wrapper(...), anchorHoriz='center', anchorVert='center', antialias=True, autoDraw=False, autoLog=True, bold=False, color=array([1., 1., 1.]), colorSpace='rgb', contrast=1.0, depth=0.0, flipHoriz=False, flipVert=False, font='Arial', fontFiles=[], height=0.3, italic=False, languageStyle='LTR', name='text_2', opacity=1.0, ori=0, pos=array([0., 0.]), rgb=UNKNOWN, text='+', units='norm', win=Window(...), wrapWidth=1)
28.0720 	EXP 	Created text_relax = TextStim(__class__=<class 'psychopy.visual.text.TextStim'>, alignHoriz=method-wrapper(...), alignText='center', alignVert=method-wrapper(...), anchorHoriz='center', anchorVert='center', antialias=True, autoDraw=False, autoLog=True, bold=False, color=array([1., 1., 1.]), colorSpace='rgb', contrast=1.0, depth=0.0, flipHoriz=False, flipVert=False, font='Arial', fontFiles=[], height=0.07, italic=False, languageStyle='LTR', name='text_relax', opacity=1.0, ori=0, pos=array([ 0. , -0.2]), rgb=UNKNOWN, text='Relax', units='norm', win=Window(...), wrapWidth=1)
28.0863 	EXP 	Created text_4 = TextStim(__class__=<class 'psychopy.visual.text.TextStim'>, alignHoriz=method-wrapper(...), alignText='center', alignVert=method-wrapper(...), anchorHoriz='center', anchorVert='center', antialias=True, autoDraw=False, autoLog=True, bold=False, color=array([1., 1., 1.]), colorSpace='rgb', contrast=1.0, depth=-3.0, flipHoriz=False, flipVert=False, font='Arial', fontFiles=[], height=0.1, italic=False, languageStyle='LTR', name='text_4', opacity=1.0, ori=0, pos=array([0., 0.]), rgb=UNKNOWN, text='default text', units='norm', win=Window(...), wrapWidth=1)
28.1094 	EXP 	Created unnamed Circle = Circle(__class__=<class 'psychopy.visual.circle.Circle'>, anchor=('center', 'center'), autoDraw=False, autoLog=True, closeShape=True, color=method-wrapper(...), colorSpace='rgb', contrast=None, depth=0, fillColor=array([0, 0, 0]), fillColorSpace='rgb', fillRGB=array([0, 0, 0]), interpolate=True, lineColor=array([ 1.,  1., -1.]), lineColorSpace='rgb', lineRGB=array([ 1,  1, -1]), lineWidth=2, name='unnamed Circle', opacity=0.5, ori=0.0, pos=array([0.        , 0.33333333]), size=array([1., 1.]), units='norm', vertices=ndarray(...), win=Window(...))
28.1148 	EXP 	Created unnamed Circle = Circle(__class__=<class 'psychopy.visual.circle.Circle'>, anchor=('center', 'center'), autoDraw=False, autoLog=True, closeShape=True, color=method-wrapper(...), colorSpace='rgb', contrast=None, depth=0, fillColor=array([0, 0, 0]), fillColorSpace='rgb', fillRGB=array([0, 0, 0]), interpolate=True, lineColor=array([-1., -1.,  1.]), lineColorSpace='rgb', lineRGB=array([-1, -1,  1]), lineWidth=2, name='unnamed Circle', opacity=0.5, ori=0.0, pos=array([ 0.        , -0.33333333]), size=array([1., 1.]), units='norm', vertices=ndarray(...), win=Window(...))
28.1209 	EXP 	Created unnamed Circle = Circle(__class__=<class 'psychopy.visual.circle.Circle'>, anchor=('center', 'center'), autoDraw=False, autoLog=True, closeShape=True, color=method-wrapper(...), colorSpace='rgb', contrast=None, depth=0, fillColor=array([1, 1, 1]), fillColorSpace='rgb', fillRGB=array([1, 1, 1]), interpolate=True, lineColor=array([1., 1., 1.]), lineColorSpace='rgb', lineRGB=array([1, 1, 1]), lineWidth=1.5, name='unnamed Circle', opacity=1.0, ori=0.0, pos=array([0., 0.]), size=array([1., 1.]), units='norm', vertices=ndarray(...), win=Window(...))
28.1260 	EXP 	Created unnamed Circle = Circle(__class__=<class 'psychopy.visual.circle.Circle'>, anchor=('center', 'center'), autoDraw=False, autoLog=True, closeShape=True, color=method-wrapper(...), colorSpace='rgb', contrast=None, depth=0, fillColor=array([1, 1, 1]), fillColorSpace='rgb', fillRGB=array([1, 1, 1]), interpolate=True, lineColor=array([1., 1., 1.]), lineColorSpace='rgb', lineRGB=array([1, 1, 1]), lineWidth=3, name='unnamed Circle', opacity=1.0, ori=0.0, pos=array([0., 0.]), size=array([1., 1.]), units='norm', vertices=ndarray(...), win=Window(...))
28.1414 	EXP 	Created instruct_text = TextStim(__class__=<class 'psychopy.visual.text.TextStim'>, alignHoriz=method-wrapper(...), alignText='center', alignVert=method-wrapper(...), anchorHoriz='center', anchorVert='center', antialias=True, autoDraw=False, autoLog=True, bold=False, color=array([1., 1., 1.]), colorSpace='rgb', contrast=1.0, depth=0.0, flipHoriz=False, flipVert=False, font='Arial', fontFiles=[], height=0.06, italic=False, languageStyle='LTR', name='instruct_text', opacity=1.0, ori=0, pos=array([0., 0.]), rgb=UNKNOWN, text='replace me', units='norm', win=Window(...), wrapWidth=1.2)
28.1513 	EXP 	Created text_5 = TextStim(__class__=<class 'psychopy.visual.text.TextStim'>, alignHoriz=method-wrapper(...), alignText='center', alignVert=method-wrapper(...), anchorHoriz='center', anchorVert='center', antialias=True, autoDraw=False, autoLog=True, bold=False, color=array([1., 1., 1.]), colorSpace='rgb', contrast=1.0, depth=0.0, flipHoriz=False, flipVert=False, font='Arial', fontFiles=[], height=0.1, italic=False, languageStyle='LTR', name='text_5', opacity=1.0, ori=0, pos=array([0., 0.]), rgb=UNKNOWN, text='thank you!', units='norm', win=Window(...), wrapWidth=1)
28.2080 	EXP 	instruct_text: height = 0.06
28.2080 	EXP 	instruct_text: height = 0.06
28.2080 	EXP 	instruct_text: height = 0.06
28.2080 	EXP 	instruct_text: text = 'Next, you will get to continue the Mental Noting practice you just learned about.    \n\nBefore, you mentioned using your left big toe as an anchor for your Noting Practice. Try to continue using this as your anchor but it is also okay to switch to a different part of your body.\n\nYou’ll see 2 circles and a white ball in the middle on the screen, but they won’t move around for now.'
51.6371 	DATA 	Keypress: space
51.6548 	EXP 	instruct_text: height = 0.06
51.6548 	EXP 	instruct_text: height = 0.06
51.6548 	EXP 	instruct_text: height = 0.06
51.6548 	EXP 	instruct_text: text = 'You’ll see the cross (+) on the screen for 30 seconds at the start. Whenever you see the cross, please don’t practice Noting – just relax.\n\nOnce you see the circles appear, please start the Noting practice. This practice will last 2 min. Press any button to start.'
67.6379 	DATA 	Keypress: space
67.6555 	EXP 	text_3: autoDraw = True
79.4635 	DATA 	Mouse: Left button down, pos=(792,910)
79.5585 	DATA 	Mouse:  Left button up, pos=(792,910)
123.7914 	DATA 	Keypress: t
123.8375 	EXP 	text_3: autoDraw = False
123.8375 	EXP 	text_2: autoDraw = True
123.8375 	EXP 	text_relax: autoDraw = True
124.9970 	DATA 	Keypress: t
126.2060 	DATA 	Keypress: t
127.3825 	DATA 	Keypress: t
128.5970 	DATA 	Keypress: t
129.8020 	DATA 	Keypress: t
130.9883 	DATA 	Keypress: t
132.1870 	DATA 	Keypress: t
133.3979 	DATA 	Keypress: t
134.6150 	DATA 	Keypress: t
135.7969 	DATA 	Keypress: t
136.9857 	DATA 	Keypress: t
138.1914 	DATA 	Keypress: t
139.3850 	DATA 	Keypress: t
140.5852 	DATA 	Keypress: t
141.7820 	DATA 	Keypress: t
142.9822 	DATA 	Keypress: t
144.1816 	DATA 	Keypress: t
145.3957 	DATA 	Keypress: t
146.5820 	DATA 	Keypress: t
147.7969 	DATA 	Keypress: t
148.9852 	DATA 	Keypress: t
150.2038 	DATA 	Keypress: t
151.4149 	DATA 	Keypress: t
152.5848 	DATA 	Keypress: t
153.7856 	DATA 	Keypress: t
153.8530 	EXP 	text_2: autoDraw = False
153.8530 	EXP 	text_relax: autoDraw = False
153.8530 	EXP 	text_2: autoDraw = False
155.0050 	DATA 	Keypress: t
156.1945 	DATA 	Keypress: t
157.3820 	DATA 	Keypress: t
158.5824 	DATA 	Keypress: t
159.7928 	DATA 	Keypress: t
161.0044 	DATA 	Keypress: t
162.1934 	DATA 	Keypress: t
163.3821 	DATA 	Keypress: t
164.5901 	DATA 	Keypress: t
165.7983 	DATA 	Keypress: t
166.9937 	DATA 	Keypress: t
168.1885 	DATA 	Keypress: t
169.4011 	DATA 	Keypress: t
170.6043 	DATA 	Keypress: t
171.7923 	DATA 	Keypress: t
173.0045 	DATA 	Keypress: t
174.2016 	DATA 	Keypress: t
175.3812 	DATA 	Keypress: t
176.5817 	DATA 	Keypress: t
177.7849 	DATA 	Keypress: t
179.0032 	DATA 	Keypress: t
180.1819 	DATA 	Keypress: t
181.3819 	DATA 	Keypress: t
182.5941 	DATA 	Keypress: t
183.7819 	DATA 	Keypress: t
185.0042 	DATA 	Keypress: t
186.1823 	DATA 	Keypress: t
187.3814 	DATA 	Keypress: t
188.5934 	DATA 	Keypress: t
189.7812 	DATA 	Keypress: t
190.9830 	DATA 	Keypress: t
192.1951 	DATA 	Keypress: t
193.3923 	DATA 	Keypress: t
194.5934 	DATA 	Keypress: t
195.7929 	DATA 	Keypress: t
196.9941 	DATA 	Keypress: t
198.1989 	DATA 	Keypress: t
199.3937 	DATA 	Keypress: t
200.5821 	DATA 	Keypress: t
201.7815 	DATA 	Keypress: t
202.9917 	DATA 	Keypress: t
204.1921 	DATA 	Keypress: t
205.3852 	DATA 	Keypress: t
206.5960 	DATA 	Keypress: t
207.7815 	DATA 	Keypress: t
209.0050 	DATA 	Keypress: t
210.1818 	DATA 	Keypress: t
211.3822 	DATA 	Keypress: t
212.5999 	DATA 	Keypress: t
213.7834 	DATA 	Keypress: t
214.9856 	DATA 	Keypress: t
216.1821 	DATA 	Keypress: t
217.3985 	DATA 	Keypress: t
218.5918 	DATA 	Keypress: t
219.7820 	DATA 	Keypress: t
220.9929 	DATA 	Keypress: t
222.1874 	DATA 	Keypress: t
223.4045 	DATA 	Keypress: t
224.5919 	DATA 	Keypress: t
225.7858 	DATA 	Keypress: t
226.9959 	DATA 	Keypress: t
228.1929 	DATA 	Keypress: t
229.3951 	DATA 	Keypress: t
230.5952 	DATA 	Keypress: t
231.7838 	DATA 	Keypress: t
232.9821 	DATA 	Keypress: t
234.1817 	DATA 	Keypress: t
235.3942 	DATA 	Keypress: t
236.5822 	DATA 	Keypress: t
237.7817 	DATA 	Keypress: t
238.9926 	DATA 	Keypress: t
240.1910 	DATA 	Keypress: t
241.3828 	DATA 	Keypress: t
242.5974 	DATA 	Keypress: t
243.7932 	DATA 	Keypress: t
244.9817 	DATA 	Keypress: t
246.1960 	DATA 	Keypress: t
247.3811 	DATA 	Keypress: t
248.6037 	DATA 	Keypress: t
249.7812 	DATA 	Keypress: t
251.0049 	DATA 	Keypress: t
252.1871 	DATA 	Keypress: t
253.3885 	DATA 	Keypress: t
254.5901 	DATA 	Keypress: t
255.7924 	DATA 	Keypress: t
256.9942 	DATA 	Keypress: t
258.1817 	DATA 	Keypress: t
259.3922 	DATA 	Keypress: t
260.5817 	DATA 	Keypress: t
261.8067 	DATA 	Keypress: t
263.1122 	DATA 	Keypress: t
264.1868 	DATA 	Keypress: t
265.3836 	DATA 	Keypress: t
266.5856 	DATA 	Keypress: t
267.7936 	DATA 	Keypress: t
268.9864 	DATA 	Keypress: t
270.1928 	DATA 	Keypress: t
271.4036 	DATA 	Keypress: t
272.5950 	DATA 	Keypress: t
273.8324 	EXP 	text_2: autoDraw = True
274.8027 	EXP 	text_2: autoDraw = False
274.8027 	EXP 	text_2: autoDraw = False
274.8027 	EXP 	text_5: autoDraw = True
279.8842 	EXP 	window1: mouseVisible = True
