5.0403 	WARNING 	Speech-to-text recognition module for PocketSphinx is not available (use command `pip install SpeechRecognition` to get it). Transcription will be unavailable using that service this session.
5.0418 	WARNING 	Speech-to-text recognition using Google online services is not available (use command `pip install google-api-core google-auth google-cloud google-cloud-speech googleapis-common-protos` to get it). Transcription will be unavailable using that service this session.
5.3354 	WARNING 	We strongly recommend you activate the PTB sound engine in PsychoPy prefs as the preferred audio engine. Its timing is vastly superior. Your prefs are currently set to use ['sounddevice', 'PTB', 'pyo', 'pygame'] (in that order).
18.0257 	WARNING 	Requested an unavailable screen number - using first available.
18.0323 	WARNING 	User requested fullscreen with size [1080 1080], but screen is actually [2560, 1600]. Using actual size
18.7020 	EXP 	Created window1 = Window(allowGUI=False, allowStencil=False, autoLog=True, backendConf=UNKNOWN, bitsMode=UNKNOWN, blendMode='avg', bpc=(8, 8, 8), color=array([-1, -1, -1]), colorSpace='rgb', depthBits=8, fullscr=<method-wrapper '__getattribute__' of attributeSetter object at 0x000001547A967550>, gamma=None, gammaErrorPolicy='raise', lms=UNKNOWN, monitor=<psychopy.monitors.calibTools.Monitor object at 0x00000154000A4C40>, multiSample=False, name='window1', numSamples=2, pos=(0, 0), screen=1, size=array([2560, 1600]), stencilBits=0, stereo=False, units='norm', useFBO=True, useRetina=False, viewOri=0.0, viewPos=None, viewScale=None, waitBlanking=True, winType='pyglet')
18.7029 	EXP 	window1: mouseVisible = True
18.7030 	EXP 	window1: Attempting to measure frame rate of screen (1) ...
18.7030 	EXP 	window1: recordFrameIntervals = False
18.8677 	EXP 	window1: recordFrameIntervals = True
19.0508 	EXP 	Screen (1) actual frame rate measured at 60.24Hz
19.0509 	EXP 	window1: recordFrameIntervals = False
19.2261 	EXP 	Created text = TextStim(__class__=<class 'psychopy.visual.text.TextStim'>, alignHoriz=method-wrapper(...), alignText='center', alignVert=method-wrapper(...), anchorHoriz='center', anchorVert='center', antialias=True, autoDraw=False, autoLog=True, bold=False, color=array([1., 1., 1.]), colorSpace='rgb', contrast=1.0, depth=0.0, flipHoriz=False, flipVert=False, font='Arial', fontFiles=[], height=0.06, italic=False, languageStyle='LTR', name='text', opacity=1.0, ori=0, pos=array([0., 0.]), rgb=UNKNOWN, text=str(...), units='norm', win=Window(...), wrapWidth=1.2)
19.2404 	EXP 	Created text_3 = TextStim(__class__=<class 'psychopy.visual.text.TextStim'>, alignHoriz=method-wrapper(...), alignText='center', alignVert=method-wrapper(...), anchorHoriz='center', anchorVert='center', antialias=True, autoDraw=False, autoLog=True, bold=False, color=array([1., 1., 1.]), colorSpace='rgb', contrast=1.0, depth=0.0, flipHoriz=False, flipVert=False, font='Arial', fontFiles=[], height=0.1, italic=False, languageStyle='LTR', name='text_3', opacity=1.0, ori=0, pos=array([0., 0.]), rgb=UNKNOWN, text='waiting for scanner', units='norm', win=Window(...), wrapWidth=2)
19.3062 	EXP 	Created text_2 = TextStim(__class__=<class 'psychopy.visual.text.TextStim'>, alignHoriz=method-wrapper(...), alignText='center', alignVert=method-wrapper(...), anchorHoriz='center', anchorVert='center', antialias=True, autoDraw=False, autoLog=True, bold=False, color=array([1., 1., 1.]), colorSpace='rgb', contrast=1.0, depth=0.0, flipHoriz=False, flipVert=False, font='Arial', fontFiles=[], height=0.3, italic=False, languageStyle='LTR', name='text_2', opacity=1.0, ori=0, pos=array([0., 0.]), rgb=UNKNOWN, text='+', units='norm', win=Window(...), wrapWidth=1)
19.3207 	EXP 	Created text_relax = TextStim(__class__=<class 'psychopy.visual.text.TextStim'>, alignHoriz=method-wrapper(...), alignText='center', alignVert=method-wrapper(...), anchorHoriz='center', anchorVert='center', antialias=True, autoDraw=False, autoLog=True, bold=False, color=array([1., 1., 1.]), colorSpace='rgb', contrast=1.0, depth=0.0, flipHoriz=False, flipVert=False, font='Arial', fontFiles=[], height=0.07, italic=False, languageStyle='LTR', name='text_relax', opacity=1.0, ori=0, pos=array([ 0. , -0.2]), rgb=UNKNOWN, text='Relax', units='norm', win=Window(...), wrapWidth=1)
19.3371 	EXP 	Created text_4 = TextStim(__class__=<class 'psychopy.visual.text.TextStim'>, alignHoriz=method-wrapper(...), alignText='center', alignVert=method-wrapper(...), anchorHoriz='center', anchorVert='center', antialias=True, autoDraw=False, autoLog=True, bold=False, color=array([1., 1., 1.]), colorSpace='rgb', contrast=1.0, depth=-3.0, flipHoriz=False, flipVert=False, font='Arial', fontFiles=[], height=0.1, italic=False, languageStyle='LTR', name='text_4', opacity=1.0, ori=0, pos=array([0., 0.]), rgb=UNKNOWN, text='default text', units='norm', win=Window(...), wrapWidth=1)
19.3532 	EXP 	Created unnamed Circle = Circle(__class__=<class 'psychopy.visual.circle.Circle'>, anchor=('center', 'center'), autoDraw=False, autoLog=True, closeShape=True, color=method-wrapper(...), colorSpace='rgb', contrast=None, depth=0, fillColor=array([0, 0, 0]), fillColorSpace='rgb', fillRGB=array([0, 0, 0]), interpolate=True, lineColor=array([ 1.,  1., -1.]), lineColorSpace='rgb', lineRGB=array([ 1,  1, -1]), lineWidth=2, name='unnamed Circle', opacity=0.5, ori=0.0, pos=array([0.        , 0.33333333]), size=array([1., 1.]), units='norm', vertices=ndarray(...), win=Window(...))
19.3593 	EXP 	Created unnamed Circle = Circle(__class__=<class 'psychopy.visual.circle.Circle'>, anchor=('center', 'center'), autoDraw=False, autoLog=True, closeShape=True, color=method-wrapper(...), colorSpace='rgb', contrast=None, depth=0, fillColor=array([0, 0, 0]), fillColorSpace='rgb', fillRGB=array([0, 0, 0]), interpolate=True, lineColor=array([-1., -1.,  1.]), lineColorSpace='rgb', lineRGB=array([-1, -1,  1]), lineWidth=2, name='unnamed Circle', opacity=0.5, ori=0.0, pos=array([ 0.        , -0.33333333]), size=array([1., 1.]), units='norm', vertices=ndarray(...), win=Window(...))
19.3692 	EXP 	Created unnamed Circle = Circle(__class__=<class 'psychopy.visual.circle.Circle'>, anchor=('center', 'center'), autoDraw=False, autoLog=True, closeShape=True, color=method-wrapper(...), colorSpace='rgb', contrast=None, depth=0, fillColor=array([1, 1, 1]), fillColorSpace='rgb', fillRGB=array([1, 1, 1]), interpolate=True, lineColor=array([1., 1., 1.]), lineColorSpace='rgb', lineRGB=array([1, 1, 1]), lineWidth=1.5, name='unnamed Circle', opacity=1.0, ori=0.0, pos=array([0., 0.]), size=array([1., 1.]), units='norm', vertices=ndarray(...), win=Window(...))
19.3764 	EXP 	Created unnamed Circle = Circle(__class__=<class 'psychopy.visual.circle.Circle'>, anchor=('center', 'center'), autoDraw=False, autoLog=True, closeShape=True, color=method-wrapper(...), colorSpace='rgb', contrast=None, depth=0, fillColor=array([1, 1, 1]), fillColorSpace='rgb', fillRGB=array([1, 1, 1]), interpolate=True, lineColor=array([1., 1., 1.]), lineColorSpace='rgb', lineRGB=array([1, 1, 1]), lineWidth=3, name='unnamed Circle', opacity=1.0, ori=0.0, pos=array([0., 0.]), size=array([1., 1.]), units='norm', vertices=ndarray(...), win=Window(...))
19.3991 	EXP 	Created instruct_text = TextStim(__class__=<class 'psychopy.visual.text.TextStim'>, alignHoriz=method-wrapper(...), alignText='center', alignVert=method-wrapper(...), anchorHoriz='center', anchorVert='center', antialias=True, autoDraw=False, autoLog=True, bold=False, color=array([1., 1., 1.]), colorSpace='rgb', contrast=1.0, depth=0.0, flipHoriz=False, flipVert=False, font='Arial', fontFiles=[], height=0.06, italic=False, languageStyle='LTR', name='instruct_text', opacity=1.0, ori=0, pos=array([0., 0.]), rgb=UNKNOWN, text='replace me', units='norm', win=Window(...), wrapWidth=1.2)
19.4192 	EXP 	Created text_5 = TextStim(__class__=<class 'psychopy.visual.text.TextStim'>, alignHoriz=method-wrapper(...), alignText='center', alignVert=method-wrapper(...), anchorHoriz='center', anchorVert='center', antialias=True, autoDraw=False, autoLog=True, bold=False, color=array([1., 1., 1.]), colorSpace='rgb', contrast=1.0, depth=0.0, flipHoriz=False, flipVert=False, font='Arial', fontFiles=[], height=0.1, italic=False, languageStyle='LTR', name='text_5', opacity=1.0, ori=0, pos=array([0., 0.]), rgb=UNKNOWN, text='thank you!', units='norm', win=Window(...), wrapWidth=1)
19.4679 	EXP 	instruct_text: height = 0.06
19.4679 	EXP 	instruct_text: height = 0.06
19.4679 	EXP 	instruct_text: height = 0.06
19.4679 	EXP 	instruct_text: text = 'Great job! Now, you’ll get to continue your Mental Noting with some feedback based on your brain to help your practice. \n\nIn this run, you’ll see 2 circles and a white ball in the middle. When the white ball moves up towards the top circle, this corresponds to the Noting practice.\nIf the ball gets into either of the circles, it will move back to the center. \n\nTry to keep the ball moving up towards the top circle! How many times can you get to the top?'
46.4704 	DATA 	Keypress: space
46.5148 	EXP 	instruct_text: height = 0.06
46.5148 	EXP 	instruct_text: height = 0.06
46.5148 	EXP 	instruct_text: height = 0.06
46.5148 	EXP 	instruct_text: text = 'Try not focusing or paying too much attention on the ball movement since this can be distracting from the actual Noting Practice.\n\nRather, really try focusing on your sensations from moment to moment, noting them silently in your mind and just check in on the screen from time to time to see where the ball is going.'
63.1254 	DATA 	Keypress: space
63.1803 	EXP 	instruct_text: height = 0.06
63.1803 	EXP 	instruct_text: height = 0.06
63.1803 	EXP 	instruct_text: height = 0.06
63.1803 	EXP 	instruct_text: text = 'You’ll see the cross (+) on the screen for 30 seconds at the start. Whenever you see the cross, please don’t practice Noting – just relax.\n\nOnce you see the circles appear, please start the Noting practice. This practice will last 2 min. Press any button to start.'
81.2537 	DATA 	Keypress: space
81.2801 	EXP 	text_3: autoDraw = True
103.2477 	DATA 	Keypress: t
103.2807 	EXP 	text_3: autoDraw = False
103.2807 	EXP 	text_2: autoDraw = True
103.2807 	EXP 	text_relax: autoDraw = True
104.4746 	DATA 	Keypress: t
105.6372 	DATA 	Keypress: t
106.8733 	DATA 	Keypress: t
108.0393 	DATA 	Keypress: t
109.2399 	DATA 	Keypress: t
110.4724 	DATA 	Keypress: t
111.6573 	DATA 	Keypress: t
112.8375 	DATA 	Keypress: t
114.0397 	DATA 	Keypress: t
115.2559 	DATA 	Keypress: t
116.4406 	DATA 	Keypress: t
117.6568 	DATA 	Keypress: t
118.8406 	DATA 	Keypress: t
120.0721 	DATA 	Keypress: t
121.2561 	DATA 	Keypress: t
122.4455 	DATA 	Keypress: t
123.6405 	DATA 	Keypress: t
124.8442 	DATA 	Keypress: t
126.0552 	DATA 	Keypress: t
127.2557 	DATA 	Keypress: t
128.4504 	DATA 	Keypress: t
129.6542 	DATA 	Keypress: t
130.8390 	DATA 	Keypress: t
132.0530 	DATA 	Keypress: t
133.2394 	DATA 	Keypress: t
133.2960 	EXP 	text_2: autoDraw = False
133.2960 	EXP 	text_relax: autoDraw = False
133.2960 	EXP 	text_2: autoDraw = False
134.4515 	DATA 	Keypress: t
135.6476 	DATA 	Keypress: t
136.8447 	DATA 	Keypress: t
138.0411 	DATA 	Keypress: t
139.2475 	DATA 	Keypress: t
140.4389 	DATA 	Keypress: t
141.6614 	DATA 	Keypress: t
142.8472 	DATA 	Keypress: t
144.0407 	DATA 	Keypress: t
145.2406 	DATA 	Keypress: t
146.4607 	DATA 	Keypress: t
147.6462 	DATA 	Keypress: t
148.8610 	DATA 	Keypress: t
150.0409 	DATA 	Keypress: t
151.2610 	DATA 	Keypress: t
152.4470 	DATA 	Keypress: t
153.6388 	DATA 	Keypress: t
154.8466 	DATA 	Keypress: t
156.0579 	DATA 	Keypress: t
157.2436 	DATA 	Keypress: t
158.4467 	DATA 	Keypress: t
159.6434 	DATA 	Keypress: t
160.8463 	DATA 	Keypress: t
162.0433 	DATA 	Keypress: t
163.2434 	DATA 	Keypress: t
164.4459 	DATA 	Keypress: t
165.6605 	DATA 	Keypress: t
166.8461 	DATA 	Keypress: t
168.0432 	DATA 	Keypress: t
169.2467 	DATA 	Keypress: t
170.4439 	DATA 	Keypress: t
171.6456 	DATA 	Keypress: t
172.8599 	DATA 	Keypress: t
174.0395 	DATA 	Keypress: t
175.2461 	DATA 	Keypress: t
176.4588 	DATA 	Keypress: t
177.6390 	DATA 	Keypress: t
178.8458 	DATA 	Keypress: t
180.0452 	DATA 	Keypress: t
181.2427 	DATA 	Keypress: t
182.4459 	DATA 	Keypress: t
183.6461 	DATA 	Keypress: t
184.8391 	DATA 	Keypress: t
186.0392 	DATA 	Keypress: t
187.2500 	DATA 	Keypress: t
188.4401 	DATA 	Keypress: t
189.6483 	DATA 	Keypress: t
190.8428 	DATA 	Keypress: t
192.0399 	DATA 	Keypress: t
193.2593 	DATA 	Keypress: t
194.4606 	DATA 	Keypress: t
195.6449 	DATA 	Keypress: t
196.8376 	DATA 	Keypress: t
198.0589 	DATA 	Keypress: t
199.2455 	DATA 	Keypress: t
200.4413 	DATA 	Keypress: t
201.6427 	DATA 	Keypress: t
202.8381 	DATA 	Keypress: t
204.0573 	DATA 	Keypress: t
205.2588 	DATA 	Keypress: t
206.4452 	DATA 	Keypress: t
207.6396 	DATA 	Keypress: t
208.8452 	DATA 	Keypress: t
210.0452 	DATA 	Keypress: t
211.2424 	DATA 	Keypress: t
212.4425 	DATA 	Keypress: t
213.6443 	DATA 	Keypress: t
214.8416 	DATA 	Keypress: t
216.0587 	DATA 	Keypress: t
217.2447 	DATA 	Keypress: t
218.4440 	DATA 	Keypress: t
219.6495 	DATA 	Keypress: t
220.8437 	DATA 	Keypress: t
222.0422 	DATA 	Keypress: t
223.2393 	DATA 	Keypress: t
224.4389 	DATA 	Keypress: t
225.6438 	DATA 	Keypress: t
226.8385 	DATA 	Keypress: t
228.0413 	DATA 	Keypress: t
229.2487 	DATA 	Keypress: t
230.4588 	DATA 	Keypress: t
231.6473 	DATA 	Keypress: t
232.8411 	DATA 	Keypress: t
234.0433 	DATA 	Keypress: t
235.2582 	DATA 	Keypress: t
236.4584 	DATA 	Keypress: t
237.6415 	DATA 	Keypress: t
238.8587 	DATA 	Keypress: t
240.0389 	DATA 	Keypress: t
241.2437 	DATA 	Keypress: t
242.4575 	DATA 	Keypress: t
243.6581 	DATA 	Keypress: t
244.8574 	DATA 	Keypress: t
246.0383 	DATA 	Keypress: t
247.2439 	DATA 	Keypress: t
248.4438 	DATA 	Keypress: t
249.6432 	DATA 	Keypress: t
250.8439 	DATA 	Keypress: t
252.0575 	DATA 	Keypress: t
253.2919 	EXP 	text_2: autoDraw = True
254.2765 	EXP 	text_2: autoDraw = False
254.2765 	EXP 	text_5: autoDraw = True
259.3504 	EXP 	window1: mouseVisible = True
5.0403 	WARNING 	Speech-to-text recognition module for PocketSphinx is not available (use command `pip install SpeechRecognition` to get it). Transcription will be unavailable using that service this session.
5.0418 	WARNING 	Speech-to-text recognition using Google online services is not available (use command `pip install google-api-core google-auth google-cloud google-cloud-speech googleapis-common-protos` to get it). Transcription will be unavailable using that service this session.
5.3354 	WARNING 	We strongly recommend you activate the PTB sound engine in PsychoPy prefs as the preferred audio engine. Its timing is vastly superior. Your prefs are currently set to use ['sounddevice', 'PTB', 'pyo', 'pygame'] (in that order).
18.0257 	WARNING 	Requested an unavailable screen number - using first available.
18.0323 	WARNING 	User requested fullscreen with size [1080 1080], but screen is actually [2560, 1600]. Using actual size
18.7020 	EXP 	Created window1 = Window(allowGUI=False, allowStencil=False, autoLog=True, backendConf=UNKNOWN, bitsMode=UNKNOWN, blendMode='avg', bpc=(8, 8, 8), color=array([-1, -1, -1]), colorSpace='rgb', depthBits=8, fullscr=<method-wrapper '__getattribute__' of attributeSetter object at 0x000001547A967550>, gamma=None, gammaErrorPolicy='raise', lms=UNKNOWN, monitor=<psychopy.monitors.calibTools.Monitor object at 0x00000154000A4C40>, multiSample=False, name='window1', numSamples=2, pos=(0, 0), screen=1, size=array([2560, 1600]), stencilBits=0, stereo=False, units='norm', useFBO=True, useRetina=False, viewOri=0.0, viewPos=None, viewScale=None, waitBlanking=True, winType='pyglet')
18.7029 	EXP 	window1: mouseVisible = True
18.7030 	EXP 	window1: Attempting to measure frame rate of screen (1) ...
18.7030 	EXP 	window1: recordFrameIntervals = False
18.8677 	EXP 	window1: recordFrameIntervals = True
19.0508 	EXP 	Screen (1) actual frame rate measured at 60.24Hz
19.0509 	EXP 	window1: recordFrameIntervals = False
19.2261 	EXP 	Created text = TextStim(__class__=<class 'psychopy.visual.text.TextStim'>, alignHoriz=method-wrapper(...), alignText='center', alignVert=method-wrapper(...), anchorHoriz='center', anchorVert='center', antialias=True, autoDraw=False, autoLog=True, bold=False, color=array([1., 1., 1.]), colorSpace='rgb', contrast=1.0, depth=0.0, flipHoriz=False, flipVert=False, font='Arial', fontFiles=[], height=0.06, italic=False, languageStyle='LTR', name='text', opacity=1.0, ori=0, pos=array([0., 0.]), rgb=UNKNOWN, text=str(...), units='norm', win=Window(...), wrapWidth=1.2)
19.2404 	EXP 	Created text_3 = TextStim(__class__=<class 'psychopy.visual.text.TextStim'>, alignHoriz=method-wrapper(...), alignText='center', alignVert=method-wrapper(...), anchorHoriz='center', anchorVert='center', antialias=True, autoDraw=False, autoLog=True, bold=False, color=array([1., 1., 1.]), colorSpace='rgb', contrast=1.0, depth=0.0, flipHoriz=False, flipVert=False, font='Arial', fontFiles=[], height=0.1, italic=False, languageStyle='LTR', name='text_3', opacity=1.0, ori=0, pos=array([0., 0.]), rgb=UNKNOWN, text='waiting for scanner', units='norm', win=Window(...), wrapWidth=2)
19.3062 	EXP 	Created text_2 = TextStim(__class__=<class 'psychopy.visual.text.TextStim'>, alignHoriz=method-wrapper(...), alignText='center', alignVert=method-wrapper(...), anchorHoriz='center', anchorVert='center', antialias=True, autoDraw=False, autoLog=True, bold=False, color=array([1., 1., 1.]), colorSpace='rgb', contrast=1.0, depth=0.0, flipHoriz=False, flipVert=False, font='Arial', fontFiles=[], height=0.3, italic=False, languageStyle='LTR', name='text_2', opacity=1.0, ori=0, pos=array([0., 0.]), rgb=UNKNOWN, text='+', units='norm', win=Window(...), wrapWidth=1)
19.3207 	EXP 	Created text_relax = TextStim(__class__=<class 'psychopy.visual.text.TextStim'>, alignHoriz=method-wrapper(...), alignText='center', alignVert=method-wrapper(...), anchorHoriz='center', anchorVert='center', antialias=True, autoDraw=False, autoLog=True, bold=False, color=array([1., 1., 1.]), colorSpace='rgb', contrast=1.0, depth=0.0, flipHoriz=False, flipVert=False, font='Arial', fontFiles=[], height=0.07, italic=False, languageStyle='LTR', name='text_relax', opacity=1.0, ori=0, pos=array([ 0. , -0.2]), rgb=UNKNOWN, text='Relax', units='norm', win=Window(...), wrapWidth=1)
19.3371 	EXP 	Created text_4 = TextStim(__class__=<class 'psychopy.visual.text.TextStim'>, alignHoriz=method-wrapper(...), alignText='center', alignVert=method-wrapper(...), anchorHoriz='center', anchorVert='center', antialias=True, autoDraw=False, autoLog=True, bold=False, color=array([1., 1., 1.]), colorSpace='rgb', contrast=1.0, depth=-3.0, flipHoriz=False, flipVert=False, font='Arial', fontFiles=[], height=0.1, italic=False, languageStyle='LTR', name='text_4', opacity=1.0, ori=0, pos=array([0., 0.]), rgb=UNKNOWN, text='default text', units='norm', win=Window(...), wrapWidth=1)
19.3532 	EXP 	Created unnamed Circle = Circle(__class__=<class 'psychopy.visual.circle.Circle'>, anchor=('center', 'center'), autoDraw=False, autoLog=True, closeShape=True, color=method-wrapper(...), colorSpace='rgb', contrast=None, depth=0, fillColor=array([0, 0, 0]), fillColorSpace='rgb', fillRGB=array([0, 0, 0]), interpolate=True, lineColor=array([ 1.,  1., -1.]), lineColorSpace='rgb', lineRGB=array([ 1,  1, -1]), lineWidth=2, name='unnamed Circle', opacity=0.5, ori=0.0, pos=array([0.        , 0.33333333]), size=array([1., 1.]), units='norm', vertices=ndarray(...), win=Window(...))
19.3593 	EXP 	Created unnamed Circle = Circle(__class__=<class 'psychopy.visual.circle.Circle'>, anchor=('center', 'center'), autoDraw=False, autoLog=True, closeShape=True, color=method-wrapper(...), colorSpace='rgb', contrast=None, depth=0, fillColor=array([0, 0, 0]), fillColorSpace='rgb', fillRGB=array([0, 0, 0]), interpolate=True, lineColor=array([-1., -1.,  1.]), lineColorSpace='rgb', lineRGB=array([-1, -1,  1]), lineWidth=2, name='unnamed Circle', opacity=0.5, ori=0.0, pos=array([ 0.        , -0.33333333]), size=array([1., 1.]), units='norm', vertices=ndarray(...), win=Window(...))
19.3692 	EXP 	Created unnamed Circle = Circle(__class__=<class 'psychopy.visual.circle.Circle'>, anchor=('center', 'center'), autoDraw=False, autoLog=True, closeShape=True, color=method-wrapper(...), colorSpace='rgb', contrast=None, depth=0, fillColor=array([1, 1, 1]), fillColorSpace='rgb', fillRGB=array([1, 1, 1]), interpolate=True, lineColor=array([1., 1., 1.]), lineColorSpace='rgb', lineRGB=array([1, 1, 1]), lineWidth=1.5, name='unnamed Circle', opacity=1.0, ori=0.0, pos=array([0., 0.]), size=array([1., 1.]), units='norm', vertices=ndarray(...), win=Window(...))
19.3764 	EXP 	Created unnamed Circle = Circle(__class__=<class 'psychopy.visual.circle.Circle'>, anchor=('center', 'center'), autoDraw=False, autoLog=True, closeShape=True, color=method-wrapper(...), colorSpace='rgb', contrast=None, depth=0, fillColor=array([1, 1, 1]), fillColorSpace='rgb', fillRGB=array([1, 1, 1]), interpolate=True, lineColor=array([1., 1., 1.]), lineColorSpace='rgb', lineRGB=array([1, 1, 1]), lineWidth=3, name='unnamed Circle', opacity=1.0, ori=0.0, pos=array([0., 0.]), size=array([1., 1.]), units='norm', vertices=ndarray(...), win=Window(...))
19.3991 	EXP 	Created instruct_text = TextStim(__class__=<class 'psychopy.visual.text.TextStim'>, alignHoriz=method-wrapper(...), alignText='center', alignVert=method-wrapper(...), anchorHoriz='center', anchorVert='center', antialias=True, autoDraw=False, autoLog=True, bold=False, color=array([1., 1., 1.]), colorSpace='rgb', contrast=1.0, depth=0.0, flipHoriz=False, flipVert=False, font='Arial', fontFiles=[], height=0.06, italic=False, languageStyle='LTR', name='instruct_text', opacity=1.0, ori=0, pos=array([0., 0.]), rgb=UNKNOWN, text='replace me', units='norm', win=Window(...), wrapWidth=1.2)
19.4192 	EXP 	Created text_5 = TextStim(__class__=<class 'psychopy.visual.text.TextStim'>, alignHoriz=method-wrapper(...), alignText='center', alignVert=method-wrapper(...), anchorHoriz='center', anchorVert='center', antialias=True, autoDraw=False, autoLog=True, bold=False, color=array([1., 1., 1.]), colorSpace='rgb', contrast=1.0, depth=0.0, flipHoriz=False, flipVert=False, font='Arial', fontFiles=[], height=0.1, italic=False, languageStyle='LTR', name='text_5', opacity=1.0, ori=0, pos=array([0., 0.]), rgb=UNKNOWN, text='thank you!', units='norm', win=Window(...), wrapWidth=1)
19.4679 	EXP 	instruct_text: height = 0.06
19.4679 	EXP 	instruct_text: height = 0.06
19.4679 	EXP 	instruct_text: height = 0.06
19.4679 	EXP 	instruct_text: text = 'Great job! Now, you’ll get to continue your Mental Noting with some feedback based on your brain to help your practice. \n\nIn this run, you’ll see 2 circles and a white ball in the middle. When the white ball moves up towards the top circle, this corresponds to the Noting practice.\nIf the ball gets into either of the circles, it will move back to the center. \n\nTry to keep the ball moving up towards the top circle! How many times can you get to the top?'
46.4704 	DATA 	Keypress: space
46.5148 	EXP 	instruct_text: height = 0.06
46.5148 	EXP 	instruct_text: height = 0.06
46.5148 	EXP 	instruct_text: height = 0.06
46.5148 	EXP 	instruct_text: text = 'Try not focusing or paying too much attention on the ball movement since this can be distracting from the actual Noting Practice.\n\nRather, really try focusing on your sensations from moment to moment, noting them silently in your mind and just check in on the screen from time to time to see where the ball is going.'
63.1254 	DATA 	Keypress: space
63.1803 	EXP 	instruct_text: height = 0.06
63.1803 	EXP 	instruct_text: height = 0.06
63.1803 	EXP 	instruct_text: height = 0.06
63.1803 	EXP 	instruct_text: text = 'You’ll see the cross (+) on the screen for 30 seconds at the start. Whenever you see the cross, please don’t practice Noting – just relax.\n\nOnce you see the circles appear, please start the Noting practice. This practice will last 2 min. Press any button to start.'
81.2537 	DATA 	Keypress: space
81.2801 	EXP 	text_3: autoDraw = True
103.2477 	DATA 	Keypress: t
103.2807 	EXP 	text_3: autoDraw = False
103.2807 	EXP 	text_2: autoDraw = True
103.2807 	EXP 	text_relax: autoDraw = True
104.4746 	DATA 	Keypress: t
105.6372 	DATA 	Keypress: t
106.8733 	DATA 	Keypress: t
108.0393 	DATA 	Keypress: t
109.2399 	DATA 	Keypress: t
110.4724 	DATA 	Keypress: t
111.6573 	DATA 	Keypress: t
112.8375 	DATA 	Keypress: t
114.0397 	DATA 	Keypress: t
115.2559 	DATA 	Keypress: t
116.4406 	DATA 	Keypress: t
117.6568 	DATA 	Keypress: t
118.8406 	DATA 	Keypress: t
120.0721 	DATA 	Keypress: t
121.2561 	DATA 	Keypress: t
122.4455 	DATA 	Keypress: t
123.6405 	DATA 	Keypress: t
124.8442 	DATA 	Keypress: t
126.0552 	DATA 	Keypress: t
127.2557 	DATA 	Keypress: t
128.4504 	DATA 	Keypress: t
129.6542 	DATA 	Keypress: t
130.8390 	DATA 	Keypress: t
132.0530 	DATA 	Keypress: t
133.2394 	DATA 	Keypress: t
133.2960 	EXP 	text_2: autoDraw = False
133.2960 	EXP 	text_relax: autoDraw = False
133.2960 	EXP 	text_2: autoDraw = False
134.4515 	DATA 	Keypress: t
135.6476 	DATA 	Keypress: t
136.8447 	DATA 	Keypress: t
138.0411 	DATA 	Keypress: t
139.2475 	DATA 	Keypress: t
140.4389 	DATA 	Keypress: t
141.6614 	DATA 	Keypress: t
142.8472 	DATA 	Keypress: t
144.0407 	DATA 	Keypress: t
145.2406 	DATA 	Keypress: t
146.4607 	DATA 	Keypress: t
147.6462 	DATA 	Keypress: t
148.8610 	DATA 	Keypress: t
150.0409 	DATA 	Keypress: t
151.2610 	DATA 	Keypress: t
152.4470 	DATA 	Keypress: t
153.6388 	DATA 	Keypress: t
154.8466 	DATA 	Keypress: t
156.0579 	DATA 	Keypress: t
157.2436 	DATA 	Keypress: t
158.4467 	DATA 	Keypress: t
159.6434 	DATA 	Keypress: t
160.8463 	DATA 	Keypress: t
162.0433 	DATA 	Keypress: t
163.2434 	DATA 	Keypress: t
164.4459 	DATA 	Keypress: t
165.6605 	DATA 	Keypress: t
166.8461 	DATA 	Keypress: t
168.0432 	DATA 	Keypress: t
169.2467 	DATA 	Keypress: t
170.4439 	DATA 	Keypress: t
171.6456 	DATA 	Keypress: t
172.8599 	DATA 	Keypress: t
174.0395 	DATA 	Keypress: t
175.2461 	DATA 	Keypress: t
176.4588 	DATA 	Keypress: t
177.6390 	DATA 	Keypress: t
178.8458 	DATA 	Keypress: t
180.0452 	DATA 	Keypress: t
181.2427 	DATA 	Keypress: t
182.4459 	DATA 	Keypress: t
183.6461 	DATA 	Keypress: t
184.8391 	DATA 	Keypress: t
186.0392 	DATA 	Keypress: t
187.2500 	DATA 	Keypress: t
188.4401 	DATA 	Keypress: t
189.6483 	DATA 	Keypress: t
190.8428 	DATA 	Keypress: t
192.0399 	DATA 	Keypress: t
193.2593 	DATA 	Keypress: t
194.4606 	DATA 	Keypress: t
195.6449 	DATA 	Keypress: t
196.8376 	DATA 	Keypress: t
198.0589 	DATA 	Keypress: t
199.2455 	DATA 	Keypress: t
200.4413 	DATA 	Keypress: t
201.6427 	DATA 	Keypress: t
202.8381 	DATA 	Keypress: t
204.0573 	DATA 	Keypress: t
205.2588 	DATA 	Keypress: t
206.4452 	DATA 	Keypress: t
207.6396 	DATA 	Keypress: t
208.8452 	DATA 	Keypress: t
210.0452 	DATA 	Keypress: t
211.2424 	DATA 	Keypress: t
212.4425 	DATA 	Keypress: t
213.6443 	DATA 	Keypress: t
214.8416 	DATA 	Keypress: t
216.0587 	DATA 	Keypress: t
217.2447 	DATA 	Keypress: t
218.4440 	DATA 	Keypress: t
219.6495 	DATA 	Keypress: t
220.8437 	DATA 	Keypress: t
222.0422 	DATA 	Keypress: t
223.2393 	DATA 	Keypress: t
224.4389 	DATA 	Keypress: t
225.6438 	DATA 	Keypress: t
226.8385 	DATA 	Keypress: t
228.0413 	DATA 	Keypress: t
229.2487 	DATA 	Keypress: t
230.4588 	DATA 	Keypress: t
231.6473 	DATA 	Keypress: t
232.8411 	DATA 	Keypress: t
234.0433 	DATA 	Keypress: t
235.2582 	DATA 	Keypress: t
236.4584 	DATA 	Keypress: t
237.6415 	DATA 	Keypress: t
238.8587 	DATA 	Keypress: t
240.0389 	DATA 	Keypress: t
241.2437 	DATA 	Keypress: t
242.4575 	DATA 	Keypress: t
243.6581 	DATA 	Keypress: t
244.8574 	DATA 	Keypress: t
246.0383 	DATA 	Keypress: t
247.2439 	DATA 	Keypress: t
248.4438 	DATA 	Keypress: t
249.6432 	DATA 	Keypress: t
250.8439 	DATA 	Keypress: t
252.0575 	DATA 	Keypress: t
253.2919 	EXP 	text_2: autoDraw = True
254.2765 	EXP 	text_2: autoDraw = False
254.2765 	EXP 	text_5: autoDraw = True
259.3504 	EXP 	window1: mouseVisible = True
